Vivado Simulator 2018.3
Copyright 1986-1999, 2001-2018 Xilinx, Inc. All Rights Reserved.
Running: /tools/Xilinx/Vivado/2018.3/bin/unwrapped/lnx64.o/xelab -wto 5ada7875c3ba48959a5c3cedfc770bf4 --incr --debug typical --relax --mt 8 -L axi_infrastructure_v1_1_0 -L axi_vip_v1_1_4 -L processing_system7_vip_v1_0_6 -L xil_defaultlib -L lib_cdc_v1_0_2 -L proc_sys_reset_v5_0_13 -L lib_pkg_v1_0_2 -L fifo_generator_v13_2_3 -L lib_fifo_v1_0_12 -L lib_srl_fifo_v1_0_2 -L axi_datamover_v5_1_20 -L axi_sg_v4_1_11 -L axi_dma_v7_1_19 -L generic_baseblocks_v2_1_0 -L axi_register_slice_v2_1_18 -L axi_data_fifo_v2_1_17 -L axi_crossbar_v2_1_19 -L xlconstant_v1_1_5 -L smartconnect_v1_0 -L axi_protocol_converter_v2_1_18 -L xilinx_vip -L unisims_ver -L unimacro_ver -L secureip -L xpm --snapshot design_1_wrapper_behav xil_defaultlib.design_1_wrapper xil_defaultlib.glbl -log elaborate.log 
Using 8 slave threads.
Starting static elaboration
WARNING: [VRFC 10-3091] actual bit length 128 differs from formal bit length 64 for port 'WR_DATA_STRB' [/proj/xbuilds/2018.3.1_0326_0329/infra/XSIM/lin/.cxl.ip/incl/processing_system7_vip_v1_0_6_axi_gp.v:208]
WARNING: [VRFC 10-3091] actual bit length 12 differs from formal bit length 6 for port 'm_axi_bid' [/wrk/2018.sub/2018.3.1/continuous/2019_03_26_2489853/packages/customer/vivado/data/ip/xilinx/processing_system7_vip_v1_0/hdl/processing_system7_vip_v1_0_vl_rfs.sv:5463]
WARNING: [VRFC 10-3091] actual bit length 12 differs from formal bit length 6 for port 'm_axi_rid' [/wrk/2018.sub/2018.3.1/continuous/2019_03_26_2489853/packages/customer/vivado/data/ip/xilinx/processing_system7_vip_v1_0/hdl/processing_system7_vip_v1_0_vl_rfs.sv:5481]
WARNING: [VRFC 10-3091] actual bit length 128 differs from formal bit length 64 for port 'WR_DATA_STRB' [/proj/xbuilds/2018.3.1_0326_0329/infra/XSIM/lin/.cxl.ip/incl/processing_system7_vip_v1_0_6_axi_gp.v:292]
WARNING: [VRFC 10-3091] actual bit length 8 differs from formal bit length 9 for port 'WR_BYTES' [/proj/xbuilds/2018.3.1_0326_0329/infra/XSIM/lin/.cxl.ip/incl/processing_system7_vip_v1_0_6_axi_hp.v:80]
WARNING: [VRFC 10-3091] actual bit length 8 differs from formal bit length 9 for port 'RD_BYTES' [/proj/xbuilds/2018.3.1_0326_0329/infra/XSIM/lin/.cxl.ip/incl/processing_system7_vip_v1_0_6_axi_hp.v:89]
WARNING: [VRFC 10-3091] actual bit length 12 differs from formal bit length 6 for port 'm_axi_bid' [/wrk/2018.sub/2018.3.1/continuous/2019_03_26_2489853/packages/customer/vivado/data/ip/xilinx/processing_system7_vip_v1_0/hdl/processing_system7_vip_v1_0_vl_rfs.sv:10170]
WARNING: [VRFC 10-3091] actual bit length 12 differs from formal bit length 6 for port 'm_axi_rid' [/wrk/2018.sub/2018.3.1/continuous/2019_03_26_2489853/packages/customer/vivado/data/ip/xilinx/processing_system7_vip_v1_0/hdl/processing_system7_vip_v1_0_vl_rfs.sv:10188]
WARNING: [VRFC 10-3091] actual bit length 32 differs from formal bit length 64 for port 'm_axi_rdata' [/wrk/2018.sub/2018.3.1/continuous/2019_03_26_2489853/packages/customer/vivado/data/ip/xilinx/processing_system7_vip_v1_0/hdl/processing_system7_vip_v1_0_vl_rfs.sv:10189]
WARNING: [VRFC 10-3091] actual bit length 8 differs from formal bit length 9 for port 'WR_BYTES' [/proj/xbuilds/2018.3.1_0326_0329/infra/XSIM/lin/.cxl.ip/incl/processing_system7_vip_v1_0_6_axi_hp.v:165]
WARNING: [VRFC 10-3091] actual bit length 8 differs from formal bit length 9 for port 'RD_BYTES' [/proj/xbuilds/2018.3.1_0326_0329/infra/XSIM/lin/.cxl.ip/incl/processing_system7_vip_v1_0_6_axi_hp.v:174]
WARNING: [VRFC 10-3091] actual bit length 8 differs from formal bit length 9 for port 'WR_BYTES' [/proj/xbuilds/2018.3.1_0326_0329/infra/XSIM/lin/.cxl.ip/incl/processing_system7_vip_v1_0_6_axi_hp.v:251]
WARNING: [VRFC 10-3091] actual bit length 8 differs from formal bit length 9 for port 'RD_BYTES' [/proj/xbuilds/2018.3.1_0326_0329/infra/XSIM/lin/.cxl.ip/incl/processing_system7_vip_v1_0_6_axi_hp.v:260]
WARNING: [VRFC 10-3091] actual bit length 8 differs from formal bit length 9 for port 'WR_BYTES' [/proj/xbuilds/2018.3.1_0326_0329/infra/XSIM/lin/.cxl.ip/incl/processing_system7_vip_v1_0_6_axi_hp.v:337]
WARNING: [VRFC 10-3091] actual bit length 8 differs from formal bit length 9 for port 'RD_BYTES' [/proj/xbuilds/2018.3.1_0326_0329/infra/XSIM/lin/.cxl.ip/incl/processing_system7_vip_v1_0_6_axi_hp.v:346]
WARNING: [VRFC 10-3091] actual bit length 12 differs from formal bit length 3 for port 'm_axi_bid' [/wrk/2018.sub/2018.3.1/continuous/2019_03_26_2489853/packages/customer/vivado/data/ip/xilinx/processing_system7_vip_v1_0/hdl/processing_system7_vip_v1_0_vl_rfs.sv:7074]
WARNING: [VRFC 10-3091] actual bit length 12 differs from formal bit length 3 for port 'm_axi_rid' [/wrk/2018.sub/2018.3.1/continuous/2019_03_26_2489853/packages/customer/vivado/data/ip/xilinx/processing_system7_vip_v1_0/hdl/processing_system7_vip_v1_0_vl_rfs.sv:7092]
WARNING: [VRFC 10-3091] actual bit length 32 differs from formal bit length 64 for port 'm_axi_rdata' [/wrk/2018.sub/2018.3.1/continuous/2019_03_26_2489853/packages/customer/vivado/data/ip/xilinx/processing_system7_vip_v1_0/hdl/processing_system7_vip_v1_0_vl_rfs.sv:7093]
WARNING: [VRFC 10-3027] 'ocm_wr_strb_port0' was previously declared with a different range [/wrk/2018.sub/2018.3.1/continuous/2019_03_26_2489853/packages/customer/vivado/data/ip/xilinx/processing_system7_vip_v1_0/hdl/processing_system7_vip_v1_0_vl_rfs.sv:3726]
WARNING: [VRFC 10-3283] element index 64 into 'wrp_strb' is out of bounds [/wrk/2018.sub/2018.3.1/continuous/2019_03_26_2489853/packages/customer/vivado/data/ip/xilinx/processing_system7_vip_v1_0/hdl/processing_system7_vip_v1_0_vl_rfs.sv:6051]
WARNING: [VRFC 10-3283] element index 128 into 'wrp_strb' is out of bounds [/wrk/2018.sub/2018.3.1/continuous/2019_03_26_2489853/packages/customer/vivado/data/ip/xilinx/processing_system7_vip_v1_0/hdl/processing_system7_vip_v1_0_vl_rfs.sv:10811]
WARNING: [VRFC 10-3283] element index 128 into 'wrp_strb' is out of bounds [/wrk/2018.sub/2018.3.1/continuous/2019_03_26_2489853/packages/customer/vivado/data/ip/xilinx/processing_system7_vip_v1_0/hdl/processing_system7_vip_v1_0_vl_rfs.sv:7689]
WARNING: [VRFC 10-3705] select index 4 into 'wr_fifo_rd_ptr' is out of bounds [/wrk/2018.sub/2018.3.1/continuous/2019_03_26_2489853/packages/customer/vivado/data/ip/xilinx/processing_system7_vip_v1_0/hdl/processing_system7_vip_v1_0_vl_rfs.sv:7902]
WARNING: [VRFC 10-3705] select index 4 into 'ar_cnt' is out of bounds [/wrk/2018.sub/2018.3.1/continuous/2019_03_26_2489853/packages/customer/vivado/data/ip/xilinx/processing_system7_vip_v1_0/hdl/processing_system7_vip_v1_0_vl_rfs.sv:8041]
WARNING: [VRFC 10-3705] select index 4 into 'wr_rresp_cnt' is out of bounds [/wrk/2018.sub/2018.3.1/continuous/2019_03_26_2489853/packages/customer/vivado/data/ip/xilinx/processing_system7_vip_v1_0/hdl/processing_system7_vip_v1_0_vl_rfs.sv:8138]
WARNING: [VRFC 10-3705] select index 4 into 'rd_fifo_wr_ptr' is out of bounds [/wrk/2018.sub/2018.3.1/continuous/2019_03_26_2489853/packages/customer/vivado/data/ip/xilinx/processing_system7_vip_v1_0/hdl/processing_system7_vip_v1_0_vl_rfs.sv:8157]
WARNING: [VRFC 10-3705] select index 4 into 'rd_cnt' is out of bounds [/wrk/2018.sub/2018.3.1/continuous/2019_03_26_2489853/packages/customer/vivado/data/ip/xilinx/processing_system7_vip_v1_0/hdl/processing_system7_vip_v1_0_vl_rfs.sv:8298]
WARNING: [VRFC 10-3705] select index 4 into 'rresp_time_cnt' is out of bounds [/wrk/2018.sub/2018.3.1/continuous/2019_03_26_2489853/packages/customer/vivado/data/ip/xilinx/processing_system7_vip_v1_0/hdl/processing_system7_vip_v1_0_vl_rfs.sv:8303]
WARNING: [VRFC 10-3705] select index 4 into 'rd_fifo_rd_ptr' is out of bounds [/wrk/2018.sub/2018.3.1/continuous/2019_03_26_2489853/packages/customer/vivado/data/ip/xilinx/processing_system7_vip_v1_0/hdl/processing_system7_vip_v1_0_vl_rfs.sv:8308]
Completed static elaboration
INFO: [XSIM 43-4323] No Change in HDL. Linking previously generated obj files to create kernel
