INFO: [VRFC 10-2263] Analyzing Verilog file "/home/masudalab/DeepCAEonFPGA/HLx/HLx.ip_user_files/bd/design_1/ip/design_1_processing_system7_0_0/sim/design_1_processing_system7_0_0.v" into library xil_defaultlib
INFO: [VRFC 10-311] analyzing module design_1_processing_system7_0_0
INFO: [VRFC 10-2263] Analyzing Verilog file "/home/masudalab/DeepCAEonFPGA/HLx/HLx.srcs/sources_1/bd/design_1/ipshared/1091/hdl/verilog/conv2d_fix16.v" into library xil_defaultlib
INFO: [VRFC 10-311] analyzing module conv2d_fix16
INFO: [VRFC 10-2263] Analyzing Verilog file "/home/masudalab/DeepCAEonFPGA/HLx/HLx.srcs/sources_1/bd/design_1/ipshared/1091/hdl/verilog/conv2d_fix16_1.v" into library xil_defaultlib
INFO: [VRFC 10-311] analyzing module conv2d_fix16_1
INFO: [VRFC 10-2263] Analyzing Verilog file "/home/masudalab/DeepCAEonFPGA/HLx/HLx.srcs/sources_1/bd/design_1/ipshared/1091/hdl/verilog/conv2d_fix16_1_Conv2D_0_b.v" into library xil_defaultlib
INFO: [VRFC 10-311] analyzing module conv2d_fix16_1_Conv2D_0_b_rom
INFO: [VRFC 10-311] analyzing module conv2d_fix16_1_Conv2D_0_b
INFO: [VRFC 10-2263] Analyzing Verilog file "/home/masudalab/DeepCAEonFPGA/HLx/HLx.srcs/sources_1/bd/design_1/ipshared/1091/hdl/verilog/conv2d_fix16_1_Conv2D_0_w_0.v" into library xil_defaultlib
INFO: [VRFC 10-311] analyzing module conv2d_fix16_1_Conv2D_0_w_0_rom
INFO: [VRFC 10-311] analyzing module conv2d_fix16_1_Conv2D_0_w_0
INFO: [VRFC 10-2263] Analyzing Verilog file "/home/masudalab/DeepCAEonFPGA/HLx/HLx.srcs/sources_1/bd/design_1/ipshared/1091/hdl/verilog/conv2d_fix16_2.v" into library xil_defaultlib
INFO: [VRFC 10-311] analyzing module conv2d_fix16_2
INFO: [VRFC 10-2263] Analyzing Verilog file "/home/masudalab/DeepCAEonFPGA/HLx/HLx.srcs/sources_1/bd/design_1/ipshared/1091/hdl/verilog/conv2d_fix16_2_Conv2D_1_b.v" into library xil_defaultlib
INFO: [VRFC 10-311] analyzing module conv2d_fix16_2_Conv2D_1_b_rom
INFO: [VRFC 10-311] analyzing module conv2d_fix16_2_Conv2D_1_b
INFO: [VRFC 10-2263] Analyzing Verilog file "/home/masudalab/DeepCAEonFPGA/HLx/HLx.srcs/sources_1/bd/design_1/ipshared/1091/hdl/verilog/conv2d_fix16_2_Conv2D_1_w.v" into library xil_defaultlib
INFO: [VRFC 10-311] analyzing module conv2d_fix16_2_Conv2D_1_w_rom
INFO: [VRFC 10-311] analyzing module conv2d_fix16_2_Conv2D_1_w
INFO: [VRFC 10-2263] Analyzing Verilog file "/home/masudalab/DeepCAEonFPGA/HLx/HLx.srcs/sources_1/bd/design_1/ipshared/1091/hdl/verilog/conv2d_fix16_3.v" into library xil_defaultlib
INFO: [VRFC 10-311] analyzing module conv2d_fix16_3
INFO: [VRFC 10-2263] Analyzing Verilog file "/home/masudalab/DeepCAEonFPGA/HLx/HLx.srcs/sources_1/bd/design_1/ipshared/1091/hdl/verilog/conv2d_fix16_3_Conv2D_2_b.v" into library xil_defaultlib
INFO: [VRFC 10-311] analyzing module conv2d_fix16_3_Conv2D_2_b_rom
INFO: [VRFC 10-311] analyzing module conv2d_fix16_3_Conv2D_2_b
INFO: [VRFC 10-2263] Analyzing Verilog file "/home/masudalab/DeepCAEonFPGA/HLx/HLx.srcs/sources_1/bd/design_1/ipshared/1091/hdl/verilog/conv2d_fix16_3_Conv2D_2_w.v" into library xil_defaultlib
INFO: [VRFC 10-311] analyzing module conv2d_fix16_3_Conv2D_2_w_rom
INFO: [VRFC 10-311] analyzing module conv2d_fix16_3_Conv2D_2_w
INFO: [VRFC 10-2263] Analyzing Verilog file "/home/masudalab/DeepCAEonFPGA/HLx/HLx.srcs/sources_1/bd/design_1/ipshared/1091/hdl/verilog/conv2d_fix16_228.v" into library xil_defaultlib
INFO: [VRFC 10-311] analyzing module conv2d_fix16_228
INFO: [VRFC 10-2263] Analyzing Verilog file "/home/masudalab/DeepCAEonFPGA/HLx/HLx.srcs/sources_1/bd/design_1/ipshared/1091/hdl/verilog/conv2d_fix16_228_Conv2D_3_b.v" into library xil_defaultlib
INFO: [VRFC 10-311] analyzing module conv2d_fix16_228_Conv2D_3_b_rom
INFO: [VRFC 10-311] analyzing module conv2d_fix16_228_Conv2D_3_b
INFO: [VRFC 10-2263] Analyzing Verilog file "/home/masudalab/DeepCAEonFPGA/HLx/HLx.srcs/sources_1/bd/design_1/ipshared/1091/hdl/verilog/conv2d_fix16_228_Conv2D_3_w.v" into library xil_defaultlib
INFO: [VRFC 10-311] analyzing module conv2d_fix16_228_Conv2D_3_w_rom
INFO: [VRFC 10-311] analyzing module conv2d_fix16_228_Conv2D_3_w
INFO: [VRFC 10-2263] Analyzing Verilog file "/home/masudalab/DeepCAEonFPGA/HLx/HLx.srcs/sources_1/bd/design_1/ipshared/1091/hdl/verilog/conv2d_fix16_Conv2D_4_w_0.v" into library xil_defaultlib
INFO: [VRFC 10-311] analyzing module conv2d_fix16_Conv2D_4_w_0_rom
INFO: [VRFC 10-311] analyzing module conv2d_fix16_Conv2D_4_w_0
INFO: [VRFC 10-2263] Analyzing Verilog file "/home/masudalab/DeepCAEonFPGA/HLx/HLx.srcs/sources_1/bd/design_1/ipshared/1091/hdl/verilog/max_pooling2d_fix16.v" into library xil_defaultlib
INFO: [VRFC 10-311] analyzing module max_pooling2d_fix16
INFO: [VRFC 10-2263] Analyzing Verilog file "/home/masudalab/DeepCAEonFPGA/HLx/HLx.srcs/sources_1/bd/design_1/ipshared/1091/hdl/verilog/max_pooling2d_fix16_1.v" into library xil_defaultlib
INFO: [VRFC 10-311] analyzing module max_pooling2d_fix16_1
INFO: [VRFC 10-2263] Analyzing Verilog file "/home/masudalab/DeepCAEonFPGA/HLx/HLx.srcs/sources_1/bd/design_1/ipshared/1091/hdl/verilog/network_AXILiteS_s_axi.v" into library xil_defaultlib
INFO: [VRFC 10-311] analyzing module network_AXILiteS_s_axi
INFO: [VRFC 10-2263] Analyzing Verilog file "/home/masudalab/DeepCAEonFPGA/HLx/HLx.srcs/sources_1/bd/design_1/ipshared/1091/hdl/verilog/network_Conv2D_0_array.v" into library xil_defaultlib
INFO: [VRFC 10-311] analyzing module network_Conv2D_0_array_ram
INFO: [VRFC 10-311] analyzing module network_Conv2D_0_array
INFO: [VRFC 10-2263] Analyzing Verilog file "/home/masudalab/DeepCAEonFPGA/HLx/HLx.srcs/sources_1/bd/design_1/ipshared/1091/hdl/verilog/network_Conv2D_1_array.v" into library xil_defaultlib
INFO: [VRFC 10-311] analyzing module network_Conv2D_1_array_ram
INFO: [VRFC 10-311] analyzing module network_Conv2D_1_array
INFO: [VRFC 10-2263] Analyzing Verilog file "/home/masudalab/DeepCAEonFPGA/HLx/HLx.srcs/sources_1/bd/design_1/ipshared/1091/hdl/verilog/network_Conv2D_4_array.v" into library xil_defaultlib
INFO: [VRFC 10-311] analyzing module network_Conv2D_4_array_ram
INFO: [VRFC 10-311] analyzing module network_Conv2D_4_array
INFO: [VRFC 10-2263] Analyzing Verilog file "/home/masudalab/DeepCAEonFPGA/HLx/HLx.srcs/sources_1/bd/design_1/ipshared/1091/hdl/verilog/network_input_0_array_0.v" into library xil_defaultlib
INFO: [VRFC 10-311] analyzing module network_input_0_array_0_ram
INFO: [VRFC 10-311] analyzing module network_input_0_array_0
INFO: [VRFC 10-2263] Analyzing Verilog file "/home/masudalab/DeepCAEonFPGA/HLx/HLx.srcs/sources_1/bd/design_1/ipshared/1091/hdl/verilog/network_MaxPooling2D_0_array.v" into library xil_defaultlib
INFO: [VRFC 10-311] analyzing module network_MaxPooling2D_0_array_ram
INFO: [VRFC 10-311] analyzing module network_MaxPooling2D_0_array
INFO: [VRFC 10-2263] Analyzing Verilog file "/home/masudalab/DeepCAEonFPGA/HLx/HLx.srcs/sources_1/bd/design_1/ipshared/1091/hdl/verilog/network_MaxPooling2D_1_array.v" into library xil_defaultlib
INFO: [VRFC 10-311] analyzing module network_MaxPooling2D_1_array_ram
INFO: [VRFC 10-311] analyzing module network_MaxPooling2D_1_array
INFO: [VRFC 10-2263] Analyzing Verilog file "/home/masudalab/DeepCAEonFPGA/HLx/HLx.srcs/sources_1/bd/design_1/ipshared/1091/hdl/verilog/network_mul_mul_14s_16s_30_1_1.v" into library xil_defaultlib
INFO: [VRFC 10-311] analyzing module network_mul_mul_14s_16s_30_1_1_DSP48_0
INFO: [VRFC 10-311] analyzing module network_mul_mul_14s_16s_30_1_1
INFO: [VRFC 10-2263] Analyzing Verilog file "/home/masudalab/DeepCAEonFPGA/HLx/HLx.srcs/sources_1/bd/design_1/ipshared/1091/hdl/verilog/network_mul_mul_16s_13s_29_1_1.v" into library xil_defaultlib
INFO: [VRFC 10-311] analyzing module network_mul_mul_16s_13s_29_1_1_DSP48_1
INFO: [VRFC 10-311] analyzing module network_mul_mul_16s_13s_29_1_1
INFO: [VRFC 10-2263] Analyzing Verilog file "/home/masudalab/DeepCAEonFPGA/HLx/HLx.srcs/sources_1/bd/design_1/ipshared/1091/hdl/verilog/network_out_0_id_V.v" into library xil_defaultlib
INFO: [VRFC 10-311] analyzing module network_out_0_id_V_ram
INFO: [VRFC 10-311] analyzing module network_out_0_id_V
INFO: [VRFC 10-2263] Analyzing Verilog file "/home/masudalab/DeepCAEonFPGA/HLx/HLx.srcs/sources_1/bd/design_1/ipshared/1091/hdl/verilog/network_out_0_keep_V.v" into library xil_defaultlib
INFO: [VRFC 10-311] analyzing module network_out_0_keep_V_ram
INFO: [VRFC 10-311] analyzing module network_out_0_keep_V
INFO: [VRFC 10-2263] Analyzing Verilog file "/home/masudalab/DeepCAEonFPGA/HLx/HLx.srcs/sources_1/bd/design_1/ipshared/1091/hdl/verilog/network_Padding2D_0_array.v" into library xil_defaultlib
INFO: [VRFC 10-311] analyzing module network_Padding2D_0_array_ram
INFO: [VRFC 10-311] analyzing module network_Padding2D_0_array
INFO: [VRFC 10-2263] Analyzing Verilog file "/home/masudalab/DeepCAEonFPGA/HLx/HLx.srcs/sources_1/bd/design_1/ipshared/1091/hdl/verilog/network_Padding2D_1_array.v" into library xil_defaultlib
INFO: [VRFC 10-311] analyzing module network_Padding2D_1_array_ram
INFO: [VRFC 10-311] analyzing module network_Padding2D_1_array
INFO: [VRFC 10-2263] Analyzing Verilog file "/home/masudalab/DeepCAEonFPGA/HLx/HLx.srcs/sources_1/bd/design_1/ipshared/1091/hdl/verilog/network_Padding2D_2_array.v" into library xil_defaultlib
INFO: [VRFC 10-311] analyzing module network_Padding2D_2_array_ram
INFO: [VRFC 10-311] analyzing module network_Padding2D_2_array
INFO: [VRFC 10-2263] Analyzing Verilog file "/home/masudalab/DeepCAEonFPGA/HLx/HLx.srcs/sources_1/bd/design_1/ipshared/1091/hdl/verilog/network_Padding2D_3_array.v" into library xil_defaultlib
INFO: [VRFC 10-311] analyzing module network_Padding2D_3_array_ram
INFO: [VRFC 10-311] analyzing module network_Padding2D_3_array
INFO: [VRFC 10-2263] Analyzing Verilog file "/home/masudalab/DeepCAEonFPGA/HLx/HLx.srcs/sources_1/bd/design_1/ipshared/1091/hdl/verilog/network_Padding2D_4_array.v" into library xil_defaultlib
INFO: [VRFC 10-311] analyzing module network_Padding2D_4_array_ram
INFO: [VRFC 10-311] analyzing module network_Padding2D_4_array
INFO: [VRFC 10-2263] Analyzing Verilog file "/home/masudalab/DeepCAEonFPGA/HLx/HLx.srcs/sources_1/bd/design_1/ipshared/1091/hdl/verilog/padding2d_fix16.v" into library xil_defaultlib
INFO: [VRFC 10-311] analyzing module padding2d_fix16
INFO: [VRFC 10-2263] Analyzing Verilog file "/home/masudalab/DeepCAEonFPGA/HLx/HLx.srcs/sources_1/bd/design_1/ipshared/1091/hdl/verilog/padding2d_fix16_1.v" into library xil_defaultlib
INFO: [VRFC 10-311] analyzing module padding2d_fix16_1
INFO: [VRFC 10-2263] Analyzing Verilog file "/home/masudalab/DeepCAEonFPGA/HLx/HLx.srcs/sources_1/bd/design_1/ipshared/1091/hdl/verilog/padding2d_fix16_2.v" into library xil_defaultlib
INFO: [VRFC 10-311] analyzing module padding2d_fix16_2
INFO: [VRFC 10-2263] Analyzing Verilog file "/home/masudalab/DeepCAEonFPGA/HLx/HLx.srcs/sources_1/bd/design_1/ipshared/1091/hdl/verilog/padding2d_fix16_3.v" into library xil_defaultlib
INFO: [VRFC 10-311] analyzing module padding2d_fix16_3
INFO: [VRFC 10-2263] Analyzing Verilog file "/home/masudalab/DeepCAEonFPGA/HLx/HLx.srcs/sources_1/bd/design_1/ipshared/1091/hdl/verilog/padding2d_fix16_4.v" into library xil_defaultlib
INFO: [VRFC 10-311] analyzing module padding2d_fix16_4
INFO: [VRFC 10-2263] Analyzing Verilog file "/home/masudalab/DeepCAEonFPGA/HLx/HLx.srcs/sources_1/bd/design_1/ipshared/1091/hdl/verilog/up_sampling2d_fix16.v" into library xil_defaultlib
INFO: [VRFC 10-311] analyzing module up_sampling2d_fix16
INFO: [VRFC 10-2263] Analyzing Verilog file "/home/masudalab/DeepCAEonFPGA/HLx/HLx.srcs/sources_1/bd/design_1/ipshared/1091/hdl/verilog/up_sampling2d_fix16_1.v" into library xil_defaultlib
INFO: [VRFC 10-311] analyzing module up_sampling2d_fix16_1
INFO: [VRFC 10-2263] Analyzing Verilog file "/home/masudalab/DeepCAEonFPGA/HLx/HLx.srcs/sources_1/bd/design_1/ipshared/1091/hdl/verilog/network.v" into library xil_defaultlib
INFO: [VRFC 10-311] analyzing module network
INFO: [VRFC 10-2263] Analyzing Verilog file "/home/masudalab/DeepCAEonFPGA/HLx/HLx.ip_user_files/bd/design_1/ip/design_1_network_0_0/sim/design_1_network_0_0.v" into library xil_defaultlib
INFO: [VRFC 10-311] analyzing module design_1_network_0_0
INFO: [VRFC 10-2263] Analyzing Verilog file "/home/masudalab/DeepCAEonFPGA/HLx/HLx.ip_user_files/bd/design_1/ip/design_1_xbar_0/sim/design_1_xbar_0.v" into library xil_defaultlib
INFO: [VRFC 10-311] analyzing module design_1_xbar_0
INFO: [VRFC 10-2263] Analyzing Verilog file "/home/masudalab/DeepCAEonFPGA/HLx/HLx.ip_user_files/bd/design_1/sim/design_1.v" into library xil_defaultlib
INFO: [VRFC 10-311] analyzing module design_1
INFO: [VRFC 10-311] analyzing module design_1_ps7_0_axi_periph_0
INFO: [VRFC 10-311] analyzing module m00_couplers_imp_15SPJYW
INFO: [VRFC 10-311] analyzing module m01_couplers_imp_XU9C55
INFO: [VRFC 10-311] analyzing module s00_couplers_imp_UYSKKA
INFO: [VRFC 10-2263] Analyzing Verilog file "/home/masudalab/DeepCAEonFPGA/HLx/HLx.ip_user_files/bd/design_1/ip/design_1_axi_smc_3/bd_0/sim/bd_ae83.v" into library xil_defaultlib
INFO: [VRFC 10-311] analyzing module bd_ae83
INFO: [VRFC 10-311] analyzing module clk_map_imp_LRW56I
INFO: [VRFC 10-311] analyzing module m00_exit_pipeline_imp_1EQ9YW1
INFO: [VRFC 10-311] analyzing module m00_nodes_imp_1S25FIL
INFO: [VRFC 10-311] analyzing module s00_entry_pipeline_imp_EZ9AZM
INFO: [VRFC 10-311] analyzing module s00_nodes_imp_8YD43C
INFO: [VRFC 10-311] analyzing module s01_entry_pipeline_imp_1CFMTYU
INFO: [VRFC 10-311] analyzing module s01_nodes_imp_1GIRI4U
INFO: [VRFC 10-311] analyzing module switchboards_imp_L042R0
INFO: [VRFC 10-2263] Analyzing Verilog file "/home/masudalab/DeepCAEonFPGA/HLx/HLx.ip_user_files/bd/design_1/ip/design_1_axi_smc_3/bd_0/ip/ip_0/sim/bd_ae83_one_0.v" into library xil_defaultlib
INFO: [VRFC 10-311] analyzing module bd_ae83_one_0
INFO: [VRFC 10-2263] Analyzing SystemVerilog file "/home/masudalab/DeepCAEonFPGA/HLx/HLx.ip_user_files/bd/design_1/ip/design_1_axi_smc_3/bd_0/ip/ip_2/sim/bd_ae83_arsw_0.sv" into library xil_defaultlib
INFO: [VRFC 10-311] analyzing module bd_ae83_arsw_0
INFO: [VRFC 10-2263] Analyzing SystemVerilog file "/home/masudalab/DeepCAEonFPGA/HLx/HLx.ip_user_files/bd/design_1/ip/design_1_axi_smc_3/bd_0/ip/ip_3/sim/bd_ae83_rsw_0.sv" into library xil_defaultlib
INFO: [VRFC 10-311] analyzing module bd_ae83_rsw_0
INFO: [VRFC 10-2263] Analyzing SystemVerilog file "/home/masudalab/DeepCAEonFPGA/HLx/HLx.ip_user_files/bd/design_1/ip/design_1_axi_smc_3/bd_0/ip/ip_4/sim/bd_ae83_awsw_0.sv" into library xil_defaultlib
INFO: [VRFC 10-311] analyzing module bd_ae83_awsw_0
INFO: [VRFC 10-2263] Analyzing SystemVerilog file "/home/masudalab/DeepCAEonFPGA/HLx/HLx.ip_user_files/bd/design_1/ip/design_1_axi_smc_3/bd_0/ip/ip_5/sim/bd_ae83_wsw_0.sv" into library xil_defaultlib
INFO: [VRFC 10-311] analyzing module bd_ae83_wsw_0
INFO: [VRFC 10-2263] Analyzing SystemVerilog file "/home/masudalab/DeepCAEonFPGA/HLx/HLx.ip_user_files/bd/design_1/ip/design_1_axi_smc_3/bd_0/ip/ip_6/sim/bd_ae83_bsw_0.sv" into library xil_defaultlib
INFO: [VRFC 10-311] analyzing module bd_ae83_bsw_0
INFO: [VRFC 10-2263] Analyzing SystemVerilog file "/home/masudalab/DeepCAEonFPGA/HLx/HLx.ip_user_files/bd/design_1/ip/design_1_axi_smc_3/bd_0/ip/ip_7/sim/bd_ae83_s00mmu_0.sv" into library xil_defaultlib
INFO: [VRFC 10-311] analyzing module bd_ae83_s00mmu_0
INFO: [VRFC 10-2263] Analyzing SystemVerilog file "/home/masudalab/DeepCAEonFPGA/HLx/HLx.ip_user_files/bd/design_1/ip/design_1_axi_smc_3/bd_0/ip/ip_8/sim/bd_ae83_s00tr_0.sv" into library xil_defaultlib
INFO: [VRFC 10-311] analyzing module bd_ae83_s00tr_0
INFO: [VRFC 10-2263] Analyzing SystemVerilog file "/home/masudalab/DeepCAEonFPGA/HLx/HLx.ip_user_files/bd/design_1/ip/design_1_axi_smc_3/bd_0/ip/ip_9/sim/bd_ae83_s00sic_0.sv" into library xil_defaultlib
INFO: [VRFC 10-311] analyzing module bd_ae83_s00sic_0
INFO: [VRFC 10-2263] Analyzing SystemVerilog file "/home/masudalab/DeepCAEonFPGA/HLx/HLx.ip_user_files/bd/design_1/ip/design_1_axi_smc_3/bd_0/ip/ip_10/sim/bd_ae83_s00a2s_0.sv" into library xil_defaultlib
INFO: [VRFC 10-311] analyzing module bd_ae83_s00a2s_0
INFO: [VRFC 10-2263] Analyzing SystemVerilog file "/home/masudalab/DeepCAEonFPGA/HLx/HLx.ip_user_files/bd/design_1/ip/design_1_axi_smc_3/bd_0/ip/ip_11/sim/bd_ae83_sarn_0.sv" into library xil_defaultlib
INFO: [VRFC 10-311] analyzing module bd_ae83_sarn_0
INFO: [VRFC 10-2263] Analyzing SystemVerilog file "/home/masudalab/DeepCAEonFPGA/HLx/HLx.ip_user_files/bd/design_1/ip/design_1_axi_smc_3/bd_0/ip/ip_12/sim/bd_ae83_srn_0.sv" into library xil_defaultlib
INFO: [VRFC 10-311] analyzing module bd_ae83_srn_0
INFO: [VRFC 10-2263] Analyzing SystemVerilog file "/home/masudalab/DeepCAEonFPGA/HLx/HLx.ip_user_files/bd/design_1/ip/design_1_axi_smc_3/bd_0/ip/ip_13/sim/bd_ae83_s01mmu_0.sv" into library xil_defaultlib
INFO: [VRFC 10-311] analyzing module bd_ae83_s01mmu_0
INFO: [VRFC 10-2263] Analyzing SystemVerilog file "/home/masudalab/DeepCAEonFPGA/HLx/HLx.ip_user_files/bd/design_1/ip/design_1_axi_smc_3/bd_0/ip/ip_14/sim/bd_ae83_s01tr_0.sv" into library xil_defaultlib
INFO: [VRFC 10-311] analyzing module bd_ae83_s01tr_0
INFO: [VRFC 10-2263] Analyzing SystemVerilog file "/home/masudalab/DeepCAEonFPGA/HLx/HLx.ip_user_files/bd/design_1/ip/design_1_axi_smc_3/bd_0/ip/ip_15/sim/bd_ae83_s01sic_0.sv" into library xil_defaultlib
INFO: [VRFC 10-311] analyzing module bd_ae83_s01sic_0
INFO: [VRFC 10-2263] Analyzing SystemVerilog file "/home/masudalab/DeepCAEonFPGA/HLx/HLx.ip_user_files/bd/design_1/ip/design_1_axi_smc_3/bd_0/ip/ip_16/sim/bd_ae83_s01a2s_0.sv" into library xil_defaultlib
INFO: [VRFC 10-311] analyzing module bd_ae83_s01a2s_0
INFO: [VRFC 10-2263] Analyzing SystemVerilog file "/home/masudalab/DeepCAEonFPGA/HLx/HLx.ip_user_files/bd/design_1/ip/design_1_axi_smc_3/bd_0/ip/ip_17/sim/bd_ae83_sawn_0.sv" into library xil_defaultlib
INFO: [VRFC 10-311] analyzing module bd_ae83_sawn_0
INFO: [VRFC 10-2263] Analyzing SystemVerilog file "/home/masudalab/DeepCAEonFPGA/HLx/HLx.ip_user_files/bd/design_1/ip/design_1_axi_smc_3/bd_0/ip/ip_18/sim/bd_ae83_swn_0.sv" into library xil_defaultlib
INFO: [VRFC 10-311] analyzing module bd_ae83_swn_0
INFO: [VRFC 10-2263] Analyzing SystemVerilog file "/home/masudalab/DeepCAEonFPGA/HLx/HLx.ip_user_files/bd/design_1/ip/design_1_axi_smc_3/bd_0/ip/ip_19/sim/bd_ae83_sbn_0.sv" into library xil_defaultlib
INFO: [VRFC 10-311] analyzing module bd_ae83_sbn_0
INFO: [VRFC 10-2263] Analyzing SystemVerilog file "/home/masudalab/DeepCAEonFPGA/HLx/HLx.ip_user_files/bd/design_1/ip/design_1_axi_smc_3/bd_0/ip/ip_20/sim/bd_ae83_m00s2a_0.sv" into library xil_defaultlib
INFO: [VRFC 10-311] analyzing module bd_ae83_m00s2a_0
INFO: [VRFC 10-2263] Analyzing SystemVerilog file "/home/masudalab/DeepCAEonFPGA/HLx/HLx.ip_user_files/bd/design_1/ip/design_1_axi_smc_3/bd_0/ip/ip_21/sim/bd_ae83_m00arn_0.sv" into library xil_defaultlib
INFO: [VRFC 10-311] analyzing module bd_ae83_m00arn_0
INFO: [VRFC 10-2263] Analyzing SystemVerilog file "/home/masudalab/DeepCAEonFPGA/HLx/HLx.ip_user_files/bd/design_1/ip/design_1_axi_smc_3/bd_0/ip/ip_22/sim/bd_ae83_m00rn_0.sv" into library xil_defaultlib
INFO: [VRFC 10-311] analyzing module bd_ae83_m00rn_0
INFO: [VRFC 10-2263] Analyzing SystemVerilog file "/home/masudalab/DeepCAEonFPGA/HLx/HLx.ip_user_files/bd/design_1/ip/design_1_axi_smc_3/bd_0/ip/ip_23/sim/bd_ae83_m00awn_0.sv" into library xil_defaultlib
INFO: [VRFC 10-311] analyzing module bd_ae83_m00awn_0
INFO: [VRFC 10-2263] Analyzing SystemVerilog file "/home/masudalab/DeepCAEonFPGA/HLx/HLx.ip_user_files/bd/design_1/ip/design_1_axi_smc_3/bd_0/ip/ip_24/sim/bd_ae83_m00wn_0.sv" into library xil_defaultlib
INFO: [VRFC 10-311] analyzing module bd_ae83_m00wn_0
INFO: [VRFC 10-2263] Analyzing SystemVerilog file "/home/masudalab/DeepCAEonFPGA/HLx/HLx.ip_user_files/bd/design_1/ip/design_1_axi_smc_3/bd_0/ip/ip_25/sim/bd_ae83_m00bn_0.sv" into library xil_defaultlib
INFO: [VRFC 10-311] analyzing module bd_ae83_m00bn_0
INFO: [VRFC 10-2263] Analyzing SystemVerilog file "/home/masudalab/DeepCAEonFPGA/HLx/HLx.ip_user_files/bd/design_1/ip/design_1_axi_smc_3/bd_0/ip/ip_26/sim/bd_ae83_m00e_0.sv" into library xil_defaultlib
INFO: [VRFC 10-311] analyzing module bd_ae83_m00e_0
INFO: [VRFC 10-2263] Analyzing Verilog file "/home/masudalab/DeepCAEonFPGA/HLx/HLx.ip_user_files/bd/design_1/ip/design_1_axi_smc_3/sim/design_1_axi_smc_3.v" into library xil_defaultlib
INFO: [VRFC 10-311] analyzing module design_1_axi_smc_3
INFO: [VRFC 10-2263] Analyzing Verilog file "/home/masudalab/DeepCAEonFPGA/HLx/HLx.ip_user_files/bd/design_1/ip/design_1_auto_pc_0/sim/design_1_auto_pc_0.v" into library xil_defaultlib
INFO: [VRFC 10-311] analyzing module design_1_auto_pc_0
INFO: [VRFC 10-2263] Analyzing Verilog file "/home/masudalab/DeepCAEonFPGA/HLx/HLx.srcs/sources_1/bd/design_1/hdl/design_1_wrapper.v" into library xil_defaultlib
INFO: [VRFC 10-311] analyzing module design_1_wrapper
INFO: [VRFC 10-2263] Analyzing Verilog file "/home/masudalab/DeepCAEonFPGA/HLx/HLx.sim/sim_1/behav/xsim/glbl.v" into library xil_defaultlib
INFO: [VRFC 10-311] analyzing module glbl
