#-----------------------------------------------------------
# Vivado v2018.3.1 (64-bit)
# SW Build 2489853 on Tue Mar 26 04:18:30 MDT 2019
# IP Build 2486929 on Tue Mar 26 06:44:21 MDT 2019
# Start of session at: Mon Dec 16 19:38:36 2019
# Process ID: 18743
# Current directory: /home/masudalab/DeepCAEonFPGA
# Command line: vivado
# Log file: /home/masudalab/DeepCAEonFPGA/vivado.log
# Journal file: /home/masudalab/DeepCAEonFPGA/vivado.jou
#-----------------------------------------------------------
start_gui
open_project /home/masudalab/DeepCAEonFPGA/HLx/HLx.xpr
Scanning sources...
Finished scanning sources
INFO: [IP_Flow 19-234] Refreshing IP repositories
INFO: [IP_Flow 19-1700] Loaded user IP repository '/home/masudalab/DeepCAEonFPGA/ip_generated'.
INFO: [IP_Flow 19-2313] Loaded Vivado IP repository '/tools/Xilinx/Vivado/2018.3/data/ip'.
open_project: Time (s): cpu = 00:00:15 ; elapsed = 00:00:08 . Memory (MB): peak = 6491.070 ; gain = 207.934 ; free physical = 7595 ; free virtual = 14456
update_compile_order -fileset sources_1
open_bd_design {/home/masudalab/DeepCAEonFPGA/HLx/HLx.srcs/sources_1/bd/design_1/design_1.bd}
Adding cell -- xilinx.com:ip:processing_system7:5.5 - processing_system7_0
Adding cell -- xilinx.com:ip:axi_dma:7.1 - axi_dma_in
Adding cell -- xilinx.com:ip:proc_sys_reset:5.0 - rst_ps7_0_100M
Adding cell -- xilinx.com:ip:axi_interconnect:2.1 - ps7_0_axi_periph
Adding cell -- xilinx.com:ip:axi_crossbar:2.1 - xbar
Adding cell -- xilinx.com:ip:axi_protocol_converter:2.1 - auto_pc
Adding cell -- xilinx.com:ip:smartconnect:1.0 - axi_smc
Adding cell -- xilinx.com:ip:axi_dma:7.1 - axi_dma_out
Adding cell -- xilinx.com:hls:network:1.0 - network_0
Successfully read diagram <design_1> from BD file </home/masudalab/DeepCAEonFPGA/HLx/HLx.srcs/sources_1/bd/design_1/design_1.bd>
open_bd_design {/home/masudalab/DeepCAEonFPGA/HLx/HLx.srcs/sources_1/bd/design_1/design_1.bd}
open_bd_design {/home/masudalab/DeepCAEonFPGA/HLx/HLx.srcs/sources_1/bd/design_1/design_1.bd}
startgroup
set_property -dict [list CONFIG.c_mm2s_burst_size {2}] [get_bd_cells axi_dma_in]
endgroup
startgroup
set_property -dict [list CONFIG.c_s2mm_burst_size {16}] [get_bd_cells axi_dma_out]
endgroup
startgroup
set_property -dict [list CONFIG.c_mm2s_burst_size {16}] [get_bd_cells axi_dma_in]
endgroup
generate_target all [get_files  /home/masudalab/DeepCAEonFPGA/HLx/HLx.srcs/sources_1/bd/design_1/design_1.bd]
WARNING: [BD 41-702] Propagation TCL tries to overwrite USER strength parameter PCW_M_AXI_GP0_FREQMHZ(10) on '/processing_system7_0' with propagated value(100.0). Command ignored
WARNING: [BD 41-702] Propagation TCL tries to overwrite USER strength parameter PCW_S_AXI_HP0_FREQMHZ(10) on '/processing_system7_0' with propagated value(100.0). Command ignored
INFO: [Ipptcl 7-1463] No Compatible Board Interface found. Board Tab not created in customize GUI
WARNING: [BD 41-702] Propagation TCL tries to overwrite USER strength parameter PCW_M_AXI_GP0_FREQMHZ(10) on '/processing_system7_0' with propagated value(100.0). Command ignored
WARNING: [BD 41-702] Propagation TCL tries to overwrite USER strength parameter PCW_S_AXI_HP0_FREQMHZ(10) on '/processing_system7_0' with propagated value(100.0). Command ignored
Wrote  : </home/masudalab/DeepCAEonFPGA/HLx/HLx.srcs/sources_1/bd/design_1/design_1.bd> 
Wrote  : </home/masudalab/DeepCAEonFPGA/HLx/HLx.srcs/sources_1/bd/design_1/ui/bd_1f5defd0.ui> 
VHDL Output written to : /home/masudalab/DeepCAEonFPGA/HLx/HLx.srcs/sources_1/bd/design_1/synth/design_1.v
VHDL Output written to : /home/masudalab/DeepCAEonFPGA/HLx/HLx.srcs/sources_1/bd/design_1/sim/design_1.v
VHDL Output written to : /home/masudalab/DeepCAEonFPGA/HLx/HLx.srcs/sources_1/bd/design_1/hdl/design_1_wrapper.v
INFO: [BD 41-1029] Generation completed for the IP Integrator block processing_system7_0 .
INFO: [BD 41-1029] Generation completed for the IP Integrator block axi_dma_in .
WARNING: [IP_Flow 19-3452] Invalid long/float value '1e+08' specified for parameter 'FREQ_HZ(clock)' for design_1_rst_ps7_0_100M_5.
INFO: [BD 41-1029] Generation completed for the IP Integrator block rst_ps7_0_100M .
WARNING: [IP_Flow 19-3452] Invalid long/float value '1e+08' specified for parameter 'FREQ_HZ(CLKIF)' for design_1_xbar_2.
INFO: [BD 41-1029] Generation completed for the IP Integrator block ps7_0_axi_periph/xbar .
Exporting to file /home/masudalab/DeepCAEonFPGA/HLx/HLx.srcs/sources_1/bd/design_1/ip/design_1_axi_smc_0/bd_0/hw_handoff/design_1_axi_smc_0.hwh
Generated Block Design Tcl file /home/masudalab/DeepCAEonFPGA/HLx/HLx.srcs/sources_1/bd/design_1/ip/design_1_axi_smc_0/bd_0/hw_handoff/design_1_axi_smc_0_bd.tcl
Generated Hardware Definition File /home/masudalab/DeepCAEonFPGA/HLx/HLx.srcs/sources_1/bd/design_1/ip/design_1_axi_smc_0/bd_0/synth/design_1_axi_smc_0.hwdef
INFO: [BD 41-1029] Generation completed for the IP Integrator block axi_smc .
INFO: [BD 41-1029] Generation completed for the IP Integrator block axi_dma_out .
INFO: [BD 41-1029] Generation completed for the IP Integrator block network_0 .
WARNING: [IP_Flow 19-3452] Invalid long/float value '1e+08' specified for parameter 'FREQ_HZ(CLK)' for design_1_auto_pc_0.
INFO: [BD 41-1029] Generation completed for the IP Integrator block ps7_0_axi_periph/s00_couplers/auto_pc .
Exporting to file /home/masudalab/DeepCAEonFPGA/HLx/HLx.srcs/sources_1/bd/design_1/hw_handoff/design_1.hwh
Generated Block Design Tcl file /home/masudalab/DeepCAEonFPGA/HLx/HLx.srcs/sources_1/bd/design_1/hw_handoff/design_1_bd.tcl
Generated Hardware Definition File /home/masudalab/DeepCAEonFPGA/HLx/HLx.srcs/sources_1/bd/design_1/synth/design_1.hwdef
generate_target: Time (s): cpu = 00:00:12 ; elapsed = 00:00:11 . Memory (MB): peak = 7014.285 ; gain = 0.000 ; free physical = 7160 ; free virtual = 14022
catch { config_ip_cache -export [get_ips -all design_1_axi_dma_0_1] }
catch { config_ip_cache -export [get_ips -all design_1_rst_ps7_0_100M_5] }
catch { config_ip_cache -export [get_ips -all design_1_xbar_2] }
catch { config_ip_cache -export [get_ips -all design_1_axi_dma_in_0] }
catch { config_ip_cache -export [get_ips -all design_1_auto_pc_0] }
export_ip_user_files -of_objects [get_files /home/masudalab/DeepCAEonFPGA/HLx/HLx.srcs/sources_1/bd/design_1/design_1.bd] -no_script -sync -force -quiet
create_ip_run [get_files -of_objects [get_fileset sources_1] /home/masudalab/DeepCAEonFPGA/HLx/HLx.srcs/sources_1/bd/design_1/design_1.bd]
launch_runs -jobs 4 {design_1_axi_dma_0_1_synth_1 design_1_axi_dma_in_0_synth_1 design_1_rst_ps7_0_100M_5_synth_1 design_1_xbar_2_synth_1 design_1_auto_pc_0_synth_1}
[Mon Dec 16 19:50:40 2019] Launched design_1_axi_dma_0_1_synth_1, design_1_axi_dma_in_0_synth_1, design_1_rst_ps7_0_100M_5_synth_1, design_1_xbar_2_synth_1, design_1_auto_pc_0_synth_1...
Run output will be captured here:
design_1_axi_dma_0_1_synth_1: /home/masudalab/DeepCAEonFPGA/HLx/HLx.runs/design_1_axi_dma_0_1_synth_1/runme.log
design_1_axi_dma_in_0_synth_1: /home/masudalab/DeepCAEonFPGA/HLx/HLx.runs/design_1_axi_dma_in_0_synth_1/runme.log
design_1_rst_ps7_0_100M_5_synth_1: /home/masudalab/DeepCAEonFPGA/HLx/HLx.runs/design_1_rst_ps7_0_100M_5_synth_1/runme.log
design_1_xbar_2_synth_1: /home/masudalab/DeepCAEonFPGA/HLx/HLx.runs/design_1_xbar_2_synth_1/runme.log
design_1_auto_pc_0_synth_1: /home/masudalab/DeepCAEonFPGA/HLx/HLx.runs/design_1_auto_pc_0_synth_1/runme.log
export_simulation -of_objects [get_files /home/masudalab/DeepCAEonFPGA/HLx/HLx.srcs/sources_1/bd/design_1/design_1.bd] -directory /home/masudalab/DeepCAEonFPGA/HLx/HLx.ip_user_files/sim_scripts -ip_user_files_dir /home/masudalab/DeepCAEonFPGA/HLx/HLx.ip_user_files -ipstatic_source_dir /home/masudalab/DeepCAEonFPGA/HLx/HLx.ip_user_files/ipstatic -lib_map_path [list {modelsim=/home/masudalab/DeepCAEonFPGA/HLx/HLx.cache/compile_simlib/modelsim} {questa=/home/masudalab/DeepCAEonFPGA/HLx/HLx.cache/compile_simlib/questa} {ies=/home/masudalab/DeepCAEonFPGA/HLx/HLx.cache/compile_simlib/ies} {xcelium=/home/masudalab/DeepCAEonFPGA/HLx/HLx.cache/compile_simlib/xcelium} {vcs=/home/masudalab/DeepCAEonFPGA/HLx/HLx.cache/compile_simlib/vcs} {riviera=/home/masudalab/DeepCAEonFPGA/HLx/HLx.cache/compile_simlib/riviera}] -use_ip_compiled_libs -force -quiet
make_wrapper -files [get_files /home/masudalab/DeepCAEonFPGA/HLx/HLx.srcs/sources_1/bd/design_1/design_1.bd] -top
reset_run synth_1
launch_runs impl_1 -to_step write_bitstream -jobs 4
[Mon Dec 16 19:51:30 2019] Launched design_1_axi_dma_0_1_synth_1, design_1_axi_dma_in_0_synth_1, design_1_xbar_2_synth_1, design_1_auto_pc_0_synth_1, synth_1...
Run output will be captured here:
design_1_axi_dma_0_1_synth_1: /home/masudalab/DeepCAEonFPGA/HLx/HLx.runs/design_1_axi_dma_0_1_synth_1/runme.log
design_1_axi_dma_in_0_synth_1: /home/masudalab/DeepCAEonFPGA/HLx/HLx.runs/design_1_axi_dma_in_0_synth_1/runme.log
design_1_xbar_2_synth_1: /home/masudalab/DeepCAEonFPGA/HLx/HLx.runs/design_1_xbar_2_synth_1/runme.log
design_1_auto_pc_0_synth_1: /home/masudalab/DeepCAEonFPGA/HLx/HLx.runs/design_1_auto_pc_0_synth_1/runme.log
synth_1: /home/masudalab/DeepCAEonFPGA/HLx/HLx.runs/synth_1/runme.log
[Mon Dec 16 19:51:31 2019] Launched impl_1...
Run output will be captured here: /home/masudalab/DeepCAEonFPGA/HLx/HLx.runs/impl_1/runme.log
open_run impl_1
INFO: [Netlist 29-17] Analyzing 518 Unisim elements for replacement
INFO: [Netlist 29-28] Unisim Transformation completed in 0 CPU seconds
INFO: [Project 1-479] Netlist was created with Vivado 2018.3.1
INFO: [Device 21-403] Loading part xc7z020clg400-1
INFO: [Project 1-570] Preparing netlist for logic optimization
INFO: [Timing 38-478] Restoring timing data from binary archive.
INFO: [Timing 38-479] Binary timing data restore complete.
INFO: [Project 1-856] Restoring constraints from binary archive.
INFO: [Project 1-853] Binary constraint restore complete.
Reading XDEF placement.
Reading placer database...
Reading XDEF routing.
Read XDEF File: Time (s): cpu = 00:00:00.94 ; elapsed = 00:00:00.92 . Memory (MB): peak = 7786.977 ; gain = 18.676 ; free physical = 6358 ; free virtual = 13237
Restored from archive | CPU: 0.950000 secs | Memory: 17.967865 MB |
Finished XDEF File Restore: Time (s): cpu = 00:00:00.94 ; elapsed = 00:00:00.92 . Memory (MB): peak = 7786.977 ; gain = 18.676 ; free physical = 6358 ; free virtual = 13237
Netlist sorting complete. Time (s): cpu = 00:00:00 ; elapsed = 00:00:00.01 . Memory (MB): peak = 7786.977 ; gain = 0.000 ; free physical = 6361 ; free virtual = 13240
INFO: [Project 1-111] Unisim Transformation Summary:
  A total of 112 instances were transformed.
  RAM16X1D => RAM32X1D (RAMD32, RAMD32): 1 instances
  RAM32M => RAM32M (RAMD32, RAMD32, RAMD32, RAMD32, RAMD32, RAMD32, RAMS32, RAMS32): 111 instances

WARNING: [Designutils 20-3303] unexpected site type 'IOPAD' in HDPYFinalizeIO
WARNING: [Designutils 20-3303] unexpected site type 'IOPAD' in HDPYFinalizeIO
WARNING: [Designutils 20-3303] unexpected site type 'IOPAD' in HDPYFinalizeIO
WARNING: [Designutils 20-3303] unexpected site type 'IOPAD' in HDPYFinalizeIO
WARNING: [Designutils 20-3303] unexpected site type 'IOPAD' in HDPYFinalizeIO
WARNING: [Designutils 20-3303] unexpected site type 'IOPAD' in HDPYFinalizeIO
WARNING: [Designutils 20-3303] unexpected site type 'IOPAD' in HDPYFinalizeIO
WARNING: [Designutils 20-3303] unexpected site type 'IOPAD' in HDPYFinalizeIO
WARNING: [Designutils 20-3303] unexpected site type 'IOPAD' in HDPYFinalizeIO
WARNING: [Designutils 20-3303] unexpected site type 'IOPAD' in HDPYFinalizeIO
WARNING: [Designutils 20-3303] unexpected site type 'IOPAD' in HDPYFinalizeIO
WARNING: [Designutils 20-3303] unexpected site type 'IOPAD' in HDPYFinalizeIO
WARNING: [Designutils 20-3303] unexpected site type 'IOPAD' in HDPYFinalizeIO
WARNING: [Designutils 20-3303] unexpected site type 'IOPAD' in HDPYFinalizeIO
WARNING: [Designutils 20-3303] unexpected site type 'IOPAD' in HDPYFinalizeIO
WARNING: [Designutils 20-3303] unexpected site type 'IOPAD' in HDPYFinalizeIO
WARNING: [Designutils 20-3303] unexpected site type 'IOPAD' in HDPYFinalizeIO
WARNING: [Designutils 20-3303] unexpected site type 'IOPAD' in HDPYFinalizeIO
WARNING: [Designutils 20-3303] unexpected site type 'IOPAD' in HDPYFinalizeIO
WARNING: [Designutils 20-3303] unexpected site type 'IOPAD' in HDPYFinalizeIO
WARNING: [Designutils 20-3303] unexpected site type 'IOPAD' in HDPYFinalizeIO
WARNING: [Designutils 20-3303] unexpected site type 'IOPAD' in HDPYFinalizeIO
WARNING: [Designutils 20-3303] unexpected site type 'IOPAD' in HDPYFinalizeIO
WARNING: [Designutils 20-3303] unexpected site type 'IOPAD' in HDPYFinalizeIO
WARNING: [Designutils 20-3303] unexpected site type 'IOPAD' in HDPYFinalizeIO
WARNING: [Designutils 20-3303] unexpected site type 'IOPAD' in HDPYFinalizeIO
WARNING: [Designutils 20-3303] unexpected site type 'IOPAD' in HDPYFinalizeIO
WARNING: [Designutils 20-3303] unexpected site type 'IOPAD' in HDPYFinalizeIO
WARNING: [Designutils 20-3303] unexpected site type 'IOPAD' in HDPYFinalizeIO
WARNING: [Designutils 20-3303] unexpected site type 'IOPAD' in HDPYFinalizeIO
WARNING: [Designutils 20-3303] unexpected site type 'IOPAD' in HDPYFinalizeIO
WARNING: [Designutils 20-3303] unexpected site type 'IOPAD' in HDPYFinalizeIO
WARNING: [Designutils 20-3303] unexpected site type 'IOPAD' in HDPYFinalizeIO
WARNING: [Designutils 20-3303] unexpected site type 'IOPAD' in HDPYFinalizeIO
WARNING: [Designutils 20-3303] unexpected site type 'IOPAD' in HDPYFinalizeIO
WARNING: [Designutils 20-3303] unexpected site type 'IOPAD' in HDPYFinalizeIO
WARNING: [Designutils 20-3303] unexpected site type 'IOPAD' in HDPYFinalizeIO
WARNING: [Designutils 20-3303] unexpected site type 'IOPAD' in HDPYFinalizeIO
WARNING: [Designutils 20-3303] unexpected site type 'IOPAD' in HDPYFinalizeIO
WARNING: [Designutils 20-3303] unexpected site type 'IOPAD' in HDPYFinalizeIO
WARNING: [Designutils 20-3303] unexpected site type 'IOPAD' in HDPYFinalizeIO
WARNING: [Designutils 20-3303] unexpected site type 'IOPAD' in HDPYFinalizeIO
WARNING: [Designutils 20-3303] unexpected site type 'IOPAD' in HDPYFinalizeIO
WARNING: [Designutils 20-3303] unexpected site type 'IOPAD' in HDPYFinalizeIO
WARNING: [Designutils 20-3303] unexpected site type 'IOPAD' in HDPYFinalizeIO
WARNING: [Designutils 20-3303] unexpected site type 'IOPAD' in HDPYFinalizeIO
WARNING: [Designutils 20-3303] unexpected site type 'IOPAD' in HDPYFinalizeIO
WARNING: [Designutils 20-3303] unexpected site type 'IOPAD' in HDPYFinalizeIO
WARNING: [Designutils 20-3303] unexpected site type 'IOPAD' in HDPYFinalizeIO
WARNING: [Designutils 20-3303] unexpected site type 'IOPAD' in HDPYFinalizeIO
WARNING: [Designutils 20-3303] unexpected site type 'IOPAD' in HDPYFinalizeIO
WARNING: [Designutils 20-3303] unexpected site type 'IOPAD' in HDPYFinalizeIO
WARNING: [Designutils 20-3303] unexpected site type 'IOPAD' in HDPYFinalizeIO
WARNING: [Designutils 20-3303] unexpected site type 'IOPAD' in HDPYFinalizeIO
WARNING: [Designutils 20-3303] unexpected site type 'IOPAD' in HDPYFinalizeIO
WARNING: [Designutils 20-3303] unexpected site type 'IOPAD' in HDPYFinalizeIO
WARNING: [Designutils 20-3303] unexpected site type 'IOPAD' in HDPYFinalizeIO
WARNING: [Designutils 20-3303] unexpected site type 'IOPAD' in HDPYFinalizeIO
WARNING: [Designutils 20-3303] unexpected site type 'IOPAD' in HDPYFinalizeIO
WARNING: [Designutils 20-3303] unexpected site type 'IOPAD' in HDPYFinalizeIO
WARNING: [Designutils 20-3303] unexpected site type 'IOPAD' in HDPYFinalizeIO
WARNING: [Designutils 20-3303] unexpected site type 'IOPAD' in HDPYFinalizeIO
WARNING: [Designutils 20-3303] unexpected site type 'IOPAD' in HDPYFinalizeIO
WARNING: [Designutils 20-3303] unexpected site type 'IOPAD' in HDPYFinalizeIO
WARNING: [Designutils 20-3303] unexpected site type 'IOPAD' in HDPYFinalizeIO
WARNING: [Designutils 20-3303] unexpected site type 'IOPAD' in HDPYFinalizeIO
WARNING: [Designutils 20-3303] unexpected site type 'IOPAD' in HDPYFinalizeIO
WARNING: [Designutils 20-3303] unexpected site type 'IOPAD' in HDPYFinalizeIO
WARNING: [Designutils 20-3303] unexpected site type 'IOPAD' in HDPYFinalizeIO
WARNING: [Designutils 20-3303] unexpected site type 'IOPAD' in HDPYFinalizeIO
WARNING: [Designutils 20-3303] unexpected site type 'IOPAD' in HDPYFinalizeIO
WARNING: [Designutils 20-3303] unexpected site type 'IOPAD' in HDPYFinalizeIO
WARNING: [Designutils 20-3303] unexpected site type 'IOPAD' in HDPYFinalizeIO
WARNING: [Designutils 20-3303] unexpected site type 'IOPAD' in HDPYFinalizeIO
WARNING: [Designutils 20-3303] unexpected site type 'IOPAD' in HDPYFinalizeIO
WARNING: [Designutils 20-3303] unexpected site type 'IOPAD' in HDPYFinalizeIO
WARNING: [Designutils 20-3303] unexpected site type 'IOPAD' in HDPYFinalizeIO
WARNING: [Designutils 20-3303] unexpected site type 'IOPAD' in HDPYFinalizeIO
WARNING: [Designutils 20-3303] unexpected site type 'IOPAD' in HDPYFinalizeIO
WARNING: [Designutils 20-3303] unexpected site type 'IOPAD' in HDPYFinalizeIO
WARNING: [Designutils 20-3303] unexpected site type 'IOPAD' in HDPYFinalizeIO
WARNING: [Designutils 20-3303] unexpected site type 'IOPAD' in HDPYFinalizeIO
WARNING: [Designutils 20-3303] unexpected site type 'IOPAD' in HDPYFinalizeIO
WARNING: [Designutils 20-3303] unexpected site type 'IOPAD' in HDPYFinalizeIO
WARNING: [Designutils 20-3303] unexpected site type 'IOPAD' in HDPYFinalizeIO
WARNING: [Designutils 20-3303] unexpected site type 'IOPAD' in HDPYFinalizeIO
WARNING: [Designutils 20-3303] unexpected site type 'IOPAD' in HDPYFinalizeIO
WARNING: [Designutils 20-3303] unexpected site type 'IOPAD' in HDPYFinalizeIO
WARNING: [Designutils 20-3303] unexpected site type 'IOPAD' in HDPYFinalizeIO
WARNING: [Designutils 20-3303] unexpected site type 'IOPAD' in HDPYFinalizeIO
WARNING: [Designutils 20-3303] unexpected site type 'IOPAD' in HDPYFinalizeIO
WARNING: [Designutils 20-3303] unexpected site type 'IOPAD' in HDPYFinalizeIO
WARNING: [Designutils 20-3303] unexpected site type 'IOPAD' in HDPYFinalizeIO
WARNING: [Designutils 20-3303] unexpected site type 'IOPAD' in HDPYFinalizeIO
WARNING: [Designutils 20-3303] unexpected site type 'IOPAD' in HDPYFinalizeIO
WARNING: [Designutils 20-3303] unexpected site type 'IOPAD' in HDPYFinalizeIO
WARNING: [Designutils 20-3303] unexpected site type 'IOPAD' in HDPYFinalizeIO
WARNING: [Designutils 20-3303] unexpected site type 'IOPAD' in HDPYFinalizeIO
WARNING: [Designutils 20-3303] unexpected site type 'IOPAD' in HDPYFinalizeIO
WARNING: [Designutils 20-3303] unexpected site type 'IOPAD' in HDPYFinalizeIO
INFO: [Common 17-14] Message 'Designutils 20-3303' appears 100 times and further instances of the messages will be disabled. Use the Tcl command set_msg_config to change the current settings.
open_run: Time (s): cpu = 00:00:22 ; elapsed = 00:00:18 . Memory (MB): peak = 7968.434 ; gain = 717.922 ; free physical = 6258 ; free virtual = 13136
file copy -force /home/masudalab/DeepCAEonFPGA/HLx/HLx.runs/impl_1/design_1_wrapper.sysdef /home/masudalab/DeepCAEonFPGA/HLx/HLx.sdk/design_1_wrapper.hdf

exit
INFO: [Common 17-206] Exiting Vivado at Mon Dec 16 20:00:43 2019...
