

================================================================
== Vivado HLS Report for 'depthwise_conv2d_fix_1'
================================================================
* Date:           Fri Nov 29 20:35:01 2019

* Version:        2018.3.1 (Build 2489210 on Tue Mar 26 04:40:43 MDT 2019)
* Project:        HLS
* Solution:       network
* Product family: zynq
* Target device:  xc7z020clg400-1


================================================================
== Performance Estimates
================================================================
+ Timing (ns): 
    * Summary: 
    +--------+-------+----------+------------+
    |  Clock | Target| Estimated| Uncertainty|
    +--------+-------+----------+------------+
    |ap_clk  |  10.00|     8.585|        1.25|
    +--------+-------+----------+------------+

+ Latency (clock cycles): 
    * Summary: 
    +-------+-------+-------+-------+---------+
    |    Latency    |    Interval   | Pipeline|
    |  min  |  max  |  min  |  max  |   Type  |
    +-------+-------+-------+-------+---------+
    |  17769|  70801|  17769|  70801|   none  |
    +-------+-------+-------+-------+---------+

    + Detail: 
        * Instance: 
        N/A

        * Loop: 
        +-------------------------+-------+-------+-------------+-----------+-----------+--------+----------+
        |                         |    Latency    |  Iteration  |  Initiation Interval  |  Trip  |          |
        |        Loop Name        |  min  |  max  |   Latency   |  achieved |   target  |  Count | Pipelined|
        +-------------------------+-------+-------+-------------+-----------+-----------+--------+----------+
        |- Loop 1                 |  17768|  70800| 2221 ~ 8850 |          -|          -|       8|    no    |
        | + Loop 1.1              |   2219|   8848|  317 ~ 632  |          -|          -| 7 ~ 14 |    no    |
        |  ++ Loop 1.1.1          |    315|    630|           45|          -|          -| 7 ~ 14 |    no    |
        |   +++ Loop 1.1.1.1      |     42|     42|           14|          -|          -|       3|    no    |
        |    ++++ Loop 1.1.1.1.1  |     12|     12|            4|          -|          -|       3|    no    |
        +-------------------------+-------+-------+-------------+-----------+-----------+--------+----------+

============================================================
+ Verbose Summary: Synthesis Manager
============================================================
InlineROM: 1
ExposeGlobal: 0
============================================================
+ Verbose Summary: CDFG Model
============================================================
IsTopModel: 0
ResetActiveHigh: 1
IsCombinational: 0
IsDatapathOnly: 0
HasWiredReturn: 1
HasMFsm: 0
HasVarLatency: 1
IsPipeline: 0
IsRtlPipelined: 0
IsInstanceOverlapped: 0
IsDontTouch: 0
HasImplIP: 0
IsGatedGlobalClock: 0


============================================================
+ Verbose Summary: Schedule
============================================================
* Number of FSM states : 10
* Pipeline : 0
* Dataflow Pipeline: 0

* FSM state transitions: 
1 --> 
	2  / true
2 --> 
	3  / (!exitcond4)
3 --> 
	4  / (!exitcond3)
	2  / (exitcond3)
4 --> 
	5  / (!exitcond2)
	3  / (exitcond2)
5 --> 
	10  / (exitcond1)
	6  / (!exitcond1)
6 --> 
	7  / (!exitcond)
	5  / (exitcond)
7 --> 
	8  / true
8 --> 
	9  / true
9 --> 
	6  / true
10 --> 
	4  / true

* FSM state operations: 

State 1 <SV = 0> <Delay = 1.76>
ST_1 : Operation 11 [1/1] (0.00ns)   --->   "%output_width_read = call i5 @_ssdm_op_Read.ap_auto.i5(i5 %output_width)" [layers_c/depthwise_conv2d.cpp:5]   --->   Operation 11 'read' 'output_width_read' <Predicate = true> <Delay = 0.00>
ST_1 : Operation 12 [1/1] (0.00ns)   --->   "%output_height_read = call i5 @_ssdm_op_Read.ap_auto.i5(i5 %output_height)" [layers_c/depthwise_conv2d.cpp:5]   --->   Operation 12 'read' 'output_height_read' <Predicate = true> <Delay = 0.00>
ST_1 : Operation 13 [1/1] (0.00ns)   --->   "%input_width_read = call i6 @_ssdm_op_Read.ap_auto.i6(i6 %input_width)" [layers_c/depthwise_conv2d.cpp:5]   --->   Operation 13 'read' 'input_width_read' <Predicate = true> <Delay = 0.00>
ST_1 : Operation 14 [1/1] (0.00ns)   --->   "%input_height_read = call i6 @_ssdm_op_Read.ap_auto.i6(i6 %input_height)" [layers_c/depthwise_conv2d.cpp:5]   --->   Operation 14 'read' 'input_height_read' <Predicate = true> <Delay = 0.00>
ST_1 : Operation 15 [1/1] (0.00ns)   --->   "%tmp_cast = zext i5 %output_height_read to i7" [layers_c/depthwise_conv2d.cpp:20]   --->   Operation 15 'zext' 'tmp_cast' <Predicate = true> <Delay = 0.00>
ST_1 : Operation 16 [1/1] (0.00ns)   --->   "%tmp_100_cast = zext i5 %output_width_read to i11" [layers_c/depthwise_conv2d.cpp:5]   --->   Operation 16 'zext' 'tmp_100_cast' <Predicate = true> <Delay = 0.00>
ST_1 : Operation 17 [1/1] (0.00ns)   --->   "%tmp_101_cast = zext i6 %input_height_read to i7" [layers_c/depthwise_conv2d.cpp:23]   --->   Operation 17 'zext' 'tmp_101_cast' <Predicate = true> <Delay = 0.00>
ST_1 : Operation 18 [1/1] (0.00ns)   --->   "%tmp_102_cast = zext i6 %input_width_read to i11" [layers_c/depthwise_conv2d.cpp:5]   --->   Operation 18 'zext' 'tmp_102_cast' <Predicate = true> <Delay = 0.00>
ST_1 : Operation 19 [1/1] (1.76ns)   --->   "br label %.loopexit8" [layers_c/depthwise_conv2d.cpp:17]   --->   Operation 19 'br' <Predicate = true> <Delay = 1.76>

State 2 <SV = 1> <Delay = 1.87>
ST_2 : Operation 20 [1/1] (0.00ns)   --->   "%out_d = phi i4 [ 0, %0 ], [ %out_d_4, %.loopexit8.loopexit ]"   --->   Operation 20 'phi' 'out_d' <Predicate = true> <Delay = 0.00>
ST_2 : Operation 21 [1/1] (0.00ns)   --->   "%phi_mul = phi i7 [ 0, %0 ], [ %next_mul, %.loopexit8.loopexit ]" [layers_c/depthwise_conv2d.cpp:20]   --->   Operation 21 'phi' 'phi_mul' <Predicate = true> <Delay = 0.00>
ST_2 : Operation 22 [1/1] (0.00ns)   --->   "%phi_mul2 = phi i7 [ 0, %0 ], [ %next_mul3, %.loopexit8.loopexit ]" [layers_c/depthwise_conv2d.cpp:23]   --->   Operation 22 'phi' 'phi_mul2' <Predicate = true> <Delay = 0.00>
ST_2 : Operation 23 [1/1] (1.87ns)   --->   "%next_mul3 = add i7 %phi_mul2, %tmp_101_cast" [layers_c/depthwise_conv2d.cpp:23]   --->   Operation 23 'add' 'next_mul3' <Predicate = true> <Delay = 1.87> <Core = "AddSub">   --->   Core 14 'AddSub' <Latency = 0> <II = 1> <Delay = 2.07> <FuncUnit> <Opcode : 'add' 'sub'> <InPorts = 2> <OutPorts = 1>
ST_2 : Operation 24 [1/1] (1.87ns)   --->   "%next_mul = add i7 %phi_mul, %tmp_cast" [layers_c/depthwise_conv2d.cpp:20]   --->   Operation 24 'add' 'next_mul' <Predicate = true> <Delay = 1.87> <Core = "AddSub">   --->   Core 14 'AddSub' <Latency = 0> <II = 1> <Delay = 2.07> <FuncUnit> <Opcode : 'add' 'sub'> <InPorts = 2> <OutPorts = 1>
ST_2 : Operation 25 [1/1] (1.30ns)   --->   "%exitcond4 = icmp eq i4 %out_d, -8" [layers_c/depthwise_conv2d.cpp:17]   --->   Operation 25 'icmp' 'exitcond4' <Predicate = true> <Delay = 1.30> <Core = "Cmp">   --->   Core 25 'Cmp' <Latency = 0> <II = 1> <Delay = 0.95> <FuncUnit> <Opcode : 'icmp'> <InPorts = 2> <OutPorts = 1>
ST_2 : Operation 26 [1/1] (0.00ns)   --->   "%empty = call i32 (...)* @_ssdm_op_SpecLoopTripCount(i64 8, i64 8, i64 8)"   --->   Operation 26 'speclooptripcount' 'empty' <Predicate = true> <Delay = 0.00>
ST_2 : Operation 27 [1/1] (1.73ns)   --->   "%out_d_4 = add i4 %out_d, 1" [layers_c/depthwise_conv2d.cpp:17]   --->   Operation 27 'add' 'out_d_4' <Predicate = true> <Delay = 1.73> <Core = "AddSub">   --->   Core 14 'AddSub' <Latency = 0> <II = 1> <Delay = 2.07> <FuncUnit> <Opcode : 'add' 'sub'> <InPorts = 2> <OutPorts = 1>
ST_2 : Operation 28 [1/1] (0.00ns)   --->   "br i1 %exitcond4, label %4, label %.preheader6.preheader" [layers_c/depthwise_conv2d.cpp:17]   --->   Operation 28 'br' <Predicate = true> <Delay = 0.00>
ST_2 : Operation 29 [1/1] (0.00ns)   --->   "%tmp_31 = trunc i4 %out_d to i3" [layers_c/depthwise_conv2d.cpp:17]   --->   Operation 29 'trunc' 'tmp_31' <Predicate = (!exitcond4)> <Delay = 0.00>
ST_2 : Operation 30 [1/1] (0.00ns)   --->   "%p_shl = call i6 @_ssdm_op_BitConcatenate.i6.i3.i3(i3 %tmp_31, i3 0)" [layers_c/depthwise_conv2d.cpp:23]   --->   Operation 30 'bitconcatenate' 'p_shl' <Predicate = (!exitcond4)> <Delay = 0.00>
ST_2 : Operation 31 [1/1] (0.00ns)   --->   "%p_shl_cast = zext i6 %p_shl to i8" [layers_c/depthwise_conv2d.cpp:23]   --->   Operation 31 'zext' 'p_shl_cast' <Predicate = (!exitcond4)> <Delay = 0.00>
ST_2 : Operation 32 [1/1] (0.00ns)   --->   "%tmp_s = zext i4 %out_d to i64" [layers_c/depthwise_conv2d.cpp:28]   --->   Operation 32 'zext' 'tmp_s' <Predicate = (!exitcond4)> <Delay = 0.00>
ST_2 : Operation 33 [1/1] (0.00ns)   --->   "%bias_addr = getelementptr [8 x i16]* %bias, i64 0, i64 %tmp_s" [layers_c/depthwise_conv2d.cpp:28]   --->   Operation 33 'getelementptr' 'bias_addr' <Predicate = (!exitcond4)> <Delay = 0.00>
ST_2 : Operation 34 [1/1] (1.76ns)   --->   "br label %.preheader6" [layers_c/depthwise_conv2d.cpp:18]   --->   Operation 34 'br' <Predicate = (!exitcond4)> <Delay = 1.76>
ST_2 : Operation 35 [1/1] (0.00ns)   --->   "ret void"   --->   Operation 35 'ret' <Predicate = (exitcond4)> <Delay = 0.00>

State 3 <SV = 2> <Delay = 5.61>
ST_3 : Operation 36 [1/1] (0.00ns)   --->   "%out_h = phi i4 [ 0, %.preheader6.preheader ], [ %out_h_4, %.preheader6.loopexit ]"   --->   Operation 36 'phi' 'out_h' <Predicate = true> <Delay = 0.00>
ST_3 : Operation 37 [1/1] (0.00ns)   --->   "%out_h_cast = zext i4 %out_h to i5" [layers_c/depthwise_conv2d.cpp:18]   --->   Operation 37 'zext' 'out_h_cast' <Predicate = true> <Delay = 0.00>
ST_3 : Operation 38 [1/1] (1.36ns)   --->   "%exitcond3 = icmp eq i5 %out_h_cast, %output_height_read" [layers_c/depthwise_conv2d.cpp:18]   --->   Operation 38 'icmp' 'exitcond3' <Predicate = true> <Delay = 1.36> <Core = "Cmp">   --->   Core 25 'Cmp' <Latency = 0> <II = 1> <Delay = 0.95> <FuncUnit> <Opcode : 'icmp'> <InPorts = 2> <OutPorts = 1>
ST_3 : Operation 39 [1/1] (0.00ns)   --->   "%empty_45 = call i32 (...)* @_ssdm_op_SpecLoopTripCount(i64 7, i64 14, i64 0)"   --->   Operation 39 'speclooptripcount' 'empty_45' <Predicate = true> <Delay = 0.00>
ST_3 : Operation 40 [1/1] (1.73ns)   --->   "%out_h_4 = add i4 %out_h, 1" [layers_c/depthwise_conv2d.cpp:18]   --->   Operation 40 'add' 'out_h_4' <Predicate = true> <Delay = 1.73> <Core = "AddSub">   --->   Core 14 'AddSub' <Latency = 0> <II = 1> <Delay = 2.07> <FuncUnit> <Opcode : 'add' 'sub'> <InPorts = 2> <OutPorts = 1>
ST_3 : Operation 41 [1/1] (0.00ns)   --->   "br i1 %exitcond3, label %.loopexit8.loopexit, label %.preheader5.preheader" [layers_c/depthwise_conv2d.cpp:18]   --->   Operation 41 'br' <Predicate = true> <Delay = 0.00>
ST_3 : Operation 42 [1/1] (0.00ns)   --->   "%tmp_108_cast = zext i4 %out_h to i7" [layers_c/depthwise_conv2d.cpp:18]   --->   Operation 42 'zext' 'tmp_108_cast' <Predicate = (!exitcond3)> <Delay = 0.00>
ST_3 : Operation 43 [1/1] (1.87ns)   --->   "%tmp = add i7 %phi_mul, %tmp_108_cast" [layers_c/depthwise_conv2d.cpp:20]   --->   Operation 43 'add' 'tmp' <Predicate = (!exitcond3)> <Delay = 1.87> <Core = "AddSub">   --->   Core 14 'AddSub' <Latency = 0> <II = 1> <Delay = 2.07> <FuncUnit> <Opcode : 'add' 'sub'> <InPorts = 2> <OutPorts = 1>
ST_3 : Operation 44 [1/1] (0.00ns)   --->   "%tmp_cast_46 = zext i7 %tmp to i11" [layers_c/depthwise_conv2d.cpp:20]   --->   Operation 44 'zext' 'tmp_cast_46' <Predicate = (!exitcond3)> <Delay = 0.00>
ST_3 : Operation 45 [1/1] (3.74ns)   --->   "%tmp1 = mul i11 %tmp_cast_46, %tmp_100_cast" [layers_c/depthwise_conv2d.cpp:20]   --->   Operation 45 'mul' 'tmp1' <Predicate = (!exitcond3)> <Delay = 3.74> <Core = "Mul">   --->   Core 16 'Mul' <Latency = 0> <II = 1> <Delay = 3.74> <FuncUnit> <Opcode : 'mul'> <InPorts = 2> <OutPorts = 1>
ST_3 : Operation 46 [1/1] (1.76ns)   --->   "br label %.preheader5" [layers_c/depthwise_conv2d.cpp:19]   --->   Operation 46 'br' <Predicate = (!exitcond3)> <Delay = 1.76>
ST_3 : Operation 47 [1/1] (0.00ns)   --->   "br label %.loopexit8"   --->   Operation 47 'br' <Predicate = (exitcond3)> <Delay = 0.00>

State 4 <SV = 3> <Delay = 4.89>
ST_4 : Operation 48 [1/1] (0.00ns)   --->   "%out_w = phi i4 [ %out_w_4, %3 ], [ 0, %.preheader5.preheader ]"   --->   Operation 48 'phi' 'out_w' <Predicate = true> <Delay = 0.00>
ST_4 : Operation 49 [1/1] (0.00ns)   --->   "%out_w_cast = zext i4 %out_w to i5" [layers_c/depthwise_conv2d.cpp:19]   --->   Operation 49 'zext' 'out_w_cast' <Predicate = true> <Delay = 0.00>
ST_4 : Operation 50 [1/1] (1.36ns)   --->   "%exitcond2 = icmp eq i5 %out_w_cast, %output_width_read" [layers_c/depthwise_conv2d.cpp:19]   --->   Operation 50 'icmp' 'exitcond2' <Predicate = true> <Delay = 1.36> <Core = "Cmp">   --->   Core 25 'Cmp' <Latency = 0> <II = 1> <Delay = 0.95> <FuncUnit> <Opcode : 'icmp'> <InPorts = 2> <OutPorts = 1>
ST_4 : Operation 51 [1/1] (0.00ns)   --->   "%empty_47 = call i32 (...)* @_ssdm_op_SpecLoopTripCount(i64 7, i64 14, i64 0)"   --->   Operation 51 'speclooptripcount' 'empty_47' <Predicate = true> <Delay = 0.00>
ST_4 : Operation 52 [1/1] (1.73ns)   --->   "%out_w_4 = add i4 %out_w, 1" [layers_c/depthwise_conv2d.cpp:19]   --->   Operation 52 'add' 'out_w_4' <Predicate = true> <Delay = 1.73> <Core = "AddSub">   --->   Core 14 'AddSub' <Latency = 0> <II = 1> <Delay = 2.07> <FuncUnit> <Opcode : 'add' 'sub'> <InPorts = 2> <OutPorts = 1>
ST_4 : Operation 53 [1/1] (0.00ns)   --->   "br i1 %exitcond2, label %.preheader6.loopexit, label %1" [layers_c/depthwise_conv2d.cpp:19]   --->   Operation 53 'br' <Predicate = true> <Delay = 0.00>
ST_4 : Operation 54 [1/1] (0.00ns)   --->   "%tmp_109_cast = zext i4 %out_w to i11" [layers_c/depthwise_conv2d.cpp:20]   --->   Operation 54 'zext' 'tmp_109_cast' <Predicate = (!exitcond2)> <Delay = 0.00>
ST_4 : Operation 55 [1/1] (1.63ns)   --->   "%tmp_70 = add i11 %tmp1, %tmp_109_cast" [layers_c/depthwise_conv2d.cpp:20]   --->   Operation 55 'add' 'tmp_70' <Predicate = (!exitcond2)> <Delay = 1.63> <Core = "AddSub">   --->   Core 14 'AddSub' <Latency = 0> <II = 1> <Delay = 2.07> <FuncUnit> <Opcode : 'add' 'sub'> <InPorts = 2> <OutPorts = 1>
ST_4 : Operation 56 [1/1] (0.00ns)   --->   "%tmp_71 = zext i11 %tmp_70 to i64" [layers_c/depthwise_conv2d.cpp:20]   --->   Operation 56 'zext' 'tmp_71' <Predicate = (!exitcond2)> <Delay = 0.00>
ST_4 : Operation 57 [1/1] (0.00ns)   --->   "%output_addr = getelementptr [14400 x i16]* %output_r, i64 0, i64 %tmp_71" [layers_c/depthwise_conv2d.cpp:20]   --->   Operation 57 'getelementptr' 'output_addr' <Predicate = (!exitcond2)> <Delay = 0.00>
ST_4 : Operation 58 [1/1] (3.25ns)   --->   "store i16 0, i16* %output_addr, align 2" [layers_c/depthwise_conv2d.cpp:20]   --->   Operation 58 'store' <Predicate = (!exitcond2)> <Delay = 3.25> <Core = "RAM">   --->   Core 37 'RAM' <Latency = 1> <II = 1> <Delay = 3.25> <Storage> <Opcode : 'load' 'store'> <Ports = 2> <Width = 16> <Depth = 14400> <RAM>
ST_4 : Operation 59 [1/1] (1.76ns)   --->   "br label %.loopexit" [layers_c/depthwise_conv2d.cpp:21]   --->   Operation 59 'br' <Predicate = (!exitcond2)> <Delay = 1.76>
ST_4 : Operation 60 [1/1] (0.00ns)   --->   "br label %.preheader6"   --->   Operation 60 'br' <Predicate = (exitcond2)> <Delay = 0.00>

State 5 <SV = 4> <Delay = 7.34>
ST_5 : Operation 61 [1/1] (0.00ns)   --->   "%k_h = phi i2 [ 0, %1 ], [ %k_h_1, %.loopexit.loopexit ]"   --->   Operation 61 'phi' 'k_h' <Predicate = true> <Delay = 0.00>
ST_5 : Operation 62 [1/1] (0.95ns)   --->   "%exitcond1 = icmp eq i2 %k_h, -1" [layers_c/depthwise_conv2d.cpp:21]   --->   Operation 62 'icmp' 'exitcond1' <Predicate = true> <Delay = 0.95> <Core = "Cmp">   --->   Core 25 'Cmp' <Latency = 0> <II = 1> <Delay = 0.95> <FuncUnit> <Opcode : 'icmp'> <InPorts = 2> <OutPorts = 1>
ST_5 : Operation 63 [1/1] (0.00ns)   --->   "%empty_48 = call i32 (...)* @_ssdm_op_SpecLoopTripCount(i64 3, i64 3, i64 3)"   --->   Operation 63 'speclooptripcount' 'empty_48' <Predicate = true> <Delay = 0.00>
ST_5 : Operation 64 [1/1] (1.56ns)   --->   "%k_h_1 = add i2 %k_h, 1" [layers_c/depthwise_conv2d.cpp:21]   --->   Operation 64 'add' 'k_h_1' <Predicate = true> <Delay = 1.56> <Core = "AddSub">   --->   Core 14 'AddSub' <Latency = 0> <II = 1> <Delay = 2.07> <FuncUnit> <Opcode : 'add' 'sub'> <InPorts = 2> <OutPorts = 1>
ST_5 : Operation 65 [1/1] (0.00ns)   --->   "br i1 %exitcond1, label %3, label %.preheader.preheader" [layers_c/depthwise_conv2d.cpp:21]   --->   Operation 65 'br' <Predicate = true> <Delay = 0.00>
ST_5 : Operation 66 [1/1] (0.00ns)   --->   "%tmp_113_cast9 = zext i2 %k_h to i5" [layers_c/depthwise_conv2d.cpp:23]   --->   Operation 66 'zext' 'tmp_113_cast9' <Predicate = (!exitcond1)> <Delay = 0.00>
ST_5 : Operation 67 [1/1] (0.00ns)   --->   "%tmp_113_cast = zext i2 %k_h to i4" [layers_c/depthwise_conv2d.cpp:23]   --->   Operation 67 'zext' 'tmp_113_cast' <Predicate = (!exitcond1)> <Delay = 0.00>
ST_5 : Operation 68 [1/1] (0.00ns)   --->   "%p_shl5 = call i4 @_ssdm_op_BitConcatenate.i4.i2.i2(i2 %k_h, i2 0)" [layers_c/depthwise_conv2d.cpp:23]   --->   Operation 68 'bitconcatenate' 'p_shl5' <Predicate = (!exitcond1)> <Delay = 0.00>
ST_5 : Operation 69 [1/1] (0.00ns)   --->   "%p_shl5_cast = zext i4 %p_shl5 to i5" [layers_c/depthwise_conv2d.cpp:23]   --->   Operation 69 'zext' 'p_shl5_cast' <Predicate = (!exitcond1)> <Delay = 0.00>
ST_5 : Operation 70 [1/1] (1.73ns)   --->   "%tmp_73 = sub i5 %p_shl5_cast, %tmp_113_cast9" [layers_c/depthwise_conv2d.cpp:23]   --->   Operation 70 'sub' 'tmp_73' <Predicate = (!exitcond1)> <Delay = 1.73> <Core = "AddSub">   --->   Core 14 'AddSub' <Latency = 0> <II = 1> <Delay = 2.07> <FuncUnit> <Opcode : 'add' 'sub'> <InPorts = 2> <OutPorts = 1>
ST_5 : Operation 71 [1/1] (0.00ns)   --->   "%tmp_114_cast = sext i5 %tmp_73 to i8" [layers_c/depthwise_conv2d.cpp:23]   --->   Operation 71 'sext' 'tmp_114_cast' <Predicate = (!exitcond1)> <Delay = 0.00>
ST_5 : Operation 72 [1/1] (1.73ns)   --->   "%tmp4 = add i4 %tmp_113_cast, %out_h" [layers_c/depthwise_conv2d.cpp:23]   --->   Operation 72 'add' 'tmp4' <Predicate = (!exitcond1)> <Delay = 1.73> <Core = "AddSub">   --->   Core 14 'AddSub' <Latency = 0> <II = 1> <Delay = 2.07> <FuncUnit> <Opcode : 'add' 'sub'> <InPorts = 2> <OutPorts = 1>
ST_5 : Operation 73 [1/1] (0.00ns)   --->   "%tmp4_cast = zext i4 %tmp4 to i7" [layers_c/depthwise_conv2d.cpp:23]   --->   Operation 73 'zext' 'tmp4_cast' <Predicate = (!exitcond1)> <Delay = 0.00>
ST_5 : Operation 74 [1/1] (1.87ns)   --->   "%tmp2 = add i7 %phi_mul2, %tmp4_cast" [layers_c/depthwise_conv2d.cpp:23]   --->   Operation 74 'add' 'tmp2' <Predicate = (!exitcond1)> <Delay = 1.87> <Core = "AddSub">   --->   Core 14 'AddSub' <Latency = 0> <II = 1> <Delay = 2.07> <FuncUnit> <Opcode : 'add' 'sub'> <InPorts = 2> <OutPorts = 1>
ST_5 : Operation 75 [1/1] (0.00ns)   --->   "%tmp2_cast = zext i7 %tmp2 to i11" [layers_c/depthwise_conv2d.cpp:23]   --->   Operation 75 'zext' 'tmp2_cast' <Predicate = (!exitcond1)> <Delay = 0.00>
ST_5 : Operation 76 [1/1] (3.74ns)   --->   "%tmp3 = mul i11 %tmp_102_cast, %tmp2_cast" [layers_c/depthwise_conv2d.cpp:5]   --->   Operation 76 'mul' 'tmp3' <Predicate = (!exitcond1)> <Delay = 3.74> <Core = "Mul">   --->   Core 16 'Mul' <Latency = 0> <II = 1> <Delay = 3.74> <FuncUnit> <Opcode : 'mul'> <InPorts = 2> <OutPorts = 1>
ST_5 : Operation 77 [1/1] (1.82ns)   --->   "%tmp6 = add i8 %tmp_114_cast, %p_shl_cast" [layers_c/depthwise_conv2d.cpp:23]   --->   Operation 77 'add' 'tmp6' <Predicate = (!exitcond1)> <Delay = 1.82> <Core = "AddSub">   --->   Core 14 'AddSub' <Latency = 0> <II = 1> <Delay = 2.07> <FuncUnit> <Opcode : 'add' 'sub'> <InPorts = 2> <OutPorts = 1>
ST_5 : Operation 78 [1/1] (1.76ns)   --->   "br label %.preheader" [layers_c/depthwise_conv2d.cpp:22]   --->   Operation 78 'br' <Predicate = (!exitcond1)> <Delay = 1.76>
ST_5 : Operation 79 [2/2] (2.32ns)   --->   "%bias_load = load i16* %bias_addr, align 2" [layers_c/depthwise_conv2d.cpp:28]   --->   Operation 79 'load' 'bias_load' <Predicate = (exitcond1)> <Delay = 2.32> <Core = "RAM">   --->   Core 37 'RAM' <Latency = 1> <II = 1> <Delay = 3.25> <Storage> <Opcode : 'load' 'store'> <Ports = 2> <Width = 16> <Depth = 14400> <RAM>
ST_5 : Operation 80 [2/2] (3.25ns)   --->   "%output_load = load i16* %output_addr, align 2" [layers_c/depthwise_conv2d.cpp:28]   --->   Operation 80 'load' 'output_load' <Predicate = (exitcond1)> <Delay = 3.25> <Core = "RAM">   --->   Core 37 'RAM' <Latency = 1> <II = 1> <Delay = 3.25> <Storage> <Opcode : 'load' 'store'> <Ports = 2> <Width = 16> <Depth = 14400> <RAM>

State 6 <SV = 5> <Delay = 6.90>
ST_6 : Operation 81 [1/1] (0.00ns)   --->   "%k_w = phi i2 [ %k_w_1, %2 ], [ 0, %.preheader.preheader ]"   --->   Operation 81 'phi' 'k_w' <Predicate = true> <Delay = 0.00>
ST_6 : Operation 82 [1/1] (0.95ns)   --->   "%exitcond = icmp eq i2 %k_w, -1" [layers_c/depthwise_conv2d.cpp:22]   --->   Operation 82 'icmp' 'exitcond' <Predicate = true> <Delay = 0.95> <Core = "Cmp">   --->   Core 25 'Cmp' <Latency = 0> <II = 1> <Delay = 0.95> <FuncUnit> <Opcode : 'icmp'> <InPorts = 2> <OutPorts = 1>
ST_6 : Operation 83 [1/1] (0.00ns)   --->   "%empty_49 = call i32 (...)* @_ssdm_op_SpecLoopTripCount(i64 3, i64 3, i64 3)"   --->   Operation 83 'speclooptripcount' 'empty_49' <Predicate = true> <Delay = 0.00>
ST_6 : Operation 84 [1/1] (1.56ns)   --->   "%k_w_1 = add i2 %k_w, 1" [layers_c/depthwise_conv2d.cpp:22]   --->   Operation 84 'add' 'k_w_1' <Predicate = true> <Delay = 1.56> <Core = "AddSub">   --->   Core 14 'AddSub' <Latency = 0> <II = 1> <Delay = 2.07> <FuncUnit> <Opcode : 'add' 'sub'> <InPorts = 2> <OutPorts = 1>
ST_6 : Operation 85 [1/1] (0.00ns)   --->   "br i1 %exitcond, label %.loopexit.loopexit, label %2" [layers_c/depthwise_conv2d.cpp:22]   --->   Operation 85 'br' <Predicate = true> <Delay = 0.00>
ST_6 : Operation 86 [1/1] (0.00ns)   --->   "%tmp_115_cast = zext i2 %k_w to i4" [layers_c/depthwise_conv2d.cpp:23]   --->   Operation 86 'zext' 'tmp_115_cast' <Predicate = (!exitcond)> <Delay = 0.00>
ST_6 : Operation 87 [1/1] (1.73ns)   --->   "%tmp5 = add i4 %tmp_115_cast, %out_w" [layers_c/depthwise_conv2d.cpp:23]   --->   Operation 87 'add' 'tmp5' <Predicate = (!exitcond)> <Delay = 1.73> <Core = "AddSub">   --->   Core 14 'AddSub' <Latency = 0> <II = 1> <Delay = 2.07> <FuncUnit> <Opcode : 'add' 'sub'> <InPorts = 2> <OutPorts = 1>
ST_6 : Operation 88 [1/1] (0.00ns)   --->   "%tmp5_cast = zext i4 %tmp5 to i11" [layers_c/depthwise_conv2d.cpp:23]   --->   Operation 88 'zext' 'tmp5_cast' <Predicate = (!exitcond)> <Delay = 0.00>
ST_6 : Operation 89 [1/1] (1.63ns)   --->   "%tmp_74 = add i11 %tmp5_cast, %tmp3" [layers_c/depthwise_conv2d.cpp:23]   --->   Operation 89 'add' 'tmp_74' <Predicate = (!exitcond)> <Delay = 1.63> <Core = "AddSub">   --->   Core 14 'AddSub' <Latency = 0> <II = 1> <Delay = 2.07> <FuncUnit> <Opcode : 'add' 'sub'> <InPorts = 2> <OutPorts = 1>
ST_6 : Operation 90 [1/1] (0.00ns)   --->   "%tmp_75 = zext i11 %tmp_74 to i64" [layers_c/depthwise_conv2d.cpp:23]   --->   Operation 90 'zext' 'tmp_75' <Predicate = (!exitcond)> <Delay = 0.00>
ST_6 : Operation 91 [1/1] (0.00ns)   --->   "%input_addr = getelementptr [14400 x i16]* %input_r, i64 0, i64 %tmp_75" [layers_c/depthwise_conv2d.cpp:23]   --->   Operation 91 'getelementptr' 'input_addr' <Predicate = (!exitcond)> <Delay = 0.00>
ST_6 : Operation 92 [2/2] (3.25ns)   --->   "%input_load = load i16* %input_addr, align 2" [layers_c/depthwise_conv2d.cpp:23]   --->   Operation 92 'load' 'input_load' <Predicate = (!exitcond)> <Delay = 3.25> <Core = "RAM">   --->   Core 37 'RAM' <Latency = 1> <II = 1> <Delay = 3.25> <Storage> <Opcode : 'load' 'store'> <Ports = 2> <Width = 16> <Depth = 14400> <RAM>
ST_6 : Operation 93 [1/1] (1.73ns)   --->   "%tmp7 = add i4 %out_d, %tmp_115_cast" [layers_c/depthwise_conv2d.cpp:23]   --->   Operation 93 'add' 'tmp7' <Predicate = (!exitcond)> <Delay = 1.73> <Core = "AddSub">   --->   Core 14 'AddSub' <Latency = 0> <II = 1> <Delay = 2.07> <FuncUnit> <Opcode : 'add' 'sub'> <InPorts = 2> <OutPorts = 1>
ST_6 : Operation 94 [1/1] (0.00ns)   --->   "%tmp7_cast = zext i4 %tmp7 to i8" [layers_c/depthwise_conv2d.cpp:23]   --->   Operation 94 'zext' 'tmp7_cast' <Predicate = (!exitcond)> <Delay = 0.00>
ST_6 : Operation 95 [1/1] (1.91ns)   --->   "%tmp_76 = add i8 %tmp7_cast, %tmp6" [layers_c/depthwise_conv2d.cpp:23]   --->   Operation 95 'add' 'tmp_76' <Predicate = (!exitcond)> <Delay = 1.91> <Core = "AddSub">   --->   Core 14 'AddSub' <Latency = 0> <II = 1> <Delay = 2.07> <FuncUnit> <Opcode : 'add' 'sub'> <InPorts = 2> <OutPorts = 1>
ST_6 : Operation 96 [1/1] (0.00ns)   --->   "%tmp_122_cast = sext i8 %tmp_76 to i32" [layers_c/depthwise_conv2d.cpp:23]   --->   Operation 96 'sext' 'tmp_122_cast' <Predicate = (!exitcond)> <Delay = 0.00>
ST_6 : Operation 97 [1/1] (0.00ns)   --->   "%tmp_77 = zext i32 %tmp_122_cast to i64" [layers_c/depthwise_conv2d.cpp:23]   --->   Operation 97 'zext' 'tmp_77' <Predicate = (!exitcond)> <Delay = 0.00>
ST_6 : Operation 98 [1/1] (0.00ns)   --->   "%kernel_0_addr = getelementptr [72 x i16]* %kernel_0, i64 0, i64 %tmp_77" [layers_c/depthwise_conv2d.cpp:23]   --->   Operation 98 'getelementptr' 'kernel_0_addr' <Predicate = (!exitcond)> <Delay = 0.00>
ST_6 : Operation 99 [2/2] (3.25ns)   --->   "%kernel_0_load = load i16* %kernel_0_addr, align 2" [layers_c/depthwise_conv2d.cpp:23]   --->   Operation 99 'load' 'kernel_0_load' <Predicate = (!exitcond)> <Delay = 3.25> <Core = "RAM">   --->   Core 37 'RAM' <Latency = 1> <II = 1> <Delay = 3.25> <Storage> <Opcode : 'load' 'store'> <Ports = 2> <Width = 16> <Depth = 14400> <RAM>
ST_6 : Operation 100 [1/1] (0.00ns)   --->   "br label %.loopexit"   --->   Operation 100 'br' <Predicate = (exitcond)> <Delay = 0.00>

State 7 <SV = 6> <Delay = 3.25>
ST_7 : Operation 101 [1/2] (3.25ns)   --->   "%input_load = load i16* %input_addr, align 2" [layers_c/depthwise_conv2d.cpp:23]   --->   Operation 101 'load' 'input_load' <Predicate = true> <Delay = 3.25> <Core = "RAM">   --->   Core 37 'RAM' <Latency = 1> <II = 1> <Delay = 3.25> <Storage> <Opcode : 'load' 'store'> <Ports = 2> <Width = 16> <Depth = 14400> <RAM>
ST_7 : Operation 102 [1/2] (3.25ns)   --->   "%kernel_0_load = load i16* %kernel_0_addr, align 2" [layers_c/depthwise_conv2d.cpp:23]   --->   Operation 102 'load' 'kernel_0_load' <Predicate = true> <Delay = 3.25> <Core = "RAM">   --->   Core 37 'RAM' <Latency = 1> <II = 1> <Delay = 3.25> <Storage> <Opcode : 'load' 'store'> <Ports = 2> <Width = 16> <Depth = 14400> <RAM>

State 8 <SV = 7> <Delay = 6.38>
ST_8 : Operation 103 [1/1] (0.00ns)   --->   "%tmp_120_cast = sext i16 %input_load to i30" [layers_c/depthwise_conv2d.cpp:23]   --->   Operation 103 'sext' 'tmp_120_cast' <Predicate = true> <Delay = 0.00>
ST_8 : Operation 104 [1/1] (0.00ns)   --->   "%tmp_124_cast = sext i16 %kernel_0_load to i30" [layers_c/depthwise_conv2d.cpp:23]   --->   Operation 104 'sext' 'tmp_124_cast' <Predicate = true> <Delay = 0.00>
ST_8 : Operation 105 [1/1] (6.38ns) (root node of the DSP)   --->   "%tmp_78 = mul i30 %tmp_124_cast, %tmp_120_cast" [layers_c/depthwise_conv2d.cpp:23]   --->   Operation 105 'mul' 'tmp_78' <Predicate = true> <Delay = 6.38> <Core = "DSP48">   --->   Core 65 'DSP48' <Latency = 0> <II = 1> <Delay = 6.38> <IPBlock> <Opcode : 'mul' 'add' 'sub' 'select'> <InPorts = 0> <OutPorts = 1> <Sync> <CReg>
ST_8 : Operation 106 [1/1] (0.00ns)   --->   "%tmp_79 = call i16 @_ssdm_op_PartSelect.i16.i30.i32.i32(i30 %tmp_78, i32 14, i32 29)" [layers_c/depthwise_conv2d.cpp:23]   --->   Operation 106 'partselect' 'tmp_79' <Predicate = true> <Delay = 0.00>
ST_8 : Operation 107 [2/2] (3.25ns)   --->   "%output_load_2 = load i16* %output_addr, align 2" [layers_c/depthwise_conv2d.cpp:23]   --->   Operation 107 'load' 'output_load_2' <Predicate = true> <Delay = 3.25> <Core = "RAM">   --->   Core 37 'RAM' <Latency = 1> <II = 1> <Delay = 3.25> <Storage> <Opcode : 'load' 'store'> <Ports = 2> <Width = 16> <Depth = 14400> <RAM>

State 9 <SV = 8> <Delay = 8.58>
ST_9 : Operation 108 [1/2] (3.25ns)   --->   "%output_load_2 = load i16* %output_addr, align 2" [layers_c/depthwise_conv2d.cpp:23]   --->   Operation 108 'load' 'output_load_2' <Predicate = true> <Delay = 3.25> <Core = "RAM">   --->   Core 37 'RAM' <Latency = 1> <II = 1> <Delay = 3.25> <Storage> <Opcode : 'load' 'store'> <Ports = 2> <Width = 16> <Depth = 14400> <RAM>
ST_9 : Operation 109 [1/1] (2.07ns)   --->   "%tmp_80 = add i16 %output_load_2, %tmp_79" [layers_c/depthwise_conv2d.cpp:23]   --->   Operation 109 'add' 'tmp_80' <Predicate = true> <Delay = 2.07> <Core = "AddSub">   --->   Core 14 'AddSub' <Latency = 0> <II = 1> <Delay = 2.07> <FuncUnit> <Opcode : 'add' 'sub'> <InPorts = 2> <OutPorts = 1>
ST_9 : Operation 110 [1/1] (3.25ns)   --->   "store i16 %tmp_80, i16* %output_addr, align 2" [layers_c/depthwise_conv2d.cpp:23]   --->   Operation 110 'store' <Predicate = true> <Delay = 3.25> <Core = "RAM">   --->   Core 37 'RAM' <Latency = 1> <II = 1> <Delay = 3.25> <Storage> <Opcode : 'load' 'store'> <Ports = 2> <Width = 16> <Depth = 14400> <RAM>
ST_9 : Operation 111 [1/1] (0.00ns)   --->   "br label %.preheader" [layers_c/depthwise_conv2d.cpp:22]   --->   Operation 111 'br' <Predicate = true> <Delay = 0.00>

State 10 <SV = 5> <Delay = 8.58>
ST_10 : Operation 112 [1/2] (2.32ns)   --->   "%bias_load = load i16* %bias_addr, align 2" [layers_c/depthwise_conv2d.cpp:28]   --->   Operation 112 'load' 'bias_load' <Predicate = true> <Delay = 2.32> <Core = "RAM">   --->   Core 37 'RAM' <Latency = 1> <II = 1> <Delay = 3.25> <Storage> <Opcode : 'load' 'store'> <Ports = 2> <Width = 16> <Depth = 14400> <RAM>
ST_10 : Operation 113 [1/2] (3.25ns)   --->   "%output_load = load i16* %output_addr, align 2" [layers_c/depthwise_conv2d.cpp:28]   --->   Operation 113 'load' 'output_load' <Predicate = true> <Delay = 3.25> <Core = "RAM">   --->   Core 37 'RAM' <Latency = 1> <II = 1> <Delay = 3.25> <Storage> <Opcode : 'load' 'store'> <Ports = 2> <Width = 16> <Depth = 14400> <RAM>
ST_10 : Operation 114 [1/1] (2.07ns)   --->   "%tmp_72 = add i16 %output_load, %bias_load" [layers_c/depthwise_conv2d.cpp:28]   --->   Operation 114 'add' 'tmp_72' <Predicate = true> <Delay = 2.07> <Core = "AddSub">   --->   Core 14 'AddSub' <Latency = 0> <II = 1> <Delay = 2.07> <FuncUnit> <Opcode : 'add' 'sub'> <InPorts = 2> <OutPorts = 1>
ST_10 : Operation 115 [1/1] (3.25ns)   --->   "store i16 %tmp_72, i16* %output_addr, align 2" [layers_c/depthwise_conv2d.cpp:28]   --->   Operation 115 'store' <Predicate = true> <Delay = 3.25> <Core = "RAM">   --->   Core 37 'RAM' <Latency = 1> <II = 1> <Delay = 3.25> <Storage> <Opcode : 'load' 'store'> <Ports = 2> <Width = 16> <Depth = 14400> <RAM>
ST_10 : Operation 116 [1/1] (0.00ns)   --->   "br label %.preheader5" [layers_c/depthwise_conv2d.cpp:19]   --->   Operation 116 'br' <Predicate = true> <Delay = 0.00>


============================================================
+ Verbose Summary: Timing violations
============================================================
Target clock period: 10ns, clock uncertainty: 1.25ns.

 <State 1>: 1.77ns
The critical path consists of the following:
	multiplexor before 'phi' operation ('out_d') with incoming values : ('out_d', layers_c/depthwise_conv2d.cpp:17) [19]  (1.77 ns)

 <State 2>: 1.87ns
The critical path consists of the following:
	'phi' operation ('phi_mul', layers_c/depthwise_conv2d.cpp:20) with incoming values : ('next_mul', layers_c/depthwise_conv2d.cpp:20) [20]  (0 ns)
	'add' operation ('next_mul', layers_c/depthwise_conv2d.cpp:20) [23]  (1.87 ns)

 <State 3>: 5.61ns
The critical path consists of the following:
	'phi' operation ('out_h') with incoming values : ('out_h', layers_c/depthwise_conv2d.cpp:18) [36]  (0 ns)
	'add' operation ('tmp', layers_c/depthwise_conv2d.cpp:20) [44]  (1.87 ns)
	'mul' operation ('tmp1', layers_c/depthwise_conv2d.cpp:20) [46]  (3.74 ns)

 <State 4>: 4.89ns
The critical path consists of the following:
	'phi' operation ('out_w') with incoming values : ('out_w', layers_c/depthwise_conv2d.cpp:19) [49]  (0 ns)
	'add' operation ('tmp_70', layers_c/depthwise_conv2d.cpp:20) [57]  (1.64 ns)
	'getelementptr' operation ('output_addr', layers_c/depthwise_conv2d.cpp:20) [59]  (0 ns)
	'store' operation (layers_c/depthwise_conv2d.cpp:20) of constant 0 on array 'output_r' [60]  (3.25 ns)

 <State 5>: 7.35ns
The critical path consists of the following:
	'phi' operation ('k_h') with incoming values : ('k_h', layers_c/depthwise_conv2d.cpp:21) [63]  (0 ns)
	'add' operation ('tmp4', layers_c/depthwise_conv2d.cpp:23) [75]  (1.74 ns)
	'add' operation ('tmp2', layers_c/depthwise_conv2d.cpp:23) [77]  (1.87 ns)
	'mul' operation ('tmp3', layers_c/depthwise_conv2d.cpp:5) [79]  (3.74 ns)

 <State 6>: 6.9ns
The critical path consists of the following:
	'phi' operation ('k_w') with incoming values : ('k_w', layers_c/depthwise_conv2d.cpp:22) [83]  (0 ns)
	'add' operation ('tmp7', layers_c/depthwise_conv2d.cpp:23) [97]  (1.74 ns)
	'add' operation ('tmp_76', layers_c/depthwise_conv2d.cpp:23) [99]  (1.92 ns)
	'getelementptr' operation ('kernel_0_addr', layers_c/depthwise_conv2d.cpp:23) [102]  (0 ns)
	'load' operation ('kernel_0_load', layers_c/depthwise_conv2d.cpp:23) on array 'kernel_0' [103]  (3.25 ns)

 <State 7>: 3.25ns
The critical path consists of the following:
	'load' operation ('input_load', layers_c/depthwise_conv2d.cpp:23) on array 'input_r' [95]  (3.25 ns)

 <State 8>: 6.38ns
The critical path consists of the following:
	'mul' operation of DSP[105] ('tmp_78', layers_c/depthwise_conv2d.cpp:23) [105]  (6.38 ns)

 <State 9>: 8.58ns
The critical path consists of the following:
	'load' operation ('output_load_2', layers_c/depthwise_conv2d.cpp:23) on array 'output_r' [107]  (3.25 ns)
	'add' operation ('tmp_80', layers_c/depthwise_conv2d.cpp:23) [108]  (2.08 ns)
	'store' operation (layers_c/depthwise_conv2d.cpp:23) of variable 'tmp_80', layers_c/depthwise_conv2d.cpp:23 on array 'output_r' [109]  (3.25 ns)

 <State 10>: 8.58ns
The critical path consists of the following:
	'load' operation ('output_load', layers_c/depthwise_conv2d.cpp:28) on array 'output_r' [115]  (3.25 ns)
	'add' operation ('tmp_72', layers_c/depthwise_conv2d.cpp:28) [116]  (2.08 ns)
	'store' operation (layers_c/depthwise_conv2d.cpp:28) of variable 'tmp_72', layers_c/depthwise_conv2d.cpp:28 on array 'output_r' [117]  (3.25 ns)


============================================================
+ Verbose Summary: Binding
============================================================
N/A
* FSMD analyzer results:
  - Output states:
 - Input state : 
  - Chain level:
	State 1
	State 2
	State 3
	State 4
	State 5
	State 6
	State 7
	State 8
	State 9
	State 10


============================================================
+ Verbose Summary: Datapath Resource usage 
============================================================
N/A
