

================================================================
== Vivado HLS Report for 'max_pooling2d_fix16_1'
================================================================
* Date:           Sun Oct 27 20:25:38 2019

* Version:        2018.3 (Build 2405991 on Thu Dec 06 23:56:15 MST 2018)
* Project:        HLS
* Solution:       network
* Product family: zynq
* Target device:  xc7z020clg400-1


================================================================
== Performance Estimates
================================================================
+ Timing (ns): 
    * Summary: 
    +--------+-------+----------+------------+
    |  Clock | Target| Estimated| Uncertainty|
    +--------+-------+----------+------------+
    |ap_clk  |  10.00|     8.510|        1.25|
    +--------+-------+----------+------------+

+ Latency (clock cycles): 
    * Summary: 
    +-----+-----+-----+-----+---------+
    |  Latency  |  Interval | Pipeline|
    | min | max | min | max |   Type  |
    +-----+-----+-----+-----+---------+
    |    ?|    ?|    ?|    ?|   none  |
    +-----+-----+-----+-----+---------+

    + Detail: 
        * Instance: 
        N/A

        * Loop: 
        +-----------------+-----+-----+----------+-----------+-----------+------+----------+
        |                 |  Latency  | Iteration|  Initiation Interval  | Trip |          |
        |    Loop Name    | min | max |  Latency |  achieved |   target  | Count| Pipelined|
        +-----------------+-----+-----+----------+-----------+-----------+------+----------+
        |- Loop 1         |    ?|    ?|         ?|          -|          -|     ?|    no    |
        | + Loop 1.1      |    ?|    ?|         ?|          -|          -|     ?|    no    |
        |  ++ Loop 1.1.1  |    ?|    ?|         7|          -|          -|     ?|    no    |
        +-----------------+-----+-----+----------+-----------+-----------+------+----------+

============================================================
+ Verbose Summary: Synthesis Manager
============================================================
InlineROM: 1
ExposeGlobal: 0
============================================================
+ Verbose Summary: CDFG Model
============================================================
IsTopModel: 0
ResetActiveHigh: 1
IsCombinational: 0
IsDatapathOnly: 0
HasWiredReturn: 1
HasMFsm: 0
HasVarLatency: 1
IsPipeline: 0
IsRtlPipelined: 0
IsInstanceOverlapped: 0
IsDontTouch: 0
HasImplIP: 0
IsGatedGlobalClock: 0


============================================================
+ Verbose Summary: Schedule
============================================================
* Number of FSM states : 11
* Pipeline : 0
* Dataflow Pipeline: 0

* FSM state transitions: 
1 --> 
	2  / true
2 --> 
	3  / (!exitcond4)
3 --> 
	4  / (!exitcond3)
	2  / (exitcond3)
4 --> 
	5  / true
5 --> 
	6  / (!exitcond2)
	3  / (exitcond2)
6 --> 
	7  / true
7 --> 
	8  / true
8 --> 
	9  / true
9 --> 
	10  / true
10 --> 
	11  / true
11 --> 
	5  / true

* FSM state operations: 

State 1 <SV = 0> <Delay = 1.76>
ST_1 : Operation 12 [1/1] (0.00ns)   --->   "%output_width_read = call i16 @_ssdm_op_Read.ap_auto.i16(i16 %output_width)" [layers_c/max_pooling2d.cpp:9]   --->   Operation 12 'read' 'output_width_read' <Predicate = true> <Delay = 0.00>
ST_1 : Operation 13 [1/1] (0.00ns)   --->   "%output_height_read = call i16 @_ssdm_op_Read.ap_auto.i16(i16 %output_height)" [layers_c/max_pooling2d.cpp:9]   --->   Operation 13 'read' 'output_height_read' <Predicate = true> <Delay = 0.00>
ST_1 : Operation 14 [1/1] (0.00ns)   --->   "%output_depth_read = call i16 @_ssdm_op_Read.ap_auto.i16(i16 %output_depth)" [layers_c/max_pooling2d.cpp:9]   --->   Operation 14 'read' 'output_depth_read' <Predicate = true> <Delay = 0.00>
ST_1 : Operation 15 [1/1] (0.00ns)   --->   "%input_width_read = call i16 @_ssdm_op_Read.ap_auto.i16(i16 %input_width)" [layers_c/max_pooling2d.cpp:9]   --->   Operation 15 'read' 'input_width_read' <Predicate = true> <Delay = 0.00>
ST_1 : Operation 16 [1/1] (0.00ns)   --->   "%input_height_read = call i16 @_ssdm_op_Read.ap_auto.i16(i16 %input_height)" [layers_c/max_pooling2d.cpp:9]   --->   Operation 16 'read' 'input_height_read' <Predicate = true> <Delay = 0.00>
ST_1 : Operation 17 [1/1] (0.00ns)   --->   "%tmp_s = zext i16 %input_height_read to i32" [layers_c/max_pooling2d.cpp:22]   --->   Operation 17 'zext' 'tmp_s' <Predicate = true> <Delay = 0.00>
ST_1 : Operation 18 [1/1] (0.00ns)   --->   "%tmp_73 = zext i16 %input_width_read to i32" [layers_c/max_pooling2d.cpp:22]   --->   Operation 18 'zext' 'tmp_73' <Predicate = true> <Delay = 0.00>
ST_1 : Operation 19 [1/1] (0.00ns)   --->   "%tmp_74 = zext i16 %output_height_read to i32" [layers_c/max_pooling2d.cpp:22]   --->   Operation 19 'zext' 'tmp_74' <Predicate = true> <Delay = 0.00>
ST_1 : Operation 20 [1/1] (0.00ns)   --->   "%tmp_75 = zext i16 %output_width_read to i32" [layers_c/max_pooling2d.cpp:22]   --->   Operation 20 'zext' 'tmp_75' <Predicate = true> <Delay = 0.00>
ST_1 : Operation 21 [1/1] (1.76ns)   --->   "br label %.loopexit" [layers_c/max_pooling2d.cpp:13]   --->   Operation 21 'br' <Predicate = true> <Delay = 1.76>

State 2 <SV = 1> <Delay = 2.55>
ST_2 : Operation 22 [1/1] (0.00ns)   --->   "%out_d = phi i16 [ 0, %0 ], [ %out_d_2, %.loopexit.loopexit ]"   --->   Operation 22 'phi' 'out_d' <Predicate = true> <Delay = 0.00>
ST_2 : Operation 23 [1/1] (0.00ns)   --->   "%phi_mul = phi i32 [ 0, %0 ], [ %next_mul, %.loopexit.loopexit ]" [layers_c/max_pooling2d.cpp:22]   --->   Operation 23 'phi' 'phi_mul' <Predicate = true> <Delay = 0.00>
ST_2 : Operation 24 [1/1] (0.00ns)   --->   "%phi_mul2 = phi i32 [ 0, %0 ], [ %next_mul3, %.loopexit.loopexit ]" [layers_c/max_pooling2d.cpp:22]   --->   Operation 24 'phi' 'phi_mul2' <Predicate = true> <Delay = 0.00>
ST_2 : Operation 25 [1/1] (2.55ns)   --->   "%next_mul3 = add i32 %phi_mul2, %tmp_74" [layers_c/max_pooling2d.cpp:22]   --->   Operation 25 'add' 'next_mul3' <Predicate = true> <Delay = 2.55> <Core = "AddSub">   --->   Core 14 'AddSub' <Latency = 0> <II = 1> <Delay = 2.55> <FuncUnit> <Opcode : 'add' 'sub'> <InPorts = 2> <OutPorts = 1>
ST_2 : Operation 26 [1/1] (2.55ns)   --->   "%next_mul = add i32 %phi_mul, %tmp_s" [layers_c/max_pooling2d.cpp:22]   --->   Operation 26 'add' 'next_mul' <Predicate = true> <Delay = 2.55> <Core = "AddSub">   --->   Core 14 'AddSub' <Latency = 0> <II = 1> <Delay = 2.55> <FuncUnit> <Opcode : 'add' 'sub'> <InPorts = 2> <OutPorts = 1>
ST_2 : Operation 27 [1/1] (2.42ns)   --->   "%exitcond4 = icmp eq i16 %out_d, %output_depth_read" [layers_c/max_pooling2d.cpp:13]   --->   Operation 27 'icmp' 'exitcond4' <Predicate = true> <Delay = 2.42> <Core = "Cmp">   --->   Core 25 'Cmp' <Latency = 0> <II = 1> <Delay = 2.42> <FuncUnit> <Opcode : 'icmp'> <InPorts = 2> <OutPorts = 1>
ST_2 : Operation 28 [1/1] (2.07ns)   --->   "%out_d_2 = add i16 %out_d, 1" [layers_c/max_pooling2d.cpp:13]   --->   Operation 28 'add' 'out_d_2' <Predicate = true> <Delay = 2.07> <Core = "AddSub">   --->   Core 14 'AddSub' <Latency = 0> <II = 1> <Delay = 2.55> <FuncUnit> <Opcode : 'add' 'sub'> <InPorts = 2> <OutPorts = 1>
ST_2 : Operation 29 [1/1] (0.00ns)   --->   "br i1 %exitcond4, label %4, label %.preheader6.preheader" [layers_c/max_pooling2d.cpp:13]   --->   Operation 29 'br' <Predicate = true> <Delay = 0.00>
ST_2 : Operation 30 [1/1] (1.76ns)   --->   "br label %.preheader6" [layers_c/max_pooling2d.cpp:14]   --->   Operation 30 'br' <Predicate = (!exitcond4)> <Delay = 1.76>
ST_2 : Operation 31 [1/1] (0.00ns)   --->   "ret void"   --->   Operation 31 'ret' <Predicate = (exitcond4)> <Delay = 0.00>

State 3 <SV = 2> <Delay = 5.10>
ST_3 : Operation 32 [1/1] (0.00ns)   --->   "%out_h = phi i16 [ %out_h_1, %.preheader6.loopexit ], [ 0, %.preheader6.preheader ]"   --->   Operation 32 'phi' 'out_h' <Predicate = true> <Delay = 0.00>
ST_3 : Operation 33 [1/1] (2.42ns)   --->   "%exitcond3 = icmp eq i16 %out_h, %output_height_read" [layers_c/max_pooling2d.cpp:14]   --->   Operation 33 'icmp' 'exitcond3' <Predicate = true> <Delay = 2.42> <Core = "Cmp">   --->   Core 25 'Cmp' <Latency = 0> <II = 1> <Delay = 2.42> <FuncUnit> <Opcode : 'icmp'> <InPorts = 2> <OutPorts = 1>
ST_3 : Operation 34 [1/1] (2.07ns)   --->   "%out_h_1 = add i16 %out_h, 1" [layers_c/max_pooling2d.cpp:14]   --->   Operation 34 'add' 'out_h_1' <Predicate = true> <Delay = 2.07> <Core = "AddSub">   --->   Core 14 'AddSub' <Latency = 0> <II = 1> <Delay = 2.55> <FuncUnit> <Opcode : 'add' 'sub'> <InPorts = 2> <OutPorts = 1>
ST_3 : Operation 35 [1/1] (0.00ns)   --->   "br i1 %exitcond3, label %.loopexit.loopexit, label %.preheader5.preheader" [layers_c/max_pooling2d.cpp:14]   --->   Operation 35 'br' <Predicate = true> <Delay = 0.00>
ST_3 : Operation 36 [1/1] (0.00ns)   --->   "%tmp_76 = zext i16 %out_h to i32" [layers_c/max_pooling2d.cpp:22]   --->   Operation 36 'zext' 'tmp_76' <Predicate = (!exitcond3)> <Delay = 0.00>
ST_3 : Operation 37 [1/1] (0.00ns)   --->   "%tmp_77 = call i17 @_ssdm_op_BitConcatenate.i17.i16.i1(i16 %out_h, i1 false)" [layers_c/max_pooling2d.cpp:22]   --->   Operation 37 'bitconcatenate' 'tmp_77' <Predicate = (!exitcond3)> <Delay = 0.00>
ST_3 : Operation 38 [1/1] (0.00ns)   --->   "%tmp_81_cast = zext i17 %tmp_77 to i32" [layers_c/max_pooling2d.cpp:22]   --->   Operation 38 'zext' 'tmp_81_cast' <Predicate = (!exitcond3)> <Delay = 0.00>
ST_3 : Operation 39 [1/1] (2.55ns)   --->   "%tmp = add i32 %tmp_76, %phi_mul2" [layers_c/max_pooling2d.cpp:22]   --->   Operation 39 'add' 'tmp' <Predicate = (!exitcond3)> <Delay = 2.55> <Core = "AddSub">   --->   Core 14 'AddSub' <Latency = 0> <II = 1> <Delay = 2.55> <FuncUnit> <Opcode : 'add' 'sub'> <InPorts = 2> <OutPorts = 1>
ST_3 : Operation 40 [1/1] (2.55ns)   --->   "%tmp4 = add i32 %phi_mul, %tmp_81_cast" [layers_c/max_pooling2d.cpp:22]   --->   Operation 40 'add' 'tmp4' <Predicate = (!exitcond3)> <Delay = 2.55> <Core = "AddSub">   --->   Core 14 'AddSub' <Latency = 0> <II = 1> <Delay = 2.55> <FuncUnit> <Opcode : 'add' 'sub'> <InPorts = 2> <OutPorts = 1>
ST_3 : Operation 41 [1/1] (2.55ns)   --->   "%tmp4_1 = add i32 %tmp4, 1" [layers_c/max_pooling2d.cpp:22]   --->   Operation 41 'add' 'tmp4_1' <Predicate = (!exitcond3)> <Delay = 2.55> <Core = "AddSub">   --->   Core 14 'AddSub' <Latency = 0> <II = 1> <Delay = 2.55> <FuncUnit> <Opcode : 'add' 'sub'> <InPorts = 2> <OutPorts = 1>
ST_3 : Operation 42 [1/1] (0.00ns)   --->   "br label %.loopexit"   --->   Operation 42 'br' <Predicate = (exitcond3)> <Delay = 0.00>

State 4 <SV = 3> <Delay = 8.51>
ST_4 : Operation 43 [1/1] (8.51ns)   --->   "%tmp3 = mul i32 %tmp_75, %tmp" [layers_c/max_pooling2d.cpp:22]   --->   Operation 43 'mul' 'tmp3' <Predicate = true> <Delay = 8.51> <Core = "Mul">   --->   Core 16 'Mul' <Latency = 0> <II = 1> <Delay = 8.51> <FuncUnit> <Opcode : 'mul'> <InPorts = 2> <OutPorts = 1>
ST_4 : Operation 44 [1/1] (8.51ns)   --->   "%tmp5 = mul i32 %tmp_73, %tmp4" [layers_c/max_pooling2d.cpp:22]   --->   Operation 44 'mul' 'tmp5' <Predicate = true> <Delay = 8.51> <Core = "Mul">   --->   Core 16 'Mul' <Latency = 0> <II = 1> <Delay = 8.51> <FuncUnit> <Opcode : 'mul'> <InPorts = 2> <OutPorts = 1>
ST_4 : Operation 45 [1/1] (8.51ns)   --->   "%tmp5_1 = mul i32 %tmp_73, %tmp4_1" [layers_c/max_pooling2d.cpp:22]   --->   Operation 45 'mul' 'tmp5_1' <Predicate = true> <Delay = 8.51> <Core = "Mul">   --->   Core 16 'Mul' <Latency = 0> <II = 1> <Delay = 8.51> <FuncUnit> <Opcode : 'mul'> <InPorts = 2> <OutPorts = 1>
ST_4 : Operation 46 [1/1] (1.76ns)   --->   "br label %.preheader5" [layers_c/max_pooling2d.cpp:15]   --->   Operation 46 'br' <Predicate = true> <Delay = 1.76>

State 5 <SV = 4> <Delay = 8.35>
ST_5 : Operation 47 [1/1] (0.00ns)   --->   "%out_w = phi i16 [ %out_w_1, %._crit_edge.1.1 ], [ 0, %.preheader5.preheader ]"   --->   Operation 47 'phi' 'out_w' <Predicate = true> <Delay = 0.00>
ST_5 : Operation 48 [1/1] (2.42ns)   --->   "%exitcond2 = icmp eq i16 %out_w, %output_width_read" [layers_c/max_pooling2d.cpp:15]   --->   Operation 48 'icmp' 'exitcond2' <Predicate = true> <Delay = 2.42> <Core = "Cmp">   --->   Core 25 'Cmp' <Latency = 0> <II = 1> <Delay = 2.42> <FuncUnit> <Opcode : 'icmp'> <InPorts = 2> <OutPorts = 1>
ST_5 : Operation 49 [1/1] (2.07ns)   --->   "%out_w_1 = add i16 %out_w, 1" [layers_c/max_pooling2d.cpp:15]   --->   Operation 49 'add' 'out_w_1' <Predicate = true> <Delay = 2.07> <Core = "AddSub">   --->   Core 14 'AddSub' <Latency = 0> <II = 1> <Delay = 2.55> <FuncUnit> <Opcode : 'add' 'sub'> <InPorts = 2> <OutPorts = 1>
ST_5 : Operation 50 [1/1] (0.00ns)   --->   "br i1 %exitcond2, label %.preheader6.loopexit, label %.preheader.preheader" [layers_c/max_pooling2d.cpp:15]   --->   Operation 50 'br' <Predicate = true> <Delay = 0.00>
ST_5 : Operation 51 [1/1] (0.00ns)   --->   "%tmp_78 = zext i16 %out_w to i32" [layers_c/max_pooling2d.cpp:22]   --->   Operation 51 'zext' 'tmp_78' <Predicate = (!exitcond2)> <Delay = 0.00>
ST_5 : Operation 52 [1/1] (0.00ns)   --->   "%tmp_79 = call i17 @_ssdm_op_BitConcatenate.i17.i16.i1(i16 %out_w, i1 false)" [layers_c/max_pooling2d.cpp:22]   --->   Operation 52 'bitconcatenate' 'tmp_79' <Predicate = (!exitcond2)> <Delay = 0.00>
ST_5 : Operation 53 [1/1] (0.00ns)   --->   "%tmp_83_cast = zext i17 %tmp_79 to i32" [layers_c/max_pooling2d.cpp:22]   --->   Operation 53 'zext' 'tmp_83_cast' <Predicate = (!exitcond2)> <Delay = 0.00>
ST_5 : Operation 54 [1/1] (2.55ns)   --->   "%tmp_80 = add i32 %tmp_78, %tmp3" [layers_c/max_pooling2d.cpp:22]   --->   Operation 54 'add' 'tmp_80' <Predicate = (!exitcond2)> <Delay = 2.55> <Core = "AddSub">   --->   Core 14 'AddSub' <Latency = 0> <II = 1> <Delay = 2.55> <FuncUnit> <Opcode : 'add' 'sub'> <InPorts = 2> <OutPorts = 1>
ST_5 : Operation 55 [1/1] (0.00ns)   --->   "%tmp_81 = sext i32 %tmp_80 to i64" [layers_c/max_pooling2d.cpp:22]   --->   Operation 55 'sext' 'tmp_81' <Predicate = (!exitcond2)> <Delay = 0.00>
ST_5 : Operation 56 [1/1] (0.00ns)   --->   "%MaxPooling2D_0_array_1 = getelementptr [3136 x i16]* @MaxPooling2D_0_array, i64 0, i64 %tmp_81" [layers_c/max_pooling2d.cpp:22]   --->   Operation 56 'getelementptr' 'MaxPooling2D_0_array_1' <Predicate = (!exitcond2)> <Delay = 0.00>
ST_5 : Operation 57 [1/1] (2.55ns)   --->   "%tmp_82 = add i32 %tmp_83_cast, %tmp5" [layers_c/max_pooling2d.cpp:22]   --->   Operation 57 'add' 'tmp_82' <Predicate = (!exitcond2)> <Delay = 2.55> <Core = "AddSub">   --->   Core 14 'AddSub' <Latency = 0> <II = 1> <Delay = 2.55> <FuncUnit> <Opcode : 'add' 'sub'> <InPorts = 2> <OutPorts = 1>
ST_5 : Operation 58 [1/1] (0.00ns)   --->   "%tmp_83 = sext i32 %tmp_82 to i64" [layers_c/max_pooling2d.cpp:22]   --->   Operation 58 'sext' 'tmp_83' <Predicate = (!exitcond2)> <Delay = 0.00>
ST_5 : Operation 59 [1/1] (0.00ns)   --->   "%Conv2D_0_array_addr = getelementptr [12544 x i16]* @Conv2D_0_array, i64 0, i64 %tmp_83" [layers_c/max_pooling2d.cpp:22]   --->   Operation 59 'getelementptr' 'Conv2D_0_array_addr' <Predicate = (!exitcond2)> <Delay = 0.00>
ST_5 : Operation 60 [2/2] (3.25ns)   --->   "%Conv2D_0_array_load = load i16* %Conv2D_0_array_addr, align 2" [layers_c/max_pooling2d.cpp:22]   --->   Operation 60 'load' 'Conv2D_0_array_load' <Predicate = (!exitcond2)> <Delay = 3.25> <Core = "RAM">   --->   Core 37 'RAM' <Latency = 1> <II = 1> <Delay = 3.25> <Storage> <Opcode : 'load' 'store'> <Ports = 2> <Width = 16> <Depth = 3136> <RAM>
ST_5 : Operation 61 [1/1] (2.55ns)   --->   "%tmp_102_0_1 = add i32 %tmp_82, 1" [layers_c/max_pooling2d.cpp:25]   --->   Operation 61 'add' 'tmp_102_0_1' <Predicate = (!exitcond2)> <Delay = 2.55> <Core = "AddSub">   --->   Core 14 'AddSub' <Latency = 0> <II = 1> <Delay = 2.55> <FuncUnit> <Opcode : 'add' 'sub'> <InPorts = 2> <OutPorts = 1>
ST_5 : Operation 62 [1/1] (0.00ns)   --->   "%tmp_103_0_1 = sext i32 %tmp_102_0_1 to i64" [layers_c/max_pooling2d.cpp:25]   --->   Operation 62 'sext' 'tmp_103_0_1' <Predicate = (!exitcond2)> <Delay = 0.00>
ST_5 : Operation 63 [1/1] (0.00ns)   --->   "%Conv2D_0_array_addr_1 = getelementptr [12544 x i16]* @Conv2D_0_array, i64 0, i64 %tmp_103_0_1" [layers_c/max_pooling2d.cpp:25]   --->   Operation 63 'getelementptr' 'Conv2D_0_array_addr_1' <Predicate = (!exitcond2)> <Delay = 0.00>
ST_5 : Operation 64 [2/2] (3.25ns)   --->   "%Conv2D_0_array_load_1 = load i16* %Conv2D_0_array_addr_1, align 2" [layers_c/max_pooling2d.cpp:25]   --->   Operation 64 'load' 'Conv2D_0_array_load_1' <Predicate = (!exitcond2)> <Delay = 3.25> <Core = "RAM">   --->   Core 37 'RAM' <Latency = 1> <II = 1> <Delay = 3.25> <Storage> <Opcode : 'load' 'store'> <Ports = 2> <Width = 16> <Depth = 3136> <RAM>
ST_5 : Operation 65 [1/1] (0.00ns)   --->   "br label %.preheader6"   --->   Operation 65 'br' <Predicate = (exitcond2)> <Delay = 0.00>

State 6 <SV = 5> <Delay = 6.50>
ST_6 : Operation 66 [1/2] (3.25ns)   --->   "%Conv2D_0_array_load = load i16* %Conv2D_0_array_addr, align 2" [layers_c/max_pooling2d.cpp:22]   --->   Operation 66 'load' 'Conv2D_0_array_load' <Predicate = true> <Delay = 3.25> <Core = "RAM">   --->   Core 37 'RAM' <Latency = 1> <II = 1> <Delay = 3.25> <Storage> <Opcode : 'load' 'store'> <Ports = 2> <Width = 16> <Depth = 3136> <RAM>
ST_6 : Operation 67 [1/1] (3.25ns)   --->   "store i16 %Conv2D_0_array_load, i16* %MaxPooling2D_0_array_1, align 2" [layers_c/max_pooling2d.cpp:22]   --->   Operation 67 'store' <Predicate = true> <Delay = 3.25> <Core = "RAM">   --->   Core 37 'RAM' <Latency = 1> <II = 1> <Delay = 3.25> <Storage> <Opcode : 'load' 'store'> <Ports = 2> <Width = 16> <Depth = 3136> <RAM>
ST_6 : Operation 68 [1/2] (3.25ns)   --->   "%Conv2D_0_array_load_1 = load i16* %Conv2D_0_array_addr_1, align 2" [layers_c/max_pooling2d.cpp:25]   --->   Operation 68 'load' 'Conv2D_0_array_load_1' <Predicate = true> <Delay = 3.25> <Core = "RAM">   --->   Core 37 'RAM' <Latency = 1> <II = 1> <Delay = 3.25> <Storage> <Opcode : 'load' 'store'> <Ports = 2> <Width = 16> <Depth = 3136> <RAM>
ST_6 : Operation 69 [1/1] (2.42ns)   --->   "%tmp_104_0_1 = icmp slt i16 %Conv2D_0_array_load, %Conv2D_0_array_load_1" [layers_c/max_pooling2d.cpp:25]   --->   Operation 69 'icmp' 'tmp_104_0_1' <Predicate = true> <Delay = 2.42> <Core = "Cmp">   --->   Core 25 'Cmp' <Latency = 0> <II = 1> <Delay = 2.42> <FuncUnit> <Opcode : 'icmp'> <InPorts = 2> <OutPorts = 1>
ST_6 : Operation 70 [1/1] (0.00ns)   --->   "br i1 %tmp_104_0_1, label %1, label %._crit_edge.0.1" [layers_c/max_pooling2d.cpp:25]   --->   Operation 70 'br' <Predicate = true> <Delay = 0.00>

State 7 <SV = 6> <Delay = 3.25>
ST_7 : Operation 71 [1/1] (3.25ns)   --->   "store i16 %Conv2D_0_array_load_1, i16* %MaxPooling2D_0_array_1, align 2" [layers_c/max_pooling2d.cpp:28]   --->   Operation 71 'store' <Predicate = (tmp_104_0_1)> <Delay = 3.25> <Core = "RAM">   --->   Core 37 'RAM' <Latency = 1> <II = 1> <Delay = 3.25> <Storage> <Opcode : 'load' 'store'> <Ports = 2> <Width = 16> <Depth = 3136> <RAM>
ST_7 : Operation 72 [1/1] (0.00ns)   --->   "br label %._crit_edge.0.1" [layers_c/max_pooling2d.cpp:31]   --->   Operation 72 'br' <Predicate = (tmp_104_0_1)> <Delay = 0.00>
ST_7 : Operation 73 [1/1] (2.55ns)   --->   "%tmp_95_1 = add i32 %tmp5_1, %tmp_83_cast" [layers_c/max_pooling2d.cpp:22]   --->   Operation 73 'add' 'tmp_95_1' <Predicate = true> <Delay = 2.55> <Core = "AddSub">   --->   Core 14 'AddSub' <Latency = 0> <II = 1> <Delay = 2.55> <FuncUnit> <Opcode : 'add' 'sub'> <InPorts = 2> <OutPorts = 1>

State 8 <SV = 7> <Delay = 3.25>
ST_8 : Operation 74 [2/2] (3.25ns)   --->   "%MaxPooling2D_0_array_2 = load i16* %MaxPooling2D_0_array_1, align 2" [layers_c/max_pooling2d.cpp:25]   --->   Operation 74 'load' 'MaxPooling2D_0_array_2' <Predicate = true> <Delay = 3.25> <Core = "RAM">   --->   Core 37 'RAM' <Latency = 1> <II = 1> <Delay = 3.25> <Storage> <Opcode : 'load' 'store'> <Ports = 2> <Width = 16> <Depth = 3136> <RAM>
ST_8 : Operation 75 [1/1] (0.00ns)   --->   "%tmp_103_1 = sext i32 %tmp_95_1 to i64" [layers_c/max_pooling2d.cpp:25]   --->   Operation 75 'sext' 'tmp_103_1' <Predicate = true> <Delay = 0.00>
ST_8 : Operation 76 [1/1] (0.00ns)   --->   "%Conv2D_0_array_addr_2 = getelementptr [12544 x i16]* @Conv2D_0_array, i64 0, i64 %tmp_103_1" [layers_c/max_pooling2d.cpp:25]   --->   Operation 76 'getelementptr' 'Conv2D_0_array_addr_2' <Predicate = true> <Delay = 0.00>
ST_8 : Operation 77 [2/2] (3.25ns)   --->   "%Conv2D_0_array_load_2 = load i16* %Conv2D_0_array_addr_2, align 2" [layers_c/max_pooling2d.cpp:25]   --->   Operation 77 'load' 'Conv2D_0_array_load_2' <Predicate = true> <Delay = 3.25> <Core = "RAM">   --->   Core 37 'RAM' <Latency = 1> <II = 1> <Delay = 3.25> <Storage> <Opcode : 'load' 'store'> <Ports = 2> <Width = 16> <Depth = 3136> <RAM>

State 9 <SV = 8> <Delay = 6.50>
ST_9 : Operation 78 [1/2] (3.25ns)   --->   "%MaxPooling2D_0_array_2 = load i16* %MaxPooling2D_0_array_1, align 2" [layers_c/max_pooling2d.cpp:25]   --->   Operation 78 'load' 'MaxPooling2D_0_array_2' <Predicate = true> <Delay = 3.25> <Core = "RAM">   --->   Core 37 'RAM' <Latency = 1> <II = 1> <Delay = 3.25> <Storage> <Opcode : 'load' 'store'> <Ports = 2> <Width = 16> <Depth = 3136> <RAM>
ST_9 : Operation 79 [1/2] (3.25ns)   --->   "%Conv2D_0_array_load_2 = load i16* %Conv2D_0_array_addr_2, align 2" [layers_c/max_pooling2d.cpp:25]   --->   Operation 79 'load' 'Conv2D_0_array_load_2' <Predicate = true> <Delay = 3.25> <Core = "RAM">   --->   Core 37 'RAM' <Latency = 1> <II = 1> <Delay = 3.25> <Storage> <Opcode : 'load' 'store'> <Ports = 2> <Width = 16> <Depth = 3136> <RAM>
ST_9 : Operation 80 [1/1] (2.42ns)   --->   "%tmp_104_1 = icmp slt i16 %MaxPooling2D_0_array_2, %Conv2D_0_array_load_2" [layers_c/max_pooling2d.cpp:25]   --->   Operation 80 'icmp' 'tmp_104_1' <Predicate = true> <Delay = 2.42> <Core = "Cmp">   --->   Core 25 'Cmp' <Latency = 0> <II = 1> <Delay = 2.42> <FuncUnit> <Opcode : 'icmp'> <InPorts = 2> <OutPorts = 1>
ST_9 : Operation 81 [1/1] (0.00ns)   --->   "br i1 %tmp_104_1, label %2, label %._crit_edge.1.0" [layers_c/max_pooling2d.cpp:25]   --->   Operation 81 'br' <Predicate = true> <Delay = 0.00>
ST_9 : Operation 82 [1/1] (3.25ns)   --->   "store i16 %Conv2D_0_array_load_2, i16* %MaxPooling2D_0_array_1, align 2" [layers_c/max_pooling2d.cpp:28]   --->   Operation 82 'store' <Predicate = (tmp_104_1)> <Delay = 3.25> <Core = "RAM">   --->   Core 37 'RAM' <Latency = 1> <II = 1> <Delay = 3.25> <Storage> <Opcode : 'load' 'store'> <Ports = 2> <Width = 16> <Depth = 3136> <RAM>
ST_9 : Operation 83 [1/1] (0.00ns)   --->   "br label %._crit_edge.1.0" [layers_c/max_pooling2d.cpp:31]   --->   Operation 83 'br' <Predicate = (tmp_104_1)> <Delay = 0.00>
ST_9 : Operation 84 [1/1] (2.55ns)   --->   "%tmp_102_1_1 = add i32 %tmp_95_1, 1" [layers_c/max_pooling2d.cpp:25]   --->   Operation 84 'add' 'tmp_102_1_1' <Predicate = true> <Delay = 2.55> <Core = "AddSub">   --->   Core 14 'AddSub' <Latency = 0> <II = 1> <Delay = 2.55> <FuncUnit> <Opcode : 'add' 'sub'> <InPorts = 2> <OutPorts = 1>
ST_9 : Operation 85 [1/1] (0.00ns)   --->   "%tmp_103_1_1 = sext i32 %tmp_102_1_1 to i64" [layers_c/max_pooling2d.cpp:25]   --->   Operation 85 'sext' 'tmp_103_1_1' <Predicate = true> <Delay = 0.00>
ST_9 : Operation 86 [1/1] (0.00ns)   --->   "%Conv2D_0_array_addr_3 = getelementptr [12544 x i16]* @Conv2D_0_array, i64 0, i64 %tmp_103_1_1" [layers_c/max_pooling2d.cpp:25]   --->   Operation 86 'getelementptr' 'Conv2D_0_array_addr_3' <Predicate = true> <Delay = 0.00>
ST_9 : Operation 87 [2/2] (3.25ns)   --->   "%Conv2D_0_array_load_3 = load i16* %Conv2D_0_array_addr_3, align 2" [layers_c/max_pooling2d.cpp:25]   --->   Operation 87 'load' 'Conv2D_0_array_load_3' <Predicate = true> <Delay = 3.25> <Core = "RAM">   --->   Core 37 'RAM' <Latency = 1> <II = 1> <Delay = 3.25> <Storage> <Opcode : 'load' 'store'> <Ports = 2> <Width = 16> <Depth = 3136> <RAM>

State 10 <SV = 9> <Delay = 3.25>
ST_10 : Operation 88 [2/2] (3.25ns)   --->   "%MaxPooling2D_0_array_3 = load i16* %MaxPooling2D_0_array_1, align 2" [layers_c/max_pooling2d.cpp:25]   --->   Operation 88 'load' 'MaxPooling2D_0_array_3' <Predicate = true> <Delay = 3.25> <Core = "RAM">   --->   Core 37 'RAM' <Latency = 1> <II = 1> <Delay = 3.25> <Storage> <Opcode : 'load' 'store'> <Ports = 2> <Width = 16> <Depth = 3136> <RAM>
ST_10 : Operation 89 [1/2] (3.25ns)   --->   "%Conv2D_0_array_load_3 = load i16* %Conv2D_0_array_addr_3, align 2" [layers_c/max_pooling2d.cpp:25]   --->   Operation 89 'load' 'Conv2D_0_array_load_3' <Predicate = true> <Delay = 3.25> <Core = "RAM">   --->   Core 37 'RAM' <Latency = 1> <II = 1> <Delay = 3.25> <Storage> <Opcode : 'load' 'store'> <Ports = 2> <Width = 16> <Depth = 3136> <RAM>

State 11 <SV = 10> <Delay = 5.68>
ST_11 : Operation 90 [1/2] (3.25ns)   --->   "%MaxPooling2D_0_array_3 = load i16* %MaxPooling2D_0_array_1, align 2" [layers_c/max_pooling2d.cpp:25]   --->   Operation 90 'load' 'MaxPooling2D_0_array_3' <Predicate = true> <Delay = 3.25> <Core = "RAM">   --->   Core 37 'RAM' <Latency = 1> <II = 1> <Delay = 3.25> <Storage> <Opcode : 'load' 'store'> <Ports = 2> <Width = 16> <Depth = 3136> <RAM>
ST_11 : Operation 91 [1/1] (2.42ns)   --->   "%tmp_104_1_1 = icmp slt i16 %MaxPooling2D_0_array_3, %Conv2D_0_array_load_3" [layers_c/max_pooling2d.cpp:25]   --->   Operation 91 'icmp' 'tmp_104_1_1' <Predicate = true> <Delay = 2.42> <Core = "Cmp">   --->   Core 25 'Cmp' <Latency = 0> <II = 1> <Delay = 2.42> <FuncUnit> <Opcode : 'icmp'> <InPorts = 2> <OutPorts = 1>
ST_11 : Operation 92 [1/1] (0.00ns)   --->   "br i1 %tmp_104_1_1, label %3, label %._crit_edge.1.1" [layers_c/max_pooling2d.cpp:25]   --->   Operation 92 'br' <Predicate = true> <Delay = 0.00>
ST_11 : Operation 93 [1/1] (3.25ns)   --->   "store i16 %Conv2D_0_array_load_3, i16* %MaxPooling2D_0_array_1, align 2" [layers_c/max_pooling2d.cpp:28]   --->   Operation 93 'store' <Predicate = (tmp_104_1_1)> <Delay = 3.25> <Core = "RAM">   --->   Core 37 'RAM' <Latency = 1> <II = 1> <Delay = 3.25> <Storage> <Opcode : 'load' 'store'> <Ports = 2> <Width = 16> <Depth = 3136> <RAM>
ST_11 : Operation 94 [1/1] (0.00ns)   --->   "br label %._crit_edge.1.1" [layers_c/max_pooling2d.cpp:31]   --->   Operation 94 'br' <Predicate = (tmp_104_1_1)> <Delay = 0.00>
ST_11 : Operation 95 [1/1] (0.00ns)   --->   "br label %.preheader5" [layers_c/max_pooling2d.cpp:15]   --->   Operation 95 'br' <Predicate = true> <Delay = 0.00>


============================================================
+ Verbose Summary: Timing violations
============================================================
Target clock period: 10ns, clock uncertainty: 1.25ns.

 <State 1>: 1.77ns
The critical path consists of the following:
	multiplexor before 'phi' operation ('out_d') with incoming values : ('out_d', layers_c/max_pooling2d.cpp:13) [19]  (1.77 ns)

 <State 2>: 2.55ns
The critical path consists of the following:
	'phi' operation ('phi_mul', layers_c/max_pooling2d.cpp:22) with incoming values : ('next_mul', layers_c/max_pooling2d.cpp:22) [20]  (0 ns)
	'add' operation ('next_mul', layers_c/max_pooling2d.cpp:22) [23]  (2.55 ns)

 <State 3>: 5.1ns
The critical path consists of the following:
	'phi' operation ('out_h') with incoming values : ('out_h', layers_c/max_pooling2d.cpp:14) [30]  (0 ns)
	'add' operation ('tmp4', layers_c/max_pooling2d.cpp:22) [40]  (2.55 ns)
	'add' operation ('tmp4_1', layers_c/max_pooling2d.cpp:22) [42]  (2.55 ns)

 <State 4>: 8.51ns
The critical path consists of the following:
	'mul' operation ('tmp3', layers_c/max_pooling2d.cpp:22) [39]  (8.51 ns)

 <State 5>: 8.36ns
The critical path consists of the following:
	'phi' operation ('out_w') with incoming values : ('out_w', layers_c/max_pooling2d.cpp:15) [46]  (0 ns)
	'add' operation ('tmp_82', layers_c/max_pooling2d.cpp:22) [57]  (2.55 ns)
	'add' operation ('tmp_102_0_1', layers_c/max_pooling2d.cpp:25) [62]  (2.55 ns)
	'getelementptr' operation ('Conv2D_0_array_addr_1', layers_c/max_pooling2d.cpp:25) [64]  (0 ns)
	'load' operation ('Conv2D_0_array_load_1', layers_c/max_pooling2d.cpp:25) on array 'Conv2D_0_array' [65]  (3.25 ns)

 <State 6>: 6.51ns
The critical path consists of the following:
	'load' operation ('Conv2D_0_array_load', layers_c/max_pooling2d.cpp:22) on array 'Conv2D_0_array' [60]  (3.25 ns)
	'store' operation (layers_c/max_pooling2d.cpp:22) of variable 'Conv2D_0_array_load', layers_c/max_pooling2d.cpp:22 on array 'MaxPooling2D_0_array' [61]  (3.25 ns)

 <State 7>: 3.25ns
The critical path consists of the following:
	'store' operation (layers_c/max_pooling2d.cpp:28) of variable 'Conv2D_0_array_load_1', layers_c/max_pooling2d.cpp:25 on array 'MaxPooling2D_0_array' [69]  (3.25 ns)

 <State 8>: 3.25ns
The critical path consists of the following:
	'load' operation ('MaxPooling2D_0_array_2', layers_c/max_pooling2d.cpp:25) on array 'MaxPooling2D_0_array' [73]  (3.25 ns)

 <State 9>: 6.51ns
The critical path consists of the following:
	'load' operation ('Conv2D_0_array_load_2', layers_c/max_pooling2d.cpp:25) on array 'Conv2D_0_array' [76]  (3.25 ns)
	'store' operation (layers_c/max_pooling2d.cpp:28) of variable 'Conv2D_0_array_load_2', layers_c/max_pooling2d.cpp:25 on array 'MaxPooling2D_0_array' [80]  (3.25 ns)

 <State 10>: 3.25ns
The critical path consists of the following:
	'load' operation ('MaxPooling2D_0_array_3', layers_c/max_pooling2d.cpp:25) on array 'MaxPooling2D_0_array' [83]  (3.25 ns)

 <State 11>: 5.68ns
The critical path consists of the following:
	'load' operation ('MaxPooling2D_0_array_3', layers_c/max_pooling2d.cpp:25) on array 'MaxPooling2D_0_array' [83]  (3.25 ns)
	'icmp' operation ('tmp_104_1_1', layers_c/max_pooling2d.cpp:25) [88]  (2.43 ns)


============================================================
+ Verbose Summary: Binding
============================================================
N/A
* FSMD analyzer results:
  - Output states:
 - Input state : 
  - Chain level:
	State 1
	State 2
	State 3
	State 4
	State 5
	State 6
	State 7
	State 8
	State 9
	State 10
	State 11


============================================================
+ Verbose Summary: Datapath Resource usage 
============================================================
N/A
