

================================================================
== Vivado HLS Report for 'pointwise_conv2d_fix_2'
================================================================
* Date:           Tue Dec 17 16:25:56 2019

* Version:        2018.3.1 (Build 2489210 on Tue Mar 26 04:40:43 MDT 2019)
* Project:        HLS
* Solution:       network
* Product family: zynq
* Target device:  xc7z020clg400-1


================================================================
== Performance Estimates
================================================================
+ Timing (ns): 
    * Summary: 
    +--------+-------+----------+------------+
    |  Clock | Target| Estimated| Uncertainty|
    +--------+-------+----------+------------+
    |ap_clk  |   8.00|     6.380|        1.60|
    +--------+-------+----------+------------+

+ Latency (clock cycles): 
    * Summary: 
    +-------+-------+-------+-------+---------+
    |    Latency    |    Interval   | Pipeline|
    |  min  |  max  |  min  |  max  |   Type  |
    +-------+-------+-------+-------+---------+
    |  16993|  16993|  16993|  16993|   none  |
    +-------+-------+-------+-------+---------+

    + Detail: 
        * Instance: 
        N/A

        * Loop: 
        +---------------------+-------+-------+----------+-----------+-----------+------+----------+
        |                     |    Latency    | Iteration|  Initiation Interval  | Trip |          |
        |      Loop Name      |  min  |  max  |  Latency |  achieved |   target  | Count| Pipelined|
        +---------------------+-------+-------+----------+-----------+-----------+------+----------+
        |- Loop 1             |  16992|  16992|      2124|          -|          -|     8|    no    |
        | + Loop 1.1          |   2121|   2121|       303|          -|          -|     7|    no    |
        |  ++ Loop 1.1.1      |    301|    301|        43|          -|          -|     7|    no    |
        |   +++ Loop 1.1.1.1  |     40|     40|         5|          -|          -|     8|    no    |
        +---------------------+-------+-------+----------+-----------+-----------+------+----------+

============================================================
+ Verbose Summary: Synthesis Manager
============================================================
InlineROM: 1
ExposeGlobal: 0
============================================================
+ Verbose Summary: CDFG Model
============================================================
IsTopModel: 0
ResetActiveHigh: 1
IsCombinational: 0
IsDatapathOnly: 0
HasWiredReturn: 1
HasMFsm: 0
HasVarLatency: 1
IsPipeline: 0
IsRtlPipelined: 0
IsInstanceOverlapped: 0
IsDontTouch: 0
HasImplIP: 0
IsGatedGlobalClock: 0


============================================================
+ Verbose Summary: Schedule
============================================================
* Number of FSM states : 11
* Pipeline : 0
* Dataflow Pipeline: 0

* FSM state transitions: 
1 --> 
	2  / true
2 --> 
	3  / (!exitcond3)
3 --> 
	4  / true
4 --> 
	5  / (!exitcond2)
	2  / (exitcond2)
5 --> 
	6  / (!exitcond1)
	4  / (exitcond1)
6 --> 
	7  / (!exitcond)
	11  / (exitcond)
7 --> 
	8  / true
8 --> 
	9  / true
9 --> 
	10  / true
10 --> 
	6  / true
11 --> 
	5  / true

* FSM state operations: 

State 1 <SV = 0> <Delay = 1.76>
ST_1 : Operation 12 [1/1] (1.76ns)   --->   "br label %.loopexit" [layers_c/pointwise_conv2d.cpp:16]   --->   Operation 12 'br' <Predicate = true> <Delay = 1.76>

State 2 <SV = 1> <Delay = 3.25>
ST_2 : Operation 13 [1/1] (0.00ns)   --->   "%out_d = phi i4 [ 0, %0 ], [ %out_d_2, %.loopexit.loopexit ]"   --->   Operation 13 'phi' 'out_d' <Predicate = true> <Delay = 0.00>
ST_2 : Operation 14 [1/1] (0.00ns)   --->   "%phi_mul1 = phi i9 [ 0, %0 ], [ %next_mul2, %.loopexit.loopexit ]"   --->   Operation 14 'phi' 'phi_mul1' <Predicate = true> <Delay = 0.00>
ST_2 : Operation 15 [1/1] (0.00ns)   --->   "%phi_mul1_cast = zext i9 %phi_mul1 to i10"   --->   Operation 15 'zext' 'phi_mul1_cast' <Predicate = true> <Delay = 0.00>
ST_2 : Operation 16 [1/1] (1.82ns)   --->   "%next_mul2 = add i9 %phi_mul1, 49"   --->   Operation 16 'add' 'next_mul2' <Predicate = true> <Delay = 1.82> <Core = "AddSub">   --->   Core 14 'AddSub' <Latency = 0> <II = 1> <Delay = 2.07> <FuncUnit> <Opcode : 'add' 'sub'> <InPorts = 2> <OutPorts = 1>
ST_2 : Operation 17 [1/1] (1.30ns)   --->   "%exitcond3 = icmp eq i4 %out_d, -8" [layers_c/pointwise_conv2d.cpp:16]   --->   Operation 17 'icmp' 'exitcond3' <Predicate = true> <Delay = 1.30> <Core = "Cmp">   --->   Core 25 'Cmp' <Latency = 0> <II = 1> <Delay = 1.30> <FuncUnit> <Opcode : 'icmp'> <InPorts = 2> <OutPorts = 1>
ST_2 : Operation 18 [1/1] (0.00ns)   --->   "%empty = call i32 (...)* @_ssdm_op_SpecLoopTripCount(i64 8, i64 8, i64 8)"   --->   Operation 18 'speclooptripcount' 'empty' <Predicate = true> <Delay = 0.00>
ST_2 : Operation 19 [1/1] (1.73ns)   --->   "%out_d_2 = add i4 %out_d, 1" [layers_c/pointwise_conv2d.cpp:16]   --->   Operation 19 'add' 'out_d_2' <Predicate = true> <Delay = 1.73> <Core = "AddSub">   --->   Core 14 'AddSub' <Latency = 0> <II = 1> <Delay = 2.07> <FuncUnit> <Opcode : 'add' 'sub'> <InPorts = 2> <OutPorts = 1>
ST_2 : Operation 20 [1/1] (0.00ns)   --->   "br i1 %exitcond3, label %5, label %.preheader4.preheader" [layers_c/pointwise_conv2d.cpp:16]   --->   Operation 20 'br' <Predicate = true> <Delay = 0.00>
ST_2 : Operation 21 [1/1] (0.00ns)   --->   "%tmp_11 = zext i4 %out_d to i64" [layers_c/pointwise_conv2d.cpp:19]   --->   Operation 21 'zext' 'tmp_11' <Predicate = (!exitcond3)> <Delay = 0.00>
ST_2 : Operation 22 [1/1] (0.00ns)   --->   "%SeparableConv2D_2_b_2 = getelementptr [8 x i13]* @SeparableConv2D_2_b_s, i64 0, i64 %tmp_11" [layers_c/pointwise_conv2d.cpp:19]   --->   Operation 22 'getelementptr' 'SeparableConv2D_2_b_2' <Predicate = (!exitcond3)> <Delay = 0.00>
ST_2 : Operation 23 [1/1] (0.00ns)   --->   "%tmp_14 = trunc i4 %out_d to i3" [layers_c/pointwise_conv2d.cpp:16]   --->   Operation 23 'trunc' 'tmp_14' <Predicate = (!exitcond3)> <Delay = 0.00>
ST_2 : Operation 24 [2/2] (3.25ns)   --->   "%buffer = load i13* %SeparableConv2D_2_b_2, align 2" [layers_c/pointwise_conv2d.cpp:19]   --->   Operation 24 'load' 'buffer' <Predicate = (!exitcond3)> <Delay = 3.25> <Core = "ROM_nP">   --->   Core 52 'ROM_nP' <Latency = 1> <II = 1> <Delay = 3.25> <Storage> <Opcode : 'load'> <Ports = 0> <Width = 15> <Depth = 64> <ROM>
ST_2 : Operation 25 [1/1] (0.00ns)   --->   "ret void"   --->   Operation 25 'ret' <Predicate = (exitcond3)> <Delay = 0.00>

State 3 <SV = 2> <Delay = 3.25>
ST_3 : Operation 26 [1/1] (0.00ns)   --->   "%tmp_12 = call i6 @_ssdm_op_BitConcatenate.i6.i3.i3(i3 %tmp_14, i3 0)" [layers_c/pointwise_conv2d.cpp:23]   --->   Operation 26 'bitconcatenate' 'tmp_12' <Predicate = true> <Delay = 0.00>
ST_3 : Operation 27 [1/2] (3.25ns)   --->   "%buffer = load i13* %SeparableConv2D_2_b_2, align 2" [layers_c/pointwise_conv2d.cpp:19]   --->   Operation 27 'load' 'buffer' <Predicate = true> <Delay = 3.25> <Core = "ROM_nP">   --->   Core 52 'ROM_nP' <Latency = 1> <II = 1> <Delay = 3.25> <Storage> <Opcode : 'load'> <Ports = 0> <Width = 15> <Depth = 64> <ROM>
ST_3 : Operation 28 [1/1] (0.00ns)   --->   "%buffer_cast = sext i13 %buffer to i16" [layers_c/pointwise_conv2d.cpp:19]   --->   Operation 28 'sext' 'buffer_cast' <Predicate = true> <Delay = 0.00>
ST_3 : Operation 29 [1/1] (1.76ns)   --->   "br label %.preheader4" [layers_c/pointwise_conv2d.cpp:17]   --->   Operation 29 'br' <Predicate = true> <Delay = 1.76>

State 4 <SV = 3> <Delay = 1.82>
ST_4 : Operation 30 [1/1] (0.00ns)   --->   "%out_h = phi i3 [ 0, %.preheader4.preheader ], [ %out_h_2, %.preheader4.loopexit ]"   --->   Operation 30 'phi' 'out_h' <Predicate = true> <Delay = 0.00>
ST_4 : Operation 31 [1/1] (1.13ns)   --->   "%exitcond2 = icmp eq i3 %out_h, -1" [layers_c/pointwise_conv2d.cpp:17]   --->   Operation 31 'icmp' 'exitcond2' <Predicate = true> <Delay = 1.13> <Core = "Cmp">   --->   Core 25 'Cmp' <Latency = 0> <II = 1> <Delay = 1.30> <FuncUnit> <Opcode : 'icmp'> <InPorts = 2> <OutPorts = 1>
ST_4 : Operation 32 [1/1] (0.00ns)   --->   "%empty_16 = call i32 (...)* @_ssdm_op_SpecLoopTripCount(i64 7, i64 7, i64 7)"   --->   Operation 32 'speclooptripcount' 'empty_16' <Predicate = true> <Delay = 0.00>
ST_4 : Operation 33 [1/1] (1.65ns)   --->   "%out_h_2 = add i3 %out_h, 1" [layers_c/pointwise_conv2d.cpp:17]   --->   Operation 33 'add' 'out_h_2' <Predicate = true> <Delay = 1.65> <Core = "AddSub">   --->   Core 14 'AddSub' <Latency = 0> <II = 1> <Delay = 2.07> <FuncUnit> <Opcode : 'add' 'sub'> <InPorts = 2> <OutPorts = 1>
ST_4 : Operation 34 [1/1] (0.00ns)   --->   "br i1 %exitcond2, label %.loopexit.loopexit, label %.preheader.preheader" [layers_c/pointwise_conv2d.cpp:17]   --->   Operation 34 'br' <Predicate = true> <Delay = 0.00>
ST_4 : Operation 35 [1/1] (0.00ns)   --->   "%tmp_21_cast6 = zext i3 %out_h to i7" [layers_c/pointwise_conv2d.cpp:23]   --->   Operation 35 'zext' 'tmp_21_cast6' <Predicate = (!exitcond2)> <Delay = 0.00>
ST_4 : Operation 36 [1/1] (0.00ns)   --->   "%p_shl = call i6 @_ssdm_op_BitConcatenate.i6.i3.i3(i3 %out_h, i3 0)" [layers_c/pointwise_conv2d.cpp:23]   --->   Operation 36 'bitconcatenate' 'p_shl' <Predicate = (!exitcond2)> <Delay = 0.00>
ST_4 : Operation 37 [1/1] (0.00ns)   --->   "%p_shl_cast = zext i6 %p_shl to i7" [layers_c/pointwise_conv2d.cpp:23]   --->   Operation 37 'zext' 'p_shl_cast' <Predicate = (!exitcond2)> <Delay = 0.00>
ST_4 : Operation 38 [1/1] (1.82ns)   --->   "%tmp_13 = sub i7 %p_shl_cast, %tmp_21_cast6" [layers_c/pointwise_conv2d.cpp:23]   --->   Operation 38 'sub' 'tmp_13' <Predicate = (!exitcond2)> <Delay = 1.82> <Core = "AddSub">   --->   Core 14 'AddSub' <Latency = 0> <II = 1> <Delay = 2.07> <FuncUnit> <Opcode : 'add' 'sub'> <InPorts = 2> <OutPorts = 1>
ST_4 : Operation 39 [1/1] (0.00ns)   --->   "%tmp_22_cast = sext i7 %tmp_13 to i10" [layers_c/pointwise_conv2d.cpp:23]   --->   Operation 39 'sext' 'tmp_22_cast' <Predicate = (!exitcond2)> <Delay = 0.00>
ST_4 : Operation 40 [1/1] (1.76ns)   --->   "br label %.preheader" [layers_c/pointwise_conv2d.cpp:18]   --->   Operation 40 'br' <Predicate = (!exitcond2)> <Delay = 1.76>
ST_4 : Operation 41 [1/1] (0.00ns)   --->   "br label %.loopexit"   --->   Operation 41 'br' <Predicate = (exitcond2)> <Delay = 0.00>

State 5 <SV = 4> <Delay = 1.76>
ST_5 : Operation 42 [1/1] (0.00ns)   --->   "%out_w = phi i3 [ %out_w_2, %4 ], [ 0, %.preheader.preheader ]"   --->   Operation 42 'phi' 'out_w' <Predicate = true> <Delay = 0.00>
ST_5 : Operation 43 [1/1] (1.13ns)   --->   "%exitcond1 = icmp eq i3 %out_w, -1" [layers_c/pointwise_conv2d.cpp:18]   --->   Operation 43 'icmp' 'exitcond1' <Predicate = true> <Delay = 1.13> <Core = "Cmp">   --->   Core 25 'Cmp' <Latency = 0> <II = 1> <Delay = 1.30> <FuncUnit> <Opcode : 'icmp'> <InPorts = 2> <OutPorts = 1>
ST_5 : Operation 44 [1/1] (0.00ns)   --->   "%empty_17 = call i32 (...)* @_ssdm_op_SpecLoopTripCount(i64 7, i64 7, i64 7)"   --->   Operation 44 'speclooptripcount' 'empty_17' <Predicate = true> <Delay = 0.00>
ST_5 : Operation 45 [1/1] (1.65ns)   --->   "%out_w_2 = add i3 %out_w, 1" [layers_c/pointwise_conv2d.cpp:18]   --->   Operation 45 'add' 'out_w_2' <Predicate = true> <Delay = 1.65> <Core = "AddSub">   --->   Core 14 'AddSub' <Latency = 0> <II = 1> <Delay = 2.07> <FuncUnit> <Opcode : 'add' 'sub'> <InPorts = 2> <OutPorts = 1>
ST_5 : Operation 46 [1/1] (0.00ns)   --->   "br i1 %exitcond1, label %.preheader4.loopexit, label %1" [layers_c/pointwise_conv2d.cpp:18]   --->   Operation 46 'br' <Predicate = true> <Delay = 0.00>
ST_5 : Operation 47 [1/1] (0.00ns)   --->   "%tmp_23_cast4 = zext i3 %out_w to i7" [layers_c/pointwise_conv2d.cpp:20]   --->   Operation 47 'zext' 'tmp_23_cast4' <Predicate = (!exitcond1)> <Delay = 0.00>
ST_5 : Operation 48 [1/1] (0.00ns)   --->   "%tmp_23_cast = zext i3 %out_w to i9" [layers_c/pointwise_conv2d.cpp:20]   --->   Operation 48 'zext' 'tmp_23_cast' <Predicate = (!exitcond1)> <Delay = 0.00>
ST_5 : Operation 49 [1/1] (1.76ns)   --->   "br label %2" [layers_c/pointwise_conv2d.cpp:20]   --->   Operation 49 'br' <Predicate = (!exitcond1)> <Delay = 1.76>
ST_5 : Operation 50 [1/1] (0.00ns)   --->   "br label %.preheader4"   --->   Operation 50 'br' <Predicate = (exitcond1)> <Delay = 0.00>

State 6 <SV = 5> <Delay = 3.69>
ST_6 : Operation 51 [1/1] (0.00ns)   --->   "%buffer1 = phi i16 [ %buffer_cast, %1 ], [ %buffer_2, %3 ]"   --->   Operation 51 'phi' 'buffer1' <Predicate = true> <Delay = 0.00>
ST_6 : Operation 52 [1/1] (0.00ns)   --->   "%in_d = phi i4 [ 0, %1 ], [ %in_d_1, %3 ]"   --->   Operation 52 'phi' 'in_d' <Predicate = true> <Delay = 0.00>
ST_6 : Operation 53 [1/1] (0.00ns)   --->   "%phi_mul = phi i9 [ 0, %1 ], [ %next_mul, %3 ]"   --->   Operation 53 'phi' 'phi_mul' <Predicate = true> <Delay = 0.00>
ST_6 : Operation 54 [1/1] (1.30ns)   --->   "%exitcond = icmp eq i4 %in_d, -8" [layers_c/pointwise_conv2d.cpp:20]   --->   Operation 54 'icmp' 'exitcond' <Predicate = true> <Delay = 1.30> <Core = "Cmp">   --->   Core 25 'Cmp' <Latency = 0> <II = 1> <Delay = 1.30> <FuncUnit> <Opcode : 'icmp'> <InPorts = 2> <OutPorts = 1>
ST_6 : Operation 55 [1/1] (0.00ns)   --->   "%empty_18 = call i32 (...)* @_ssdm_op_SpecLoopTripCount(i64 8, i64 8, i64 8)"   --->   Operation 55 'speclooptripcount' 'empty_18' <Predicate = true> <Delay = 0.00>
ST_6 : Operation 56 [1/1] (1.73ns)   --->   "%in_d_1 = add i4 %in_d, 1" [layers_c/pointwise_conv2d.cpp:20]   --->   Operation 56 'add' 'in_d_1' <Predicate = true> <Delay = 1.73> <Core = "AddSub">   --->   Core 14 'AddSub' <Latency = 0> <II = 1> <Delay = 2.07> <FuncUnit> <Opcode : 'add' 'sub'> <InPorts = 2> <OutPorts = 1>
ST_6 : Operation 57 [1/1] (0.00ns)   --->   "br i1 %exitcond, label %4, label %3" [layers_c/pointwise_conv2d.cpp:20]   --->   Operation 57 'br' <Predicate = true> <Delay = 0.00>
ST_6 : Operation 58 [1/1] (0.00ns)   --->   "%tmp_28_cast2 = zext i4 %in_d to i6" [layers_c/pointwise_conv2d.cpp:23]   --->   Operation 58 'zext' 'tmp_28_cast2' <Predicate = (!exitcond)> <Delay = 0.00>
ST_6 : Operation 59 [1/1] (1.82ns)   --->   "%next_mul = add i9 %phi_mul, 49"   --->   Operation 59 'add' 'next_mul' <Predicate = (!exitcond)> <Delay = 1.82> <Core = "AddSub">   --->   Core 14 'AddSub' <Latency = 0> <II = 1> <Delay = 2.07> <FuncUnit> <Opcode : 'add' 'sub'> <InPorts = 2> <OutPorts = 1>
ST_6 : Operation 60 [1/1] (1.82ns)   --->   "%tmp = add i9 %phi_mul, %tmp_23_cast" [layers_c/pointwise_conv2d.cpp:23]   --->   Operation 60 'add' 'tmp' <Predicate = (!exitcond)> <Delay = 1.82> <Core = "AddSub">   --->   Core 14 'AddSub' <Latency = 0> <II = 1> <Delay = 2.07> <FuncUnit> <Opcode : 'add' 'sub'> <InPorts = 2> <OutPorts = 1>
ST_6 : Operation 61 [1/1] (0.00ns)   --->   "%tmp_cast = zext i9 %tmp to i10" [layers_c/pointwise_conv2d.cpp:23]   --->   Operation 61 'zext' 'tmp_cast' <Predicate = (!exitcond)> <Delay = 0.00>
ST_6 : Operation 62 [1/1] (1.82ns)   --->   "%tmp_19 = add i10 %tmp_cast, %tmp_22_cast" [layers_c/pointwise_conv2d.cpp:23]   --->   Operation 62 'add' 'tmp_19' <Predicate = (!exitcond)> <Delay = 1.82> <Core = "AddSub">   --->   Core 14 'AddSub' <Latency = 0> <II = 1> <Delay = 2.07> <FuncUnit> <Opcode : 'add' 'sub'> <InPorts = 2> <OutPorts = 1>
ST_6 : Operation 63 [1/1] (1.82ns)   --->   "%tmp_21 = add i6 %tmp_12, %tmp_28_cast2" [layers_c/pointwise_conv2d.cpp:23]   --->   Operation 63 'add' 'tmp_21' <Predicate = (!exitcond)> <Delay = 1.82> <Core = "AddSub">   --->   Core 14 'AddSub' <Latency = 0> <II = 1> <Delay = 2.07> <FuncUnit> <Opcode : 'add' 'sub'> <InPorts = 2> <OutPorts = 1>
ST_6 : Operation 64 [1/1] (1.87ns)   --->   "%tmp1 = add i7 %tmp_13, %tmp_23_cast4" [layers_c/pointwise_conv2d.cpp:30]   --->   Operation 64 'add' 'tmp1' <Predicate = (exitcond)> <Delay = 1.87> <Core = "AddSub">   --->   Core 14 'AddSub' <Latency = 0> <II = 1> <Delay = 2.07> <FuncUnit> <Opcode : 'add' 'sub'> <InPorts = 2> <OutPorts = 1>
ST_6 : Operation 65 [1/1] (0.00ns)   --->   "%tmp1_cast = sext i7 %tmp1 to i10" [layers_c/pointwise_conv2d.cpp:30]   --->   Operation 65 'sext' 'tmp1_cast' <Predicate = (exitcond)> <Delay = 0.00>
ST_6 : Operation 66 [1/1] (1.82ns)   --->   "%tmp_17 = add i10 %tmp1_cast, %phi_mul1_cast" [layers_c/pointwise_conv2d.cpp:30]   --->   Operation 66 'add' 'tmp_17' <Predicate = (exitcond)> <Delay = 1.82> <Core = "AddSub">   --->   Core 14 'AddSub' <Latency = 0> <II = 1> <Delay = 2.07> <FuncUnit> <Opcode : 'add' 'sub'> <InPorts = 2> <OutPorts = 1>

State 7 <SV = 6> <Delay = 3.25>
ST_7 : Operation 67 [1/1] (0.00ns)   --->   "%tmp_31_cast = sext i10 %tmp_19 to i32" [layers_c/pointwise_conv2d.cpp:23]   --->   Operation 67 'sext' 'tmp_31_cast' <Predicate = true> <Delay = 0.00>
ST_7 : Operation 68 [1/1] (0.00ns)   --->   "%tmp_20 = zext i32 %tmp_31_cast to i64" [layers_c/pointwise_conv2d.cpp:23]   --->   Operation 68 'zext' 'tmp_20' <Predicate = true> <Delay = 0.00>
ST_7 : Operation 69 [1/1] (0.00ns)   --->   "%input_addr = getelementptr [14400 x i16]* %input_r, i64 0, i64 %tmp_20" [layers_c/pointwise_conv2d.cpp:23]   --->   Operation 69 'getelementptr' 'input_addr' <Predicate = true> <Delay = 0.00>
ST_7 : Operation 70 [2/2] (3.25ns)   --->   "%input_load = load i16* %input_addr, align 2" [layers_c/pointwise_conv2d.cpp:23]   --->   Operation 70 'load' 'input_load' <Predicate = true> <Delay = 3.25> <Core = "RAM">   --->   Core 37 'RAM' <Latency = 1> <II = 1> <Delay = 3.25> <Storage> <Opcode : 'load' 'store'> <Ports = 2> <Width = 16> <Depth = 14400> <RAM>
ST_7 : Operation 71 [1/1] (0.00ns)   --->   "%tmp_22 = zext i6 %tmp_21 to i64" [layers_c/pointwise_conv2d.cpp:23]   --->   Operation 71 'zext' 'tmp_22' <Predicate = true> <Delay = 0.00>
ST_7 : Operation 72 [1/1] (0.00ns)   --->   "%SeparableConv2D_2_w_2 = getelementptr [64 x i15]* @SeparableConv2D_2_w_s, i64 0, i64 %tmp_22" [layers_c/pointwise_conv2d.cpp:23]   --->   Operation 72 'getelementptr' 'SeparableConv2D_2_w_2' <Predicate = true> <Delay = 0.00>
ST_7 : Operation 73 [2/2] (3.25ns)   --->   "%SeparableConv2D_2_w_3 = load i15* %SeparableConv2D_2_w_2, align 2" [layers_c/pointwise_conv2d.cpp:23]   --->   Operation 73 'load' 'SeparableConv2D_2_w_3' <Predicate = true> <Delay = 3.25> <Core = "ROM_nP">   --->   Core 52 'ROM_nP' <Latency = 1> <II = 1> <Delay = 3.25> <Storage> <Opcode : 'load'> <Ports = 0> <Width = 15> <Depth = 64> <ROM>

State 8 <SV = 7> <Delay = 3.25>
ST_8 : Operation 74 [1/2] (3.25ns)   --->   "%input_load = load i16* %input_addr, align 2" [layers_c/pointwise_conv2d.cpp:23]   --->   Operation 74 'load' 'input_load' <Predicate = true> <Delay = 3.25> <Core = "RAM">   --->   Core 37 'RAM' <Latency = 1> <II = 1> <Delay = 3.25> <Storage> <Opcode : 'load' 'store'> <Ports = 2> <Width = 16> <Depth = 14400> <RAM>
ST_8 : Operation 75 [1/2] (3.25ns)   --->   "%SeparableConv2D_2_w_3 = load i15* %SeparableConv2D_2_w_2, align 2" [layers_c/pointwise_conv2d.cpp:23]   --->   Operation 75 'load' 'SeparableConv2D_2_w_3' <Predicate = true> <Delay = 3.25> <Core = "ROM_nP">   --->   Core 52 'ROM_nP' <Latency = 1> <II = 1> <Delay = 3.25> <Storage> <Opcode : 'load'> <Ports = 0> <Width = 15> <Depth = 64> <ROM>

State 9 <SV = 8> <Delay = 6.38>
ST_9 : Operation 76 [1/1] (0.00ns)   --->   "%tmp_33_cast = sext i16 %input_load to i30" [layers_c/pointwise_conv2d.cpp:23]   --->   Operation 76 'sext' 'tmp_33_cast' <Predicate = true> <Delay = 0.00>
ST_9 : Operation 77 [1/1] (0.00ns)   --->   "%tmp_36_cast = sext i15 %SeparableConv2D_2_w_3 to i30" [layers_c/pointwise_conv2d.cpp:23]   --->   Operation 77 'sext' 'tmp_36_cast' <Predicate = true> <Delay = 0.00>
ST_9 : Operation 78 [1/1] (6.38ns) (root node of the DSP)   --->   "%tmp_23 = mul i30 %tmp_33_cast, %tmp_36_cast" [layers_c/pointwise_conv2d.cpp:23]   --->   Operation 78 'mul' 'tmp_23' <Predicate = true> <Delay = 6.38> <Core = "DSP48">   --->   Core 65 'DSP48' <Latency = 0> <II = 1> <Delay = 6.38> <IPBlock> <Opcode : 'mul' 'add' 'sub' 'select'> <InPorts = 0> <OutPorts = 1> <Sync> <CReg>

State 10 <SV = 9> <Delay = 2.07>
ST_10 : Operation 79 [1/1] (0.00ns)   --->   "%tmp_s = call i16 @_ssdm_op_PartSelect.i16.i30.i32.i32(i30 %tmp_23, i32 14, i32 29)" [layers_c/pointwise_conv2d.cpp:23]   --->   Operation 79 'partselect' 'tmp_s' <Predicate = true> <Delay = 0.00>
ST_10 : Operation 80 [1/1] (2.07ns)   --->   "%buffer_2 = add i16 %tmp_s, %buffer1" [layers_c/pointwise_conv2d.cpp:23]   --->   Operation 80 'add' 'buffer_2' <Predicate = true> <Delay = 2.07> <Core = "AddSub">   --->   Core 14 'AddSub' <Latency = 0> <II = 1> <Delay = 2.07> <FuncUnit> <Opcode : 'add' 'sub'> <InPorts = 2> <OutPorts = 1>
ST_10 : Operation 81 [1/1] (0.00ns)   --->   "br label %2" [layers_c/pointwise_conv2d.cpp:20]   --->   Operation 81 'br' <Predicate = true> <Delay = 0.00>

State 11 <SV = 6> <Delay = 4.00>
ST_11 : Operation 82 [1/1] (0.00ns)   --->   "%tmp_15 = trunc i16 %buffer1 to i15" [layers_c/pointwise_conv2d.cpp:20]   --->   Operation 82 'trunc' 'tmp_15' <Predicate = true> <Delay = 0.00>
ST_11 : Operation 83 [1/1] (0.00ns)   --->   "%tmp_16 = call i1 @_ssdm_op_BitSelect.i1.i16.i32(i16 %buffer1, i32 15)" [layers_c/pointwise_conv2d.cpp:27]   --->   Operation 83 'bitselect' 'tmp_16' <Predicate = true> <Delay = 0.00>
ST_11 : Operation 84 [1/1] (0.75ns)   --->   "%buffer_1 = select i1 %tmp_16, i15 0, i15 %tmp_15" [layers_c/pointwise_conv2d.cpp:27]   --->   Operation 84 'select' 'buffer_1' <Predicate = true> <Delay = 0.75> <Core = "Sel">   --->   Core 26 'Sel' <Latency = 0> <II = 1> <Delay = 0.75> <FuncUnit> <Opcode : 'select'> <InPorts = 3> <OutPorts = 1>
ST_11 : Operation 85 [1/1] (0.00ns)   --->   "%buffer_1_cast = zext i15 %buffer_1 to i16" [layers_c/pointwise_conv2d.cpp:27]   --->   Operation 85 'zext' 'buffer_1_cast' <Predicate = true> <Delay = 0.00>
ST_11 : Operation 86 [1/1] (0.00ns)   --->   "%tmp_26_cast = sext i10 %tmp_17 to i32" [layers_c/pointwise_conv2d.cpp:30]   --->   Operation 86 'sext' 'tmp_26_cast' <Predicate = true> <Delay = 0.00>
ST_11 : Operation 87 [1/1] (0.00ns)   --->   "%tmp_18 = zext i32 %tmp_26_cast to i64" [layers_c/pointwise_conv2d.cpp:30]   --->   Operation 87 'zext' 'tmp_18' <Predicate = true> <Delay = 0.00>
ST_11 : Operation 88 [1/1] (0.00ns)   --->   "%output_addr = getelementptr [14400 x i16]* %output_r, i64 0, i64 %tmp_18" [layers_c/pointwise_conv2d.cpp:30]   --->   Operation 88 'getelementptr' 'output_addr' <Predicate = true> <Delay = 0.00>
ST_11 : Operation 89 [1/1] (3.25ns)   --->   "store i16 %buffer_1_cast, i16* %output_addr, align 2" [layers_c/pointwise_conv2d.cpp:30]   --->   Operation 89 'store' <Predicate = true> <Delay = 3.25> <Core = "RAM">   --->   Core 37 'RAM' <Latency = 1> <II = 1> <Delay = 3.25> <Storage> <Opcode : 'load' 'store'> <Ports = 2> <Width = 16> <Depth = 14400> <RAM>
ST_11 : Operation 90 [1/1] (0.00ns)   --->   "br label %.preheader" [layers_c/pointwise_conv2d.cpp:18]   --->   Operation 90 'br' <Predicate = true> <Delay = 0.00>


============================================================
+ Verbose Summary: Binding
============================================================
STG Binding: 
---------------- STG Properties BEGIN ----------------
- Is combinational: 0
- Is one-state seq: 0
- Is datapath-only: 0
- Is pipelined: 0
- Is top level: 0
Port [ Return ] is wired: 1; IO mode=ap_ctrl_hs:ce=0
Port [ input_r]:  wired=1; compound=1; hidden=0; nouse=0; global=0; static=0; extern=0; dir=0; type=1; pingpong=0; private_global=0; MemPort=[13]; IO mode=ap_memory:ce=0
Port [ output_r]:  wired=1; compound=1; hidden=0; nouse=0; global=0; static=0; extern=0; dir=1; type=1; pingpong=0; private_global=0; MemPort=[03]; IO mode=ap_memory:ce=0
Port [ SeparableConv2D_2_b_s]:  wired=0; compound=1; hidden=1; nouse=0; global=1; static=1; extern=0; dir=0; type=1; pingpong=0; private_global=1; linkage=7; visibility=0; MemPort=[1]; IO mode=ap_memory:ce=0
Port [ SeparableConv2D_2_w_s]:  wired=0; compound=1; hidden=1; nouse=0; global=1; static=1; extern=0; dir=0; type=1; pingpong=0; private_global=1; linkage=7; visibility=0; MemPort=[1]; IO mode=ap_memory:ce=0
---------------- STG Properties END ------------------

---------------- Datapath Model BEGIN ----------------

<LifeTime>
<method=bitvector/>
StgValue_12           (br               ) [ 011111111111]
out_d                 (phi              ) [ 001000000000]
phi_mul1              (phi              ) [ 001000000000]
phi_mul1_cast         (zext             ) [ 000111111111]
next_mul2             (add              ) [ 011111111111]
exitcond3             (icmp             ) [ 001111111111]
empty                 (speclooptripcount) [ 000000000000]
out_d_2               (add              ) [ 011111111111]
StgValue_20           (br               ) [ 000000000000]
tmp_11                (zext             ) [ 000000000000]
SeparableConv2D_2_b_2 (getelementptr    ) [ 000100000000]
tmp_14                (trunc            ) [ 000100000000]
StgValue_25           (ret              ) [ 000000000000]
tmp_12                (bitconcatenate   ) [ 000011111111]
buffer                (load             ) [ 000000000000]
buffer_cast           (sext             ) [ 000011111111]
StgValue_29           (br               ) [ 001111111111]
out_h                 (phi              ) [ 000010000000]
exitcond2             (icmp             ) [ 001111111111]
empty_16              (speclooptripcount) [ 000000000000]
out_h_2               (add              ) [ 001111111111]
StgValue_34           (br               ) [ 000000000000]
tmp_21_cast6          (zext             ) [ 000000000000]
p_shl                 (bitconcatenate   ) [ 000000000000]
p_shl_cast            (zext             ) [ 000000000000]
tmp_13                (sub              ) [ 000001111111]
tmp_22_cast           (sext             ) [ 000001111111]
StgValue_40           (br               ) [ 001111111111]
StgValue_41           (br               ) [ 011111111111]
out_w                 (phi              ) [ 000001000000]
exitcond1             (icmp             ) [ 001111111111]
empty_17              (speclooptripcount) [ 000000000000]
out_w_2               (add              ) [ 001111111111]
StgValue_46           (br               ) [ 000000000000]
tmp_23_cast4          (zext             ) [ 000000111110]
tmp_23_cast           (zext             ) [ 000000111110]
StgValue_49           (br               ) [ 001111111111]
StgValue_50           (br               ) [ 001111111111]
buffer1               (phi              ) [ 000000111111]
in_d                  (phi              ) [ 000000100000]
phi_mul               (phi              ) [ 000000100000]
exitcond              (icmp             ) [ 001111111111]
empty_18              (speclooptripcount) [ 000000000000]
in_d_1                (add              ) [ 001111111111]
StgValue_57           (br               ) [ 000000000000]
tmp_28_cast2          (zext             ) [ 000000000000]
next_mul              (add              ) [ 001111111111]
tmp                   (add              ) [ 000000000000]
tmp_cast              (zext             ) [ 000000000000]
tmp_19                (add              ) [ 000000010000]
tmp_21                (add              ) [ 000000010000]
tmp1                  (add              ) [ 000000000000]
tmp1_cast             (sext             ) [ 000000000000]
tmp_17                (add              ) [ 000000000001]
tmp_31_cast           (sext             ) [ 000000000000]
tmp_20                (zext             ) [ 000000000000]
input_addr            (getelementptr    ) [ 000000001000]
tmp_22                (zext             ) [ 000000000000]
SeparableConv2D_2_w_2 (getelementptr    ) [ 000000001000]
input_load            (load             ) [ 000000000100]
SeparableConv2D_2_w_3 (load             ) [ 000000000100]
tmp_33_cast           (sext             ) [ 000000000000]
tmp_36_cast           (sext             ) [ 000000000000]
tmp_23                (mul              ) [ 000000000010]
tmp_s                 (partselect       ) [ 000000000000]
buffer_2              (add              ) [ 001111111111]
StgValue_81           (br               ) [ 001111111111]
tmp_15                (trunc            ) [ 000000000000]
tmp_16                (bitselect        ) [ 000000000000]
buffer_1              (select           ) [ 000000000000]
buffer_1_cast         (zext             ) [ 000000000000]
tmp_26_cast           (sext             ) [ 000000000000]
tmp_18                (zext             ) [ 000000000000]
output_addr           (getelementptr    ) [ 000000000000]
StgValue_89           (store            ) [ 000000000000]
StgValue_90           (br               ) [ 001111111111]
</LifeTime>

<model>

<comp_list>
<comp id="0" class="1000" name="input_r">
<pin_list>
<pin id="1" dir="1" index="0" bw="1" slack="0"/>
</pin_list>
<bind>
<StgValue><ssdm name="input_r"/><MemPortTyVec>1 3 </MemPortTyVec>
</StgValue>
</bind>
</comp>

<comp id="2" class="1000" name="output_r">
<pin_list>
<pin id="3" dir="1" index="0" bw="1" slack="0"/>
</pin_list>
<bind>
<StgValue><ssdm name="output_r"/><MemPortTyVec>0 3 </MemPortTyVec>
</StgValue>
</bind>
</comp>

<comp id="4" class="1000" name="SeparableConv2D_2_b_s">
<pin_list>
<pin id="5" dir="1" index="0" bw="1" slack="0"/>
</pin_list>
<bind>
<StgValue><ssdm name="SeparableConv2D_2_b_s"/><MemPortTyVec>1 </MemPortTyVec>
</StgValue>
</bind>
</comp>

<comp id="6" class="1000" name="SeparableConv2D_2_w_s">
<pin_list>
<pin id="7" dir="1" index="0" bw="1" slack="0"/>
</pin_list>
<bind>
<StgValue><ssdm name="SeparableConv2D_2_w_s"/><MemPortTyVec>1 </MemPortTyVec>
</StgValue>
</bind>
</comp>

<comp id="8" class="1001" name="const_8">
<pin_list>
<pin id="9" dir="1" index="0" bw="1" slack="1"/>
</pin_list>
<bind>
<StgValue><ssdm name=""/></StgValue>
</bind>
</comp>

<comp id="10" class="1001" name="const_10">
<pin_list>
<pin id="11" dir="1" index="0" bw="1" slack="1"/>
</pin_list>
<bind>
<StgValue><ssdm name=""/></StgValue>
</bind>
</comp>

<comp id="12" class="1001" name="const_12">
<pin_list>
<pin id="13" dir="1" index="0" bw="1" slack="0"/>
</pin_list>
<bind>
<StgValue><ssdm name=""/></StgValue>
</bind>
</comp>

<comp id="14" class="1001" name="const_14">
<pin_list>
<pin id="15" dir="1" index="0" bw="1" slack="0"/>
</pin_list>
<bind>
<StgValue><ssdm name=""/></StgValue>
</bind>
</comp>

<comp id="16" class="1001" name="const_16">
<pin_list>
<pin id="17" dir="1" index="0" bw="1" slack="2147483647"/>
</pin_list>
<bind>
<StgValue><ssdm name="_ssdm_op_SpecLoopTripCount"/></StgValue>
</bind>
</comp>

<comp id="18" class="1001" name="const_18">
<pin_list>
<pin id="19" dir="1" index="0" bw="1" slack="2147483647"/>
</pin_list>
<bind>
<StgValue><ssdm name=""/></StgValue>
</bind>
</comp>

<comp id="20" class="1001" name="const_20">
<pin_list>
<pin id="21" dir="1" index="0" bw="1" slack="0"/>
</pin_list>
<bind>
<StgValue><ssdm name=""/></StgValue>
</bind>
</comp>

<comp id="22" class="1001" name="const_22">
<pin_list>
<pin id="23" dir="1" index="0" bw="1" slack="0"/>
</pin_list>
<bind>
<StgValue><ssdm name=""/></StgValue>
</bind>
</comp>

<comp id="24" class="1001" name="const_24">
<pin_list>
<pin id="25" dir="1" index="0" bw="1" slack="0"/>
</pin_list>
<bind>
<StgValue><ssdm name="_ssdm_op_BitConcatenate.i6.i3.i3"/></StgValue>
</bind>
</comp>

<comp id="26" class="1001" name="const_26">
<pin_list>
<pin id="27" dir="1" index="0" bw="1" slack="0"/>
</pin_list>
<bind>
<StgValue><ssdm name=""/></StgValue>
</bind>
</comp>

<comp id="28" class="1001" name="const_28">
<pin_list>
<pin id="29" dir="1" index="0" bw="1" slack="0"/>
</pin_list>
<bind>
<StgValue><ssdm name=""/></StgValue>
</bind>
</comp>

<comp id="30" class="1001" name="const_30">
<pin_list>
<pin id="31" dir="1" index="0" bw="1" slack="2147483647"/>
</pin_list>
<bind>
<StgValue><ssdm name=""/></StgValue>
</bind>
</comp>

<comp id="32" class="1001" name="const_32">
<pin_list>
<pin id="33" dir="1" index="0" bw="1" slack="0"/>
</pin_list>
<bind>
<StgValue><ssdm name=""/></StgValue>
</bind>
</comp>

<comp id="34" class="1001" name="const_34">
<pin_list>
<pin id="35" dir="1" index="0" bw="1" slack="0"/>
</pin_list>
<bind>
<StgValue><ssdm name="_ssdm_op_PartSelect.i16.i30.i32.i32"/></StgValue>
</bind>
</comp>

<comp id="36" class="1001" name="const_36">
<pin_list>
<pin id="37" dir="1" index="0" bw="1" slack="0"/>
</pin_list>
<bind>
<StgValue><ssdm name=""/></StgValue>
</bind>
</comp>

<comp id="38" class="1001" name="const_38">
<pin_list>
<pin id="39" dir="1" index="0" bw="1" slack="0"/>
</pin_list>
<bind>
<StgValue><ssdm name=""/></StgValue>
</bind>
</comp>

<comp id="40" class="1001" name="const_40">
<pin_list>
<pin id="41" dir="1" index="0" bw="1" slack="0"/>
</pin_list>
<bind>
<StgValue><ssdm name="_ssdm_op_BitSelect.i1.i16.i32"/></StgValue>
</bind>
</comp>

<comp id="42" class="1001" name="const_42">
<pin_list>
<pin id="43" dir="1" index="0" bw="1" slack="0"/>
</pin_list>
<bind>
<StgValue><ssdm name=""/></StgValue>
</bind>
</comp>

<comp id="44" class="1001" name="const_44">
<pin_list>
<pin id="45" dir="1" index="0" bw="1" slack="0"/>
</pin_list>
<bind>
<StgValue><ssdm name=""/></StgValue>
</bind>
</comp>

<comp id="46" class="1004" name="SeparableConv2D_2_b_2_gep_fu_46">
<pin_list>
<pin id="47" dir="0" index="0" bw="13" slack="0"/>
<pin id="48" dir="0" index="1" bw="1" slack="0"/>
<pin id="49" dir="0" index="2" bw="4" slack="0"/>
<pin id="50" dir="1" index="3" bw="3" slack="0"/>
</pin_list>
<bind>
<opcode="getelementptr(29) " fcode="getelementptr"/>
<opset="SeparableConv2D_2_b_2/2 "/>
</bind>
</comp>

<comp id="53" class="1004" name="grp_access_fu_53">
<pin_list>
<pin id="54" dir="0" index="0" bw="3" slack="0"/>
<pin id="55" dir="0" index="1" bw="13" slack="2147483647"/>
<pin id="56" dir="0" index="2" bw="0" slack="2147483647"/>
<pin id="57" dir="1" index="3" bw="13" slack="0"/>
</pin_list>
<bind>
<opcode="load(27) " fcode="load"/>
<opset="buffer/2 "/>
</bind>
</comp>

<comp id="59" class="1004" name="input_addr_gep_fu_59">
<pin_list>
<pin id="60" dir="0" index="0" bw="16" slack="0"/>
<pin id="61" dir="0" index="1" bw="1" slack="0"/>
<pin id="62" dir="0" index="2" bw="32" slack="0"/>
<pin id="63" dir="1" index="3" bw="14" slack="0"/>
</pin_list>
<bind>
<opcode="getelementptr(29) " fcode="getelementptr"/>
<opset="input_addr/7 "/>
</bind>
</comp>

<comp id="66" class="1004" name="grp_access_fu_66">
<pin_list>
<pin id="67" dir="0" index="0" bw="14" slack="0"/>
<pin id="68" dir="0" index="1" bw="16" slack="2147483647"/>
<pin id="69" dir="0" index="2" bw="0" slack="2147483647"/>
<pin id="70" dir="1" index="3" bw="16" slack="1"/>
</pin_list>
<bind>
<opcode="load(27) " fcode="load"/>
<opset="input_load/7 "/>
</bind>
</comp>

<comp id="72" class="1004" name="SeparableConv2D_2_w_2_gep_fu_72">
<pin_list>
<pin id="73" dir="0" index="0" bw="15" slack="0"/>
<pin id="74" dir="0" index="1" bw="1" slack="0"/>
<pin id="75" dir="0" index="2" bw="6" slack="0"/>
<pin id="76" dir="1" index="3" bw="6" slack="0"/>
</pin_list>
<bind>
<opcode="getelementptr(29) " fcode="getelementptr"/>
<opset="SeparableConv2D_2_w_2/7 "/>
</bind>
</comp>

<comp id="79" class="1004" name="grp_access_fu_79">
<pin_list>
<pin id="80" dir="0" index="0" bw="6" slack="0"/>
<pin id="81" dir="0" index="1" bw="15" slack="2147483647"/>
<pin id="82" dir="0" index="2" bw="0" slack="2147483647"/>
<pin id="83" dir="1" index="3" bw="15" slack="1"/>
</pin_list>
<bind>
<opcode="load(27) " fcode="load"/>
<opset="SeparableConv2D_2_w_3/7 "/>
</bind>
</comp>

<comp id="85" class="1004" name="output_addr_gep_fu_85">
<pin_list>
<pin id="86" dir="0" index="0" bw="16" slack="0"/>
<pin id="87" dir="0" index="1" bw="1" slack="0"/>
<pin id="88" dir="0" index="2" bw="32" slack="0"/>
<pin id="89" dir="1" index="3" bw="14" slack="0"/>
</pin_list>
<bind>
<opcode="getelementptr(29) " fcode="getelementptr"/>
<opset="output_addr/11 "/>
</bind>
</comp>

<comp id="92" class="1004" name="StgValue_89_access_fu_92">
<pin_list>
<pin id="93" dir="0" index="0" bw="14" slack="0"/>
<pin id="94" dir="0" index="1" bw="16" slack="0"/>
<pin id="95" dir="0" index="2" bw="0" slack="2147483647"/>
<pin id="96" dir="1" index="3" bw="16" slack="2147483647"/>
</pin_list>
<bind>
<opcode="store(28) " fcode="store"/>
<opset="StgValue_89/11 "/>
</bind>
</comp>

<comp id="98" class="1005" name="out_d_reg_98">
<pin_list>
<pin id="99" dir="0" index="0" bw="4" slack="1"/>
<pin id="100" dir="1" index="1" bw="4" slack="1"/>
</pin_list>
<bind>
<opset="out_d (phireg) "/>
</bind>
</comp>

<comp id="102" class="1004" name="out_d_phi_fu_102">
<pin_list>
<pin id="103" dir="0" index="0" bw="1" slack="1"/>
<pin id="104" dir="0" index="1" bw="0" slack="2147483647"/>
<pin id="105" dir="0" index="2" bw="4" slack="0"/>
<pin id="106" dir="0" index="3" bw="0" slack="2147483647"/>
<pin id="107" dir="1" index="4" bw="4" slack="0"/>
</pin_list>
<bind>
<opcode="phi(47) " fcode="phi"/>
<opset="out_d/2 "/>
</bind>
</comp>

<comp id="109" class="1005" name="phi_mul1_reg_109">
<pin_list>
<pin id="110" dir="0" index="0" bw="9" slack="1"/>
<pin id="111" dir="1" index="1" bw="9" slack="1"/>
</pin_list>
<bind>
<opset="phi_mul1 (phireg) "/>
</bind>
</comp>

<comp id="113" class="1004" name="phi_mul1_phi_fu_113">
<pin_list>
<pin id="114" dir="0" index="0" bw="1" slack="1"/>
<pin id="115" dir="0" index="1" bw="0" slack="2147483647"/>
<pin id="116" dir="0" index="2" bw="9" slack="0"/>
<pin id="117" dir="0" index="3" bw="0" slack="2147483647"/>
<pin id="118" dir="1" index="4" bw="9" slack="0"/>
</pin_list>
<bind>
<opcode="phi(47) " fcode="phi"/>
<opset="phi_mul1/2 "/>
</bind>
</comp>

<comp id="120" class="1005" name="out_h_reg_120">
<pin_list>
<pin id="121" dir="0" index="0" bw="3" slack="1"/>
<pin id="122" dir="1" index="1" bw="3" slack="1"/>
</pin_list>
<bind>
<opset="out_h (phireg) "/>
</bind>
</comp>

<comp id="124" class="1004" name="out_h_phi_fu_124">
<pin_list>
<pin id="125" dir="0" index="0" bw="1" slack="1"/>
<pin id="126" dir="0" index="1" bw="0" slack="2147483647"/>
<pin id="127" dir="0" index="2" bw="3" slack="0"/>
<pin id="128" dir="0" index="3" bw="0" slack="2147483647"/>
<pin id="129" dir="1" index="4" bw="3" slack="0"/>
</pin_list>
<bind>
<opcode="phi(47) " fcode="phi"/>
<opset="out_h/4 "/>
</bind>
</comp>

<comp id="131" class="1005" name="out_w_reg_131">
<pin_list>
<pin id="132" dir="0" index="0" bw="3" slack="1"/>
<pin id="133" dir="1" index="1" bw="3" slack="1"/>
</pin_list>
<bind>
<opset="out_w (phireg) "/>
</bind>
</comp>

<comp id="135" class="1004" name="out_w_phi_fu_135">
<pin_list>
<pin id="136" dir="0" index="0" bw="3" slack="0"/>
<pin id="137" dir="0" index="1" bw="0" slack="2147483647"/>
<pin id="138" dir="0" index="2" bw="1" slack="1"/>
<pin id="139" dir="0" index="3" bw="0" slack="2147483647"/>
<pin id="140" dir="1" index="4" bw="3" slack="0"/>
</pin_list>
<bind>
<opcode="phi(47) " fcode="phi"/>
<opset="out_w/5 "/>
</bind>
</comp>

<comp id="142" class="1005" name="buffer1_reg_142">
<pin_list>
<pin id="143" dir="0" index="0" bw="16" slack="1"/>
<pin id="144" dir="1" index="1" bw="16" slack="1"/>
</pin_list>
<bind>
<opset="buffer1 (phireg) "/>
</bind>
</comp>

<comp id="145" class="1004" name="buffer1_phi_fu_145">
<pin_list>
<pin id="146" dir="0" index="0" bw="13" slack="3"/>
<pin id="147" dir="0" index="1" bw="0" slack="2147483647"/>
<pin id="148" dir="0" index="2" bw="16" slack="1"/>
<pin id="149" dir="0" index="3" bw="0" slack="2147483647"/>
<pin id="150" dir="1" index="4" bw="16" slack="1"/>
</pin_list>
<bind>
<opcode="phi(47) " fcode="phi"/>
<opset="buffer1/6 "/>
</bind>
</comp>

<comp id="152" class="1005" name="in_d_reg_152">
<pin_list>
<pin id="153" dir="0" index="0" bw="4" slack="1"/>
<pin id="154" dir="1" index="1" bw="4" slack="1"/>
</pin_list>
<bind>
<opset="in_d (phireg) "/>
</bind>
</comp>

<comp id="156" class="1004" name="in_d_phi_fu_156">
<pin_list>
<pin id="157" dir="0" index="0" bw="1" slack="1"/>
<pin id="158" dir="0" index="1" bw="0" slack="2147483647"/>
<pin id="159" dir="0" index="2" bw="4" slack="0"/>
<pin id="160" dir="0" index="3" bw="0" slack="2147483647"/>
<pin id="161" dir="1" index="4" bw="4" slack="0"/>
</pin_list>
<bind>
<opcode="phi(47) " fcode="phi"/>
<opset="in_d/6 "/>
</bind>
</comp>

<comp id="163" class="1005" name="phi_mul_reg_163">
<pin_list>
<pin id="164" dir="0" index="0" bw="9" slack="1"/>
<pin id="165" dir="1" index="1" bw="9" slack="1"/>
</pin_list>
<bind>
<opset="phi_mul (phireg) "/>
</bind>
</comp>

<comp id="167" class="1004" name="phi_mul_phi_fu_167">
<pin_list>
<pin id="168" dir="0" index="0" bw="1" slack="1"/>
<pin id="169" dir="0" index="1" bw="0" slack="2147483647"/>
<pin id="170" dir="0" index="2" bw="9" slack="0"/>
<pin id="171" dir="0" index="3" bw="0" slack="2147483647"/>
<pin id="172" dir="1" index="4" bw="9" slack="0"/>
</pin_list>
<bind>
<opcode="phi(47) " fcode="phi"/>
<opset="phi_mul/6 "/>
</bind>
</comp>

<comp id="174" class="1004" name="phi_mul1_cast_fu_174">
<pin_list>
<pin id="175" dir="0" index="0" bw="9" slack="0"/>
<pin id="176" dir="1" index="1" bw="10" slack="4"/>
</pin_list>
<bind>
<opcode="zext(34) " fcode="zext"/>
<opset="phi_mul1_cast/2 "/>
</bind>
</comp>

<comp id="178" class="1004" name="next_mul2_fu_178">
<pin_list>
<pin id="179" dir="0" index="0" bw="9" slack="0"/>
<pin id="180" dir="0" index="1" bw="7" slack="0"/>
<pin id="181" dir="1" index="2" bw="9" slack="0"/>
</pin_list>
<bind>
<opcode="add(8) " fcode="add"/>
<opset="next_mul2/2 "/>
</bind>
</comp>

<comp id="184" class="1004" name="exitcond3_fu_184">
<pin_list>
<pin id="185" dir="0" index="0" bw="4" slack="0"/>
<pin id="186" dir="0" index="1" bw="4" slack="0"/>
<pin id="187" dir="1" index="2" bw="1" slack="2147483647"/>
</pin_list>
<bind>
<opcode="icmp(45) " fcode="icmp"/>
<opset="exitcond3/2 "/>
</bind>
</comp>

<comp id="190" class="1004" name="out_d_2_fu_190">
<pin_list>
<pin id="191" dir="0" index="0" bw="4" slack="0"/>
<pin id="192" dir="0" index="1" bw="1" slack="0"/>
<pin id="193" dir="1" index="2" bw="4" slack="0"/>
</pin_list>
<bind>
<opcode="add(8) " fcode="add"/>
<opset="out_d_2/2 "/>
</bind>
</comp>

<comp id="196" class="1004" name="tmp_11_fu_196">
<pin_list>
<pin id="197" dir="0" index="0" bw="4" slack="0"/>
<pin id="198" dir="1" index="1" bw="64" slack="0"/>
</pin_list>
<bind>
<opcode="zext(34) " fcode="zext"/>
<opset="tmp_11/2 "/>
</bind>
</comp>

<comp id="201" class="1004" name="tmp_14_fu_201">
<pin_list>
<pin id="202" dir="0" index="0" bw="4" slack="0"/>
<pin id="203" dir="1" index="1" bw="3" slack="1"/>
</pin_list>
<bind>
<opcode="trunc(33) " fcode="trunc"/>
<opset="tmp_14/2 "/>
</bind>
</comp>

<comp id="205" class="1004" name="tmp_12_fu_205">
<pin_list>
<pin id="206" dir="0" index="0" bw="6" slack="0"/>
<pin id="207" dir="0" index="1" bw="3" slack="1"/>
<pin id="208" dir="0" index="2" bw="1" slack="0"/>
<pin id="209" dir="1" index="3" bw="6" slack="3"/>
</pin_list>
<bind>
<opcode="bitconcatenate(1004) " fcode="bitconcatenate"/>
<opset="tmp_12/3 "/>
</bind>
</comp>

<comp id="212" class="1004" name="buffer_cast_fu_212">
<pin_list>
<pin id="213" dir="0" index="0" bw="13" slack="0"/>
<pin id="214" dir="1" index="1" bw="16" slack="3"/>
</pin_list>
<bind>
<opcode="sext(35) " fcode="sext"/>
<opset="buffer_cast/3 "/>
</bind>
</comp>

<comp id="216" class="1004" name="exitcond2_fu_216">
<pin_list>
<pin id="217" dir="0" index="0" bw="3" slack="0"/>
<pin id="218" dir="0" index="1" bw="1" slack="0"/>
<pin id="219" dir="1" index="2" bw="1" slack="2147483647"/>
</pin_list>
<bind>
<opcode="icmp(45) " fcode="icmp"/>
<opset="exitcond2/4 "/>
</bind>
</comp>

<comp id="222" class="1004" name="out_h_2_fu_222">
<pin_list>
<pin id="223" dir="0" index="0" bw="3" slack="0"/>
<pin id="224" dir="0" index="1" bw="1" slack="0"/>
<pin id="225" dir="1" index="2" bw="3" slack="0"/>
</pin_list>
<bind>
<opcode="add(8) " fcode="add"/>
<opset="out_h_2/4 "/>
</bind>
</comp>

<comp id="228" class="1004" name="tmp_21_cast6_fu_228">
<pin_list>
<pin id="229" dir="0" index="0" bw="3" slack="0"/>
<pin id="230" dir="1" index="1" bw="7" slack="0"/>
</pin_list>
<bind>
<opcode="zext(34) " fcode="zext"/>
<opset="tmp_21_cast6/4 "/>
</bind>
</comp>

<comp id="232" class="1004" name="p_shl_fu_232">
<pin_list>
<pin id="233" dir="0" index="0" bw="6" slack="0"/>
<pin id="234" dir="0" index="1" bw="3" slack="0"/>
<pin id="235" dir="0" index="2" bw="1" slack="0"/>
<pin id="236" dir="1" index="3" bw="6" slack="0"/>
</pin_list>
<bind>
<opcode="bitconcatenate(1004) " fcode="bitconcatenate"/>
<opset="p_shl/4 "/>
</bind>
</comp>

<comp id="240" class="1004" name="p_shl_cast_fu_240">
<pin_list>
<pin id="241" dir="0" index="0" bw="6" slack="0"/>
<pin id="242" dir="1" index="1" bw="7" slack="0"/>
</pin_list>
<bind>
<opcode="zext(34) " fcode="zext"/>
<opset="p_shl_cast/4 "/>
</bind>
</comp>

<comp id="244" class="1004" name="tmp_13_fu_244">
<pin_list>
<pin id="245" dir="0" index="0" bw="6" slack="0"/>
<pin id="246" dir="0" index="1" bw="3" slack="0"/>
<pin id="247" dir="1" index="2" bw="7" slack="0"/>
</pin_list>
<bind>
<opcode="sub(10) " fcode="sub"/>
<opset="tmp_13/4 "/>
</bind>
</comp>

<comp id="250" class="1004" name="tmp_22_cast_fu_250">
<pin_list>
<pin id="251" dir="0" index="0" bw="7" slack="0"/>
<pin id="252" dir="1" index="1" bw="10" slack="2"/>
</pin_list>
<bind>
<opcode="sext(35) " fcode="sext"/>
<opset="tmp_22_cast/4 "/>
</bind>
</comp>

<comp id="254" class="1004" name="exitcond1_fu_254">
<pin_list>
<pin id="255" dir="0" index="0" bw="3" slack="0"/>
<pin id="256" dir="0" index="1" bw="1" slack="0"/>
<pin id="257" dir="1" index="2" bw="1" slack="2147483647"/>
</pin_list>
<bind>
<opcode="icmp(45) " fcode="icmp"/>
<opset="exitcond1/5 "/>
</bind>
</comp>

<comp id="260" class="1004" name="out_w_2_fu_260">
<pin_list>
<pin id="261" dir="0" index="0" bw="3" slack="0"/>
<pin id="262" dir="0" index="1" bw="1" slack="0"/>
<pin id="263" dir="1" index="2" bw="3" slack="0"/>
</pin_list>
<bind>
<opcode="add(8) " fcode="add"/>
<opset="out_w_2/5 "/>
</bind>
</comp>

<comp id="266" class="1004" name="tmp_23_cast4_fu_266">
<pin_list>
<pin id="267" dir="0" index="0" bw="3" slack="0"/>
<pin id="268" dir="1" index="1" bw="7" slack="1"/>
</pin_list>
<bind>
<opcode="zext(34) " fcode="zext"/>
<opset="tmp_23_cast4/5 "/>
</bind>
</comp>

<comp id="270" class="1004" name="tmp_23_cast_fu_270">
<pin_list>
<pin id="271" dir="0" index="0" bw="3" slack="0"/>
<pin id="272" dir="1" index="1" bw="9" slack="1"/>
</pin_list>
<bind>
<opcode="zext(34) " fcode="zext"/>
<opset="tmp_23_cast/5 "/>
</bind>
</comp>

<comp id="274" class="1004" name="exitcond_fu_274">
<pin_list>
<pin id="275" dir="0" index="0" bw="4" slack="0"/>
<pin id="276" dir="0" index="1" bw="4" slack="0"/>
<pin id="277" dir="1" index="2" bw="1" slack="2147483647"/>
</pin_list>
<bind>
<opcode="icmp(45) " fcode="icmp"/>
<opset="exitcond/6 "/>
</bind>
</comp>

<comp id="280" class="1004" name="in_d_1_fu_280">
<pin_list>
<pin id="281" dir="0" index="0" bw="4" slack="0"/>
<pin id="282" dir="0" index="1" bw="1" slack="0"/>
<pin id="283" dir="1" index="2" bw="4" slack="0"/>
</pin_list>
<bind>
<opcode="add(8) " fcode="add"/>
<opset="in_d_1/6 "/>
</bind>
</comp>

<comp id="286" class="1004" name="tmp_28_cast2_fu_286">
<pin_list>
<pin id="287" dir="0" index="0" bw="4" slack="0"/>
<pin id="288" dir="1" index="1" bw="6" slack="0"/>
</pin_list>
<bind>
<opcode="zext(34) " fcode="zext"/>
<opset="tmp_28_cast2/6 "/>
</bind>
</comp>

<comp id="290" class="1004" name="next_mul_fu_290">
<pin_list>
<pin id="291" dir="0" index="0" bw="9" slack="0"/>
<pin id="292" dir="0" index="1" bw="7" slack="0"/>
<pin id="293" dir="1" index="2" bw="9" slack="0"/>
</pin_list>
<bind>
<opcode="add(8) " fcode="add"/>
<opset="next_mul/6 "/>
</bind>
</comp>

<comp id="296" class="1004" name="tmp_fu_296">
<pin_list>
<pin id="297" dir="0" index="0" bw="9" slack="0"/>
<pin id="298" dir="0" index="1" bw="3" slack="1"/>
<pin id="299" dir="1" index="2" bw="9" slack="0"/>
</pin_list>
<bind>
<opcode="add(8) " fcode="add"/>
<opset="tmp/6 "/>
</bind>
</comp>

<comp id="301" class="1004" name="tmp_cast_fu_301">
<pin_list>
<pin id="302" dir="0" index="0" bw="9" slack="0"/>
<pin id="303" dir="1" index="1" bw="10" slack="0"/>
</pin_list>
<bind>
<opcode="zext(34) " fcode="zext"/>
<opset="tmp_cast/6 "/>
</bind>
</comp>

<comp id="305" class="1004" name="tmp_19_fu_305">
<pin_list>
<pin id="306" dir="0" index="0" bw="9" slack="0"/>
<pin id="307" dir="0" index="1" bw="7" slack="2"/>
<pin id="308" dir="1" index="2" bw="10" slack="1"/>
</pin_list>
<bind>
<opcode="add(8) " fcode="add"/>
<opset="tmp_19/6 "/>
</bind>
</comp>

<comp id="310" class="1004" name="tmp_21_fu_310">
<pin_list>
<pin id="311" dir="0" index="0" bw="6" slack="3"/>
<pin id="312" dir="0" index="1" bw="4" slack="0"/>
<pin id="313" dir="1" index="2" bw="6" slack="1"/>
</pin_list>
<bind>
<opcode="add(8) " fcode="add"/>
<opset="tmp_21/6 "/>
</bind>
</comp>

<comp id="315" class="1004" name="tmp1_fu_315">
<pin_list>
<pin id="316" dir="0" index="0" bw="7" slack="2"/>
<pin id="317" dir="0" index="1" bw="3" slack="1"/>
<pin id="318" dir="1" index="2" bw="7" slack="0"/>
</pin_list>
<bind>
<opcode="add(8) " fcode="add"/>
<opset="tmp1/6 "/>
</bind>
</comp>

<comp id="319" class="1004" name="tmp1_cast_fu_319">
<pin_list>
<pin id="320" dir="0" index="0" bw="7" slack="0"/>
<pin id="321" dir="1" index="1" bw="10" slack="0"/>
</pin_list>
<bind>
<opcode="sext(35) " fcode="sext"/>
<opset="tmp1_cast/6 "/>
</bind>
</comp>

<comp id="323" class="1004" name="tmp_17_fu_323">
<pin_list>
<pin id="324" dir="0" index="0" bw="7" slack="0"/>
<pin id="325" dir="0" index="1" bw="9" slack="4"/>
<pin id="326" dir="1" index="2" bw="10" slack="1"/>
</pin_list>
<bind>
<opcode="add(8) " fcode="add"/>
<opset="tmp_17/6 "/>
</bind>
</comp>

<comp id="328" class="1004" name="tmp_31_cast_fu_328">
<pin_list>
<pin id="329" dir="0" index="0" bw="10" slack="1"/>
<pin id="330" dir="1" index="1" bw="32" slack="0"/>
</pin_list>
<bind>
<opcode="sext(35) " fcode="sext"/>
<opset="tmp_31_cast/7 "/>
</bind>
</comp>

<comp id="331" class="1004" name="tmp_20_fu_331">
<pin_list>
<pin id="332" dir="0" index="0" bw="10" slack="0"/>
<pin id="333" dir="1" index="1" bw="64" slack="0"/>
</pin_list>
<bind>
<opcode="zext(34) " fcode="zext"/>
<opset="tmp_20/7 "/>
</bind>
</comp>

<comp id="336" class="1004" name="tmp_22_fu_336">
<pin_list>
<pin id="337" dir="0" index="0" bw="6" slack="1"/>
<pin id="338" dir="1" index="1" bw="64" slack="0"/>
</pin_list>
<bind>
<opcode="zext(34) " fcode="zext"/>
<opset="tmp_22/7 "/>
</bind>
</comp>

<comp id="340" class="1004" name="tmp_33_cast_fu_340">
<pin_list>
<pin id="341" dir="0" index="0" bw="16" slack="1"/>
<pin id="342" dir="1" index="1" bw="30" slack="0"/>
</pin_list>
<bind>
<opcode="sext(35) " fcode="sext"/>
<opset="tmp_33_cast/9 "/>
</bind>
</comp>

<comp id="343" class="1004" name="tmp_36_cast_fu_343">
<pin_list>
<pin id="344" dir="0" index="0" bw="15" slack="1"/>
<pin id="345" dir="1" index="1" bw="30" slack="0"/>
</pin_list>
<bind>
<opcode="sext(35) " fcode="sext"/>
<opset="tmp_36_cast/9 "/>
</bind>
</comp>

<comp id="346" class="1004" name="tmp_s_fu_346">
<pin_list>
<pin id="347" dir="0" index="0" bw="16" slack="0"/>
<pin id="348" dir="0" index="1" bw="30" slack="1"/>
<pin id="349" dir="0" index="2" bw="5" slack="0"/>
<pin id="350" dir="0" index="3" bw="6" slack="0"/>
<pin id="351" dir="1" index="4" bw="16" slack="0"/>
</pin_list>
<bind>
<opcode="partselect(1002) " fcode="partselect"/>
<opset="tmp_s/10 "/>
</bind>
</comp>

<comp id="355" class="1004" name="buffer_2_fu_355">
<pin_list>
<pin id="356" dir="0" index="0" bw="16" slack="0"/>
<pin id="357" dir="0" index="1" bw="16" slack="4"/>
<pin id="358" dir="1" index="2" bw="16" slack="1"/>
</pin_list>
<bind>
<opcode="add(8) " fcode="add"/>
<opset="buffer_2/10 "/>
</bind>
</comp>

<comp id="361" class="1004" name="tmp_15_fu_361">
<pin_list>
<pin id="362" dir="0" index="0" bw="16" slack="1"/>
<pin id="363" dir="1" index="1" bw="15" slack="0"/>
</pin_list>
<bind>
<opcode="trunc(33) " fcode="trunc"/>
<opset="tmp_15/11 "/>
</bind>
</comp>

<comp id="365" class="1004" name="tmp_16_fu_365">
<pin_list>
<pin id="366" dir="0" index="0" bw="1" slack="0"/>
<pin id="367" dir="0" index="1" bw="16" slack="1"/>
<pin id="368" dir="0" index="2" bw="5" slack="0"/>
<pin id="369" dir="1" index="3" bw="1" slack="0"/>
</pin_list>
<bind>
<opcode="bitselect(1000) " fcode="bitselect"/>
<opset="tmp_16/11 "/>
</bind>
</comp>

<comp id="373" class="1004" name="buffer_1_fu_373">
<pin_list>
<pin id="374" dir="0" index="0" bw="1" slack="0"/>
<pin id="375" dir="0" index="1" bw="1" slack="0"/>
<pin id="376" dir="0" index="2" bw="15" slack="0"/>
<pin id="377" dir="1" index="3" bw="15" slack="0"/>
</pin_list>
<bind>
<opcode="select(49) " fcode="select"/>
<opset="buffer_1/11 "/>
</bind>
</comp>

<comp id="381" class="1004" name="buffer_1_cast_fu_381">
<pin_list>
<pin id="382" dir="0" index="0" bw="15" slack="0"/>
<pin id="383" dir="1" index="1" bw="16" slack="0"/>
</pin_list>
<bind>
<opcode="zext(34) " fcode="zext"/>
<opset="buffer_1_cast/11 "/>
</bind>
</comp>

<comp id="386" class="1004" name="tmp_26_cast_fu_386">
<pin_list>
<pin id="387" dir="0" index="0" bw="10" slack="1"/>
<pin id="388" dir="1" index="1" bw="32" slack="0"/>
</pin_list>
<bind>
<opcode="sext(35) " fcode="sext"/>
<opset="tmp_26_cast/11 "/>
</bind>
</comp>

<comp id="389" class="1004" name="tmp_18_fu_389">
<pin_list>
<pin id="390" dir="0" index="0" bw="10" slack="0"/>
<pin id="391" dir="1" index="1" bw="64" slack="0"/>
</pin_list>
<bind>
<opcode="zext(34) " fcode="zext"/>
<opset="tmp_18/11 "/>
</bind>
</comp>

<comp id="394" class="1007" name="tmp_23_fu_394">
<pin_list>
<pin id="395" dir="0" index="0" bw="16" slack="0"/>
<pin id="396" dir="0" index="1" bw="15" slack="0"/>
<pin id="397" dir="1" index="2" bw="30" slack="1"/>
</pin_list>
<bind>
<opcode="mul(12) " fcode="mul"/>
<opset="tmp_23/9 "/>
</bind>
</comp>

<comp id="400" class="1005" name="phi_mul1_cast_reg_400">
<pin_list>
<pin id="401" dir="0" index="0" bw="10" slack="4"/>
<pin id="402" dir="1" index="1" bw="10" slack="4"/>
</pin_list>
<bind>
<opset="phi_mul1_cast "/>
</bind>
</comp>

<comp id="405" class="1005" name="next_mul2_reg_405">
<pin_list>
<pin id="406" dir="0" index="0" bw="9" slack="0"/>
<pin id="407" dir="1" index="1" bw="9" slack="0"/>
</pin_list>
<bind>
<opset="next_mul2 "/>
</bind>
</comp>

<comp id="413" class="1005" name="out_d_2_reg_413">
<pin_list>
<pin id="414" dir="0" index="0" bw="4" slack="0"/>
<pin id="415" dir="1" index="1" bw="4" slack="0"/>
</pin_list>
<bind>
<opset="out_d_2 "/>
</bind>
</comp>

<comp id="418" class="1005" name="SeparableConv2D_2_b_2_reg_418">
<pin_list>
<pin id="419" dir="0" index="0" bw="3" slack="1"/>
<pin id="420" dir="1" index="1" bw="3" slack="1"/>
</pin_list>
<bind>
<opset="SeparableConv2D_2_b_2 "/>
</bind>
</comp>

<comp id="423" class="1005" name="tmp_14_reg_423">
<pin_list>
<pin id="424" dir="0" index="0" bw="3" slack="1"/>
<pin id="425" dir="1" index="1" bw="3" slack="1"/>
</pin_list>
<bind>
<opset="tmp_14 "/>
</bind>
</comp>

<comp id="428" class="1005" name="tmp_12_reg_428">
<pin_list>
<pin id="429" dir="0" index="0" bw="6" slack="3"/>
<pin id="430" dir="1" index="1" bw="6" slack="3"/>
</pin_list>
<bind>
<opset="tmp_12 "/>
</bind>
</comp>

<comp id="433" class="1005" name="buffer_cast_reg_433">
<pin_list>
<pin id="434" dir="0" index="0" bw="16" slack="3"/>
<pin id="435" dir="1" index="1" bw="16" slack="3"/>
</pin_list>
<bind>
<opset="buffer_cast "/>
</bind>
</comp>

<comp id="441" class="1005" name="out_h_2_reg_441">
<pin_list>
<pin id="442" dir="0" index="0" bw="3" slack="0"/>
<pin id="443" dir="1" index="1" bw="3" slack="0"/>
</pin_list>
<bind>
<opset="out_h_2 "/>
</bind>
</comp>

<comp id="446" class="1005" name="tmp_13_reg_446">
<pin_list>
<pin id="447" dir="0" index="0" bw="7" slack="2"/>
<pin id="448" dir="1" index="1" bw="7" slack="2"/>
</pin_list>
<bind>
<opset="tmp_13 "/>
</bind>
</comp>

<comp id="451" class="1005" name="tmp_22_cast_reg_451">
<pin_list>
<pin id="452" dir="0" index="0" bw="10" slack="2"/>
<pin id="453" dir="1" index="1" bw="10" slack="2"/>
</pin_list>
<bind>
<opset="tmp_22_cast "/>
</bind>
</comp>

<comp id="459" class="1005" name="out_w_2_reg_459">
<pin_list>
<pin id="460" dir="0" index="0" bw="3" slack="0"/>
<pin id="461" dir="1" index="1" bw="3" slack="0"/>
</pin_list>
<bind>
<opset="out_w_2 "/>
</bind>
</comp>

<comp id="464" class="1005" name="tmp_23_cast4_reg_464">
<pin_list>
<pin id="465" dir="0" index="0" bw="7" slack="1"/>
<pin id="466" dir="1" index="1" bw="7" slack="1"/>
</pin_list>
<bind>
<opset="tmp_23_cast4 "/>
</bind>
</comp>

<comp id="469" class="1005" name="tmp_23_cast_reg_469">
<pin_list>
<pin id="470" dir="0" index="0" bw="9" slack="1"/>
<pin id="471" dir="1" index="1" bw="9" slack="1"/>
</pin_list>
<bind>
<opset="tmp_23_cast "/>
</bind>
</comp>

<comp id="477" class="1005" name="in_d_1_reg_477">
<pin_list>
<pin id="478" dir="0" index="0" bw="4" slack="0"/>
<pin id="479" dir="1" index="1" bw="4" slack="0"/>
</pin_list>
<bind>
<opset="in_d_1 "/>
</bind>
</comp>

<comp id="482" class="1005" name="next_mul_reg_482">
<pin_list>
<pin id="483" dir="0" index="0" bw="9" slack="0"/>
<pin id="484" dir="1" index="1" bw="9" slack="0"/>
</pin_list>
<bind>
<opset="next_mul "/>
</bind>
</comp>

<comp id="487" class="1005" name="tmp_19_reg_487">
<pin_list>
<pin id="488" dir="0" index="0" bw="10" slack="1"/>
<pin id="489" dir="1" index="1" bw="10" slack="1"/>
</pin_list>
<bind>
<opset="tmp_19 "/>
</bind>
</comp>

<comp id="492" class="1005" name="tmp_21_reg_492">
<pin_list>
<pin id="493" dir="0" index="0" bw="6" slack="1"/>
<pin id="494" dir="1" index="1" bw="6" slack="1"/>
</pin_list>
<bind>
<opset="tmp_21 "/>
</bind>
</comp>

<comp id="497" class="1005" name="tmp_17_reg_497">
<pin_list>
<pin id="498" dir="0" index="0" bw="10" slack="1"/>
<pin id="499" dir="1" index="1" bw="10" slack="1"/>
</pin_list>
<bind>
<opset="tmp_17 "/>
</bind>
</comp>

<comp id="502" class="1005" name="input_addr_reg_502">
<pin_list>
<pin id="503" dir="0" index="0" bw="14" slack="1"/>
<pin id="504" dir="1" index="1" bw="14" slack="1"/>
</pin_list>
<bind>
<opset="input_addr "/>
</bind>
</comp>

<comp id="507" class="1005" name="SeparableConv2D_2_w_2_reg_507">
<pin_list>
<pin id="508" dir="0" index="0" bw="6" slack="1"/>
<pin id="509" dir="1" index="1" bw="6" slack="1"/>
</pin_list>
<bind>
<opset="SeparableConv2D_2_w_2 "/>
</bind>
</comp>

<comp id="512" class="1005" name="input_load_reg_512">
<pin_list>
<pin id="513" dir="0" index="0" bw="16" slack="1"/>
<pin id="514" dir="1" index="1" bw="16" slack="1"/>
</pin_list>
<bind>
<opset="input_load "/>
</bind>
</comp>

<comp id="517" class="1005" name="SeparableConv2D_2_w_3_reg_517">
<pin_list>
<pin id="518" dir="0" index="0" bw="15" slack="1"/>
<pin id="519" dir="1" index="1" bw="15" slack="1"/>
</pin_list>
<bind>
<opset="SeparableConv2D_2_w_3 "/>
</bind>
</comp>

<comp id="522" class="1005" name="tmp_23_reg_522">
<pin_list>
<pin id="523" dir="0" index="0" bw="30" slack="1"/>
<pin id="524" dir="1" index="1" bw="30" slack="1"/>
</pin_list>
<bind>
<opset="tmp_23 "/>
</bind>
</comp>

<comp id="527" class="1005" name="buffer_2_reg_527">
<pin_list>
<pin id="528" dir="0" index="0" bw="16" slack="1"/>
<pin id="529" dir="1" index="1" bw="16" slack="1"/>
</pin_list>
<bind>
<opset="buffer_2 "/>
</bind>
</comp>

</comp_list>

<net_list>
<net id="51"><net_src comp="4" pin="0"/><net_sink comp="46" pin=0"/></net>

<net id="52"><net_src comp="22" pin="0"/><net_sink comp="46" pin=1"/></net>

<net id="58"><net_src comp="46" pin="3"/><net_sink comp="53" pin=0"/></net>

<net id="64"><net_src comp="0" pin="0"/><net_sink comp="59" pin=0"/></net>

<net id="65"><net_src comp="22" pin="0"/><net_sink comp="59" pin=1"/></net>

<net id="71"><net_src comp="59" pin="3"/><net_sink comp="66" pin=0"/></net>

<net id="77"><net_src comp="6" pin="0"/><net_sink comp="72" pin=0"/></net>

<net id="78"><net_src comp="22" pin="0"/><net_sink comp="72" pin=1"/></net>

<net id="84"><net_src comp="72" pin="3"/><net_sink comp="79" pin=0"/></net>

<net id="90"><net_src comp="2" pin="0"/><net_sink comp="85" pin=0"/></net>

<net id="91"><net_src comp="22" pin="0"/><net_sink comp="85" pin=1"/></net>

<net id="97"><net_src comp="85" pin="3"/><net_sink comp="92" pin=0"/></net>

<net id="101"><net_src comp="8" pin="0"/><net_sink comp="98" pin=0"/></net>

<net id="108"><net_src comp="98" pin="1"/><net_sink comp="102" pin=0"/></net>

<net id="112"><net_src comp="10" pin="0"/><net_sink comp="109" pin=0"/></net>

<net id="119"><net_src comp="109" pin="1"/><net_sink comp="113" pin=0"/></net>

<net id="123"><net_src comp="26" pin="0"/><net_sink comp="120" pin=0"/></net>

<net id="130"><net_src comp="120" pin="1"/><net_sink comp="124" pin=0"/></net>

<net id="134"><net_src comp="26" pin="0"/><net_sink comp="131" pin=0"/></net>

<net id="141"><net_src comp="131" pin="1"/><net_sink comp="135" pin=2"/></net>

<net id="151"><net_src comp="145" pin="4"/><net_sink comp="142" pin=0"/></net>

<net id="155"><net_src comp="8" pin="0"/><net_sink comp="152" pin=0"/></net>

<net id="162"><net_src comp="152" pin="1"/><net_sink comp="156" pin=0"/></net>

<net id="166"><net_src comp="10" pin="0"/><net_sink comp="163" pin=0"/></net>

<net id="173"><net_src comp="163" pin="1"/><net_sink comp="167" pin=0"/></net>

<net id="177"><net_src comp="113" pin="4"/><net_sink comp="174" pin=0"/></net>

<net id="182"><net_src comp="113" pin="4"/><net_sink comp="178" pin=0"/></net>

<net id="183"><net_src comp="12" pin="0"/><net_sink comp="178" pin=1"/></net>

<net id="188"><net_src comp="102" pin="4"/><net_sink comp="184" pin=0"/></net>

<net id="189"><net_src comp="14" pin="0"/><net_sink comp="184" pin=1"/></net>

<net id="194"><net_src comp="102" pin="4"/><net_sink comp="190" pin=0"/></net>

<net id="195"><net_src comp="20" pin="0"/><net_sink comp="190" pin=1"/></net>

<net id="199"><net_src comp="102" pin="4"/><net_sink comp="196" pin=0"/></net>

<net id="200"><net_src comp="196" pin="1"/><net_sink comp="46" pin=2"/></net>

<net id="204"><net_src comp="102" pin="4"/><net_sink comp="201" pin=0"/></net>

<net id="210"><net_src comp="24" pin="0"/><net_sink comp="205" pin=0"/></net>

<net id="211"><net_src comp="26" pin="0"/><net_sink comp="205" pin=2"/></net>

<net id="215"><net_src comp="53" pin="3"/><net_sink comp="212" pin=0"/></net>

<net id="220"><net_src comp="124" pin="4"/><net_sink comp="216" pin=0"/></net>

<net id="221"><net_src comp="28" pin="0"/><net_sink comp="216" pin=1"/></net>

<net id="226"><net_src comp="124" pin="4"/><net_sink comp="222" pin=0"/></net>

<net id="227"><net_src comp="32" pin="0"/><net_sink comp="222" pin=1"/></net>

<net id="231"><net_src comp="124" pin="4"/><net_sink comp="228" pin=0"/></net>

<net id="237"><net_src comp="24" pin="0"/><net_sink comp="232" pin=0"/></net>

<net id="238"><net_src comp="124" pin="4"/><net_sink comp="232" pin=1"/></net>

<net id="239"><net_src comp="26" pin="0"/><net_sink comp="232" pin=2"/></net>

<net id="243"><net_src comp="232" pin="3"/><net_sink comp="240" pin=0"/></net>

<net id="248"><net_src comp="240" pin="1"/><net_sink comp="244" pin=0"/></net>

<net id="249"><net_src comp="228" pin="1"/><net_sink comp="244" pin=1"/></net>

<net id="253"><net_src comp="244" pin="2"/><net_sink comp="250" pin=0"/></net>

<net id="258"><net_src comp="135" pin="4"/><net_sink comp="254" pin=0"/></net>

<net id="259"><net_src comp="28" pin="0"/><net_sink comp="254" pin=1"/></net>

<net id="264"><net_src comp="135" pin="4"/><net_sink comp="260" pin=0"/></net>

<net id="265"><net_src comp="32" pin="0"/><net_sink comp="260" pin=1"/></net>

<net id="269"><net_src comp="135" pin="4"/><net_sink comp="266" pin=0"/></net>

<net id="273"><net_src comp="135" pin="4"/><net_sink comp="270" pin=0"/></net>

<net id="278"><net_src comp="156" pin="4"/><net_sink comp="274" pin=0"/></net>

<net id="279"><net_src comp="14" pin="0"/><net_sink comp="274" pin=1"/></net>

<net id="284"><net_src comp="156" pin="4"/><net_sink comp="280" pin=0"/></net>

<net id="285"><net_src comp="20" pin="0"/><net_sink comp="280" pin=1"/></net>

<net id="289"><net_src comp="156" pin="4"/><net_sink comp="286" pin=0"/></net>

<net id="294"><net_src comp="167" pin="4"/><net_sink comp="290" pin=0"/></net>

<net id="295"><net_src comp="12" pin="0"/><net_sink comp="290" pin=1"/></net>

<net id="300"><net_src comp="167" pin="4"/><net_sink comp="296" pin=0"/></net>

<net id="304"><net_src comp="296" pin="2"/><net_sink comp="301" pin=0"/></net>

<net id="309"><net_src comp="301" pin="1"/><net_sink comp="305" pin=0"/></net>

<net id="314"><net_src comp="286" pin="1"/><net_sink comp="310" pin=1"/></net>

<net id="322"><net_src comp="315" pin="2"/><net_sink comp="319" pin=0"/></net>

<net id="327"><net_src comp="319" pin="1"/><net_sink comp="323" pin=0"/></net>

<net id="334"><net_src comp="328" pin="1"/><net_sink comp="331" pin=0"/></net>

<net id="335"><net_src comp="331" pin="1"/><net_sink comp="59" pin=2"/></net>

<net id="339"><net_src comp="336" pin="1"/><net_sink comp="72" pin=2"/></net>

<net id="352"><net_src comp="34" pin="0"/><net_sink comp="346" pin=0"/></net>

<net id="353"><net_src comp="36" pin="0"/><net_sink comp="346" pin=2"/></net>

<net id="354"><net_src comp="38" pin="0"/><net_sink comp="346" pin=3"/></net>

<net id="359"><net_src comp="346" pin="4"/><net_sink comp="355" pin=0"/></net>

<net id="360"><net_src comp="142" pin="1"/><net_sink comp="355" pin=1"/></net>

<net id="364"><net_src comp="142" pin="1"/><net_sink comp="361" pin=0"/></net>

<net id="370"><net_src comp="40" pin="0"/><net_sink comp="365" pin=0"/></net>

<net id="371"><net_src comp="142" pin="1"/><net_sink comp="365" pin=1"/></net>

<net id="372"><net_src comp="42" pin="0"/><net_sink comp="365" pin=2"/></net>

<net id="378"><net_src comp="365" pin="3"/><net_sink comp="373" pin=0"/></net>

<net id="379"><net_src comp="44" pin="0"/><net_sink comp="373" pin=1"/></net>

<net id="380"><net_src comp="361" pin="1"/><net_sink comp="373" pin=2"/></net>

<net id="384"><net_src comp="373" pin="3"/><net_sink comp="381" pin=0"/></net>

<net id="385"><net_src comp="381" pin="1"/><net_sink comp="92" pin=1"/></net>

<net id="392"><net_src comp="386" pin="1"/><net_sink comp="389" pin=0"/></net>

<net id="393"><net_src comp="389" pin="1"/><net_sink comp="85" pin=2"/></net>

<net id="398"><net_src comp="340" pin="1"/><net_sink comp="394" pin=0"/></net>

<net id="399"><net_src comp="343" pin="1"/><net_sink comp="394" pin=1"/></net>

<net id="403"><net_src comp="174" pin="1"/><net_sink comp="400" pin=0"/></net>

<net id="404"><net_src comp="400" pin="1"/><net_sink comp="323" pin=1"/></net>

<net id="408"><net_src comp="178" pin="2"/><net_sink comp="405" pin=0"/></net>

<net id="409"><net_src comp="405" pin="1"/><net_sink comp="113" pin=2"/></net>

<net id="416"><net_src comp="190" pin="2"/><net_sink comp="413" pin=0"/></net>

<net id="417"><net_src comp="413" pin="1"/><net_sink comp="102" pin=2"/></net>

<net id="421"><net_src comp="46" pin="3"/><net_sink comp="418" pin=0"/></net>

<net id="422"><net_src comp="418" pin="1"/><net_sink comp="53" pin=0"/></net>

<net id="426"><net_src comp="201" pin="1"/><net_sink comp="423" pin=0"/></net>

<net id="427"><net_src comp="423" pin="1"/><net_sink comp="205" pin=1"/></net>

<net id="431"><net_src comp="205" pin="3"/><net_sink comp="428" pin=0"/></net>

<net id="432"><net_src comp="428" pin="1"/><net_sink comp="310" pin=0"/></net>

<net id="436"><net_src comp="212" pin="1"/><net_sink comp="433" pin=0"/></net>

<net id="437"><net_src comp="433" pin="1"/><net_sink comp="145" pin=0"/></net>

<net id="444"><net_src comp="222" pin="2"/><net_sink comp="441" pin=0"/></net>

<net id="445"><net_src comp="441" pin="1"/><net_sink comp="124" pin=2"/></net>

<net id="449"><net_src comp="244" pin="2"/><net_sink comp="446" pin=0"/></net>

<net id="450"><net_src comp="446" pin="1"/><net_sink comp="315" pin=0"/></net>

<net id="454"><net_src comp="250" pin="1"/><net_sink comp="451" pin=0"/></net>

<net id="455"><net_src comp="451" pin="1"/><net_sink comp="305" pin=1"/></net>

<net id="462"><net_src comp="260" pin="2"/><net_sink comp="459" pin=0"/></net>

<net id="463"><net_src comp="459" pin="1"/><net_sink comp="135" pin=0"/></net>

<net id="467"><net_src comp="266" pin="1"/><net_sink comp="464" pin=0"/></net>

<net id="468"><net_src comp="464" pin="1"/><net_sink comp="315" pin=1"/></net>

<net id="472"><net_src comp="270" pin="1"/><net_sink comp="469" pin=0"/></net>

<net id="473"><net_src comp="469" pin="1"/><net_sink comp="296" pin=1"/></net>

<net id="480"><net_src comp="280" pin="2"/><net_sink comp="477" pin=0"/></net>

<net id="481"><net_src comp="477" pin="1"/><net_sink comp="156" pin=2"/></net>

<net id="485"><net_src comp="290" pin="2"/><net_sink comp="482" pin=0"/></net>

<net id="486"><net_src comp="482" pin="1"/><net_sink comp="167" pin=2"/></net>

<net id="490"><net_src comp="305" pin="2"/><net_sink comp="487" pin=0"/></net>

<net id="491"><net_src comp="487" pin="1"/><net_sink comp="328" pin=0"/></net>

<net id="495"><net_src comp="310" pin="2"/><net_sink comp="492" pin=0"/></net>

<net id="496"><net_src comp="492" pin="1"/><net_sink comp="336" pin=0"/></net>

<net id="500"><net_src comp="323" pin="2"/><net_sink comp="497" pin=0"/></net>

<net id="501"><net_src comp="497" pin="1"/><net_sink comp="386" pin=0"/></net>

<net id="505"><net_src comp="59" pin="3"/><net_sink comp="502" pin=0"/></net>

<net id="506"><net_src comp="502" pin="1"/><net_sink comp="66" pin=0"/></net>

<net id="510"><net_src comp="72" pin="3"/><net_sink comp="507" pin=0"/></net>

<net id="511"><net_src comp="507" pin="1"/><net_sink comp="79" pin=0"/></net>

<net id="515"><net_src comp="66" pin="3"/><net_sink comp="512" pin=0"/></net>

<net id="516"><net_src comp="512" pin="1"/><net_sink comp="340" pin=0"/></net>

<net id="520"><net_src comp="79" pin="3"/><net_sink comp="517" pin=0"/></net>

<net id="521"><net_src comp="517" pin="1"/><net_sink comp="343" pin=0"/></net>

<net id="525"><net_src comp="394" pin="2"/><net_sink comp="522" pin=0"/></net>

<net id="526"><net_src comp="522" pin="1"/><net_sink comp="346" pin=1"/></net>

<net id="530"><net_src comp="355" pin="2"/><net_sink comp="527" pin=0"/></net>

<net id="531"><net_src comp="527" pin="1"/><net_sink comp="145" pin=2"/></net>

</net_list>

</model> 
---------------- Datapath Model END ------------------

* FSMD analyzer results:
  - Output states:
	Port: output_r | {11 }
 - Input state : 
	Port: pointwise_conv2d_fix.2 : input_r | {7 8 }
	Port: pointwise_conv2d_fix.2 : SeparableConv2D_2_b_s | {2 3 }
	Port: pointwise_conv2d_fix.2 : SeparableConv2D_2_w_s | {7 8 }
  - Chain level:
	State 1
	State 2
		phi_mul1_cast : 1
		next_mul2 : 1
		exitcond3 : 1
		out_d_2 : 1
		StgValue_20 : 2
		tmp_11 : 1
		SeparableConv2D_2_b_2 : 2
		tmp_14 : 1
		buffer : 3
	State 3
		buffer_cast : 1
	State 4
		exitcond2 : 1
		out_h_2 : 1
		StgValue_34 : 2
		tmp_21_cast6 : 1
		p_shl : 1
		p_shl_cast : 2
		tmp_13 : 3
		tmp_22_cast : 4
	State 5
		exitcond1 : 1
		out_w_2 : 1
		StgValue_46 : 2
		tmp_23_cast4 : 1
		tmp_23_cast : 1
	State 6
		exitcond : 1
		in_d_1 : 1
		StgValue_57 : 2
		tmp_28_cast2 : 1
		next_mul : 1
		tmp : 1
		tmp_cast : 2
		tmp_19 : 3
		tmp_21 : 2
		tmp1_cast : 1
		tmp_17 : 2
	State 7
		tmp_20 : 1
		input_addr : 2
		input_load : 3
		SeparableConv2D_2_w_2 : 1
		SeparableConv2D_2_w_3 : 2
	State 8
	State 9
		tmp_23 : 1
	State 10
		buffer_2 : 1
	State 11
		buffer_1 : 1
		buffer_1_cast : 2
		tmp_18 : 1
		output_addr : 2
		StgValue_89 : 3


============================================================
+ Verbose Summary: Datapath Resource usage 
============================================================

* Functional unit list:
|----------|----------------------|---------|---------|---------|
| Operation|    Functional Unit   |  DSP48E |    FF   |   LUT   |
|----------|----------------------|---------|---------|---------|
|          |   next_mul2_fu_178   |    0    |    0    |    15   |
|          |    out_d_2_fu_190    |    0    |    0    |    13   |
|          |    out_h_2_fu_222    |    0    |    0    |    12   |
|          |    out_w_2_fu_260    |    0    |    0    |    12   |
|          |     in_d_1_fu_280    |    0    |    0    |    13   |
|    add   |    next_mul_fu_290   |    0    |    0    |    15   |
|          |      tmp_fu_296      |    0    |    0    |    15   |
|          |     tmp_19_fu_305    |    0    |    0    |    15   |
|          |     tmp_21_fu_310    |    0    |    0    |    15   |
|          |      tmp1_fu_315     |    0    |    0    |    15   |
|          |     tmp_17_fu_323    |    0    |    0    |    15   |
|          |    buffer_2_fu_355   |    0    |    0    |    23   |
|----------|----------------------|---------|---------|---------|
|          |   exitcond3_fu_184   |    0    |    0    |    9    |
|   icmp   |   exitcond2_fu_216   |    0    |    0    |    9    |
|          |   exitcond1_fu_254   |    0    |    0    |    9    |
|          |    exitcond_fu_274   |    0    |    0    |    9    |
|----------|----------------------|---------|---------|---------|
|    sub   |     tmp_13_fu_244    |    0    |    0    |    15   |
|----------|----------------------|---------|---------|---------|
|  select  |    buffer_1_fu_373   |    0    |    0    |    15   |
|----------|----------------------|---------|---------|---------|
|    mul   |     tmp_23_fu_394    |    1    |    0    |    0    |
|----------|----------------------|---------|---------|---------|
|          | phi_mul1_cast_fu_174 |    0    |    0    |    0    |
|          |     tmp_11_fu_196    |    0    |    0    |    0    |
|          |  tmp_21_cast6_fu_228 |    0    |    0    |    0    |
|          |   p_shl_cast_fu_240  |    0    |    0    |    0    |
|          |  tmp_23_cast4_fu_266 |    0    |    0    |    0    |
|   zext   |  tmp_23_cast_fu_270  |    0    |    0    |    0    |
|          |  tmp_28_cast2_fu_286 |    0    |    0    |    0    |
|          |    tmp_cast_fu_301   |    0    |    0    |    0    |
|          |     tmp_20_fu_331    |    0    |    0    |    0    |
|          |     tmp_22_fu_336    |    0    |    0    |    0    |
|          | buffer_1_cast_fu_381 |    0    |    0    |    0    |
|          |     tmp_18_fu_389    |    0    |    0    |    0    |
|----------|----------------------|---------|---------|---------|
|   trunc  |     tmp_14_fu_201    |    0    |    0    |    0    |
|          |     tmp_15_fu_361    |    0    |    0    |    0    |
|----------|----------------------|---------|---------|---------|
|bitconcatenate|     tmp_12_fu_205    |    0    |    0    |    0    |
|          |     p_shl_fu_232     |    0    |    0    |    0    |
|----------|----------------------|---------|---------|---------|
|          |  buffer_cast_fu_212  |    0    |    0    |    0    |
|          |  tmp_22_cast_fu_250  |    0    |    0    |    0    |
|          |   tmp1_cast_fu_319   |    0    |    0    |    0    |
|   sext   |  tmp_31_cast_fu_328  |    0    |    0    |    0    |
|          |  tmp_33_cast_fu_340  |    0    |    0    |    0    |
|          |  tmp_36_cast_fu_343  |    0    |    0    |    0    |
|          |  tmp_26_cast_fu_386  |    0    |    0    |    0    |
|----------|----------------------|---------|---------|---------|
|partselect|     tmp_s_fu_346     |    0    |    0    |    0    |
|----------|----------------------|---------|---------|---------|
| bitselect|     tmp_16_fu_365    |    0    |    0    |    0    |
|----------|----------------------|---------|---------|---------|
|   Total  |                      |    1    |    0    |   244   |
|----------|----------------------|---------|---------|---------|

Memories:
N/A

* Register list:
+-----------------------------+--------+
|                             |   FF   |
+-----------------------------+--------+
|SeparableConv2D_2_b_2_reg_418|    3   |
|SeparableConv2D_2_w_2_reg_507|    6   |
|SeparableConv2D_2_w_3_reg_517|   15   |
|       buffer1_reg_142       |   16   |
|       buffer_2_reg_527      |   16   |
|     buffer_cast_reg_433     |   16   |
|        in_d_1_reg_477       |    4   |
|         in_d_reg_152        |    4   |
|      input_addr_reg_502     |   14   |
|      input_load_reg_512     |   16   |
|      next_mul2_reg_405      |    9   |
|       next_mul_reg_482      |    9   |
|       out_d_2_reg_413       |    4   |
|         out_d_reg_98        |    4   |
|       out_h_2_reg_441       |    3   |
|        out_h_reg_120        |    3   |
|       out_w_2_reg_459       |    3   |
|        out_w_reg_131        |    3   |
|    phi_mul1_cast_reg_400    |   10   |
|       phi_mul1_reg_109      |    9   |
|       phi_mul_reg_163       |    9   |
|        tmp_12_reg_428       |    6   |
|        tmp_13_reg_446       |    7   |
|        tmp_14_reg_423       |    3   |
|        tmp_17_reg_497       |   10   |
|        tmp_19_reg_487       |   10   |
|        tmp_21_reg_492       |    6   |
|     tmp_22_cast_reg_451     |   10   |
|     tmp_23_cast4_reg_464    |    7   |
|     tmp_23_cast_reg_469     |    9   |
|        tmp_23_reg_522       |   30   |
+-----------------------------+--------+
|            Total            |   274  |
+-----------------------------+--------+

* Multiplexer (MUX) list: 
|------------------|------|------|------|--------||---------||---------|
|       Comp       |  Pin | Size |  BW  | S x BW ||  Delay  ||   LUT   |
|------------------|------|------|------|--------||---------||---------|
| grp_access_fu_53 |  p0  |   2  |   3  |    6   ||    9    |
| grp_access_fu_66 |  p0  |   2  |  14  |   28   ||    9    |
| grp_access_fu_79 |  p0  |   2  |   6  |   12   ||    9    |
|------------------|------|------|------|--------||---------||---------|
|       Total      |      |      |      |   46   ||  5.307  ||    27   |
|------------------|------|------|------|--------||---------||---------|



* Summary:
+-----------+--------+--------+--------+--------+
|           | DSP48E |  Delay |   FF   |   LUT  |
+-----------+--------+--------+--------+--------+
|  Function |    1   |    -   |    0   |   244  |
|   Memory  |    -   |    -   |    -   |    -   |
|Multiplexer|    -   |    5   |    -   |   27   |
|  Register |    -   |    -   |   274  |    -   |
+-----------+--------+--------+--------+--------+
|   Total   |    1   |    5   |   274  |   271  |
+-----------+--------+--------+--------+--------+
