

================================================================
== Vivado HLS Report for 'pointwise_conv2d_fix_3'
================================================================
* Date:           Mon Dec 16 17:14:51 2019

* Version:        2018.3.1 (Build 2489210 on Tue Mar 26 04:40:43 MDT 2019)
* Project:        HLS
* Solution:       network
* Product family: zynq
* Target device:  xc7z020clg400-1


================================================================
== Performance Estimates
================================================================
+ Timing (ns): 
    * Summary: 
    +--------+-------+----------+------------+
    |  Clock | Target| Estimated| Uncertainty|
    +--------+-------+----------+------------+
    |ap_clk  |  10.00|     6.624|        1.25|
    +--------+-------+----------+------------+

+ Latency (clock cycles): 
    * Summary: 
    +--------+--------+--------+--------+---------+
    |     Latency     |     Interval    | Pipeline|
    |   min  |   max  |   min  |   max  |   Type  |
    +--------+--------+--------+--------+---------+
    |  107121|  107121|  107121|  107121|   none  |
    +--------+--------+--------+--------+---------+

    + Detail: 
        * Instance: 
        N/A

        * Loop: 
        +---------------------+--------+--------+----------+-----------+-----------+------+----------+
        |                     |     Latency     | Iteration|  Initiation Interval  | Trip |          |
        |      Loop Name      |   min  |   max  |  Latency |  achieved |   target  | Count| Pipelined|
        +---------------------+--------+--------+----------+-----------+-----------+------+----------+
        |- Loop 1             |  107120|  107120|      6695|          -|          -|    16|    no    |
        | + Loop 1.1          |    6692|    6692|       478|          -|          -|    14|    no    |
        |  ++ Loop 1.1.1      |     476|     476|        34|          -|          -|    14|    no    |
        |   +++ Loop 1.1.1.1  |      32|      32|         4|          -|          -|     8|    no    |
        +---------------------+--------+--------+----------+-----------+-----------+------+----------+



================================================================
== Utilization Estimates
================================================================
* Summary: 
+-----------------+---------+-------+--------+-------+
|       Name      | BRAM_18K| DSP48E|   FF   |  LUT  |
+-----------------+---------+-------+--------+-------+
|DSP              |        -|      1|       -|      -|
|Expression       |        -|      -|       0|    244|
|FIFO             |        -|      -|       -|      -|
|Instance         |        -|      -|       -|      -|
|Memory           |        1|      -|      14|      4|
|Multiplexer      |        -|      -|       -|    110|
|Register         |        -|      -|     215|      -|
+-----------------+---------+-------+--------+-------+
|Total            |        1|      1|     229|    358|
+-----------------+---------+-------+--------+-------+
|Available        |      280|    220|  106400|  53200|
+-----------------+---------+-------+--------+-------+
|Utilization (%)  |    ~0   |   ~0  |   ~0   |   ~0  |
+-----------------+---------+-------+--------+-------+

+ Detail: 
    * Instance: 
    N/A

    * DSP48: 
    +------------------------------------+--------------------------------+-----------+
    |              Instance              |             Module             | Expression|
    +------------------------------------+--------------------------------+-----------+
    |network_mul_mul_16s_15s_30_1_1_U60  |network_mul_mul_16s_15s_30_1_1  |  i0 * i1  |
    +------------------------------------+--------------------------------+-----------+

    * Memory: 
    +-------------------------+----------------------------------------------+---------+----+----+------+-----+------+-------------+
    |          Memory         |                    Module                    | BRAM_18K| FF | LUT| Words| Bits| Banks| W*Bits*Banks|
    +-------------------------+----------------------------------------------+---------+----+----+------+-----+------+-------------+
    |SeparableConv2D_3_b_s_U  |pointwise_conv2d_fix_3_SeparableConv2D_3_b_s  |        0|  14|   4|    16|   14|     1|          224|
    |SeparableConv2D_3_w_s_U  |pointwise_conv2d_fix_3_SeparableConv2D_3_w_s  |        1|   0|   0|   128|   15|     1|         1920|
    +-------------------------+----------------------------------------------+---------+----+----+------+-----+------+-------------+
    |Total                    |                                              |        1|  14|   4|   144|   29|     2|         2144|
    +-------------------------+----------------------------------------------+---------+----+----+------+-----+------+-------------+

    * FIFO: 
    N/A

    * Expression: 
    +---------------------+----------+-------+---+----+------------+------------+
    |    Variable Name    | Operation| DSP48E| FF| LUT| Bitwidth P0| Bitwidth P1|
    +---------------------+----------+-------+---+----+------------+------------+
    |buffer_2_fu_415_p2   |     +    |      0|  0|  23|          16|          16|
    |in_d_1_fu_304_p2     |     +    |      0|  0|  13|           4|           1|
    |next_mul2_fu_194_p2  |     +    |      0|  0|  12|          12|           8|
    |next_mul_fu_314_p2   |     +    |      0|  0|  13|          11|           8|
    |out_d_2_fu_206_p2    |     +    |      0|  0|  15|           5|           1|
    |out_h_2_fu_238_p2    |     +    |      0|  0|  13|           4|           1|
    |out_w_2_fu_284_p2    |     +    |      0|  0|  13|           4|           1|
    |tmp1_fu_378_p2       |     +    |      0|  0|  15|           9|           9|
    |tmp_3_fu_386_p2      |     +    |      0|  0|  17|          13|          13|
    |tmp_5_fu_329_p2      |     +    |      0|  0|  12|          12|          12|
    |tmp_7_fu_343_p2      |     +    |      0|  0|  15|           7|           7|
    |tmp_fu_320_p2        |     +    |      0|  0|  13|          11|          11|
    |tmp_2_fu_268_p2      |     -    |      0|  0|  15|           9|           9|
    |exitcond1_fu_278_p2  |   icmp   |      0|  0|   9|           4|           3|
    |exitcond2_fu_232_p2  |   icmp   |      0|  0|   9|           4|           3|
    |exitcond3_fu_200_p2  |   icmp   |      0|  0|  11|           5|           6|
    |exitcond_fu_298_p2   |   icmp   |      0|  0|  11|           4|           5|
    |buffer_1_fu_365_p3   |  select  |      0|  0|  15|           1|           1|
    +---------------------+----------+-------+---+----+------------+------------+
    |Total                |          |      0|  0| 244|         135|         115|
    +---------------------+----------+-------+---+----+------------+------------+

    * Multiplexer: 
    +------------------+----+-----------+-----+-----------+
    |       Name       | LUT| Input Size| Bits| Total Bits|
    +------------------+----+-----------+-----+-----------+
    |ap_NS_fsm         |  47|         10|    1|         10|
    |buffer1_reg_158   |   9|          2|   16|         32|
    |in_d_reg_168      |   9|          2|    4|          8|
    |out_d_reg_114     |   9|          2|    5|         10|
    |out_h_reg_136     |   9|          2|    4|          8|
    |out_w_reg_147     |   9|          2|    4|          8|
    |phi_mul1_reg_125  |   9|          2|   12|         24|
    |phi_mul_reg_179   |   9|          2|   11|         22|
    +------------------+----+-----------+-----+-----------+
    |Total             | 110|         24|   57|        122|
    +------------------+----+-----------+-----+-----------+

    * Register: 
    +-------------------------------+----+----+-----+-----------+
    |              Name             | FF | LUT| Bits| Const Bits|
    +-------------------------------+----+----+-----+-----------+
    |SeparableConv2D_3_w_3_reg_529  |  15|   0|   15|          0|
    |ap_CS_fsm                      |   9|   0|    9|          0|
    |buffer1_reg_158                |  16|   0|   16|          0|
    |buffer_cast_reg_460            |  16|   0|   16|          0|
    |in_d_1_reg_504                 |   4|   0|    4|          0|
    |in_d_reg_168                   |   4|   0|    4|          0|
    |input_load_reg_524             |  16|   0|   16|          0|
    |next_mul2_reg_432              |  12|   0|   12|          0|
    |next_mul_reg_509               |  11|   0|   11|          0|
    |out_d_2_reg_440                |   5|   0|    5|          0|
    |out_d_reg_114                  |   5|   0|    5|          0|
    |out_h_2_reg_468                |   4|   0|    4|          0|
    |out_h_reg_136                  |   4|   0|    4|          0|
    |out_w_2_reg_486                |   4|   0|    4|          0|
    |out_w_reg_147                  |   4|   0|    4|          0|
    |phi_mul1_cast_reg_427          |  12|   0|   13|          1|
    |phi_mul1_reg_125               |  12|   0|   12|          0|
    |phi_mul_reg_179                |  11|   0|   11|          0|
    |tmp_11_reg_450                 |   4|   0|    4|          0|
    |tmp_1_reg_455                  |   4|   0|    7|          3|
    |tmp_22_cast_reg_478            |  11|   0|   12|          1|
    |tmp_23_cast4_reg_491           |   4|   0|    9|          5|
    |tmp_23_cast_reg_496            |   4|   0|   11|          7|
    |tmp_2_reg_473                  |   8|   0|    9|          1|
    |tmp_s_reg_534                  |  16|   0|   16|          0|
    +-------------------------------+----+----+-----+-----------+
    |Total                          | 215|   0|  233|         18|
    +-------------------------------+----+----+-----+-----------+



================================================================
== Interface
================================================================
* Summary: 
+-------------------+-----+-----+------------+------------------------+--------------+
|     RTL Ports     | Dir | Bits|  Protocol  |      Source Object     |    C Type    |
+-------------------+-----+-----+------------+------------------------+--------------+
|ap_clk             |  in |    1| ap_ctrl_hs | pointwise_conv2d_fix.3 | return value |
|ap_rst             |  in |    1| ap_ctrl_hs | pointwise_conv2d_fix.3 | return value |
|ap_start           |  in |    1| ap_ctrl_hs | pointwise_conv2d_fix.3 | return value |
|ap_done            | out |    1| ap_ctrl_hs | pointwise_conv2d_fix.3 | return value |
|ap_idle            | out |    1| ap_ctrl_hs | pointwise_conv2d_fix.3 | return value |
|ap_ready           | out |    1| ap_ctrl_hs | pointwise_conv2d_fix.3 | return value |
|input_r_address0   | out |   14|  ap_memory |         input_r        |     array    |
|input_r_ce0        | out |    1|  ap_memory |         input_r        |     array    |
|input_r_q0         |  in |   16|  ap_memory |         input_r        |     array    |
|output_r_address0  | out |   14|  ap_memory |        output_r        |     array    |
|output_r_ce0       | out |    1|  ap_memory |        output_r        |     array    |
|output_r_we0       | out |    1|  ap_memory |        output_r        |     array    |
|output_r_d0        | out |   16|  ap_memory |        output_r        |     array    |
+-------------------+-----+-----+------------+------------------------+--------------+

============================================================
+ Verbose Summary: Synthesis Manager
============================================================
InlineROM: 1
ExposeGlobal: 0
============================================================
+ Verbose Summary: CDFG Model
============================================================
IsTopModel: 0
ResetActiveHigh: 1
IsCombinational: 2
IsDatapathOnly: 2
HasWiredReturn: 1
HasMFsm: 0
HasVarLatency: 1
IsPipeline: 0
IsRtlPipelined: 0
IsInstanceOverlapped: 0
IsDontTouch: 0
HasImplIP: 0
IsGatedGlobalClock: 0


============================================================
+ Verbose Summary: Schedule
============================================================
* Number of FSM states : 9
* Pipeline : 0
* Dataflow Pipeline: 0

* FSM state transitions: 
1 --> 
	2  / true
2 --> 
	3  / (!exitcond3)
3 --> 
	4  / true
4 --> 
	5  / (!exitcond2)
	2  / (exitcond2)
5 --> 
	6  / (!exitcond1)
	4  / (exitcond1)
6 --> 
	7  / (!exitcond)
	5  / (exitcond)
7 --> 
	8  / true
8 --> 
	9  / true
9 --> 
	6  / true

* FSM state operations: 

State 1 <SV = 0> <Delay = 1.76>
ST_1 : Operation 10 [1/1] (1.76ns)   --->   "br label %.loopexit" [layers_c/pointwise_conv2d.cpp:16]   --->   Operation 10 'br' <Predicate = true> <Delay = 1.76>

State 2 <SV = 1> <Delay = 3.25>
ST_2 : Operation 11 [1/1] (0.00ns)   --->   "%out_d = phi i5 [ 0, %0 ], [ %out_d_2, %.loopexit.loopexit ]"   --->   Operation 11 'phi' 'out_d' <Predicate = true> <Delay = 0.00>
ST_2 : Operation 12 [1/1] (0.00ns)   --->   "%phi_mul1 = phi i12 [ 0, %0 ], [ %next_mul2, %.loopexit.loopexit ]"   --->   Operation 12 'phi' 'phi_mul1' <Predicate = true> <Delay = 0.00>
ST_2 : Operation 13 [1/1] (0.00ns)   --->   "%phi_mul1_cast = zext i12 %phi_mul1 to i13"   --->   Operation 13 'zext' 'phi_mul1_cast' <Predicate = true> <Delay = 0.00>
ST_2 : Operation 14 [1/1] (1.54ns)   --->   "%next_mul2 = add i12 %phi_mul1, 196"   --->   Operation 14 'add' 'next_mul2' <Predicate = true> <Delay = 1.54> <Core = "AddSub">   --->   Core 14 'AddSub' <Latency = 0> <II = 1> <Delay = 1.63> <FuncUnit> <Opcode : 'add' 'sub'> <InPorts = 2> <OutPorts = 1>
ST_2 : Operation 15 [1/1] (1.36ns)   --->   "%exitcond3 = icmp eq i5 %out_d, -16" [layers_c/pointwise_conv2d.cpp:16]   --->   Operation 15 'icmp' 'exitcond3' <Predicate = true> <Delay = 1.36> <Core = "Cmp">   --->   Core 25 'Cmp' <Latency = 0> <II = 1> <Delay = 1.36> <FuncUnit> <Opcode : 'icmp'> <InPorts = 2> <OutPorts = 1>
ST_2 : Operation 16 [1/1] (0.00ns)   --->   "%empty = call i32 (...)* @_ssdm_op_SpecLoopTripCount(i64 16, i64 16, i64 16)"   --->   Operation 16 'speclooptripcount' 'empty' <Predicate = true> <Delay = 0.00>
ST_2 : Operation 17 [1/1] (1.78ns)   --->   "%out_d_2 = add i5 %out_d, 1" [layers_c/pointwise_conv2d.cpp:16]   --->   Operation 17 'add' 'out_d_2' <Predicate = true> <Delay = 1.78> <Core = "AddSub">   --->   Core 14 'AddSub' <Latency = 0> <II = 1> <Delay = 1.63> <FuncUnit> <Opcode : 'add' 'sub'> <InPorts = 2> <OutPorts = 1>
ST_2 : Operation 18 [1/1] (0.00ns)   --->   "br i1 %exitcond3, label %5, label %.preheader4.preheader" [layers_c/pointwise_conv2d.cpp:16]   --->   Operation 18 'br' <Predicate = true> <Delay = 0.00>
ST_2 : Operation 19 [1/1] (0.00ns)   --->   "%tmp_9 = zext i5 %out_d to i64" [layers_c/pointwise_conv2d.cpp:19]   --->   Operation 19 'zext' 'tmp_9' <Predicate = (!exitcond3)> <Delay = 0.00>
ST_2 : Operation 20 [1/1] (0.00ns)   --->   "%SeparableConv2D_3_b_2 = getelementptr [16 x i14]* @SeparableConv2D_3_b_s, i64 0, i64 %tmp_9" [layers_c/pointwise_conv2d.cpp:19]   --->   Operation 20 'getelementptr' 'SeparableConv2D_3_b_2' <Predicate = (!exitcond3)> <Delay = 0.00>
ST_2 : Operation 21 [1/1] (0.00ns)   --->   "%tmp_11 = trunc i5 %out_d to i4" [layers_c/pointwise_conv2d.cpp:16]   --->   Operation 21 'trunc' 'tmp_11' <Predicate = (!exitcond3)> <Delay = 0.00>
ST_2 : Operation 22 [2/2] (3.25ns)   --->   "%buffer = load i14* %SeparableConv2D_3_b_2, align 2" [layers_c/pointwise_conv2d.cpp:19]   --->   Operation 22 'load' 'buffer' <Predicate = (!exitcond3)> <Delay = 3.25> <Core = "ROM_nP">   --->   Core 52 'ROM_nP' <Latency = 1> <II = 1> <Delay = 3.25> <Storage> <Opcode : 'load'> <Ports = 0> <Width = 15> <Depth = 128> <ROM>
ST_2 : Operation 23 [1/1] (0.00ns)   --->   "ret void"   --->   Operation 23 'ret' <Predicate = (exitcond3)> <Delay = 0.00>

State 3 <SV = 2> <Delay = 3.25>
ST_3 : Operation 24 [1/1] (0.00ns)   --->   "%tmp_1 = call i7 @_ssdm_op_BitConcatenate.i7.i4.i3(i4 %tmp_11, i3 0)" [layers_c/pointwise_conv2d.cpp:23]   --->   Operation 24 'bitconcatenate' 'tmp_1' <Predicate = true> <Delay = 0.00>
ST_3 : Operation 25 [1/2] (3.25ns)   --->   "%buffer = load i14* %SeparableConv2D_3_b_2, align 2" [layers_c/pointwise_conv2d.cpp:19]   --->   Operation 25 'load' 'buffer' <Predicate = true> <Delay = 3.25> <Core = "ROM_nP">   --->   Core 52 'ROM_nP' <Latency = 1> <II = 1> <Delay = 3.25> <Storage> <Opcode : 'load'> <Ports = 0> <Width = 15> <Depth = 128> <ROM>
ST_3 : Operation 26 [1/1] (0.00ns)   --->   "%buffer_cast = sext i14 %buffer to i16" [layers_c/pointwise_conv2d.cpp:19]   --->   Operation 26 'sext' 'buffer_cast' <Predicate = true> <Delay = 0.00>
ST_3 : Operation 27 [1/1] (1.76ns)   --->   "br label %.preheader4" [layers_c/pointwise_conv2d.cpp:17]   --->   Operation 27 'br' <Predicate = true> <Delay = 1.76>

State 4 <SV = 3> <Delay = 1.91>
ST_4 : Operation 28 [1/1] (0.00ns)   --->   "%out_h = phi i4 [ 0, %.preheader4.preheader ], [ %out_h_2, %.preheader4.loopexit ]"   --->   Operation 28 'phi' 'out_h' <Predicate = true> <Delay = 0.00>
ST_4 : Operation 29 [1/1] (1.30ns)   --->   "%exitcond2 = icmp eq i4 %out_h, -2" [layers_c/pointwise_conv2d.cpp:17]   --->   Operation 29 'icmp' 'exitcond2' <Predicate = true> <Delay = 1.30> <Core = "Cmp">   --->   Core 25 'Cmp' <Latency = 0> <II = 1> <Delay = 1.36> <FuncUnit> <Opcode : 'icmp'> <InPorts = 2> <OutPorts = 1>
ST_4 : Operation 30 [1/1] (0.00ns)   --->   "%empty_13 = call i32 (...)* @_ssdm_op_SpecLoopTripCount(i64 14, i64 14, i64 14)"   --->   Operation 30 'speclooptripcount' 'empty_13' <Predicate = true> <Delay = 0.00>
ST_4 : Operation 31 [1/1] (1.73ns)   --->   "%out_h_2 = add i4 %out_h, 1" [layers_c/pointwise_conv2d.cpp:17]   --->   Operation 31 'add' 'out_h_2' <Predicate = true> <Delay = 1.73> <Core = "AddSub">   --->   Core 14 'AddSub' <Latency = 0> <II = 1> <Delay = 1.63> <FuncUnit> <Opcode : 'add' 'sub'> <InPorts = 2> <OutPorts = 1>
ST_4 : Operation 32 [1/1] (0.00ns)   --->   "br i1 %exitcond2, label %.loopexit.loopexit, label %.preheader.preheader" [layers_c/pointwise_conv2d.cpp:17]   --->   Operation 32 'br' <Predicate = true> <Delay = 0.00>
ST_4 : Operation 33 [1/1] (0.00ns)   --->   "%p_shl = call i8 @_ssdm_op_BitConcatenate.i8.i4.i4(i4 %out_h, i4 0)" [layers_c/pointwise_conv2d.cpp:23]   --->   Operation 33 'bitconcatenate' 'p_shl' <Predicate = (!exitcond2)> <Delay = 0.00>
ST_4 : Operation 34 [1/1] (0.00ns)   --->   "%p_shl_cast = zext i8 %p_shl to i9" [layers_c/pointwise_conv2d.cpp:23]   --->   Operation 34 'zext' 'p_shl_cast' <Predicate = (!exitcond2)> <Delay = 0.00>
ST_4 : Operation 35 [1/1] (0.00ns)   --->   "%p_shl1 = call i5 @_ssdm_op_BitConcatenate.i5.i4.i1(i4 %out_h, i1 false)" [layers_c/pointwise_conv2d.cpp:23]   --->   Operation 35 'bitconcatenate' 'p_shl1' <Predicate = (!exitcond2)> <Delay = 0.00>
ST_4 : Operation 36 [1/1] (0.00ns)   --->   "%p_shl1_cast = zext i5 %p_shl1 to i9" [layers_c/pointwise_conv2d.cpp:23]   --->   Operation 36 'zext' 'p_shl1_cast' <Predicate = (!exitcond2)> <Delay = 0.00>
ST_4 : Operation 37 [1/1] (1.91ns)   --->   "%tmp_2 = sub i9 %p_shl_cast, %p_shl1_cast" [layers_c/pointwise_conv2d.cpp:23]   --->   Operation 37 'sub' 'tmp_2' <Predicate = (!exitcond2)> <Delay = 1.91> <Core = "AddSub">   --->   Core 14 'AddSub' <Latency = 0> <II = 1> <Delay = 1.63> <FuncUnit> <Opcode : 'add' 'sub'> <InPorts = 2> <OutPorts = 1>
ST_4 : Operation 38 [1/1] (0.00ns)   --->   "%tmp_22_cast = sext i9 %tmp_2 to i12" [layers_c/pointwise_conv2d.cpp:23]   --->   Operation 38 'sext' 'tmp_22_cast' <Predicate = (!exitcond2)> <Delay = 0.00>
ST_4 : Operation 39 [1/1] (1.76ns)   --->   "br label %.preheader" [layers_c/pointwise_conv2d.cpp:18]   --->   Operation 39 'br' <Predicate = (!exitcond2)> <Delay = 1.76>
ST_4 : Operation 40 [1/1] (0.00ns)   --->   "br label %.loopexit"   --->   Operation 40 'br' <Predicate = (exitcond2)> <Delay = 0.00>

State 5 <SV = 4> <Delay = 1.76>
ST_5 : Operation 41 [1/1] (0.00ns)   --->   "%out_w = phi i4 [ %out_w_2, %4 ], [ 0, %.preheader.preheader ]"   --->   Operation 41 'phi' 'out_w' <Predicate = true> <Delay = 0.00>
ST_5 : Operation 42 [1/1] (1.30ns)   --->   "%exitcond1 = icmp eq i4 %out_w, -2" [layers_c/pointwise_conv2d.cpp:18]   --->   Operation 42 'icmp' 'exitcond1' <Predicate = true> <Delay = 1.30> <Core = "Cmp">   --->   Core 25 'Cmp' <Latency = 0> <II = 1> <Delay = 1.36> <FuncUnit> <Opcode : 'icmp'> <InPorts = 2> <OutPorts = 1>
ST_5 : Operation 43 [1/1] (0.00ns)   --->   "%empty_14 = call i32 (...)* @_ssdm_op_SpecLoopTripCount(i64 14, i64 14, i64 14)"   --->   Operation 43 'speclooptripcount' 'empty_14' <Predicate = true> <Delay = 0.00>
ST_5 : Operation 44 [1/1] (1.73ns)   --->   "%out_w_2 = add i4 %out_w, 1" [layers_c/pointwise_conv2d.cpp:18]   --->   Operation 44 'add' 'out_w_2' <Predicate = true> <Delay = 1.73> <Core = "AddSub">   --->   Core 14 'AddSub' <Latency = 0> <II = 1> <Delay = 1.63> <FuncUnit> <Opcode : 'add' 'sub'> <InPorts = 2> <OutPorts = 1>
ST_5 : Operation 45 [1/1] (0.00ns)   --->   "br i1 %exitcond1, label %.preheader4.loopexit, label %1" [layers_c/pointwise_conv2d.cpp:18]   --->   Operation 45 'br' <Predicate = true> <Delay = 0.00>
ST_5 : Operation 46 [1/1] (0.00ns)   --->   "%tmp_23_cast4 = zext i4 %out_w to i9" [layers_c/pointwise_conv2d.cpp:20]   --->   Operation 46 'zext' 'tmp_23_cast4' <Predicate = (!exitcond1)> <Delay = 0.00>
ST_5 : Operation 47 [1/1] (0.00ns)   --->   "%tmp_23_cast = zext i4 %out_w to i11" [layers_c/pointwise_conv2d.cpp:20]   --->   Operation 47 'zext' 'tmp_23_cast' <Predicate = (!exitcond1)> <Delay = 0.00>
ST_5 : Operation 48 [1/1] (1.76ns)   --->   "br label %2" [layers_c/pointwise_conv2d.cpp:20]   --->   Operation 48 'br' <Predicate = (!exitcond1)> <Delay = 1.76>
ST_5 : Operation 49 [1/1] (0.00ns)   --->   "br label %.preheader4"   --->   Operation 49 'br' <Predicate = (exitcond1)> <Delay = 0.00>

State 6 <SV = 5> <Delay = 6.62>
ST_6 : Operation 50 [1/1] (0.00ns)   --->   "%buffer1 = phi i16 [ %buffer_cast, %1 ], [ %buffer_2, %3 ]"   --->   Operation 50 'phi' 'buffer1' <Predicate = true> <Delay = 0.00>
ST_6 : Operation 51 [1/1] (0.00ns)   --->   "%in_d = phi i4 [ 0, %1 ], [ %in_d_1, %3 ]"   --->   Operation 51 'phi' 'in_d' <Predicate = true> <Delay = 0.00>
ST_6 : Operation 52 [1/1] (0.00ns)   --->   "%phi_mul = phi i11 [ 0, %1 ], [ %next_mul, %3 ]"   --->   Operation 52 'phi' 'phi_mul' <Predicate = true> <Delay = 0.00>
ST_6 : Operation 53 [1/1] (1.30ns)   --->   "%exitcond = icmp eq i4 %in_d, -8" [layers_c/pointwise_conv2d.cpp:20]   --->   Operation 53 'icmp' 'exitcond' <Predicate = true> <Delay = 1.30> <Core = "Cmp">   --->   Core 25 'Cmp' <Latency = 0> <II = 1> <Delay = 1.36> <FuncUnit> <Opcode : 'icmp'> <InPorts = 2> <OutPorts = 1>
ST_6 : Operation 54 [1/1] (0.00ns)   --->   "%empty_15 = call i32 (...)* @_ssdm_op_SpecLoopTripCount(i64 8, i64 8, i64 8)"   --->   Operation 54 'speclooptripcount' 'empty_15' <Predicate = true> <Delay = 0.00>
ST_6 : Operation 55 [1/1] (1.73ns)   --->   "%in_d_1 = add i4 %in_d, 1" [layers_c/pointwise_conv2d.cpp:20]   --->   Operation 55 'add' 'in_d_1' <Predicate = true> <Delay = 1.73> <Core = "AddSub">   --->   Core 14 'AddSub' <Latency = 0> <II = 1> <Delay = 1.63> <FuncUnit> <Opcode : 'add' 'sub'> <InPorts = 2> <OutPorts = 1>
ST_6 : Operation 56 [1/1] (0.00ns)   --->   "br i1 %exitcond, label %4, label %3" [layers_c/pointwise_conv2d.cpp:20]   --->   Operation 56 'br' <Predicate = true> <Delay = 0.00>
ST_6 : Operation 57 [1/1] (0.00ns)   --->   "%tmp_28_cast2 = zext i4 %in_d to i7" [layers_c/pointwise_conv2d.cpp:23]   --->   Operation 57 'zext' 'tmp_28_cast2' <Predicate = (!exitcond)> <Delay = 0.00>
ST_6 : Operation 58 [1/1] (1.63ns)   --->   "%next_mul = add i11 %phi_mul, 196"   --->   Operation 58 'add' 'next_mul' <Predicate = (!exitcond)> <Delay = 1.63> <Core = "AddSub">   --->   Core 14 'AddSub' <Latency = 0> <II = 1> <Delay = 1.63> <FuncUnit> <Opcode : 'add' 'sub'> <InPorts = 2> <OutPorts = 1>
ST_6 : Operation 59 [1/1] (1.63ns)   --->   "%tmp = add i11 %phi_mul, %tmp_23_cast" [layers_c/pointwise_conv2d.cpp:23]   --->   Operation 59 'add' 'tmp' <Predicate = (!exitcond)> <Delay = 1.63> <Core = "AddSub">   --->   Core 14 'AddSub' <Latency = 0> <II = 1> <Delay = 1.63> <FuncUnit> <Opcode : 'add' 'sub'> <InPorts = 2> <OutPorts = 1>
ST_6 : Operation 60 [1/1] (0.00ns)   --->   "%tmp_cast = zext i11 %tmp to i12" [layers_c/pointwise_conv2d.cpp:23]   --->   Operation 60 'zext' 'tmp_cast' <Predicate = (!exitcond)> <Delay = 0.00>
ST_6 : Operation 61 [1/1] (1.63ns)   --->   "%tmp_5 = add i12 %tmp_cast, %tmp_22_cast" [layers_c/pointwise_conv2d.cpp:23]   --->   Operation 61 'add' 'tmp_5' <Predicate = (!exitcond)> <Delay = 1.63> <Core = "AddSub">   --->   Core 14 'AddSub' <Latency = 0> <II = 1> <Delay = 1.63> <FuncUnit> <Opcode : 'add' 'sub'> <InPorts = 2> <OutPorts = 1>
ST_6 : Operation 62 [1/1] (0.00ns)   --->   "%tmp_31_cast = sext i12 %tmp_5 to i32" [layers_c/pointwise_conv2d.cpp:23]   --->   Operation 62 'sext' 'tmp_31_cast' <Predicate = (!exitcond)> <Delay = 0.00>
ST_6 : Operation 63 [1/1] (0.00ns)   --->   "%tmp_6 = zext i32 %tmp_31_cast to i64" [layers_c/pointwise_conv2d.cpp:23]   --->   Operation 63 'zext' 'tmp_6' <Predicate = (!exitcond)> <Delay = 0.00>
ST_6 : Operation 64 [1/1] (0.00ns)   --->   "%input_addr = getelementptr [14400 x i16]* %input_r, i64 0, i64 %tmp_6" [layers_c/pointwise_conv2d.cpp:23]   --->   Operation 64 'getelementptr' 'input_addr' <Predicate = (!exitcond)> <Delay = 0.00>
ST_6 : Operation 65 [2/2] (3.25ns)   --->   "%input_load = load i16* %input_addr, align 2" [layers_c/pointwise_conv2d.cpp:23]   --->   Operation 65 'load' 'input_load' <Predicate = (!exitcond)> <Delay = 3.25> <Core = "RAM">   --->   Core 37 'RAM' <Latency = 1> <II = 1> <Delay = 3.25> <Storage> <Opcode : 'load' 'store'> <Ports = 2> <Width = 16> <Depth = 144> <RAM>
ST_6 : Operation 66 [1/1] (1.87ns)   --->   "%tmp_7 = add i7 %tmp_1, %tmp_28_cast2" [layers_c/pointwise_conv2d.cpp:23]   --->   Operation 66 'add' 'tmp_7' <Predicate = (!exitcond)> <Delay = 1.87> <Core = "AddSub">   --->   Core 14 'AddSub' <Latency = 0> <II = 1> <Delay = 1.63> <FuncUnit> <Opcode : 'add' 'sub'> <InPorts = 2> <OutPorts = 1>
ST_6 : Operation 67 [1/1] (0.00ns)   --->   "%tmp_8 = zext i7 %tmp_7 to i64" [layers_c/pointwise_conv2d.cpp:23]   --->   Operation 67 'zext' 'tmp_8' <Predicate = (!exitcond)> <Delay = 0.00>
ST_6 : Operation 68 [1/1] (0.00ns)   --->   "%SeparableConv2D_3_w_2 = getelementptr [128 x i15]* @SeparableConv2D_3_w_s, i64 0, i64 %tmp_8" [layers_c/pointwise_conv2d.cpp:23]   --->   Operation 68 'getelementptr' 'SeparableConv2D_3_w_2' <Predicate = (!exitcond)> <Delay = 0.00>
ST_6 : Operation 69 [2/2] (3.25ns)   --->   "%SeparableConv2D_3_w_3 = load i15* %SeparableConv2D_3_w_2, align 2" [layers_c/pointwise_conv2d.cpp:23]   --->   Operation 69 'load' 'SeparableConv2D_3_w_3' <Predicate = (!exitcond)> <Delay = 3.25> <Core = "ROM_nP">   --->   Core 52 'ROM_nP' <Latency = 1> <II = 1> <Delay = 3.25> <Storage> <Opcode : 'load'> <Ports = 0> <Width = 15> <Depth = 128> <ROM>
ST_6 : Operation 70 [1/1] (0.00ns)   --->   "%tmp_12 = trunc i16 %buffer1 to i15" [layers_c/pointwise_conv2d.cpp:20]   --->   Operation 70 'trunc' 'tmp_12' <Predicate = (exitcond)> <Delay = 0.00>
ST_6 : Operation 71 [1/1] (0.00ns)   --->   "%tmp_13 = call i1 @_ssdm_op_BitSelect.i1.i16.i32(i16 %buffer1, i32 15)" [layers_c/pointwise_conv2d.cpp:27]   --->   Operation 71 'bitselect' 'tmp_13' <Predicate = (exitcond)> <Delay = 0.00>
ST_6 : Operation 72 [1/1] (0.75ns)   --->   "%buffer_1 = select i1 %tmp_13, i15 0, i15 %tmp_12" [layers_c/pointwise_conv2d.cpp:27]   --->   Operation 72 'select' 'buffer_1' <Predicate = (exitcond)> <Delay = 0.75> <Core = "Sel">   --->   Core 26 'Sel' <Latency = 0> <II = 1> <Delay = 0.75> <FuncUnit> <Opcode : 'select'> <InPorts = 3> <OutPorts = 1>
ST_6 : Operation 73 [1/1] (0.00ns)   --->   "%buffer_1_cast = zext i15 %buffer_1 to i16" [layers_c/pointwise_conv2d.cpp:27]   --->   Operation 73 'zext' 'buffer_1_cast' <Predicate = (exitcond)> <Delay = 0.00>
ST_6 : Operation 74 [1/1] (1.82ns)   --->   "%tmp1 = add i9 %tmp_2, %tmp_23_cast4" [layers_c/pointwise_conv2d.cpp:30]   --->   Operation 74 'add' 'tmp1' <Predicate = (exitcond)> <Delay = 1.82> <Core = "AddSub">   --->   Core 14 'AddSub' <Latency = 0> <II = 1> <Delay = 1.63> <FuncUnit> <Opcode : 'add' 'sub'> <InPorts = 2> <OutPorts = 1>
ST_6 : Operation 75 [1/1] (0.00ns)   --->   "%tmp1_cast = sext i9 %tmp1 to i13" [layers_c/pointwise_conv2d.cpp:30]   --->   Operation 75 'sext' 'tmp1_cast' <Predicate = (exitcond)> <Delay = 0.00>
ST_6 : Operation 76 [1/1] (1.54ns)   --->   "%tmp_3 = add i13 %tmp1_cast, %phi_mul1_cast" [layers_c/pointwise_conv2d.cpp:30]   --->   Operation 76 'add' 'tmp_3' <Predicate = (exitcond)> <Delay = 1.54> <Core = "AddSub">   --->   Core 14 'AddSub' <Latency = 0> <II = 1> <Delay = 1.63> <FuncUnit> <Opcode : 'add' 'sub'> <InPorts = 2> <OutPorts = 1>
ST_6 : Operation 77 [1/1] (0.00ns)   --->   "%tmp_26_cast = sext i13 %tmp_3 to i32" [layers_c/pointwise_conv2d.cpp:30]   --->   Operation 77 'sext' 'tmp_26_cast' <Predicate = (exitcond)> <Delay = 0.00>
ST_6 : Operation 78 [1/1] (0.00ns)   --->   "%tmp_4 = zext i32 %tmp_26_cast to i64" [layers_c/pointwise_conv2d.cpp:30]   --->   Operation 78 'zext' 'tmp_4' <Predicate = (exitcond)> <Delay = 0.00>
ST_6 : Operation 79 [1/1] (0.00ns)   --->   "%output_addr = getelementptr [14400 x i16]* %output_r, i64 0, i64 %tmp_4" [layers_c/pointwise_conv2d.cpp:30]   --->   Operation 79 'getelementptr' 'output_addr' <Predicate = (exitcond)> <Delay = 0.00>
ST_6 : Operation 80 [1/1] (3.25ns)   --->   "store i16 %buffer_1_cast, i16* %output_addr, align 2" [layers_c/pointwise_conv2d.cpp:30]   --->   Operation 80 'store' <Predicate = (exitcond)> <Delay = 3.25> <Core = "RAM">   --->   Core 37 'RAM' <Latency = 1> <II = 1> <Delay = 3.25> <Storage> <Opcode : 'load' 'store'> <Ports = 2> <Width = 16> <Depth = 144> <RAM>
ST_6 : Operation 81 [1/1] (0.00ns)   --->   "br label %.preheader" [layers_c/pointwise_conv2d.cpp:18]   --->   Operation 81 'br' <Predicate = (exitcond)> <Delay = 0.00>

State 7 <SV = 6> <Delay = 3.25>
ST_7 : Operation 82 [1/2] (3.25ns)   --->   "%input_load = load i16* %input_addr, align 2" [layers_c/pointwise_conv2d.cpp:23]   --->   Operation 82 'load' 'input_load' <Predicate = true> <Delay = 3.25> <Core = "RAM">   --->   Core 37 'RAM' <Latency = 1> <II = 1> <Delay = 3.25> <Storage> <Opcode : 'load' 'store'> <Ports = 2> <Width = 16> <Depth = 144> <RAM>
ST_7 : Operation 83 [1/2] (3.25ns)   --->   "%SeparableConv2D_3_w_3 = load i15* %SeparableConv2D_3_w_2, align 2" [layers_c/pointwise_conv2d.cpp:23]   --->   Operation 83 'load' 'SeparableConv2D_3_w_3' <Predicate = true> <Delay = 3.25> <Core = "ROM_nP">   --->   Core 52 'ROM_nP' <Latency = 1> <II = 1> <Delay = 3.25> <Storage> <Opcode : 'load'> <Ports = 0> <Width = 15> <Depth = 128> <ROM>

State 8 <SV = 7> <Delay = 6.38>
ST_8 : Operation 84 [1/1] (0.00ns)   --->   "%tmp_33_cast = sext i16 %input_load to i30" [layers_c/pointwise_conv2d.cpp:23]   --->   Operation 84 'sext' 'tmp_33_cast' <Predicate = true> <Delay = 0.00>
ST_8 : Operation 85 [1/1] (0.00ns)   --->   "%tmp_36_cast = sext i15 %SeparableConv2D_3_w_3 to i30" [layers_c/pointwise_conv2d.cpp:23]   --->   Operation 85 'sext' 'tmp_36_cast' <Predicate = true> <Delay = 0.00>
ST_8 : Operation 86 [1/1] (6.38ns) (root node of the DSP)   --->   "%tmp_10 = mul i30 %tmp_33_cast, %tmp_36_cast" [layers_c/pointwise_conv2d.cpp:23]   --->   Operation 86 'mul' 'tmp_10' <Predicate = true> <Delay = 6.38> <Core = "DSP48">   --->   Core 65 'DSP48' <Latency = 4> <II = 1> <Delay = 2.05> <IPBlock> <Opcode : 'mul' 'add' 'sub' 'select'> <InPorts = 0> <OutPorts = 1> <Sync> <CReg>
ST_8 : Operation 87 [1/1] (0.00ns)   --->   "%tmp_s = call i16 @_ssdm_op_PartSelect.i16.i30.i32.i32(i30 %tmp_10, i32 14, i32 29)" [layers_c/pointwise_conv2d.cpp:23]   --->   Operation 87 'partselect' 'tmp_s' <Predicate = true> <Delay = 0.00>

State 9 <SV = 8> <Delay = 2.07>
ST_9 : Operation 88 [1/1] (2.07ns)   --->   "%buffer_2 = add i16 %tmp_s, %buffer1" [layers_c/pointwise_conv2d.cpp:23]   --->   Operation 88 'add' 'buffer_2' <Predicate = true> <Delay = 2.07> <Core = "AddSub">   --->   Core 14 'AddSub' <Latency = 0> <II = 1> <Delay = 1.63> <FuncUnit> <Opcode : 'add' 'sub'> <InPorts = 2> <OutPorts = 1>
ST_9 : Operation 89 [1/1] (0.00ns)   --->   "br label %2" [layers_c/pointwise_conv2d.cpp:20]   --->   Operation 89 'br' <Predicate = true> <Delay = 0.00>


============================================================
+ Verbose Summary: Binding
============================================================
STG Binding: 
---------------- STG Properties BEGIN ----------------
- Is combinational: 0
- Is one-state seq: 0
- Is datapath-only: 0
- Is pipelined: 0
- Is top level: 0
Port [ Return ] is wired: 1; IO mode=ap_ctrl_hs:ce=0
Port [ input_r]:  wired=1; compound=1; hidden=0; nouse=0; global=0; static=0; extern=0; dir=0; type=1; pingpong=0; private_global=0; MemPort=[13]; IO mode=ap_memory:ce=0
Port [ output_r]:  wired=1; compound=1; hidden=0; nouse=0; global=0; static=0; extern=0; dir=1; type=1; pingpong=0; private_global=0; MemPort=[03]; IO mode=ap_memory:ce=0
Port [ SeparableConv2D_3_b_s]:  wired=0; compound=1; hidden=1; nouse=0; global=1; static=1; extern=0; dir=0; type=1; pingpong=0; private_global=1; linkage=7; visibility=0; MemPort=[1]; IO mode=ap_memory:ce=0
Port [ SeparableConv2D_3_w_s]:  wired=0; compound=1; hidden=1; nouse=0; global=1; static=1; extern=0; dir=0; type=1; pingpong=0; private_global=1; linkage=7; visibility=0; MemPort=[1]; IO mode=ap_memory:ce=0
---------------- STG Properties END ------------------

---------------- Datapath Model BEGIN ----------------

<LifeTime>
<method=bitvector/>
StgValue_10           (br               ) [ 0111111111]
out_d                 (phi              ) [ 0010000000]
phi_mul1              (phi              ) [ 0010000000]
phi_mul1_cast         (zext             ) [ 0001111111]
next_mul2             (add              ) [ 0111111111]
exitcond3             (icmp             ) [ 0011111111]
empty                 (speclooptripcount) [ 0000000000]
out_d_2               (add              ) [ 0111111111]
StgValue_18           (br               ) [ 0000000000]
tmp_9                 (zext             ) [ 0000000000]
SeparableConv2D_3_b_2 (getelementptr    ) [ 0001000000]
tmp_11                (trunc            ) [ 0001000000]
StgValue_23           (ret              ) [ 0000000000]
tmp_1                 (bitconcatenate   ) [ 0000111111]
buffer                (load             ) [ 0000000000]
buffer_cast           (sext             ) [ 0000111111]
StgValue_27           (br               ) [ 0011111111]
out_h                 (phi              ) [ 0000100000]
exitcond2             (icmp             ) [ 0011111111]
empty_13              (speclooptripcount) [ 0000000000]
out_h_2               (add              ) [ 0011111111]
StgValue_32           (br               ) [ 0000000000]
p_shl                 (bitconcatenate   ) [ 0000000000]
p_shl_cast            (zext             ) [ 0000000000]
p_shl1                (bitconcatenate   ) [ 0000000000]
p_shl1_cast           (zext             ) [ 0000000000]
tmp_2                 (sub              ) [ 0000011111]
tmp_22_cast           (sext             ) [ 0000011111]
StgValue_39           (br               ) [ 0011111111]
StgValue_40           (br               ) [ 0111111111]
out_w                 (phi              ) [ 0000010000]
exitcond1             (icmp             ) [ 0011111111]
empty_14              (speclooptripcount) [ 0000000000]
out_w_2               (add              ) [ 0011111111]
StgValue_45           (br               ) [ 0000000000]
tmp_23_cast4          (zext             ) [ 0000001111]
tmp_23_cast           (zext             ) [ 0000001111]
StgValue_48           (br               ) [ 0011111111]
StgValue_49           (br               ) [ 0011111111]
buffer1               (phi              ) [ 0000001111]
in_d                  (phi              ) [ 0000001000]
phi_mul               (phi              ) [ 0000001000]
exitcond              (icmp             ) [ 0011111111]
empty_15              (speclooptripcount) [ 0000000000]
in_d_1                (add              ) [ 0011111111]
StgValue_56           (br               ) [ 0000000000]
tmp_28_cast2          (zext             ) [ 0000000000]
next_mul              (add              ) [ 0011111111]
tmp                   (add              ) [ 0000000000]
tmp_cast              (zext             ) [ 0000000000]
tmp_5                 (add              ) [ 0000000000]
tmp_31_cast           (sext             ) [ 0000000000]
tmp_6                 (zext             ) [ 0000000000]
input_addr            (getelementptr    ) [ 0000000100]
tmp_7                 (add              ) [ 0000000000]
tmp_8                 (zext             ) [ 0000000000]
SeparableConv2D_3_w_2 (getelementptr    ) [ 0000000100]
tmp_12                (trunc            ) [ 0000000000]
tmp_13                (bitselect        ) [ 0000000000]
buffer_1              (select           ) [ 0000000000]
buffer_1_cast         (zext             ) [ 0000000000]
tmp1                  (add              ) [ 0000000000]
tmp1_cast             (sext             ) [ 0000000000]
tmp_3                 (add              ) [ 0000000000]
tmp_26_cast           (sext             ) [ 0000000000]
tmp_4                 (zext             ) [ 0000000000]
output_addr           (getelementptr    ) [ 0000000000]
StgValue_80           (store            ) [ 0000000000]
StgValue_81           (br               ) [ 0011111111]
input_load            (load             ) [ 0000000010]
SeparableConv2D_3_w_3 (load             ) [ 0000000010]
tmp_33_cast           (sext             ) [ 0000000000]
tmp_36_cast           (sext             ) [ 0000000000]
tmp_10                (mul              ) [ 0000000000]
tmp_s                 (partselect       ) [ 0000000001]
buffer_2              (add              ) [ 0011111111]
StgValue_89           (br               ) [ 0011111111]
</LifeTime>

<model>

<comp_list>
<comp id="0" class="1000" name="input_r">
<pin_list>
<pin id="1" dir="1" index="0" bw="1" slack="0"/>
</pin_list>
<bind>
<StgValue><ssdm name="input_r"/><MemPortTyVec>1 3 </MemPortTyVec>
</StgValue>
</bind>
</comp>

<comp id="2" class="1000" name="output_r">
<pin_list>
<pin id="3" dir="1" index="0" bw="1" slack="0"/>
</pin_list>
<bind>
<StgValue><ssdm name="output_r"/><MemPortTyVec>0 3 </MemPortTyVec>
</StgValue>
</bind>
</comp>

<comp id="4" class="1000" name="SeparableConv2D_3_b_s">
<pin_list>
<pin id="5" dir="1" index="0" bw="1" slack="0"/>
</pin_list>
<bind>
<StgValue><ssdm name="SeparableConv2D_3_b_s"/><MemPortTyVec>1 </MemPortTyVec>
</StgValue>
</bind>
</comp>

<comp id="6" class="1000" name="SeparableConv2D_3_w_s">
<pin_list>
<pin id="7" dir="1" index="0" bw="1" slack="0"/>
</pin_list>
<bind>
<StgValue><ssdm name="SeparableConv2D_3_w_s"/><MemPortTyVec>1 </MemPortTyVec>
</StgValue>
</bind>
</comp>

<comp id="8" class="1001" name="const_8">
<pin_list>
<pin id="9" dir="1" index="0" bw="1" slack="1"/>
</pin_list>
<bind>
<StgValue><ssdm name=""/></StgValue>
</bind>
</comp>

<comp id="10" class="1001" name="const_10">
<pin_list>
<pin id="11" dir="1" index="0" bw="1" slack="1"/>
</pin_list>
<bind>
<StgValue><ssdm name=""/></StgValue>
</bind>
</comp>

<comp id="12" class="1001" name="const_12">
<pin_list>
<pin id="13" dir="1" index="0" bw="1" slack="0"/>
</pin_list>
<bind>
<StgValue><ssdm name=""/></StgValue>
</bind>
</comp>

<comp id="14" class="1001" name="const_14">
<pin_list>
<pin id="15" dir="1" index="0" bw="1" slack="0"/>
</pin_list>
<bind>
<StgValue><ssdm name=""/></StgValue>
</bind>
</comp>

<comp id="16" class="1001" name="const_16">
<pin_list>
<pin id="17" dir="1" index="0" bw="1" slack="2147483647"/>
</pin_list>
<bind>
<StgValue><ssdm name="_ssdm_op_SpecLoopTripCount"/></StgValue>
</bind>
</comp>

<comp id="18" class="1001" name="const_18">
<pin_list>
<pin id="19" dir="1" index="0" bw="1" slack="2147483647"/>
</pin_list>
<bind>
<StgValue><ssdm name=""/></StgValue>
</bind>
</comp>

<comp id="20" class="1001" name="const_20">
<pin_list>
<pin id="21" dir="1" index="0" bw="1" slack="0"/>
</pin_list>
<bind>
<StgValue><ssdm name=""/></StgValue>
</bind>
</comp>

<comp id="22" class="1001" name="const_22">
<pin_list>
<pin id="23" dir="1" index="0" bw="1" slack="0"/>
</pin_list>
<bind>
<StgValue><ssdm name=""/></StgValue>
</bind>
</comp>

<comp id="24" class="1001" name="const_24">
<pin_list>
<pin id="25" dir="1" index="0" bw="1" slack="0"/>
</pin_list>
<bind>
<StgValue><ssdm name="_ssdm_op_BitConcatenate.i7.i4.i3"/></StgValue>
</bind>
</comp>

<comp id="26" class="1001" name="const_26">
<pin_list>
<pin id="27" dir="1" index="0" bw="1" slack="0"/>
</pin_list>
<bind>
<StgValue><ssdm name=""/></StgValue>
</bind>
</comp>

<comp id="28" class="1001" name="const_28">
<pin_list>
<pin id="29" dir="1" index="0" bw="1" slack="0"/>
</pin_list>
<bind>
<StgValue><ssdm name=""/></StgValue>
</bind>
</comp>

<comp id="30" class="1001" name="const_30">
<pin_list>
<pin id="31" dir="1" index="0" bw="1" slack="0"/>
</pin_list>
<bind>
<StgValue><ssdm name=""/></StgValue>
</bind>
</comp>

<comp id="32" class="1001" name="const_32">
<pin_list>
<pin id="33" dir="1" index="0" bw="1" slack="2147483647"/>
</pin_list>
<bind>
<StgValue><ssdm name=""/></StgValue>
</bind>
</comp>

<comp id="34" class="1001" name="const_34">
<pin_list>
<pin id="35" dir="1" index="0" bw="1" slack="0"/>
</pin_list>
<bind>
<StgValue><ssdm name=""/></StgValue>
</bind>
</comp>

<comp id="36" class="1001" name="const_36">
<pin_list>
<pin id="37" dir="1" index="0" bw="1" slack="0"/>
</pin_list>
<bind>
<StgValue><ssdm name="_ssdm_op_BitConcatenate.i8.i4.i4"/></StgValue>
</bind>
</comp>

<comp id="38" class="1001" name="const_38">
<pin_list>
<pin id="39" dir="1" index="0" bw="1" slack="0"/>
</pin_list>
<bind>
<StgValue><ssdm name="_ssdm_op_BitConcatenate.i5.i4.i1"/></StgValue>
</bind>
</comp>

<comp id="40" class="1001" name="const_40">
<pin_list>
<pin id="41" dir="1" index="0" bw="1" slack="0"/>
</pin_list>
<bind>
<StgValue><ssdm name=""/></StgValue>
</bind>
</comp>

<comp id="42" class="1001" name="const_42">
<pin_list>
<pin id="43" dir="1" index="0" bw="1" slack="1"/>
</pin_list>
<bind>
<StgValue><ssdm name=""/></StgValue>
</bind>
</comp>

<comp id="44" class="1001" name="const_44">
<pin_list>
<pin id="45" dir="1" index="0" bw="1" slack="0"/>
</pin_list>
<bind>
<StgValue><ssdm name=""/></StgValue>
</bind>
</comp>

<comp id="46" class="1001" name="const_46">
<pin_list>
<pin id="47" dir="1" index="0" bw="1" slack="2147483647"/>
</pin_list>
<bind>
<StgValue><ssdm name=""/></StgValue>
</bind>
</comp>

<comp id="48" class="1001" name="const_48">
<pin_list>
<pin id="49" dir="1" index="0" bw="1" slack="0"/>
</pin_list>
<bind>
<StgValue><ssdm name=""/></StgValue>
</bind>
</comp>

<comp id="50" class="1001" name="const_50">
<pin_list>
<pin id="51" dir="1" index="0" bw="1" slack="0"/>
</pin_list>
<bind>
<StgValue><ssdm name="_ssdm_op_BitSelect.i1.i16.i32"/></StgValue>
</bind>
</comp>

<comp id="52" class="1001" name="const_52">
<pin_list>
<pin id="53" dir="1" index="0" bw="1" slack="0"/>
</pin_list>
<bind>
<StgValue><ssdm name=""/></StgValue>
</bind>
</comp>

<comp id="54" class="1001" name="const_54">
<pin_list>
<pin id="55" dir="1" index="0" bw="1" slack="0"/>
</pin_list>
<bind>
<StgValue><ssdm name=""/></StgValue>
</bind>
</comp>

<comp id="56" class="1001" name="const_56">
<pin_list>
<pin id="57" dir="1" index="0" bw="1" slack="0"/>
</pin_list>
<bind>
<StgValue><ssdm name="_ssdm_op_PartSelect.i16.i30.i32.i32"/></StgValue>
</bind>
</comp>

<comp id="58" class="1001" name="const_58">
<pin_list>
<pin id="59" dir="1" index="0" bw="1" slack="0"/>
</pin_list>
<bind>
<StgValue><ssdm name=""/></StgValue>
</bind>
</comp>

<comp id="60" class="1001" name="const_60">
<pin_list>
<pin id="61" dir="1" index="0" bw="1" slack="0"/>
</pin_list>
<bind>
<StgValue><ssdm name=""/></StgValue>
</bind>
</comp>

<comp id="62" class="1004" name="SeparableConv2D_3_b_2_gep_fu_62">
<pin_list>
<pin id="63" dir="0" index="0" bw="14" slack="0"/>
<pin id="64" dir="0" index="1" bw="1" slack="0"/>
<pin id="65" dir="0" index="2" bw="5" slack="0"/>
<pin id="66" dir="1" index="3" bw="4" slack="0"/>
</pin_list>
<bind>
<opcode="getelementptr(29) " fcode="getelementptr"/>
<opset="SeparableConv2D_3_b_2/2 "/>
</bind>
</comp>

<comp id="69" class="1004" name="grp_access_fu_69">
<pin_list>
<pin id="70" dir="0" index="0" bw="4" slack="0"/>
<pin id="71" dir="0" index="1" bw="14" slack="2147483647"/>
<pin id="72" dir="0" index="2" bw="0" slack="2147483647"/>
<pin id="73" dir="1" index="3" bw="14" slack="0"/>
</pin_list>
<bind>
<opcode="load(27) " fcode="load"/>
<opset="buffer/2 "/>
</bind>
</comp>

<comp id="75" class="1004" name="input_addr_gep_fu_75">
<pin_list>
<pin id="76" dir="0" index="0" bw="16" slack="0"/>
<pin id="77" dir="0" index="1" bw="1" slack="0"/>
<pin id="78" dir="0" index="2" bw="32" slack="0"/>
<pin id="79" dir="1" index="3" bw="14" slack="0"/>
</pin_list>
<bind>
<opcode="getelementptr(29) " fcode="getelementptr"/>
<opset="input_addr/6 "/>
</bind>
</comp>

<comp id="82" class="1004" name="grp_access_fu_82">
<pin_list>
<pin id="83" dir="0" index="0" bw="14" slack="0"/>
<pin id="84" dir="0" index="1" bw="16" slack="2147483647"/>
<pin id="85" dir="0" index="2" bw="0" slack="2147483647"/>
<pin id="86" dir="1" index="3" bw="16" slack="1"/>
</pin_list>
<bind>
<opcode="load(27) " fcode="load"/>
<opset="input_load/6 "/>
</bind>
</comp>

<comp id="88" class="1004" name="SeparableConv2D_3_w_2_gep_fu_88">
<pin_list>
<pin id="89" dir="0" index="0" bw="15" slack="0"/>
<pin id="90" dir="0" index="1" bw="1" slack="0"/>
<pin id="91" dir="0" index="2" bw="7" slack="0"/>
<pin id="92" dir="1" index="3" bw="7" slack="0"/>
</pin_list>
<bind>
<opcode="getelementptr(29) " fcode="getelementptr"/>
<opset="SeparableConv2D_3_w_2/6 "/>
</bind>
</comp>

<comp id="95" class="1004" name="grp_access_fu_95">
<pin_list>
<pin id="96" dir="0" index="0" bw="7" slack="0"/>
<pin id="97" dir="0" index="1" bw="15" slack="2147483647"/>
<pin id="98" dir="0" index="2" bw="0" slack="2147483647"/>
<pin id="99" dir="1" index="3" bw="15" slack="1"/>
</pin_list>
<bind>
<opcode="load(27) " fcode="load"/>
<opset="SeparableConv2D_3_w_3/6 "/>
</bind>
</comp>

<comp id="101" class="1004" name="output_addr_gep_fu_101">
<pin_list>
<pin id="102" dir="0" index="0" bw="16" slack="0"/>
<pin id="103" dir="0" index="1" bw="1" slack="0"/>
<pin id="104" dir="0" index="2" bw="32" slack="0"/>
<pin id="105" dir="1" index="3" bw="14" slack="0"/>
</pin_list>
<bind>
<opcode="getelementptr(29) " fcode="getelementptr"/>
<opset="output_addr/6 "/>
</bind>
</comp>

<comp id="108" class="1004" name="StgValue_80_access_fu_108">
<pin_list>
<pin id="109" dir="0" index="0" bw="14" slack="0"/>
<pin id="110" dir="0" index="1" bw="16" slack="0"/>
<pin id="111" dir="0" index="2" bw="0" slack="2147483647"/>
<pin id="112" dir="1" index="3" bw="16" slack="2147483647"/>
</pin_list>
<bind>
<opcode="store(28) " fcode="store"/>
<opset="StgValue_80/6 "/>
</bind>
</comp>

<comp id="114" class="1005" name="out_d_reg_114">
<pin_list>
<pin id="115" dir="0" index="0" bw="5" slack="1"/>
<pin id="116" dir="1" index="1" bw="5" slack="1"/>
</pin_list>
<bind>
<opset="out_d (phireg) "/>
</bind>
</comp>

<comp id="118" class="1004" name="out_d_phi_fu_118">
<pin_list>
<pin id="119" dir="0" index="0" bw="1" slack="1"/>
<pin id="120" dir="0" index="1" bw="0" slack="2147483647"/>
<pin id="121" dir="0" index="2" bw="5" slack="0"/>
<pin id="122" dir="0" index="3" bw="0" slack="2147483647"/>
<pin id="123" dir="1" index="4" bw="5" slack="0"/>
</pin_list>
<bind>
<opcode="phi(47) " fcode="phi"/>
<opset="out_d/2 "/>
</bind>
</comp>

<comp id="125" class="1005" name="phi_mul1_reg_125">
<pin_list>
<pin id="126" dir="0" index="0" bw="12" slack="1"/>
<pin id="127" dir="1" index="1" bw="12" slack="1"/>
</pin_list>
<bind>
<opset="phi_mul1 (phireg) "/>
</bind>
</comp>

<comp id="129" class="1004" name="phi_mul1_phi_fu_129">
<pin_list>
<pin id="130" dir="0" index="0" bw="1" slack="1"/>
<pin id="131" dir="0" index="1" bw="0" slack="2147483647"/>
<pin id="132" dir="0" index="2" bw="12" slack="0"/>
<pin id="133" dir="0" index="3" bw="0" slack="2147483647"/>
<pin id="134" dir="1" index="4" bw="12" slack="0"/>
</pin_list>
<bind>
<opcode="phi(47) " fcode="phi"/>
<opset="phi_mul1/2 "/>
</bind>
</comp>

<comp id="136" class="1005" name="out_h_reg_136">
<pin_list>
<pin id="137" dir="0" index="0" bw="4" slack="1"/>
<pin id="138" dir="1" index="1" bw="4" slack="1"/>
</pin_list>
<bind>
<opset="out_h (phireg) "/>
</bind>
</comp>

<comp id="140" class="1004" name="out_h_phi_fu_140">
<pin_list>
<pin id="141" dir="0" index="0" bw="1" slack="1"/>
<pin id="142" dir="0" index="1" bw="0" slack="2147483647"/>
<pin id="143" dir="0" index="2" bw="4" slack="0"/>
<pin id="144" dir="0" index="3" bw="0" slack="2147483647"/>
<pin id="145" dir="1" index="4" bw="4" slack="0"/>
</pin_list>
<bind>
<opcode="phi(47) " fcode="phi"/>
<opset="out_h/4 "/>
</bind>
</comp>

<comp id="147" class="1005" name="out_w_reg_147">
<pin_list>
<pin id="148" dir="0" index="0" bw="4" slack="1"/>
<pin id="149" dir="1" index="1" bw="4" slack="1"/>
</pin_list>
<bind>
<opset="out_w (phireg) "/>
</bind>
</comp>

<comp id="151" class="1004" name="out_w_phi_fu_151">
<pin_list>
<pin id="152" dir="0" index="0" bw="4" slack="0"/>
<pin id="153" dir="0" index="1" bw="0" slack="2147483647"/>
<pin id="154" dir="0" index="2" bw="1" slack="1"/>
<pin id="155" dir="0" index="3" bw="0" slack="2147483647"/>
<pin id="156" dir="1" index="4" bw="4" slack="0"/>
</pin_list>
<bind>
<opcode="phi(47) " fcode="phi"/>
<opset="out_w/5 "/>
</bind>
</comp>

<comp id="158" class="1005" name="buffer1_reg_158">
<pin_list>
<pin id="159" dir="0" index="0" bw="16" slack="3"/>
<pin id="160" dir="1" index="1" bw="16" slack="3"/>
</pin_list>
<bind>
<opset="buffer1 (phireg) "/>
</bind>
</comp>

<comp id="161" class="1004" name="buffer1_phi_fu_161">
<pin_list>
<pin id="162" dir="0" index="0" bw="14" slack="3"/>
<pin id="163" dir="0" index="1" bw="0" slack="2147483647"/>
<pin id="164" dir="0" index="2" bw="16" slack="1"/>
<pin id="165" dir="0" index="3" bw="0" slack="2147483647"/>
<pin id="166" dir="1" index="4" bw="16" slack="0"/>
</pin_list>
<bind>
<opcode="phi(47) " fcode="phi"/>
<opset="buffer1/6 "/>
</bind>
</comp>

<comp id="168" class="1005" name="in_d_reg_168">
<pin_list>
<pin id="169" dir="0" index="0" bw="4" slack="1"/>
<pin id="170" dir="1" index="1" bw="4" slack="1"/>
</pin_list>
<bind>
<opset="in_d (phireg) "/>
</bind>
</comp>

<comp id="172" class="1004" name="in_d_phi_fu_172">
<pin_list>
<pin id="173" dir="0" index="0" bw="1" slack="1"/>
<pin id="174" dir="0" index="1" bw="0" slack="2147483647"/>
<pin id="175" dir="0" index="2" bw="4" slack="0"/>
<pin id="176" dir="0" index="3" bw="0" slack="2147483647"/>
<pin id="177" dir="1" index="4" bw="4" slack="0"/>
</pin_list>
<bind>
<opcode="phi(47) " fcode="phi"/>
<opset="in_d/6 "/>
</bind>
</comp>

<comp id="179" class="1005" name="phi_mul_reg_179">
<pin_list>
<pin id="180" dir="0" index="0" bw="11" slack="1"/>
<pin id="181" dir="1" index="1" bw="11" slack="1"/>
</pin_list>
<bind>
<opset="phi_mul (phireg) "/>
</bind>
</comp>

<comp id="183" class="1004" name="phi_mul_phi_fu_183">
<pin_list>
<pin id="184" dir="0" index="0" bw="1" slack="1"/>
<pin id="185" dir="0" index="1" bw="0" slack="2147483647"/>
<pin id="186" dir="0" index="2" bw="11" slack="0"/>
<pin id="187" dir="0" index="3" bw="0" slack="2147483647"/>
<pin id="188" dir="1" index="4" bw="11" slack="0"/>
</pin_list>
<bind>
<opcode="phi(47) " fcode="phi"/>
<opset="phi_mul/6 "/>
</bind>
</comp>

<comp id="190" class="1004" name="phi_mul1_cast_fu_190">
<pin_list>
<pin id="191" dir="0" index="0" bw="12" slack="0"/>
<pin id="192" dir="1" index="1" bw="13" slack="4"/>
</pin_list>
<bind>
<opcode="zext(34) " fcode="zext"/>
<opset="phi_mul1_cast/2 "/>
</bind>
</comp>

<comp id="194" class="1004" name="next_mul2_fu_194">
<pin_list>
<pin id="195" dir="0" index="0" bw="12" slack="0"/>
<pin id="196" dir="0" index="1" bw="9" slack="0"/>
<pin id="197" dir="1" index="2" bw="12" slack="0"/>
</pin_list>
<bind>
<opcode="add(8) " fcode="add"/>
<opset="next_mul2/2 "/>
</bind>
</comp>

<comp id="200" class="1004" name="exitcond3_fu_200">
<pin_list>
<pin id="201" dir="0" index="0" bw="5" slack="0"/>
<pin id="202" dir="0" index="1" bw="5" slack="0"/>
<pin id="203" dir="1" index="2" bw="1" slack="2147483647"/>
</pin_list>
<bind>
<opcode="icmp(45) " fcode="icmp"/>
<opset="exitcond3/2 "/>
</bind>
</comp>

<comp id="206" class="1004" name="out_d_2_fu_206">
<pin_list>
<pin id="207" dir="0" index="0" bw="5" slack="0"/>
<pin id="208" dir="0" index="1" bw="1" slack="0"/>
<pin id="209" dir="1" index="2" bw="5" slack="0"/>
</pin_list>
<bind>
<opcode="add(8) " fcode="add"/>
<opset="out_d_2/2 "/>
</bind>
</comp>

<comp id="212" class="1004" name="tmp_9_fu_212">
<pin_list>
<pin id="213" dir="0" index="0" bw="5" slack="0"/>
<pin id="214" dir="1" index="1" bw="64" slack="0"/>
</pin_list>
<bind>
<opcode="zext(34) " fcode="zext"/>
<opset="tmp_9/2 "/>
</bind>
</comp>

<comp id="217" class="1004" name="tmp_11_fu_217">
<pin_list>
<pin id="218" dir="0" index="0" bw="5" slack="0"/>
<pin id="219" dir="1" index="1" bw="4" slack="1"/>
</pin_list>
<bind>
<opcode="trunc(33) " fcode="trunc"/>
<opset="tmp_11/2 "/>
</bind>
</comp>

<comp id="221" class="1004" name="tmp_1_fu_221">
<pin_list>
<pin id="222" dir="0" index="0" bw="7" slack="0"/>
<pin id="223" dir="0" index="1" bw="4" slack="1"/>
<pin id="224" dir="0" index="2" bw="1" slack="0"/>
<pin id="225" dir="1" index="3" bw="7" slack="3"/>
</pin_list>
<bind>
<opcode="bitconcatenate(1004) " fcode="bitconcatenate"/>
<opset="tmp_1/3 "/>
</bind>
</comp>

<comp id="228" class="1004" name="buffer_cast_fu_228">
<pin_list>
<pin id="229" dir="0" index="0" bw="14" slack="0"/>
<pin id="230" dir="1" index="1" bw="16" slack="3"/>
</pin_list>
<bind>
<opcode="sext(35) " fcode="sext"/>
<opset="buffer_cast/3 "/>
</bind>
</comp>

<comp id="232" class="1004" name="exitcond2_fu_232">
<pin_list>
<pin id="233" dir="0" index="0" bw="4" slack="0"/>
<pin id="234" dir="0" index="1" bw="4" slack="0"/>
<pin id="235" dir="1" index="2" bw="1" slack="2147483647"/>
</pin_list>
<bind>
<opcode="icmp(45) " fcode="icmp"/>
<opset="exitcond2/4 "/>
</bind>
</comp>

<comp id="238" class="1004" name="out_h_2_fu_238">
<pin_list>
<pin id="239" dir="0" index="0" bw="4" slack="0"/>
<pin id="240" dir="0" index="1" bw="1" slack="0"/>
<pin id="241" dir="1" index="2" bw="4" slack="0"/>
</pin_list>
<bind>
<opcode="add(8) " fcode="add"/>
<opset="out_h_2/4 "/>
</bind>
</comp>

<comp id="244" class="1004" name="p_shl_fu_244">
<pin_list>
<pin id="245" dir="0" index="0" bw="8" slack="0"/>
<pin id="246" dir="0" index="1" bw="4" slack="0"/>
<pin id="247" dir="0" index="2" bw="1" slack="0"/>
<pin id="248" dir="1" index="3" bw="8" slack="0"/>
</pin_list>
<bind>
<opcode="bitconcatenate(1004) " fcode="bitconcatenate"/>
<opset="p_shl/4 "/>
</bind>
</comp>

<comp id="252" class="1004" name="p_shl_cast_fu_252">
<pin_list>
<pin id="253" dir="0" index="0" bw="8" slack="0"/>
<pin id="254" dir="1" index="1" bw="9" slack="0"/>
</pin_list>
<bind>
<opcode="zext(34) " fcode="zext"/>
<opset="p_shl_cast/4 "/>
</bind>
</comp>

<comp id="256" class="1004" name="p_shl1_fu_256">
<pin_list>
<pin id="257" dir="0" index="0" bw="5" slack="0"/>
<pin id="258" dir="0" index="1" bw="4" slack="0"/>
<pin id="259" dir="0" index="2" bw="1" slack="0"/>
<pin id="260" dir="1" index="3" bw="5" slack="0"/>
</pin_list>
<bind>
<opcode="bitconcatenate(1004) " fcode="bitconcatenate"/>
<opset="p_shl1/4 "/>
</bind>
</comp>

<comp id="264" class="1004" name="p_shl1_cast_fu_264">
<pin_list>
<pin id="265" dir="0" index="0" bw="5" slack="0"/>
<pin id="266" dir="1" index="1" bw="9" slack="0"/>
</pin_list>
<bind>
<opcode="zext(34) " fcode="zext"/>
<opset="p_shl1_cast/4 "/>
</bind>
</comp>

<comp id="268" class="1004" name="tmp_2_fu_268">
<pin_list>
<pin id="269" dir="0" index="0" bw="8" slack="0"/>
<pin id="270" dir="0" index="1" bw="5" slack="0"/>
<pin id="271" dir="1" index="2" bw="9" slack="0"/>
</pin_list>
<bind>
<opcode="sub(10) " fcode="sub"/>
<opset="tmp_2/4 "/>
</bind>
</comp>

<comp id="274" class="1004" name="tmp_22_cast_fu_274">
<pin_list>
<pin id="275" dir="0" index="0" bw="9" slack="0"/>
<pin id="276" dir="1" index="1" bw="12" slack="2"/>
</pin_list>
<bind>
<opcode="sext(35) " fcode="sext"/>
<opset="tmp_22_cast/4 "/>
</bind>
</comp>

<comp id="278" class="1004" name="exitcond1_fu_278">
<pin_list>
<pin id="279" dir="0" index="0" bw="4" slack="0"/>
<pin id="280" dir="0" index="1" bw="4" slack="0"/>
<pin id="281" dir="1" index="2" bw="1" slack="2147483647"/>
</pin_list>
<bind>
<opcode="icmp(45) " fcode="icmp"/>
<opset="exitcond1/5 "/>
</bind>
</comp>

<comp id="284" class="1004" name="out_w_2_fu_284">
<pin_list>
<pin id="285" dir="0" index="0" bw="4" slack="0"/>
<pin id="286" dir="0" index="1" bw="1" slack="0"/>
<pin id="287" dir="1" index="2" bw="4" slack="0"/>
</pin_list>
<bind>
<opcode="add(8) " fcode="add"/>
<opset="out_w_2/5 "/>
</bind>
</comp>

<comp id="290" class="1004" name="tmp_23_cast4_fu_290">
<pin_list>
<pin id="291" dir="0" index="0" bw="4" slack="0"/>
<pin id="292" dir="1" index="1" bw="9" slack="1"/>
</pin_list>
<bind>
<opcode="zext(34) " fcode="zext"/>
<opset="tmp_23_cast4/5 "/>
</bind>
</comp>

<comp id="294" class="1004" name="tmp_23_cast_fu_294">
<pin_list>
<pin id="295" dir="0" index="0" bw="4" slack="0"/>
<pin id="296" dir="1" index="1" bw="11" slack="1"/>
</pin_list>
<bind>
<opcode="zext(34) " fcode="zext"/>
<opset="tmp_23_cast/5 "/>
</bind>
</comp>

<comp id="298" class="1004" name="exitcond_fu_298">
<pin_list>
<pin id="299" dir="0" index="0" bw="4" slack="0"/>
<pin id="300" dir="0" index="1" bw="4" slack="0"/>
<pin id="301" dir="1" index="2" bw="1" slack="2147483647"/>
</pin_list>
<bind>
<opcode="icmp(45) " fcode="icmp"/>
<opset="exitcond/6 "/>
</bind>
</comp>

<comp id="304" class="1004" name="in_d_1_fu_304">
<pin_list>
<pin id="305" dir="0" index="0" bw="4" slack="0"/>
<pin id="306" dir="0" index="1" bw="1" slack="0"/>
<pin id="307" dir="1" index="2" bw="4" slack="0"/>
</pin_list>
<bind>
<opcode="add(8) " fcode="add"/>
<opset="in_d_1/6 "/>
</bind>
</comp>

<comp id="310" class="1004" name="tmp_28_cast2_fu_310">
<pin_list>
<pin id="311" dir="0" index="0" bw="4" slack="0"/>
<pin id="312" dir="1" index="1" bw="7" slack="0"/>
</pin_list>
<bind>
<opcode="zext(34) " fcode="zext"/>
<opset="tmp_28_cast2/6 "/>
</bind>
</comp>

<comp id="314" class="1004" name="next_mul_fu_314">
<pin_list>
<pin id="315" dir="0" index="0" bw="11" slack="0"/>
<pin id="316" dir="0" index="1" bw="9" slack="0"/>
<pin id="317" dir="1" index="2" bw="11" slack="0"/>
</pin_list>
<bind>
<opcode="add(8) " fcode="add"/>
<opset="next_mul/6 "/>
</bind>
</comp>

<comp id="320" class="1004" name="tmp_fu_320">
<pin_list>
<pin id="321" dir="0" index="0" bw="11" slack="0"/>
<pin id="322" dir="0" index="1" bw="4" slack="1"/>
<pin id="323" dir="1" index="2" bw="11" slack="0"/>
</pin_list>
<bind>
<opcode="add(8) " fcode="add"/>
<opset="tmp/6 "/>
</bind>
</comp>

<comp id="325" class="1004" name="tmp_cast_fu_325">
<pin_list>
<pin id="326" dir="0" index="0" bw="11" slack="0"/>
<pin id="327" dir="1" index="1" bw="12" slack="0"/>
</pin_list>
<bind>
<opcode="zext(34) " fcode="zext"/>
<opset="tmp_cast/6 "/>
</bind>
</comp>

<comp id="329" class="1004" name="tmp_5_fu_329">
<pin_list>
<pin id="330" dir="0" index="0" bw="11" slack="0"/>
<pin id="331" dir="0" index="1" bw="9" slack="2"/>
<pin id="332" dir="1" index="2" bw="12" slack="0"/>
</pin_list>
<bind>
<opcode="add(8) " fcode="add"/>
<opset="tmp_5/6 "/>
</bind>
</comp>

<comp id="334" class="1004" name="tmp_31_cast_fu_334">
<pin_list>
<pin id="335" dir="0" index="0" bw="12" slack="0"/>
<pin id="336" dir="1" index="1" bw="32" slack="0"/>
</pin_list>
<bind>
<opcode="sext(35) " fcode="sext"/>
<opset="tmp_31_cast/6 "/>
</bind>
</comp>

<comp id="338" class="1004" name="tmp_6_fu_338">
<pin_list>
<pin id="339" dir="0" index="0" bw="12" slack="0"/>
<pin id="340" dir="1" index="1" bw="64" slack="0"/>
</pin_list>
<bind>
<opcode="zext(34) " fcode="zext"/>
<opset="tmp_6/6 "/>
</bind>
</comp>

<comp id="343" class="1004" name="tmp_7_fu_343">
<pin_list>
<pin id="344" dir="0" index="0" bw="7" slack="3"/>
<pin id="345" dir="0" index="1" bw="4" slack="0"/>
<pin id="346" dir="1" index="2" bw="7" slack="0"/>
</pin_list>
<bind>
<opcode="add(8) " fcode="add"/>
<opset="tmp_7/6 "/>
</bind>
</comp>

<comp id="348" class="1004" name="tmp_8_fu_348">
<pin_list>
<pin id="349" dir="0" index="0" bw="7" slack="0"/>
<pin id="350" dir="1" index="1" bw="64" slack="0"/>
</pin_list>
<bind>
<opcode="zext(34) " fcode="zext"/>
<opset="tmp_8/6 "/>
</bind>
</comp>

<comp id="353" class="1004" name="tmp_12_fu_353">
<pin_list>
<pin id="354" dir="0" index="0" bw="16" slack="0"/>
<pin id="355" dir="1" index="1" bw="15" slack="0"/>
</pin_list>
<bind>
<opcode="trunc(33) " fcode="trunc"/>
<opset="tmp_12/6 "/>
</bind>
</comp>

<comp id="357" class="1004" name="tmp_13_fu_357">
<pin_list>
<pin id="358" dir="0" index="0" bw="1" slack="0"/>
<pin id="359" dir="0" index="1" bw="16" slack="0"/>
<pin id="360" dir="0" index="2" bw="5" slack="0"/>
<pin id="361" dir="1" index="3" bw="1" slack="0"/>
</pin_list>
<bind>
<opcode="bitselect(1000) " fcode="bitselect"/>
<opset="tmp_13/6 "/>
</bind>
</comp>

<comp id="365" class="1004" name="buffer_1_fu_365">
<pin_list>
<pin id="366" dir="0" index="0" bw="1" slack="0"/>
<pin id="367" dir="0" index="1" bw="15" slack="0"/>
<pin id="368" dir="0" index="2" bw="15" slack="0"/>
<pin id="369" dir="1" index="3" bw="15" slack="0"/>
</pin_list>
<bind>
<opcode="select(49) " fcode="select"/>
<opset="buffer_1/6 "/>
</bind>
</comp>

<comp id="373" class="1004" name="buffer_1_cast_fu_373">
<pin_list>
<pin id="374" dir="0" index="0" bw="15" slack="0"/>
<pin id="375" dir="1" index="1" bw="16" slack="0"/>
</pin_list>
<bind>
<opcode="zext(34) " fcode="zext"/>
<opset="buffer_1_cast/6 "/>
</bind>
</comp>

<comp id="378" class="1004" name="tmp1_fu_378">
<pin_list>
<pin id="379" dir="0" index="0" bw="9" slack="2"/>
<pin id="380" dir="0" index="1" bw="4" slack="1"/>
<pin id="381" dir="1" index="2" bw="9" slack="0"/>
</pin_list>
<bind>
<opcode="add(8) " fcode="add"/>
<opset="tmp1/6 "/>
</bind>
</comp>

<comp id="382" class="1004" name="tmp1_cast_fu_382">
<pin_list>
<pin id="383" dir="0" index="0" bw="9" slack="0"/>
<pin id="384" dir="1" index="1" bw="13" slack="0"/>
</pin_list>
<bind>
<opcode="sext(35) " fcode="sext"/>
<opset="tmp1_cast/6 "/>
</bind>
</comp>

<comp id="386" class="1004" name="tmp_3_fu_386">
<pin_list>
<pin id="387" dir="0" index="0" bw="9" slack="0"/>
<pin id="388" dir="0" index="1" bw="12" slack="4"/>
<pin id="389" dir="1" index="2" bw="13" slack="0"/>
</pin_list>
<bind>
<opcode="add(8) " fcode="add"/>
<opset="tmp_3/6 "/>
</bind>
</comp>

<comp id="391" class="1004" name="tmp_26_cast_fu_391">
<pin_list>
<pin id="392" dir="0" index="0" bw="13" slack="0"/>
<pin id="393" dir="1" index="1" bw="32" slack="0"/>
</pin_list>
<bind>
<opcode="sext(35) " fcode="sext"/>
<opset="tmp_26_cast/6 "/>
</bind>
</comp>

<comp id="395" class="1004" name="tmp_4_fu_395">
<pin_list>
<pin id="396" dir="0" index="0" bw="13" slack="0"/>
<pin id="397" dir="1" index="1" bw="64" slack="0"/>
</pin_list>
<bind>
<opcode="zext(34) " fcode="zext"/>
<opset="tmp_4/6 "/>
</bind>
</comp>

<comp id="400" class="1004" name="tmp_33_cast_fu_400">
<pin_list>
<pin id="401" dir="0" index="0" bw="16" slack="1"/>
<pin id="402" dir="1" index="1" bw="30" slack="0"/>
</pin_list>
<bind>
<opcode="sext(35) " fcode="sext"/>
<opset="tmp_33_cast/8 "/>
</bind>
</comp>

<comp id="403" class="1004" name="tmp_36_cast_fu_403">
<pin_list>
<pin id="404" dir="0" index="0" bw="15" slack="1"/>
<pin id="405" dir="1" index="1" bw="30" slack="0"/>
</pin_list>
<bind>
<opcode="sext(35) " fcode="sext"/>
<opset="tmp_36_cast/8 "/>
</bind>
</comp>

<comp id="406" class="1004" name="tmp_s_fu_406">
<pin_list>
<pin id="407" dir="0" index="0" bw="16" slack="0"/>
<pin id="408" dir="0" index="1" bw="30" slack="0"/>
<pin id="409" dir="0" index="2" bw="5" slack="0"/>
<pin id="410" dir="0" index="3" bw="6" slack="0"/>
<pin id="411" dir="1" index="4" bw="16" slack="1"/>
</pin_list>
<bind>
<opcode="partselect(1002) " fcode="partselect"/>
<opset="tmp_s/8 "/>
</bind>
</comp>

<comp id="415" class="1004" name="buffer_2_fu_415">
<pin_list>
<pin id="416" dir="0" index="0" bw="16" slack="1"/>
<pin id="417" dir="0" index="1" bw="16" slack="3"/>
<pin id="418" dir="1" index="2" bw="16" slack="1"/>
</pin_list>
<bind>
<opcode="add(8) " fcode="add"/>
<opset="buffer_2/9 "/>
</bind>
</comp>

<comp id="420" class="1007" name="tmp_10_fu_420">
<pin_list>
<pin id="421" dir="0" index="0" bw="16" slack="0"/>
<pin id="422" dir="0" index="1" bw="15" slack="0"/>
<pin id="423" dir="1" index="2" bw="30" slack="0"/>
</pin_list>
<bind>
<opcode="mul(12) " fcode="mul"/>
<opset="tmp_10/8 "/>
</bind>
</comp>

<comp id="427" class="1005" name="phi_mul1_cast_reg_427">
<pin_list>
<pin id="428" dir="0" index="0" bw="13" slack="4"/>
<pin id="429" dir="1" index="1" bw="13" slack="4"/>
</pin_list>
<bind>
<opset="phi_mul1_cast "/>
</bind>
</comp>

<comp id="432" class="1005" name="next_mul2_reg_432">
<pin_list>
<pin id="433" dir="0" index="0" bw="12" slack="0"/>
<pin id="434" dir="1" index="1" bw="12" slack="0"/>
</pin_list>
<bind>
<opset="next_mul2 "/>
</bind>
</comp>

<comp id="440" class="1005" name="out_d_2_reg_440">
<pin_list>
<pin id="441" dir="0" index="0" bw="5" slack="0"/>
<pin id="442" dir="1" index="1" bw="5" slack="0"/>
</pin_list>
<bind>
<opset="out_d_2 "/>
</bind>
</comp>

<comp id="445" class="1005" name="SeparableConv2D_3_b_2_reg_445">
<pin_list>
<pin id="446" dir="0" index="0" bw="4" slack="1"/>
<pin id="447" dir="1" index="1" bw="4" slack="1"/>
</pin_list>
<bind>
<opset="SeparableConv2D_3_b_2 "/>
</bind>
</comp>

<comp id="450" class="1005" name="tmp_11_reg_450">
<pin_list>
<pin id="451" dir="0" index="0" bw="4" slack="1"/>
<pin id="452" dir="1" index="1" bw="4" slack="1"/>
</pin_list>
<bind>
<opset="tmp_11 "/>
</bind>
</comp>

<comp id="455" class="1005" name="tmp_1_reg_455">
<pin_list>
<pin id="456" dir="0" index="0" bw="7" slack="3"/>
<pin id="457" dir="1" index="1" bw="7" slack="3"/>
</pin_list>
<bind>
<opset="tmp_1 "/>
</bind>
</comp>

<comp id="460" class="1005" name="buffer_cast_reg_460">
<pin_list>
<pin id="461" dir="0" index="0" bw="16" slack="3"/>
<pin id="462" dir="1" index="1" bw="16" slack="3"/>
</pin_list>
<bind>
<opset="buffer_cast "/>
</bind>
</comp>

<comp id="468" class="1005" name="out_h_2_reg_468">
<pin_list>
<pin id="469" dir="0" index="0" bw="4" slack="0"/>
<pin id="470" dir="1" index="1" bw="4" slack="0"/>
</pin_list>
<bind>
<opset="out_h_2 "/>
</bind>
</comp>

<comp id="473" class="1005" name="tmp_2_reg_473">
<pin_list>
<pin id="474" dir="0" index="0" bw="9" slack="2"/>
<pin id="475" dir="1" index="1" bw="9" slack="2"/>
</pin_list>
<bind>
<opset="tmp_2 "/>
</bind>
</comp>

<comp id="478" class="1005" name="tmp_22_cast_reg_478">
<pin_list>
<pin id="479" dir="0" index="0" bw="12" slack="2"/>
<pin id="480" dir="1" index="1" bw="12" slack="2"/>
</pin_list>
<bind>
<opset="tmp_22_cast "/>
</bind>
</comp>

<comp id="486" class="1005" name="out_w_2_reg_486">
<pin_list>
<pin id="487" dir="0" index="0" bw="4" slack="0"/>
<pin id="488" dir="1" index="1" bw="4" slack="0"/>
</pin_list>
<bind>
<opset="out_w_2 "/>
</bind>
</comp>

<comp id="491" class="1005" name="tmp_23_cast4_reg_491">
<pin_list>
<pin id="492" dir="0" index="0" bw="9" slack="1"/>
<pin id="493" dir="1" index="1" bw="9" slack="1"/>
</pin_list>
<bind>
<opset="tmp_23_cast4 "/>
</bind>
</comp>

<comp id="496" class="1005" name="tmp_23_cast_reg_496">
<pin_list>
<pin id="497" dir="0" index="0" bw="11" slack="1"/>
<pin id="498" dir="1" index="1" bw="11" slack="1"/>
</pin_list>
<bind>
<opset="tmp_23_cast "/>
</bind>
</comp>

<comp id="504" class="1005" name="in_d_1_reg_504">
<pin_list>
<pin id="505" dir="0" index="0" bw="4" slack="0"/>
<pin id="506" dir="1" index="1" bw="4" slack="0"/>
</pin_list>
<bind>
<opset="in_d_1 "/>
</bind>
</comp>

<comp id="509" class="1005" name="next_mul_reg_509">
<pin_list>
<pin id="510" dir="0" index="0" bw="11" slack="0"/>
<pin id="511" dir="1" index="1" bw="11" slack="0"/>
</pin_list>
<bind>
<opset="next_mul "/>
</bind>
</comp>

<comp id="514" class="1005" name="input_addr_reg_514">
<pin_list>
<pin id="515" dir="0" index="0" bw="14" slack="1"/>
<pin id="516" dir="1" index="1" bw="14" slack="1"/>
</pin_list>
<bind>
<opset="input_addr "/>
</bind>
</comp>

<comp id="519" class="1005" name="SeparableConv2D_3_w_2_reg_519">
<pin_list>
<pin id="520" dir="0" index="0" bw="7" slack="1"/>
<pin id="521" dir="1" index="1" bw="7" slack="1"/>
</pin_list>
<bind>
<opset="SeparableConv2D_3_w_2 "/>
</bind>
</comp>

<comp id="524" class="1005" name="input_load_reg_524">
<pin_list>
<pin id="525" dir="0" index="0" bw="16" slack="1"/>
<pin id="526" dir="1" index="1" bw="16" slack="1"/>
</pin_list>
<bind>
<opset="input_load "/>
</bind>
</comp>

<comp id="529" class="1005" name="SeparableConv2D_3_w_3_reg_529">
<pin_list>
<pin id="530" dir="0" index="0" bw="15" slack="1"/>
<pin id="531" dir="1" index="1" bw="15" slack="1"/>
</pin_list>
<bind>
<opset="SeparableConv2D_3_w_3 "/>
</bind>
</comp>

<comp id="534" class="1005" name="tmp_s_reg_534">
<pin_list>
<pin id="535" dir="0" index="0" bw="16" slack="1"/>
<pin id="536" dir="1" index="1" bw="16" slack="1"/>
</pin_list>
<bind>
<opset="tmp_s "/>
</bind>
</comp>

<comp id="539" class="1005" name="buffer_2_reg_539">
<pin_list>
<pin id="540" dir="0" index="0" bw="16" slack="1"/>
<pin id="541" dir="1" index="1" bw="16" slack="1"/>
</pin_list>
<bind>
<opset="buffer_2 "/>
</bind>
</comp>

</comp_list>

<net_list>
<net id="67"><net_src comp="4" pin="0"/><net_sink comp="62" pin=0"/></net>

<net id="68"><net_src comp="22" pin="0"/><net_sink comp="62" pin=1"/></net>

<net id="74"><net_src comp="62" pin="3"/><net_sink comp="69" pin=0"/></net>

<net id="80"><net_src comp="0" pin="0"/><net_sink comp="75" pin=0"/></net>

<net id="81"><net_src comp="22" pin="0"/><net_sink comp="75" pin=1"/></net>

<net id="87"><net_src comp="75" pin="3"/><net_sink comp="82" pin=0"/></net>

<net id="93"><net_src comp="6" pin="0"/><net_sink comp="88" pin=0"/></net>

<net id="94"><net_src comp="22" pin="0"/><net_sink comp="88" pin=1"/></net>

<net id="100"><net_src comp="88" pin="3"/><net_sink comp="95" pin=0"/></net>

<net id="106"><net_src comp="2" pin="0"/><net_sink comp="101" pin=0"/></net>

<net id="107"><net_src comp="22" pin="0"/><net_sink comp="101" pin=1"/></net>

<net id="113"><net_src comp="101" pin="3"/><net_sink comp="108" pin=0"/></net>

<net id="117"><net_src comp="8" pin="0"/><net_sink comp="114" pin=0"/></net>

<net id="124"><net_src comp="114" pin="1"/><net_sink comp="118" pin=0"/></net>

<net id="128"><net_src comp="10" pin="0"/><net_sink comp="125" pin=0"/></net>

<net id="135"><net_src comp="125" pin="1"/><net_sink comp="129" pin=0"/></net>

<net id="139"><net_src comp="28" pin="0"/><net_sink comp="136" pin=0"/></net>

<net id="146"><net_src comp="136" pin="1"/><net_sink comp="140" pin=0"/></net>

<net id="150"><net_src comp="28" pin="0"/><net_sink comp="147" pin=0"/></net>

<net id="157"><net_src comp="147" pin="1"/><net_sink comp="151" pin=2"/></net>

<net id="167"><net_src comp="161" pin="4"/><net_sink comp="158" pin=0"/></net>

<net id="171"><net_src comp="28" pin="0"/><net_sink comp="168" pin=0"/></net>

<net id="178"><net_src comp="168" pin="1"/><net_sink comp="172" pin=0"/></net>

<net id="182"><net_src comp="42" pin="0"/><net_sink comp="179" pin=0"/></net>

<net id="189"><net_src comp="179" pin="1"/><net_sink comp="183" pin=0"/></net>

<net id="193"><net_src comp="129" pin="4"/><net_sink comp="190" pin=0"/></net>

<net id="198"><net_src comp="129" pin="4"/><net_sink comp="194" pin=0"/></net>

<net id="199"><net_src comp="12" pin="0"/><net_sink comp="194" pin=1"/></net>

<net id="204"><net_src comp="118" pin="4"/><net_sink comp="200" pin=0"/></net>

<net id="205"><net_src comp="14" pin="0"/><net_sink comp="200" pin=1"/></net>

<net id="210"><net_src comp="118" pin="4"/><net_sink comp="206" pin=0"/></net>

<net id="211"><net_src comp="20" pin="0"/><net_sink comp="206" pin=1"/></net>

<net id="215"><net_src comp="118" pin="4"/><net_sink comp="212" pin=0"/></net>

<net id="216"><net_src comp="212" pin="1"/><net_sink comp="62" pin=2"/></net>

<net id="220"><net_src comp="118" pin="4"/><net_sink comp="217" pin=0"/></net>

<net id="226"><net_src comp="24" pin="0"/><net_sink comp="221" pin=0"/></net>

<net id="227"><net_src comp="26" pin="0"/><net_sink comp="221" pin=2"/></net>

<net id="231"><net_src comp="69" pin="3"/><net_sink comp="228" pin=0"/></net>

<net id="236"><net_src comp="140" pin="4"/><net_sink comp="232" pin=0"/></net>

<net id="237"><net_src comp="30" pin="0"/><net_sink comp="232" pin=1"/></net>

<net id="242"><net_src comp="140" pin="4"/><net_sink comp="238" pin=0"/></net>

<net id="243"><net_src comp="34" pin="0"/><net_sink comp="238" pin=1"/></net>

<net id="249"><net_src comp="36" pin="0"/><net_sink comp="244" pin=0"/></net>

<net id="250"><net_src comp="140" pin="4"/><net_sink comp="244" pin=1"/></net>

<net id="251"><net_src comp="28" pin="0"/><net_sink comp="244" pin=2"/></net>

<net id="255"><net_src comp="244" pin="3"/><net_sink comp="252" pin=0"/></net>

<net id="261"><net_src comp="38" pin="0"/><net_sink comp="256" pin=0"/></net>

<net id="262"><net_src comp="140" pin="4"/><net_sink comp="256" pin=1"/></net>

<net id="263"><net_src comp="40" pin="0"/><net_sink comp="256" pin=2"/></net>

<net id="267"><net_src comp="256" pin="3"/><net_sink comp="264" pin=0"/></net>

<net id="272"><net_src comp="252" pin="1"/><net_sink comp="268" pin=0"/></net>

<net id="273"><net_src comp="264" pin="1"/><net_sink comp="268" pin=1"/></net>

<net id="277"><net_src comp="268" pin="2"/><net_sink comp="274" pin=0"/></net>

<net id="282"><net_src comp="151" pin="4"/><net_sink comp="278" pin=0"/></net>

<net id="283"><net_src comp="30" pin="0"/><net_sink comp="278" pin=1"/></net>

<net id="288"><net_src comp="151" pin="4"/><net_sink comp="284" pin=0"/></net>

<net id="289"><net_src comp="34" pin="0"/><net_sink comp="284" pin=1"/></net>

<net id="293"><net_src comp="151" pin="4"/><net_sink comp="290" pin=0"/></net>

<net id="297"><net_src comp="151" pin="4"/><net_sink comp="294" pin=0"/></net>

<net id="302"><net_src comp="172" pin="4"/><net_sink comp="298" pin=0"/></net>

<net id="303"><net_src comp="44" pin="0"/><net_sink comp="298" pin=1"/></net>

<net id="308"><net_src comp="172" pin="4"/><net_sink comp="304" pin=0"/></net>

<net id="309"><net_src comp="34" pin="0"/><net_sink comp="304" pin=1"/></net>

<net id="313"><net_src comp="172" pin="4"/><net_sink comp="310" pin=0"/></net>

<net id="318"><net_src comp="183" pin="4"/><net_sink comp="314" pin=0"/></net>

<net id="319"><net_src comp="48" pin="0"/><net_sink comp="314" pin=1"/></net>

<net id="324"><net_src comp="183" pin="4"/><net_sink comp="320" pin=0"/></net>

<net id="328"><net_src comp="320" pin="2"/><net_sink comp="325" pin=0"/></net>

<net id="333"><net_src comp="325" pin="1"/><net_sink comp="329" pin=0"/></net>

<net id="337"><net_src comp="329" pin="2"/><net_sink comp="334" pin=0"/></net>

<net id="341"><net_src comp="334" pin="1"/><net_sink comp="338" pin=0"/></net>

<net id="342"><net_src comp="338" pin="1"/><net_sink comp="75" pin=2"/></net>

<net id="347"><net_src comp="310" pin="1"/><net_sink comp="343" pin=1"/></net>

<net id="351"><net_src comp="343" pin="2"/><net_sink comp="348" pin=0"/></net>

<net id="352"><net_src comp="348" pin="1"/><net_sink comp="88" pin=2"/></net>

<net id="356"><net_src comp="161" pin="4"/><net_sink comp="353" pin=0"/></net>

<net id="362"><net_src comp="50" pin="0"/><net_sink comp="357" pin=0"/></net>

<net id="363"><net_src comp="161" pin="4"/><net_sink comp="357" pin=1"/></net>

<net id="364"><net_src comp="52" pin="0"/><net_sink comp="357" pin=2"/></net>

<net id="370"><net_src comp="357" pin="3"/><net_sink comp="365" pin=0"/></net>

<net id="371"><net_src comp="54" pin="0"/><net_sink comp="365" pin=1"/></net>

<net id="372"><net_src comp="353" pin="1"/><net_sink comp="365" pin=2"/></net>

<net id="376"><net_src comp="365" pin="3"/><net_sink comp="373" pin=0"/></net>

<net id="377"><net_src comp="373" pin="1"/><net_sink comp="108" pin=1"/></net>

<net id="385"><net_src comp="378" pin="2"/><net_sink comp="382" pin=0"/></net>

<net id="390"><net_src comp="382" pin="1"/><net_sink comp="386" pin=0"/></net>

<net id="394"><net_src comp="386" pin="2"/><net_sink comp="391" pin=0"/></net>

<net id="398"><net_src comp="391" pin="1"/><net_sink comp="395" pin=0"/></net>

<net id="399"><net_src comp="395" pin="1"/><net_sink comp="101" pin=2"/></net>

<net id="412"><net_src comp="56" pin="0"/><net_sink comp="406" pin=0"/></net>

<net id="413"><net_src comp="58" pin="0"/><net_sink comp="406" pin=2"/></net>

<net id="414"><net_src comp="60" pin="0"/><net_sink comp="406" pin=3"/></net>

<net id="419"><net_src comp="158" pin="1"/><net_sink comp="415" pin=1"/></net>

<net id="424"><net_src comp="400" pin="1"/><net_sink comp="420" pin=0"/></net>

<net id="425"><net_src comp="403" pin="1"/><net_sink comp="420" pin=1"/></net>

<net id="426"><net_src comp="420" pin="2"/><net_sink comp="406" pin=1"/></net>

<net id="430"><net_src comp="190" pin="1"/><net_sink comp="427" pin=0"/></net>

<net id="431"><net_src comp="427" pin="1"/><net_sink comp="386" pin=1"/></net>

<net id="435"><net_src comp="194" pin="2"/><net_sink comp="432" pin=0"/></net>

<net id="436"><net_src comp="432" pin="1"/><net_sink comp="129" pin=2"/></net>

<net id="443"><net_src comp="206" pin="2"/><net_sink comp="440" pin=0"/></net>

<net id="444"><net_src comp="440" pin="1"/><net_sink comp="118" pin=2"/></net>

<net id="448"><net_src comp="62" pin="3"/><net_sink comp="445" pin=0"/></net>

<net id="449"><net_src comp="445" pin="1"/><net_sink comp="69" pin=0"/></net>

<net id="453"><net_src comp="217" pin="1"/><net_sink comp="450" pin=0"/></net>

<net id="454"><net_src comp="450" pin="1"/><net_sink comp="221" pin=1"/></net>

<net id="458"><net_src comp="221" pin="3"/><net_sink comp="455" pin=0"/></net>

<net id="459"><net_src comp="455" pin="1"/><net_sink comp="343" pin=0"/></net>

<net id="463"><net_src comp="228" pin="1"/><net_sink comp="460" pin=0"/></net>

<net id="464"><net_src comp="460" pin="1"/><net_sink comp="161" pin=0"/></net>

<net id="471"><net_src comp="238" pin="2"/><net_sink comp="468" pin=0"/></net>

<net id="472"><net_src comp="468" pin="1"/><net_sink comp="140" pin=2"/></net>

<net id="476"><net_src comp="268" pin="2"/><net_sink comp="473" pin=0"/></net>

<net id="477"><net_src comp="473" pin="1"/><net_sink comp="378" pin=0"/></net>

<net id="481"><net_src comp="274" pin="1"/><net_sink comp="478" pin=0"/></net>

<net id="482"><net_src comp="478" pin="1"/><net_sink comp="329" pin=1"/></net>

<net id="489"><net_src comp="284" pin="2"/><net_sink comp="486" pin=0"/></net>

<net id="490"><net_src comp="486" pin="1"/><net_sink comp="151" pin=0"/></net>

<net id="494"><net_src comp="290" pin="1"/><net_sink comp="491" pin=0"/></net>

<net id="495"><net_src comp="491" pin="1"/><net_sink comp="378" pin=1"/></net>

<net id="499"><net_src comp="294" pin="1"/><net_sink comp="496" pin=0"/></net>

<net id="500"><net_src comp="496" pin="1"/><net_sink comp="320" pin=1"/></net>

<net id="507"><net_src comp="304" pin="2"/><net_sink comp="504" pin=0"/></net>

<net id="508"><net_src comp="504" pin="1"/><net_sink comp="172" pin=2"/></net>

<net id="512"><net_src comp="314" pin="2"/><net_sink comp="509" pin=0"/></net>

<net id="513"><net_src comp="509" pin="1"/><net_sink comp="183" pin=2"/></net>

<net id="517"><net_src comp="75" pin="3"/><net_sink comp="514" pin=0"/></net>

<net id="518"><net_src comp="514" pin="1"/><net_sink comp="82" pin=0"/></net>

<net id="522"><net_src comp="88" pin="3"/><net_sink comp="519" pin=0"/></net>

<net id="523"><net_src comp="519" pin="1"/><net_sink comp="95" pin=0"/></net>

<net id="527"><net_src comp="82" pin="3"/><net_sink comp="524" pin=0"/></net>

<net id="528"><net_src comp="524" pin="1"/><net_sink comp="400" pin=0"/></net>

<net id="532"><net_src comp="95" pin="3"/><net_sink comp="529" pin=0"/></net>

<net id="533"><net_src comp="529" pin="1"/><net_sink comp="403" pin=0"/></net>

<net id="537"><net_src comp="406" pin="4"/><net_sink comp="534" pin=0"/></net>

<net id="538"><net_src comp="534" pin="1"/><net_sink comp="415" pin=0"/></net>

<net id="542"><net_src comp="415" pin="2"/><net_sink comp="539" pin=0"/></net>

<net id="543"><net_src comp="539" pin="1"/><net_sink comp="161" pin=2"/></net>

</net_list>

</model> 
---------------- Datapath Model END ------------------

* FSMD analyzer results:
  - Output states:
	Port: output_r | {6 }
	Port: SeparableConv2D_3_b_s | {}
	Port: SeparableConv2D_3_w_s | {}
 - Input state : 
	Port: pointwise_conv2d_fix.3 : input_r | {6 7 }
	Port: pointwise_conv2d_fix.3 : SeparableConv2D_3_b_s | {2 3 }
	Port: pointwise_conv2d_fix.3 : SeparableConv2D_3_w_s | {6 7 }
  - Chain level:
	State 1
	State 2
		phi_mul1_cast : 1
		next_mul2 : 1
		exitcond3 : 1
		out_d_2 : 1
		StgValue_18 : 2
		tmp_9 : 1
		SeparableConv2D_3_b_2 : 2
		tmp_11 : 1
		buffer : 3
	State 3
		buffer_cast : 1
	State 4
		exitcond2 : 1
		out_h_2 : 1
		StgValue_32 : 2
		p_shl : 1
		p_shl_cast : 2
		p_shl1 : 1
		p_shl1_cast : 2
		tmp_2 : 3
		tmp_22_cast : 4
	State 5
		exitcond1 : 1
		out_w_2 : 1
		StgValue_45 : 2
		tmp_23_cast4 : 1
		tmp_23_cast : 1
	State 6
		exitcond : 1
		in_d_1 : 1
		StgValue_56 : 2
		tmp_28_cast2 : 1
		next_mul : 1
		tmp : 1
		tmp_cast : 2
		tmp_5 : 3
		tmp_31_cast : 4
		tmp_6 : 5
		input_addr : 6
		input_load : 7
		tmp_7 : 2
		tmp_8 : 3
		SeparableConv2D_3_w_2 : 4
		SeparableConv2D_3_w_3 : 5
		tmp_12 : 1
		tmp_13 : 1
		buffer_1 : 2
		buffer_1_cast : 3
		tmp1_cast : 1
		tmp_3 : 2
		tmp_26_cast : 3
		tmp_4 : 4
		output_addr : 5
		StgValue_80 : 6
	State 7
	State 8
		tmp_10 : 1
		tmp_s : 2
	State 9


============================================================
+ Verbose Summary: Datapath Resource usage 
============================================================

* Functional unit list:
|----------|----------------------|---------|---------|---------|
| Operation|    Functional Unit   |  DSP48E |    FF   |   LUT   |
|----------|----------------------|---------|---------|---------|
|          |   next_mul2_fu_194   |    0    |    0    |    12   |
|          |    out_d_2_fu_206    |    0    |    0    |    15   |
|          |    out_h_2_fu_238    |    0    |    0    |    13   |
|          |    out_w_2_fu_284    |    0    |    0    |    13   |
|          |     in_d_1_fu_304    |    0    |    0    |    13   |
|    add   |    next_mul_fu_314   |    0    |    0    |    13   |
|          |      tmp_fu_320      |    0    |    0    |    13   |
|          |     tmp_5_fu_329     |    0    |    0    |    13   |
|          |     tmp_7_fu_343     |    0    |    0    |    15   |
|          |      tmp1_fu_378     |    0    |    0    |    15   |
|          |     tmp_3_fu_386     |    0    |    0    |    12   |
|          |    buffer_2_fu_415   |    0    |    0    |    23   |
|----------|----------------------|---------|---------|---------|
|          |   exitcond3_fu_200   |    0    |    0    |    11   |
|   icmp   |   exitcond2_fu_232   |    0    |    0    |    9    |
|          |   exitcond1_fu_278   |    0    |    0    |    9    |
|          |    exitcond_fu_298   |    0    |    0    |    9    |
|----------|----------------------|---------|---------|---------|
|    sub   |     tmp_2_fu_268     |    0    |    0    |    15   |
|----------|----------------------|---------|---------|---------|
|  select  |    buffer_1_fu_365   |    0    |    0    |    15   |
|----------|----------------------|---------|---------|---------|
|    mul   |     tmp_10_fu_420    |    1    |    0    |    0    |
|----------|----------------------|---------|---------|---------|
|          | phi_mul1_cast_fu_190 |    0    |    0    |    0    |
|          |     tmp_9_fu_212     |    0    |    0    |    0    |
|          |   p_shl_cast_fu_252  |    0    |    0    |    0    |
|          |  p_shl1_cast_fu_264  |    0    |    0    |    0    |
|          |  tmp_23_cast4_fu_290 |    0    |    0    |    0    |
|   zext   |  tmp_23_cast_fu_294  |    0    |    0    |    0    |
|          |  tmp_28_cast2_fu_310 |    0    |    0    |    0    |
|          |    tmp_cast_fu_325   |    0    |    0    |    0    |
|          |     tmp_6_fu_338     |    0    |    0    |    0    |
|          |     tmp_8_fu_348     |    0    |    0    |    0    |
|          | buffer_1_cast_fu_373 |    0    |    0    |    0    |
|          |     tmp_4_fu_395     |    0    |    0    |    0    |
|----------|----------------------|---------|---------|---------|
|   trunc  |     tmp_11_fu_217    |    0    |    0    |    0    |
|          |     tmp_12_fu_353    |    0    |    0    |    0    |
|----------|----------------------|---------|---------|---------|
|          |     tmp_1_fu_221     |    0    |    0    |    0    |
|bitconcatenate|     p_shl_fu_244     |    0    |    0    |    0    |
|          |     p_shl1_fu_256    |    0    |    0    |    0    |
|----------|----------------------|---------|---------|---------|
|          |  buffer_cast_fu_228  |    0    |    0    |    0    |
|          |  tmp_22_cast_fu_274  |    0    |    0    |    0    |
|          |  tmp_31_cast_fu_334  |    0    |    0    |    0    |
|   sext   |   tmp1_cast_fu_382   |    0    |    0    |    0    |
|          |  tmp_26_cast_fu_391  |    0    |    0    |    0    |
|          |  tmp_33_cast_fu_400  |    0    |    0    |    0    |
|          |  tmp_36_cast_fu_403  |    0    |    0    |    0    |
|----------|----------------------|---------|---------|---------|
| bitselect|     tmp_13_fu_357    |    0    |    0    |    0    |
|----------|----------------------|---------|---------|---------|
|partselect|     tmp_s_fu_406     |    0    |    0    |    0    |
|----------|----------------------|---------|---------|---------|
|   Total  |                      |    1    |    0    |   238   |
|----------|----------------------|---------|---------|---------|

Memories:
N/A

* Register list:
+-----------------------------+--------+
|                             |   FF   |
+-----------------------------+--------+
|SeparableConv2D_3_b_2_reg_445|    4   |
|SeparableConv2D_3_w_2_reg_519|    7   |
|SeparableConv2D_3_w_3_reg_529|   15   |
|       buffer1_reg_158       |   16   |
|       buffer_2_reg_539      |   16   |
|     buffer_cast_reg_460     |   16   |
|        in_d_1_reg_504       |    4   |
|         in_d_reg_168        |    4   |
|      input_addr_reg_514     |   14   |
|      input_load_reg_524     |   16   |
|      next_mul2_reg_432      |   12   |
|       next_mul_reg_509      |   11   |
|       out_d_2_reg_440       |    5   |
|        out_d_reg_114        |    5   |
|       out_h_2_reg_468       |    4   |
|        out_h_reg_136        |    4   |
|       out_w_2_reg_486       |    4   |
|        out_w_reg_147        |    4   |
|    phi_mul1_cast_reg_427    |   13   |
|       phi_mul1_reg_125      |   12   |
|       phi_mul_reg_179       |   11   |
|        tmp_11_reg_450       |    4   |
|        tmp_1_reg_455        |    7   |
|     tmp_22_cast_reg_478     |   12   |
|     tmp_23_cast4_reg_491    |    9   |
|     tmp_23_cast_reg_496     |   11   |
|        tmp_2_reg_473        |    9   |
|        tmp_s_reg_534        |   16   |
+-----------------------------+--------+
|            Total            |   265  |
+-----------------------------+--------+

* Multiplexer (MUX) list: 
|------------------|------|------|------|--------||---------||---------|
|       Comp       |  Pin | Size |  BW  | S x BW ||  Delay  ||   LUT   |
|------------------|------|------|------|--------||---------||---------|
| grp_access_fu_69 |  p0  |   2  |   4  |    8   ||    9    |
| grp_access_fu_82 |  p0  |   2  |  14  |   28   ||    9    |
| grp_access_fu_95 |  p0  |   2  |   7  |   14   ||    9    |
|------------------|------|------|------|--------||---------||---------|
|       Total      |      |      |      |   50   ||  5.307  ||    27   |
|------------------|------|------|------|--------||---------||---------|



* Summary:
+-----------+--------+--------+--------+--------+
|           | DSP48E |  Delay |   FF   |   LUT  |
+-----------+--------+--------+--------+--------+
|  Function |    1   |    -   |    0   |   238  |
|   Memory  |    -   |    -   |    -   |    -   |
|Multiplexer|    -   |    5   |    -   |   27   |
|  Register |    -   |    -   |   265  |    -   |
+-----------+--------+--------+--------+--------+
|   Total   |    1   |    5   |   265  |   265  |
+-----------+--------+--------+--------+--------+
