

================================================================
== Vivado HLS Report for 'up_sampling2d_fix16'
================================================================
* Date:           Sun Oct 27 20:25:44 2019

* Version:        2018.3 (Build 2405991 on Thu Dec 06 23:56:15 MST 2018)
* Project:        HLS
* Solution:       network
* Product family: zynq
* Target device:  xc7z020clg400-1


================================================================
== Performance Estimates
================================================================
+ Timing (ns): 
    * Summary: 
    +--------+-------+----------+------------+
    |  Clock | Target| Estimated| Uncertainty|
    +--------+-------+----------+------------+
    |ap_clk  |  10.00|     8.510|        1.25|
    +--------+-------+----------+------------+

+ Latency (clock cycles): 
    * Summary: 
    +-----+-----+-----+-----+---------+
    |  Latency  |  Interval | Pipeline|
    | min | max | min | max |   Type  |
    +-----+-----+-----+-----+---------+
    |    ?|    ?|    ?|    ?|   none  |
    +-----+-----+-----+-----+---------+

    + Detail: 
        * Instance: 
        N/A

        * Loop: 
        +-----------------+-----+-----+----------+-----------+-----------+------+----------+
        |                 |  Latency  | Iteration|  Initiation Interval  | Trip |          |
        |    Loop Name    | min | max |  Latency |  achieved |   target  | Count| Pipelined|
        +-----------------+-----+-----+----------+-----------+-----------+------+----------+
        |- Loop 1         |    ?|    ?|         ?|          -|          -|     ?|    no    |
        | + Loop 1.1      |    ?|    ?|         ?|          -|          -|     ?|    no    |
        |  ++ Loop 1.1.1  |    ?|    ?|         3|          -|          -|     ?|    no    |
        |  ++ Loop 1.1.2  |    ?|    ?|         3|          -|          -|     ?|    no    |
        +-----------------+-----+-----+----------+-----------+-----------+------+----------+

============================================================
+ Verbose Summary: Synthesis Manager
============================================================
InlineROM: 1
ExposeGlobal: 0
============================================================
+ Verbose Summary: CDFG Model
============================================================
IsTopModel: 0
ResetActiveHigh: 1
IsCombinational: 0
IsDatapathOnly: 0
HasWiredReturn: 1
HasMFsm: 0
HasVarLatency: 1
IsPipeline: 0
IsRtlPipelined: 0
IsInstanceOverlapped: 0
IsDontTouch: 0
HasImplIP: 0
IsGatedGlobalClock: 0


============================================================
+ Verbose Summary: Schedule
============================================================
* Number of FSM states : 11
* Pipeline : 0
* Dataflow Pipeline: 0

* FSM state transitions: 
1 --> 
	2  / true
2 --> 
	3  / (!exitcond3)
3 --> 
	4  / (!exitcond2)
	6  / (exitcond2)
4 --> 
	5  / true
5 --> 
	6  / true
6 --> 
	7  / (!exitcond2 & !exitcond & !exitcond_0_1)
	8  / (!exitcond2 & exitcond_0_1 & !exitcond2_1) | (!exitcond2 & exitcond & !exitcond2_1)
	2  / (exitcond_0_1 & exitcond2_1) | (exitcond & exitcond2_1) | (exitcond2)
7 --> 
	5  / true
8 --> 
	9  / true
9 --> 
	10  / true
10 --> 
	11  / (!exitcond_1 & !exitcond_1_1)
	3  / (exitcond_1_1) | (exitcond_1)
11 --> 
	9  / true

* FSM state operations: 

State 1 <SV = 0> <Delay = 1.76>
ST_1 : Operation 12 [1/1] (0.00ns)   --->   "%output_width_read = call i16 @_ssdm_op_Read.ap_auto.i16(i16 %output_width)" [layers_c/up_sampling2d.cpp:6]   --->   Operation 12 'read' 'output_width_read' <Predicate = true> <Delay = 0.00>
ST_1 : Operation 13 [1/1] (0.00ns)   --->   "%output_height_read = call i16 @_ssdm_op_Read.ap_auto.i16(i16 %output_height)" [layers_c/up_sampling2d.cpp:6]   --->   Operation 13 'read' 'output_height_read' <Predicate = true> <Delay = 0.00>
ST_1 : Operation 14 [1/1] (0.00ns)   --->   "%output_depth_read = call i16 @_ssdm_op_Read.ap_auto.i16(i16 %output_depth)" [layers_c/up_sampling2d.cpp:6]   --->   Operation 14 'read' 'output_depth_read' <Predicate = true> <Delay = 0.00>
ST_1 : Operation 15 [1/1] (0.00ns)   --->   "%input_width_read = call i16 @_ssdm_op_Read.ap_auto.i16(i16 %input_width)" [layers_c/up_sampling2d.cpp:6]   --->   Operation 15 'read' 'input_width_read' <Predicate = true> <Delay = 0.00>
ST_1 : Operation 16 [1/1] (0.00ns)   --->   "%input_height_read = call i16 @_ssdm_op_Read.ap_auto.i16(i16 %input_height)" [layers_c/up_sampling2d.cpp:6]   --->   Operation 16 'read' 'input_height_read' <Predicate = true> <Delay = 0.00>
ST_1 : Operation 17 [1/1] (0.00ns)   --->   "%tmp_1 = zext i16 %input_height_read to i32" [layers_c/up_sampling2d.cpp:15]   --->   Operation 17 'zext' 'tmp_1' <Predicate = true> <Delay = 0.00>
ST_1 : Operation 18 [1/1] (0.00ns)   --->   "%tmp_2 = zext i16 %input_width_read to i32" [layers_c/up_sampling2d.cpp:15]   --->   Operation 18 'zext' 'tmp_2' <Predicate = true> <Delay = 0.00>
ST_1 : Operation 19 [1/1] (0.00ns)   --->   "%tmp_3 = zext i16 %output_height_read to i32" [layers_c/up_sampling2d.cpp:15]   --->   Operation 19 'zext' 'tmp_3' <Predicate = true> <Delay = 0.00>
ST_1 : Operation 20 [1/1] (0.00ns)   --->   "%tmp_4 = zext i16 %output_width_read to i32" [layers_c/up_sampling2d.cpp:15]   --->   Operation 20 'zext' 'tmp_4' <Predicate = true> <Delay = 0.00>
ST_1 : Operation 21 [1/1] (1.76ns)   --->   "br label %1" [layers_c/up_sampling2d.cpp:10]   --->   Operation 21 'br' <Predicate = true> <Delay = 1.76>

State 2 <SV = 1> <Delay = 2.55>
ST_2 : Operation 22 [1/1] (0.00ns)   --->   "%out_d = phi i16 [ 0, %0 ], [ %out_d_1, %11 ]"   --->   Operation 22 'phi' 'out_d' <Predicate = true> <Delay = 0.00>
ST_2 : Operation 23 [1/1] (0.00ns)   --->   "%phi_mul = phi i32 [ 0, %0 ], [ %next_mul, %11 ]" [layers_c/up_sampling2d.cpp:15]   --->   Operation 23 'phi' 'phi_mul' <Predicate = true> <Delay = 0.00>
ST_2 : Operation 24 [1/1] (0.00ns)   --->   "%phi_mul2 = phi i32 [ 0, %0 ], [ %next_mul3, %11 ]" [layers_c/up_sampling2d.cpp:15]   --->   Operation 24 'phi' 'phi_mul2' <Predicate = true> <Delay = 0.00>
ST_2 : Operation 25 [1/1] (2.55ns)   --->   "%next_mul3 = add i32 %phi_mul2, %tmp_3" [layers_c/up_sampling2d.cpp:15]   --->   Operation 25 'add' 'next_mul3' <Predicate = true> <Delay = 2.55> <Core = "AddSub">   --->   Core 14 'AddSub' <Latency = 0> <II = 1> <Delay = 2.07> <FuncUnit> <Opcode : 'add' 'sub'> <InPorts = 2> <OutPorts = 1>
ST_2 : Operation 26 [1/1] (2.55ns)   --->   "%next_mul = add i32 %phi_mul, %tmp_1" [layers_c/up_sampling2d.cpp:15]   --->   Operation 26 'add' 'next_mul' <Predicate = true> <Delay = 2.55> <Core = "AddSub">   --->   Core 14 'AddSub' <Latency = 0> <II = 1> <Delay = 2.07> <FuncUnit> <Opcode : 'add' 'sub'> <InPorts = 2> <OutPorts = 1>
ST_2 : Operation 27 [1/1] (2.42ns)   --->   "%exitcond3 = icmp eq i16 %out_d, %output_depth_read" [layers_c/up_sampling2d.cpp:10]   --->   Operation 27 'icmp' 'exitcond3' <Predicate = true> <Delay = 2.42> <Core = "Cmp">   --->   Core 25 'Cmp' <Latency = 0> <II = 1> <Delay = 2.42> <FuncUnit> <Opcode : 'icmp'> <InPorts = 2> <OutPorts = 1>
ST_2 : Operation 28 [1/1] (2.07ns)   --->   "%out_d_1 = add i16 %out_d, 1" [layers_c/up_sampling2d.cpp:10]   --->   Operation 28 'add' 'out_d_1' <Predicate = true> <Delay = 2.07> <Core = "AddSub">   --->   Core 14 'AddSub' <Latency = 0> <II = 1> <Delay = 2.07> <FuncUnit> <Opcode : 'add' 'sub'> <InPorts = 2> <OutPorts = 1>
ST_2 : Operation 29 [1/1] (0.00ns)   --->   "br i1 %exitcond3, label %12, label %.preheader.0.preheader" [layers_c/up_sampling2d.cpp:10]   --->   Operation 29 'br' <Predicate = true> <Delay = 0.00>
ST_2 : Operation 30 [1/1] (1.76ns)   --->   "br label %.preheader.0" [layers_c/up_sampling2d.cpp:11]   --->   Operation 30 'br' <Predicate = (!exitcond3)> <Delay = 1.76>
ST_2 : Operation 31 [1/1] (0.00ns)   --->   "ret void"   --->   Operation 31 'ret' <Predicate = (exitcond3)> <Delay = 0.00>

State 3 <SV = 2> <Delay = 2.55>
ST_3 : Operation 32 [1/1] (0.00ns)   --->   "%out_h = phi i16 [ %out_h_1_1, %9 ], [ 0, %.preheader.0.preheader ]" [layers_c/up_sampling2d.cpp:11]   --->   Operation 32 'phi' 'out_h' <Predicate = true> <Delay = 0.00>
ST_3 : Operation 33 [1/1] (2.42ns)   --->   "%exitcond2 = icmp eq i16 %out_h, %output_height_read" [layers_c/up_sampling2d.cpp:11]   --->   Operation 33 'icmp' 'exitcond2' <Predicate = true> <Delay = 2.42> <Core = "Cmp">   --->   Core 25 'Cmp' <Latency = 0> <II = 1> <Delay = 2.42> <FuncUnit> <Opcode : 'icmp'> <InPorts = 2> <OutPorts = 1>
ST_3 : Operation 34 [1/1] (0.00ns)   --->   "br i1 %exitcond2, label %11, label %5" [layers_c/up_sampling2d.cpp:11]   --->   Operation 34 'br' <Predicate = true> <Delay = 0.00>
ST_3 : Operation 35 [1/1] (0.00ns)   --->   "%div = call i15 @_ssdm_op_PartSelect.i15.i16.i32.i32(i16 %out_h, i32 1, i32 15)" [layers_c/up_sampling2d.cpp:15]   --->   Operation 35 'partselect' 'div' <Predicate = (!exitcond2)> <Delay = 0.00>
ST_3 : Operation 36 [1/1] (0.00ns)   --->   "%tmp_9 = zext i15 %div to i32" [layers_c/up_sampling2d.cpp:15]   --->   Operation 36 'zext' 'tmp_9' <Predicate = (!exitcond2)> <Delay = 0.00>
ST_3 : Operation 37 [1/1] (0.00ns)   --->   "%tmp_s = zext i16 %out_h to i32" [layers_c/up_sampling2d.cpp:15]   --->   Operation 37 'zext' 'tmp_s' <Predicate = (!exitcond2)> <Delay = 0.00>
ST_3 : Operation 38 [1/1] (2.55ns)   --->   "%tmp = add i32 %tmp_9, %phi_mul" [layers_c/up_sampling2d.cpp:15]   --->   Operation 38 'add' 'tmp' <Predicate = (!exitcond2)> <Delay = 2.55> <Core = "AddSub">   --->   Core 14 'AddSub' <Latency = 0> <II = 1> <Delay = 2.07> <FuncUnit> <Opcode : 'add' 'sub'> <InPorts = 2> <OutPorts = 1>
ST_3 : Operation 39 [1/1] (2.55ns)   --->   "%tmp4 = add i32 %tmp_s, %phi_mul2" [layers_c/up_sampling2d.cpp:15]   --->   Operation 39 'add' 'tmp4' <Predicate = (!exitcond2)> <Delay = 2.55> <Core = "AddSub">   --->   Core 14 'AddSub' <Latency = 0> <II = 1> <Delay = 2.07> <FuncUnit> <Opcode : 'add' 'sub'> <InPorts = 2> <OutPorts = 1>

State 4 <SV = 3> <Delay = 8.51>
ST_4 : Operation 40 [1/1] (8.51ns)   --->   "%tmp3 = mul i32 %tmp_2, %tmp" [layers_c/up_sampling2d.cpp:15]   --->   Operation 40 'mul' 'tmp3' <Predicate = true> <Delay = 8.51> <Core = "Mul">   --->   Core 16 'Mul' <Latency = 0> <II = 1> <Delay = 8.51> <FuncUnit> <Opcode : 'mul'> <InPorts = 2> <OutPorts = 1>
ST_4 : Operation 41 [1/1] (8.51ns)   --->   "%tmp5 = mul i32 %tmp_4, %tmp4" [layers_c/up_sampling2d.cpp:15]   --->   Operation 41 'mul' 'tmp5' <Predicate = true> <Delay = 8.51> <Core = "Mul">   --->   Core 16 'Mul' <Latency = 0> <II = 1> <Delay = 8.51> <FuncUnit> <Opcode : 'mul'> <InPorts = 2> <OutPorts = 1>
ST_4 : Operation 42 [1/1] (1.76ns)   --->   "br label %2" [layers_c/up_sampling2d.cpp:13]   --->   Operation 42 'br' <Predicate = true> <Delay = 1.76>

State 5 <SV = 4> <Delay = 5.80>
ST_5 : Operation 43 [1/1] (0.00ns)   --->   "%out_w = phi i16 [ 0, %5 ], [ %out_w_1_0_1, %4 ]" [layers_c/up_sampling2d.cpp:13]   --->   Operation 43 'phi' 'out_w' <Predicate = true> <Delay = 0.00>
ST_5 : Operation 44 [1/1] (2.42ns)   --->   "%exitcond = icmp eq i16 %out_w, %output_width_read" [layers_c/up_sampling2d.cpp:13]   --->   Operation 44 'icmp' 'exitcond' <Predicate = true> <Delay = 2.42> <Core = "Cmp">   --->   Core 25 'Cmp' <Latency = 0> <II = 1> <Delay = 2.42> <FuncUnit> <Opcode : 'icmp'> <InPorts = 2> <OutPorts = 1>
ST_5 : Operation 45 [1/1] (0.00ns)   --->   "br i1 %exitcond, label %.preheader.1, label %3" [layers_c/up_sampling2d.cpp:13]   --->   Operation 45 'br' <Predicate = true> <Delay = 0.00>
ST_5 : Operation 46 [1/1] (0.00ns)   --->   "%div1 = call i15 @_ssdm_op_PartSelect.i15.i16.i32.i32(i16 %out_w, i32 1, i32 15)" [layers_c/up_sampling2d.cpp:15]   --->   Operation 46 'partselect' 'div1' <Predicate = (!exitcond)> <Delay = 0.00>
ST_5 : Operation 47 [1/1] (0.00ns)   --->   "%tmp_8 = zext i15 %div1 to i32" [layers_c/up_sampling2d.cpp:15]   --->   Operation 47 'zext' 'tmp_8' <Predicate = (!exitcond)> <Delay = 0.00>
ST_5 : Operation 48 [1/1] (2.55ns)   --->   "%tmp_10 = add i32 %tmp_8, %tmp3" [layers_c/up_sampling2d.cpp:15]   --->   Operation 48 'add' 'tmp_10' <Predicate = (!exitcond)> <Delay = 2.55> <Core = "AddSub">   --->   Core 14 'AddSub' <Latency = 0> <II = 1> <Delay = 2.07> <FuncUnit> <Opcode : 'add' 'sub'> <InPorts = 2> <OutPorts = 1>
ST_5 : Operation 49 [1/1] (0.00ns)   --->   "%tmp_11 = sext i32 %tmp_10 to i64" [layers_c/up_sampling2d.cpp:15]   --->   Operation 49 'sext' 'tmp_11' <Predicate = (!exitcond)> <Delay = 0.00>
ST_5 : Operation 50 [1/1] (0.00ns)   --->   "%Conv2D_3_array_addr = getelementptr [3136 x i16]* @Conv2D_3_array, i64 0, i64 %tmp_11" [layers_c/up_sampling2d.cpp:15]   --->   Operation 50 'getelementptr' 'Conv2D_3_array_addr' <Predicate = (!exitcond)> <Delay = 0.00>
ST_5 : Operation 51 [2/2] (3.25ns)   --->   "%Conv2D_3_array_load = load i16* %Conv2D_3_array_addr, align 2" [layers_c/up_sampling2d.cpp:15]   --->   Operation 51 'load' 'Conv2D_3_array_load' <Predicate = (!exitcond)> <Delay = 3.25> <Core = "RAM">   --->   Core 37 'RAM' <Latency = 1> <II = 1> <Delay = 3.25> <Storage> <Opcode : 'load' 'store'> <Ports = 2> <Width = 16> <Depth = 12544> <RAM>

State 6 <SV = 5> <Delay = 6.50>
ST_6 : Operation 52 [1/2] (3.25ns)   --->   "%Conv2D_3_array_load = load i16* %Conv2D_3_array_addr, align 2" [layers_c/up_sampling2d.cpp:15]   --->   Operation 52 'load' 'Conv2D_3_array_load' <Predicate = (!exitcond2 & !exitcond)> <Delay = 3.25> <Core = "RAM">   --->   Core 37 'RAM' <Latency = 1> <II = 1> <Delay = 3.25> <Storage> <Opcode : 'load' 'store'> <Ports = 2> <Width = 16> <Depth = 12544> <RAM>
ST_6 : Operation 53 [1/1] (0.00ns)   --->   "%tmp_12 = zext i16 %out_w to i32" [layers_c/up_sampling2d.cpp:15]   --->   Operation 53 'zext' 'tmp_12' <Predicate = (!exitcond2 & !exitcond)> <Delay = 0.00>
ST_6 : Operation 54 [1/1] (2.55ns)   --->   "%tmp_13 = add i32 %tmp_12, %tmp5" [layers_c/up_sampling2d.cpp:15]   --->   Operation 54 'add' 'tmp_13' <Predicate = (!exitcond2 & !exitcond)> <Delay = 2.55> <Core = "AddSub">   --->   Core 14 'AddSub' <Latency = 0> <II = 1> <Delay = 2.07> <FuncUnit> <Opcode : 'add' 'sub'> <InPorts = 2> <OutPorts = 1>
ST_6 : Operation 55 [1/1] (0.00ns)   --->   "%tmp_14 = sext i32 %tmp_13 to i64" [layers_c/up_sampling2d.cpp:15]   --->   Operation 55 'sext' 'tmp_14' <Predicate = (!exitcond2 & !exitcond)> <Delay = 0.00>
ST_6 : Operation 56 [1/1] (0.00ns)   --->   "%UpSampling2D_1_array_1 = getelementptr [12544 x i16]* @UpSampling2D_1_array, i64 0, i64 %tmp_14" [layers_c/up_sampling2d.cpp:15]   --->   Operation 56 'getelementptr' 'UpSampling2D_1_array_1' <Predicate = (!exitcond2 & !exitcond)> <Delay = 0.00>
ST_6 : Operation 57 [1/1] (3.25ns)   --->   "store i16 %Conv2D_3_array_load, i16* %UpSampling2D_1_array_1, align 2" [layers_c/up_sampling2d.cpp:15]   --->   Operation 57 'store' <Predicate = (!exitcond2 & !exitcond)> <Delay = 3.25> <Core = "RAM">   --->   Core 37 'RAM' <Latency = 1> <II = 1> <Delay = 3.25> <Storage> <Opcode : 'load' 'store'> <Ports = 2> <Width = 16> <Depth = 12544> <RAM>
ST_6 : Operation 58 [1/1] (0.00ns)   --->   "%out_w_1_0_s = or i16 %out_w, 1" [layers_c/up_sampling2d.cpp:13]   --->   Operation 58 'or' 'out_w_1_0_s' <Predicate = (!exitcond2 & !exitcond)> <Delay = 0.00>
ST_6 : Operation 59 [1/1] (2.42ns)   --->   "%exitcond_0_1 = icmp eq i16 %out_w_1_0_s, %output_width_read" [layers_c/up_sampling2d.cpp:13]   --->   Operation 59 'icmp' 'exitcond_0_1' <Predicate = (!exitcond2 & !exitcond)> <Delay = 2.42> <Core = "Cmp">   --->   Core 25 'Cmp' <Latency = 0> <II = 1> <Delay = 2.42> <FuncUnit> <Opcode : 'icmp'> <InPorts = 2> <OutPorts = 1>
ST_6 : Operation 60 [1/1] (0.00ns)   --->   "br i1 %exitcond_0_1, label %.preheader.1, label %4" [layers_c/up_sampling2d.cpp:13]   --->   Operation 60 'br' <Predicate = (!exitcond2 & !exitcond)> <Delay = 0.00>
ST_6 : Operation 61 [1/1] (0.00ns)   --->   "%tmp_12_0_1 = zext i16 %out_w_1_0_s to i32" [layers_c/up_sampling2d.cpp:15]   --->   Operation 61 'zext' 'tmp_12_0_1' <Predicate = (!exitcond2 & !exitcond & !exitcond_0_1)> <Delay = 0.00>
ST_6 : Operation 62 [1/1] (2.55ns)   --->   "%tmp_13_0_1 = add i32 %tmp5, %tmp_12_0_1" [layers_c/up_sampling2d.cpp:15]   --->   Operation 62 'add' 'tmp_13_0_1' <Predicate = (!exitcond2 & !exitcond & !exitcond_0_1)> <Delay = 2.55> <Core = "AddSub">   --->   Core 14 'AddSub' <Latency = 0> <II = 1> <Delay = 2.07> <FuncUnit> <Opcode : 'add' 'sub'> <InPorts = 2> <OutPorts = 1>
ST_6 : Operation 63 [1/1] (2.07ns)   --->   "%out_w_1_0_1 = add i16 %out_w, 2" [layers_c/up_sampling2d.cpp:13]   --->   Operation 63 'add' 'out_w_1_0_1' <Predicate = (!exitcond2 & !exitcond & !exitcond_0_1)> <Delay = 2.07> <Core = "AddSub">   --->   Core 14 'AddSub' <Latency = 0> <II = 1> <Delay = 2.07> <FuncUnit> <Opcode : 'add' 'sub'> <InPorts = 2> <OutPorts = 1>
ST_6 : Operation 64 [1/1] (0.00ns)   --->   "%out_h_1_s = or i16 %out_h, 1" [layers_c/up_sampling2d.cpp:11]   --->   Operation 64 'or' 'out_h_1_s' <Predicate = (!exitcond2 & exitcond_0_1) | (!exitcond2 & exitcond)> <Delay = 0.00>
ST_6 : Operation 65 [1/1] (2.42ns)   --->   "%exitcond2_1 = icmp eq i16 %out_h_1_s, %output_height_read" [layers_c/up_sampling2d.cpp:11]   --->   Operation 65 'icmp' 'exitcond2_1' <Predicate = (!exitcond2 & exitcond_0_1) | (!exitcond2 & exitcond)> <Delay = 2.42> <Core = "Cmp">   --->   Core 25 'Cmp' <Latency = 0> <II = 1> <Delay = 2.42> <FuncUnit> <Opcode : 'icmp'> <InPorts = 2> <OutPorts = 1>
ST_6 : Operation 66 [1/1] (0.00ns)   --->   "br i1 %exitcond2_1, label %11, label %10" [layers_c/up_sampling2d.cpp:11]   --->   Operation 66 'br' <Predicate = (!exitcond2 & exitcond_0_1) | (!exitcond2 & exitcond)> <Delay = 0.00>
ST_6 : Operation 67 [1/1] (0.00ns)   --->   "%tmp_1_10 = zext i16 %out_h_1_s to i32" [layers_c/up_sampling2d.cpp:15]   --->   Operation 67 'zext' 'tmp_1_10' <Predicate = (!exitcond2 & exitcond_0_1 & !exitcond2_1) | (!exitcond2 & exitcond & !exitcond2_1)> <Delay = 0.00>
ST_6 : Operation 68 [1/1] (2.55ns)   --->   "%tmp4_1 = add i32 %phi_mul2, %tmp_1_10" [layers_c/up_sampling2d.cpp:15]   --->   Operation 68 'add' 'tmp4_1' <Predicate = (!exitcond2 & exitcond_0_1 & !exitcond2_1) | (!exitcond2 & exitcond & !exitcond2_1)> <Delay = 2.55> <Core = "AddSub">   --->   Core 14 'AddSub' <Latency = 0> <II = 1> <Delay = 2.07> <FuncUnit> <Opcode : 'add' 'sub'> <InPorts = 2> <OutPorts = 1>
ST_6 : Operation 69 [1/1] (0.00ns)   --->   "br label %1" [layers_c/up_sampling2d.cpp:10]   --->   Operation 69 'br' <Predicate = (exitcond_0_1 & exitcond2_1) | (exitcond & exitcond2_1) | (exitcond2)> <Delay = 0.00>

State 7 <SV = 6> <Delay = 3.25>
ST_7 : Operation 70 [1/1] (0.00ns)   --->   "%tmp_14_0_1 = sext i32 %tmp_13_0_1 to i64" [layers_c/up_sampling2d.cpp:15]   --->   Operation 70 'sext' 'tmp_14_0_1' <Predicate = true> <Delay = 0.00>
ST_7 : Operation 71 [1/1] (0.00ns)   --->   "%UpSampling2D_1_array_2 = getelementptr [12544 x i16]* @UpSampling2D_1_array, i64 0, i64 %tmp_14_0_1" [layers_c/up_sampling2d.cpp:15]   --->   Operation 71 'getelementptr' 'UpSampling2D_1_array_2' <Predicate = true> <Delay = 0.00>
ST_7 : Operation 72 [1/1] (3.25ns)   --->   "store i16 %Conv2D_3_array_load, i16* %UpSampling2D_1_array_2, align 2" [layers_c/up_sampling2d.cpp:15]   --->   Operation 72 'store' <Predicate = true> <Delay = 3.25> <Core = "RAM">   --->   Core 37 'RAM' <Latency = 1> <II = 1> <Delay = 3.25> <Storage> <Opcode : 'load' 'store'> <Ports = 2> <Width = 16> <Depth = 12544> <RAM>
ST_7 : Operation 73 [1/1] (0.00ns)   --->   "br label %2" [layers_c/up_sampling2d.cpp:13]   --->   Operation 73 'br' <Predicate = true> <Delay = 0.00>

State 8 <SV = 6> <Delay = 8.51>
ST_8 : Operation 74 [1/1] (8.51ns)   --->   "%tmp5_1 = mul i32 %tmp4_1, %tmp_4" [layers_c/up_sampling2d.cpp:15]   --->   Operation 74 'mul' 'tmp5_1' <Predicate = true> <Delay = 8.51> <Core = "Mul">   --->   Core 16 'Mul' <Latency = 0> <II = 1> <Delay = 8.51> <FuncUnit> <Opcode : 'mul'> <InPorts = 2> <OutPorts = 1>
ST_8 : Operation 75 [1/1] (1.76ns)   --->   "br label %6" [layers_c/up_sampling2d.cpp:13]   --->   Operation 75 'br' <Predicate = true> <Delay = 1.76>

State 9 <SV = 7> <Delay = 5.80>
ST_9 : Operation 76 [1/1] (0.00ns)   --->   "%out_w_s = phi i16 [ 0, %10 ], [ %out_w_1_1_1, %8 ]" [layers_c/up_sampling2d.cpp:13]   --->   Operation 76 'phi' 'out_w_s' <Predicate = true> <Delay = 0.00>
ST_9 : Operation 77 [1/1] (2.42ns)   --->   "%exitcond_1 = icmp eq i16 %out_w_s, %output_width_read" [layers_c/up_sampling2d.cpp:13]   --->   Operation 77 'icmp' 'exitcond_1' <Predicate = true> <Delay = 2.42> <Core = "Cmp">   --->   Core 25 'Cmp' <Latency = 0> <II = 1> <Delay = 2.42> <FuncUnit> <Opcode : 'icmp'> <InPorts = 2> <OutPorts = 1>
ST_9 : Operation 78 [1/1] (0.00ns)   --->   "br i1 %exitcond_1, label %9, label %7" [layers_c/up_sampling2d.cpp:13]   --->   Operation 78 'br' <Predicate = true> <Delay = 0.00>
ST_9 : Operation 79 [1/1] (0.00ns)   --->   "%div1_1 = call i15 @_ssdm_op_PartSelect.i15.i16.i32.i32(i16 %out_w_s, i32 1, i32 15)" [layers_c/up_sampling2d.cpp:15]   --->   Operation 79 'partselect' 'div1_1' <Predicate = (!exitcond_1)> <Delay = 0.00>
ST_9 : Operation 80 [1/1] (0.00ns)   --->   "%tmp_8_1 = zext i15 %div1_1 to i32" [layers_c/up_sampling2d.cpp:15]   --->   Operation 80 'zext' 'tmp_8_1' <Predicate = (!exitcond_1)> <Delay = 0.00>
ST_9 : Operation 81 [1/1] (2.55ns)   --->   "%tmp_10_1 = add i32 %tmp_8_1, %tmp3" [layers_c/up_sampling2d.cpp:15]   --->   Operation 81 'add' 'tmp_10_1' <Predicate = (!exitcond_1)> <Delay = 2.55> <Core = "AddSub">   --->   Core 14 'AddSub' <Latency = 0> <II = 1> <Delay = 2.07> <FuncUnit> <Opcode : 'add' 'sub'> <InPorts = 2> <OutPorts = 1>
ST_9 : Operation 82 [1/1] (0.00ns)   --->   "%tmp_11_1 = sext i32 %tmp_10_1 to i64" [layers_c/up_sampling2d.cpp:15]   --->   Operation 82 'sext' 'tmp_11_1' <Predicate = (!exitcond_1)> <Delay = 0.00>
ST_9 : Operation 83 [1/1] (0.00ns)   --->   "%Conv2D_3_array_addr_1 = getelementptr [3136 x i16]* @Conv2D_3_array, i64 0, i64 %tmp_11_1" [layers_c/up_sampling2d.cpp:15]   --->   Operation 83 'getelementptr' 'Conv2D_3_array_addr_1' <Predicate = (!exitcond_1)> <Delay = 0.00>
ST_9 : Operation 84 [2/2] (3.25ns)   --->   "%Conv2D_3_array_load_1 = load i16* %Conv2D_3_array_addr_1, align 2" [layers_c/up_sampling2d.cpp:15]   --->   Operation 84 'load' 'Conv2D_3_array_load_1' <Predicate = (!exitcond_1)> <Delay = 3.25> <Core = "RAM">   --->   Core 37 'RAM' <Latency = 1> <II = 1> <Delay = 3.25> <Storage> <Opcode : 'load' 'store'> <Ports = 2> <Width = 16> <Depth = 12544> <RAM>

State 10 <SV = 8> <Delay = 6.50>
ST_10 : Operation 85 [1/2] (3.25ns)   --->   "%Conv2D_3_array_load_1 = load i16* %Conv2D_3_array_addr_1, align 2" [layers_c/up_sampling2d.cpp:15]   --->   Operation 85 'load' 'Conv2D_3_array_load_1' <Predicate = (!exitcond_1)> <Delay = 3.25> <Core = "RAM">   --->   Core 37 'RAM' <Latency = 1> <II = 1> <Delay = 3.25> <Storage> <Opcode : 'load' 'store'> <Ports = 2> <Width = 16> <Depth = 12544> <RAM>
ST_10 : Operation 86 [1/1] (0.00ns)   --->   "%tmp_12_1 = zext i16 %out_w_s to i32" [layers_c/up_sampling2d.cpp:15]   --->   Operation 86 'zext' 'tmp_12_1' <Predicate = (!exitcond_1)> <Delay = 0.00>
ST_10 : Operation 87 [1/1] (2.55ns)   --->   "%tmp_13_1 = add i32 %tmp_12_1, %tmp5_1" [layers_c/up_sampling2d.cpp:15]   --->   Operation 87 'add' 'tmp_13_1' <Predicate = (!exitcond_1)> <Delay = 2.55> <Core = "AddSub">   --->   Core 14 'AddSub' <Latency = 0> <II = 1> <Delay = 2.07> <FuncUnit> <Opcode : 'add' 'sub'> <InPorts = 2> <OutPorts = 1>
ST_10 : Operation 88 [1/1] (0.00ns)   --->   "%tmp_14_1 = sext i32 %tmp_13_1 to i64" [layers_c/up_sampling2d.cpp:15]   --->   Operation 88 'sext' 'tmp_14_1' <Predicate = (!exitcond_1)> <Delay = 0.00>
ST_10 : Operation 89 [1/1] (0.00ns)   --->   "%UpSampling2D_1_array_3 = getelementptr [12544 x i16]* @UpSampling2D_1_array, i64 0, i64 %tmp_14_1" [layers_c/up_sampling2d.cpp:15]   --->   Operation 89 'getelementptr' 'UpSampling2D_1_array_3' <Predicate = (!exitcond_1)> <Delay = 0.00>
ST_10 : Operation 90 [1/1] (3.25ns)   --->   "store i16 %Conv2D_3_array_load_1, i16* %UpSampling2D_1_array_3, align 2" [layers_c/up_sampling2d.cpp:15]   --->   Operation 90 'store' <Predicate = (!exitcond_1)> <Delay = 3.25> <Core = "RAM">   --->   Core 37 'RAM' <Latency = 1> <II = 1> <Delay = 3.25> <Storage> <Opcode : 'load' 'store'> <Ports = 2> <Width = 16> <Depth = 12544> <RAM>
ST_10 : Operation 91 [1/1] (0.00ns)   --->   "%out_w_1_1_s = or i16 %out_w_s, 1" [layers_c/up_sampling2d.cpp:13]   --->   Operation 91 'or' 'out_w_1_1_s' <Predicate = (!exitcond_1)> <Delay = 0.00>
ST_10 : Operation 92 [1/1] (2.42ns)   --->   "%exitcond_1_1 = icmp eq i16 %out_w_1_1_s, %output_width_read" [layers_c/up_sampling2d.cpp:13]   --->   Operation 92 'icmp' 'exitcond_1_1' <Predicate = (!exitcond_1)> <Delay = 2.42> <Core = "Cmp">   --->   Core 25 'Cmp' <Latency = 0> <II = 1> <Delay = 2.42> <FuncUnit> <Opcode : 'icmp'> <InPorts = 2> <OutPorts = 1>
ST_10 : Operation 93 [1/1] (0.00ns)   --->   "br i1 %exitcond_1_1, label %9, label %8" [layers_c/up_sampling2d.cpp:13]   --->   Operation 93 'br' <Predicate = (!exitcond_1)> <Delay = 0.00>
ST_10 : Operation 94 [1/1] (0.00ns)   --->   "%tmp_12_1_1 = zext i16 %out_w_1_1_s to i32" [layers_c/up_sampling2d.cpp:15]   --->   Operation 94 'zext' 'tmp_12_1_1' <Predicate = (!exitcond_1 & !exitcond_1_1)> <Delay = 0.00>
ST_10 : Operation 95 [1/1] (2.55ns)   --->   "%tmp_13_1_1 = add i32 %tmp5_1, %tmp_12_1_1" [layers_c/up_sampling2d.cpp:15]   --->   Operation 95 'add' 'tmp_13_1_1' <Predicate = (!exitcond_1 & !exitcond_1_1)> <Delay = 2.55> <Core = "AddSub">   --->   Core 14 'AddSub' <Latency = 0> <II = 1> <Delay = 2.07> <FuncUnit> <Opcode : 'add' 'sub'> <InPorts = 2> <OutPorts = 1>
ST_10 : Operation 96 [1/1] (2.07ns)   --->   "%out_w_1_1_1 = add i16 %out_w_s, 2" [layers_c/up_sampling2d.cpp:13]   --->   Operation 96 'add' 'out_w_1_1_1' <Predicate = (!exitcond_1 & !exitcond_1_1)> <Delay = 2.07> <Core = "AddSub">   --->   Core 14 'AddSub' <Latency = 0> <II = 1> <Delay = 2.07> <FuncUnit> <Opcode : 'add' 'sub'> <InPorts = 2> <OutPorts = 1>
ST_10 : Operation 97 [1/1] (2.07ns)   --->   "%out_h_1_1 = add i16 %out_h, 2" [layers_c/up_sampling2d.cpp:11]   --->   Operation 97 'add' 'out_h_1_1' <Predicate = (exitcond_1_1) | (exitcond_1)> <Delay = 2.07> <Core = "AddSub">   --->   Core 14 'AddSub' <Latency = 0> <II = 1> <Delay = 2.07> <FuncUnit> <Opcode : 'add' 'sub'> <InPorts = 2> <OutPorts = 1>
ST_10 : Operation 98 [1/1] (0.00ns)   --->   "br label %.preheader.0" [layers_c/up_sampling2d.cpp:11]   --->   Operation 98 'br' <Predicate = (exitcond_1_1) | (exitcond_1)> <Delay = 0.00>

State 11 <SV = 9> <Delay = 3.25>
ST_11 : Operation 99 [1/1] (0.00ns)   --->   "%tmp_14_1_1 = sext i32 %tmp_13_1_1 to i64" [layers_c/up_sampling2d.cpp:15]   --->   Operation 99 'sext' 'tmp_14_1_1' <Predicate = true> <Delay = 0.00>
ST_11 : Operation 100 [1/1] (0.00ns)   --->   "%UpSampling2D_1_array_4 = getelementptr [12544 x i16]* @UpSampling2D_1_array, i64 0, i64 %tmp_14_1_1" [layers_c/up_sampling2d.cpp:15]   --->   Operation 100 'getelementptr' 'UpSampling2D_1_array_4' <Predicate = true> <Delay = 0.00>
ST_11 : Operation 101 [1/1] (3.25ns)   --->   "store i16 %Conv2D_3_array_load_1, i16* %UpSampling2D_1_array_4, align 2" [layers_c/up_sampling2d.cpp:15]   --->   Operation 101 'store' <Predicate = true> <Delay = 3.25> <Core = "RAM">   --->   Core 37 'RAM' <Latency = 1> <II = 1> <Delay = 3.25> <Storage> <Opcode : 'load' 'store'> <Ports = 2> <Width = 16> <Depth = 12544> <RAM>
ST_11 : Operation 102 [1/1] (0.00ns)   --->   "br label %6" [layers_c/up_sampling2d.cpp:13]   --->   Operation 102 'br' <Predicate = true> <Delay = 0.00>


============================================================
+ Verbose Summary: Timing violations
============================================================
Target clock period: 10ns, clock uncertainty: 1.25ns.

 <State 1>: 1.77ns
The critical path consists of the following:
	multiplexor before 'phi' operation ('out_d') with incoming values : ('out_d', layers_c/up_sampling2d.cpp:10) [19]  (1.77 ns)

 <State 2>: 2.55ns
The critical path consists of the following:
	'phi' operation ('phi_mul', layers_c/up_sampling2d.cpp:15) with incoming values : ('next_mul', layers_c/up_sampling2d.cpp:15) [20]  (0 ns)
	'add' operation ('next_mul', layers_c/up_sampling2d.cpp:15) [23]  (2.55 ns)

 <State 3>: 2.55ns
The critical path consists of the following:
	'phi' operation ('out_h', layers_c/up_sampling2d.cpp:11) with incoming values : ('out_h_1_1', layers_c/up_sampling2d.cpp:11) [30]  (0 ns)
	'add' operation ('tmp', layers_c/up_sampling2d.cpp:15) [37]  (2.55 ns)

 <State 4>: 8.51ns
The critical path consists of the following:
	'mul' operation ('tmp3', layers_c/up_sampling2d.cpp:15) [38]  (8.51 ns)

 <State 5>: 5.81ns
The critical path consists of the following:
	'phi' operation ('out_w', layers_c/up_sampling2d.cpp:13) with incoming values : ('out_w_1_0_1', layers_c/up_sampling2d.cpp:13) [43]  (0 ns)
	'add' operation ('tmp_10', layers_c/up_sampling2d.cpp:15) [49]  (2.55 ns)
	'getelementptr' operation ('Conv2D_3_array_addr', layers_c/up_sampling2d.cpp:15) [51]  (0 ns)
	'load' operation ('Conv2D_3_array_load', layers_c/up_sampling2d.cpp:15) on array 'Conv2D_3_array' [52]  (3.25 ns)

 <State 6>: 6.51ns
The critical path consists of the following:
	'load' operation ('Conv2D_3_array_load', layers_c/up_sampling2d.cpp:15) on array 'Conv2D_3_array' [52]  (3.25 ns)
	'store' operation (layers_c/up_sampling2d.cpp:15) of variable 'Conv2D_3_array_load', layers_c/up_sampling2d.cpp:15 on array 'UpSampling2D_1_array' [57]  (3.25 ns)

 <State 7>: 3.25ns
The critical path consists of the following:
	'getelementptr' operation ('UpSampling2D_1_array_2', layers_c/up_sampling2d.cpp:15) [65]  (0 ns)
	'store' operation (layers_c/up_sampling2d.cpp:15) of variable 'Conv2D_3_array_load', layers_c/up_sampling2d.cpp:15 on array 'UpSampling2D_1_array' [66]  (3.25 ns)

 <State 8>: 8.51ns
The critical path consists of the following:
	'mul' operation ('tmp5_1', layers_c/up_sampling2d.cpp:15) [76]  (8.51 ns)

 <State 9>: 5.81ns
The critical path consists of the following:
	'phi' operation ('out_w_s', layers_c/up_sampling2d.cpp:13) with incoming values : ('out_w_1_1_1', layers_c/up_sampling2d.cpp:13) [79]  (0 ns)
	'add' operation ('tmp_10_1', layers_c/up_sampling2d.cpp:15) [85]  (2.55 ns)
	'getelementptr' operation ('Conv2D_3_array_addr_1', layers_c/up_sampling2d.cpp:15) [87]  (0 ns)
	'load' operation ('Conv2D_3_array_load_1', layers_c/up_sampling2d.cpp:15) on array 'Conv2D_3_array' [88]  (3.25 ns)

 <State 10>: 6.51ns
The critical path consists of the following:
	'load' operation ('Conv2D_3_array_load_1', layers_c/up_sampling2d.cpp:15) on array 'Conv2D_3_array' [88]  (3.25 ns)
	'store' operation (layers_c/up_sampling2d.cpp:15) of variable 'Conv2D_3_array_load_1', layers_c/up_sampling2d.cpp:15 on array 'UpSampling2D_1_array' [93]  (3.25 ns)

 <State 11>: 3.25ns
The critical path consists of the following:
	'getelementptr' operation ('UpSampling2D_1_array_4', layers_c/up_sampling2d.cpp:15) [101]  (0 ns)
	'store' operation (layers_c/up_sampling2d.cpp:15) of variable 'Conv2D_3_array_load_1', layers_c/up_sampling2d.cpp:15 on array 'UpSampling2D_1_array' [102]  (3.25 ns)


============================================================
+ Verbose Summary: Binding
============================================================
N/A
* FSMD analyzer results:
  - Output states:
 - Input state : 
  - Chain level:
	State 1
	State 2
	State 3
	State 4
	State 5
	State 6
	State 7
	State 8
	State 9
	State 10
	State 11


============================================================
+ Verbose Summary: Datapath Resource usage 
============================================================
N/A
