

================================================================
== Vivado HLS Report for 'up_sampling2d_fix16'
================================================================
* Date:           Thu Dec 12 12:28:03 2019

* Version:        2018.3.1 (Build 2489210 on Tue Mar 26 04:40:43 MDT 2019)
* Project:        HLS
* Solution:       network
* Product family: zynq
* Target device:  xc7z020clg400-1


================================================================
== Performance Estimates
================================================================
+ Timing (ns): 
    * Summary: 
    +--------+-------+----------+------------+
    |  Clock | Target| Estimated| Uncertainty|
    +--------+-------+----------+------------+
    |ap_clk  |   4.40|     4.350|        1.27|
    +--------+-------+----------+------------+

+ Latency (clock cycles): 
    * Summary: 
    +------+-------+------+-------+---------+
    |    Latency   |   Interval   | Pipeline|
    |  min |  max  |  min |  max  |   Type  |
    +------+-------+------+-------+---------+
    |  6625|  51553|  6625|  51553|   none  |
    +------+-------+------+-------+---------+

    + Detail: 
        * Instance: 
        N/A

        * Loop: 
        +-----------------+------+-------+------------+-----------+-----------+---------+----------+
        |                 |    Latency   |  Iteration |  Initiation Interval  |   Trip  |          |
        |    Loop Name    |  min |  max  |   Latency  |  achieved |   target  |  Count  | Pipelined|
        +-----------------+------+-------+------------+-----------+-----------+---------+----------+
        |- Loop 1         |  6624|  51552| 828 ~ 3222 |          -|          -|  8 ~ 16 |    no    |
        | + Loop 1.1      |   826|   3220|  59 ~ 115  |          -|          -| 14 ~ 28 |    no    |
        |  ++ Loop 1.1.1  |    56|    112|           4|          -|          -| 14 ~ 28 |    no    |
        +-----------------+------+-------+------------+-----------+-----------+---------+----------+

============================================================
+ Verbose Summary: Synthesis Manager
============================================================
InlineROM: 1
ExposeGlobal: 0
============================================================
+ Verbose Summary: CDFG Model
============================================================
IsTopModel: 0
ResetActiveHigh: 1
IsCombinational: 0
IsDatapathOnly: 0
HasWiredReturn: 1
HasMFsm: 0
HasVarLatency: 1
IsPipeline: 0
IsRtlPipelined: 0
IsInstanceOverlapped: 0
IsDontTouch: 0
HasImplIP: 0
IsGatedGlobalClock: 0


============================================================
+ Verbose Summary: Schedule
============================================================
* Number of FSM states : 8
* Pipeline : 0
* Dataflow Pipeline: 0

* FSM state transitions: 
1 --> 
	2  / true
2 --> 
	3  / (!exitcond3)
3 --> 
	4  / (!exitcond2)
	2  / (exitcond2)
4 --> 
	5  / true
5 --> 
	6  / (!exitcond)
	3  / (exitcond)
6 --> 
	7  / true
7 --> 
	8  / true
8 --> 
	5  / true

* FSM state operations: 

State 1 <SV = 0> <Delay = 1.76>
ST_1 : Operation 9 [1/1] (0.00ns)   --->   "%output_width_read = call i6 @_ssdm_op_Read.ap_auto.i6(i6 %output_width)" [layers_c/up_sampling2d.cpp:6]   --->   Operation 9 'read' 'output_width_read' <Predicate = true> <Delay = 0.00>
ST_1 : Operation 10 [1/1] (0.00ns)   --->   "%output_height_read = call i6 @_ssdm_op_Read.ap_auto.i6(i6 %output_height)" [layers_c/up_sampling2d.cpp:6]   --->   Operation 10 'read' 'output_height_read' <Predicate = true> <Delay = 0.00>
ST_1 : Operation 11 [1/1] (0.00ns)   --->   "%output_depth_read = call i6 @_ssdm_op_Read.ap_auto.i6(i6 %output_depth)" [layers_c/up_sampling2d.cpp:6]   --->   Operation 11 'read' 'output_depth_read' <Predicate = true> <Delay = 0.00>
ST_1 : Operation 12 [1/1] (0.00ns)   --->   "%input_width_read = call i5 @_ssdm_op_Read.ap_auto.i5(i5 %input_width)" [layers_c/up_sampling2d.cpp:6]   --->   Operation 12 'read' 'input_width_read' <Predicate = true> <Delay = 0.00>
ST_1 : Operation 13 [1/1] (0.00ns)   --->   "%input_height_read = call i5 @_ssdm_op_Read.ap_auto.i5(i5 %input_height)" [layers_c/up_sampling2d.cpp:6]   --->   Operation 13 'read' 'input_height_read' <Predicate = true> <Delay = 0.00>
ST_1 : Operation 14 [1/1] (0.00ns)   --->   "%tmp_1_cast = zext i5 %input_height_read to i8" [layers_c/up_sampling2d.cpp:19]   --->   Operation 14 'zext' 'tmp_1_cast' <Predicate = true> <Delay = 0.00>
ST_1 : Operation 15 [1/1] (0.00ns)   --->   "%tmp_3_cast = zext i6 %output_height_read to i9" [layers_c/up_sampling2d.cpp:19]   --->   Operation 15 'zext' 'tmp_3_cast' <Predicate = true> <Delay = 0.00>
ST_1 : Operation 16 [1/1] (0.00ns)   --->   "%tmp_4_cast = zext i6 %output_width_read to i14" [layers_c/up_sampling2d.cpp:6]   --->   Operation 16 'zext' 'tmp_4_cast' <Predicate = true> <Delay = 0.00>
ST_1 : Operation 17 [1/1] (0.00ns)   --->   "%tmp_2 = zext i5 %input_width_read to i12" [layers_c/up_sampling2d.cpp:6]   --->   Operation 17 'zext' 'tmp_2' <Predicate = true> <Delay = 0.00>
ST_1 : Operation 18 [1/1] (1.76ns)   --->   "br label %.loopexit" [layers_c/up_sampling2d.cpp:14]   --->   Operation 18 'br' <Predicate = true> <Delay = 1.76>

State 2 <SV = 1> <Delay = 1.91>
ST_2 : Operation 19 [1/1] (0.00ns)   --->   "%out_d = phi i5 [ 0, %0 ], [ %out_d_1, %.loopexit.loopexit ]"   --->   Operation 19 'phi' 'out_d' <Predicate = true> <Delay = 0.00>
ST_2 : Operation 20 [1/1] (0.00ns)   --->   "%phi_mul = phi i8 [ 0, %0 ], [ %next_mul, %.loopexit.loopexit ]" [layers_c/up_sampling2d.cpp:19]   --->   Operation 20 'phi' 'phi_mul' <Predicate = true> <Delay = 0.00>
ST_2 : Operation 21 [1/1] (0.00ns)   --->   "%phi_mul2 = phi i9 [ 0, %0 ], [ %next_mul3, %.loopexit.loopexit ]" [layers_c/up_sampling2d.cpp:19]   --->   Operation 21 'phi' 'phi_mul2' <Predicate = true> <Delay = 0.00>
ST_2 : Operation 22 [1/1] (1.82ns)   --->   "%next_mul3 = add i9 %phi_mul2, %tmp_3_cast" [layers_c/up_sampling2d.cpp:19]   --->   Operation 22 'add' 'next_mul3' <Predicate = true> <Delay = 1.82> <Core = "AddSub">   --->   Core 14 'AddSub' <Latency = 0> <II = 1> <Delay = 1.81> <FuncUnit> <Opcode : 'add' 'sub'> <InPorts = 2> <OutPorts = 1>
ST_2 : Operation 23 [1/1] (1.91ns)   --->   "%next_mul = add i8 %phi_mul, %tmp_1_cast" [layers_c/up_sampling2d.cpp:19]   --->   Operation 23 'add' 'next_mul' <Predicate = true> <Delay = 1.91> <Core = "AddSub">   --->   Core 14 'AddSub' <Latency = 0> <II = 1> <Delay = 1.81> <FuncUnit> <Opcode : 'add' 'sub'> <InPorts = 2> <OutPorts = 1>
ST_2 : Operation 24 [1/1] (0.00ns)   --->   "%out_d_cast = zext i5 %out_d to i6" [layers_c/up_sampling2d.cpp:14]   --->   Operation 24 'zext' 'out_d_cast' <Predicate = true> <Delay = 0.00>
ST_2 : Operation 25 [1/1] (1.42ns)   --->   "%exitcond3 = icmp eq i6 %out_d_cast, %output_depth_read" [layers_c/up_sampling2d.cpp:14]   --->   Operation 25 'icmp' 'exitcond3' <Predicate = true> <Delay = 1.42> <Core = "Cmp">   --->   Core 25 'Cmp' <Latency = 0> <II = 1> <Delay = 1.42> <FuncUnit> <Opcode : 'icmp'> <InPorts = 2> <OutPorts = 1>
ST_2 : Operation 26 [1/1] (0.00ns)   --->   "%empty = call i32 (...)* @_ssdm_op_SpecLoopTripCount(i64 8, i64 16, i64 0)"   --->   Operation 26 'speclooptripcount' 'empty' <Predicate = true> <Delay = 0.00>
ST_2 : Operation 27 [1/1] (1.78ns)   --->   "%out_d_1 = add i5 %out_d, 1" [layers_c/up_sampling2d.cpp:14]   --->   Operation 27 'add' 'out_d_1' <Predicate = true> <Delay = 1.78> <Core = "AddSub">   --->   Core 14 'AddSub' <Latency = 0> <II = 1> <Delay = 1.81> <FuncUnit> <Opcode : 'add' 'sub'> <InPorts = 2> <OutPorts = 1>
ST_2 : Operation 28 [1/1] (0.00ns)   --->   "br i1 %exitcond3, label %2, label %.preheader4.preheader" [layers_c/up_sampling2d.cpp:14]   --->   Operation 28 'br' <Predicate = true> <Delay = 0.00>
ST_2 : Operation 29 [1/1] (1.76ns)   --->   "br label %.preheader4" [layers_c/up_sampling2d.cpp:15]   --->   Operation 29 'br' <Predicate = (!exitcond3)> <Delay = 1.76>
ST_2 : Operation 30 [1/1] (0.00ns)   --->   "ret void"   --->   Operation 30 'ret' <Predicate = (exitcond3)> <Delay = 0.00>

State 3 <SV = 2> <Delay = 1.91>
ST_3 : Operation 31 [1/1] (0.00ns)   --->   "%out_h = phi i5 [ %out_h_1, %.preheader4.loopexit ], [ 0, %.preheader4.preheader ]"   --->   Operation 31 'phi' 'out_h' <Predicate = true> <Delay = 0.00>
ST_3 : Operation 32 [1/1] (0.00ns)   --->   "%out_h_cast = zext i5 %out_h to i6" [layers_c/up_sampling2d.cpp:15]   --->   Operation 32 'zext' 'out_h_cast' <Predicate = true> <Delay = 0.00>
ST_3 : Operation 33 [1/1] (1.42ns)   --->   "%exitcond2 = icmp eq i6 %out_h_cast, %output_height_read" [layers_c/up_sampling2d.cpp:15]   --->   Operation 33 'icmp' 'exitcond2' <Predicate = true> <Delay = 1.42> <Core = "Cmp">   --->   Core 25 'Cmp' <Latency = 0> <II = 1> <Delay = 1.42> <FuncUnit> <Opcode : 'icmp'> <InPorts = 2> <OutPorts = 1>
ST_3 : Operation 34 [1/1] (0.00ns)   --->   "%empty_7 = call i32 (...)* @_ssdm_op_SpecLoopTripCount(i64 14, i64 28, i64 0)"   --->   Operation 34 'speclooptripcount' 'empty_7' <Predicate = true> <Delay = 0.00>
ST_3 : Operation 35 [1/1] (1.78ns)   --->   "%out_h_1 = add i5 %out_h, 1" [layers_c/up_sampling2d.cpp:15]   --->   Operation 35 'add' 'out_h_1' <Predicate = true> <Delay = 1.78> <Core = "AddSub">   --->   Core 14 'AddSub' <Latency = 0> <II = 1> <Delay = 1.81> <FuncUnit> <Opcode : 'add' 'sub'> <InPorts = 2> <OutPorts = 1>
ST_3 : Operation 36 [1/1] (0.00ns)   --->   "br i1 %exitcond2, label %.loopexit.loopexit, label %.preheader.preheader" [layers_c/up_sampling2d.cpp:15]   --->   Operation 36 'br' <Predicate = true> <Delay = 0.00>
ST_3 : Operation 37 [1/1] (0.00ns)   --->   "%div = call i4 @_ssdm_op_PartSelect.i4.i5.i32.i32(i5 %out_h, i32 1, i32 4)" [layers_c/up_sampling2d.cpp:19]   --->   Operation 37 'partselect' 'div' <Predicate = (!exitcond2)> <Delay = 0.00>
ST_3 : Operation 38 [1/1] (0.00ns)   --->   "%tmp_9_cast = zext i4 %div to i8" [layers_c/up_sampling2d.cpp:19]   --->   Operation 38 'zext' 'tmp_9_cast' <Predicate = (!exitcond2)> <Delay = 0.00>
ST_3 : Operation 39 [1/1] (0.00ns)   --->   "%tmp_cast = zext i5 %out_h to i9" [layers_c/up_sampling2d.cpp:15]   --->   Operation 39 'zext' 'tmp_cast' <Predicate = (!exitcond2)> <Delay = 0.00>
ST_3 : Operation 40 [1/1] (1.91ns)   --->   "%tmp = add i8 %phi_mul, %tmp_9_cast" [layers_c/up_sampling2d.cpp:19]   --->   Operation 40 'add' 'tmp' <Predicate = (!exitcond2)> <Delay = 1.91> <Core = "AddSub">   --->   Core 14 'AddSub' <Latency = 0> <II = 1> <Delay = 1.81> <FuncUnit> <Opcode : 'add' 'sub'> <InPorts = 2> <OutPorts = 1>
ST_3 : Operation 41 [1/1] (1.82ns)   --->   "%tmp2 = add i9 %phi_mul2, %tmp_cast" [layers_c/up_sampling2d.cpp:19]   --->   Operation 41 'add' 'tmp2' <Predicate = (!exitcond2)> <Delay = 1.82> <Core = "AddSub">   --->   Core 14 'AddSub' <Latency = 0> <II = 1> <Delay = 1.81> <FuncUnit> <Opcode : 'add' 'sub'> <InPorts = 2> <OutPorts = 1>
ST_3 : Operation 42 [1/1] (0.00ns)   --->   "br label %.loopexit"   --->   Operation 42 'br' <Predicate = (exitcond2)> <Delay = 0.00>

State 4 <SV = 3> <Delay = 4.35>
ST_4 : Operation 43 [1/1] (0.00ns)   --->   "%tmp_1 = zext i8 %tmp to i12" [layers_c/up_sampling2d.cpp:19]   --->   Operation 43 'zext' 'tmp_1' <Predicate = true> <Delay = 0.00>
ST_4 : Operation 44 [1/1] (4.17ns)   --->   "%tmp1_cast = mul i12 %tmp_1, %tmp_2" [layers_c/up_sampling2d.cpp:19]   --->   Operation 44 'mul' 'tmp1_cast' <Predicate = true> <Delay = 4.17> <Core = "Mul">   --->   Core 16 'Mul' <Latency = 0> <II = 1> <Delay = 4.35> <FuncUnit> <Opcode : 'mul'> <InPorts = 2> <OutPorts = 1>
ST_4 : Operation 45 [1/1] (0.00ns)   --->   "%tmp2_cast = zext i9 %tmp2 to i14" [layers_c/up_sampling2d.cpp:19]   --->   Operation 45 'zext' 'tmp2_cast' <Predicate = true> <Delay = 0.00>
ST_4 : Operation 46 [1/1] (4.35ns)   --->   "%tmp3 = mul i14 %tmp2_cast, %tmp_4_cast" [layers_c/up_sampling2d.cpp:19]   --->   Operation 46 'mul' 'tmp3' <Predicate = true> <Delay = 4.35> <Core = "Mul">   --->   Core 16 'Mul' <Latency = 0> <II = 1> <Delay = 4.35> <FuncUnit> <Opcode : 'mul'> <InPorts = 2> <OutPorts = 1>
ST_4 : Operation 47 [1/1] (1.76ns)   --->   "br label %.preheader" [layers_c/up_sampling2d.cpp:17]   --->   Operation 47 'br' <Predicate = true> <Delay = 1.76>

State 5 <SV = 4> <Delay = 1.81>
ST_5 : Operation 48 [1/1] (0.00ns)   --->   "%out_w = phi i5 [ %out_w_1, %1 ], [ 0, %.preheader.preheader ]"   --->   Operation 48 'phi' 'out_w' <Predicate = true> <Delay = 0.00>
ST_5 : Operation 49 [1/1] (0.00ns)   --->   "%out_w_cast = zext i5 %out_w to i6" [layers_c/up_sampling2d.cpp:17]   --->   Operation 49 'zext' 'out_w_cast' <Predicate = true> <Delay = 0.00>
ST_5 : Operation 50 [1/1] (1.42ns)   --->   "%exitcond = icmp eq i6 %out_w_cast, %output_width_read" [layers_c/up_sampling2d.cpp:17]   --->   Operation 50 'icmp' 'exitcond' <Predicate = true> <Delay = 1.42> <Core = "Cmp">   --->   Core 25 'Cmp' <Latency = 0> <II = 1> <Delay = 1.42> <FuncUnit> <Opcode : 'icmp'> <InPorts = 2> <OutPorts = 1>
ST_5 : Operation 51 [1/1] (0.00ns)   --->   "%empty_8 = call i32 (...)* @_ssdm_op_SpecLoopTripCount(i64 14, i64 28, i64 0)"   --->   Operation 51 'speclooptripcount' 'empty_8' <Predicate = true> <Delay = 0.00>
ST_5 : Operation 52 [1/1] (1.78ns)   --->   "%out_w_1 = add i5 %out_w, 1" [layers_c/up_sampling2d.cpp:17]   --->   Operation 52 'add' 'out_w_1' <Predicate = true> <Delay = 1.78> <Core = "AddSub">   --->   Core 14 'AddSub' <Latency = 0> <II = 1> <Delay = 1.81> <FuncUnit> <Opcode : 'add' 'sub'> <InPorts = 2> <OutPorts = 1>
ST_5 : Operation 53 [1/1] (0.00ns)   --->   "br i1 %exitcond, label %.preheader4.loopexit, label %1" [layers_c/up_sampling2d.cpp:17]   --->   Operation 53 'br' <Predicate = true> <Delay = 0.00>
ST_5 : Operation 54 [1/1] (0.00ns)   --->   "%div1 = call i4 @_ssdm_op_PartSelect.i4.i5.i32.i32(i5 %out_w, i32 1, i32 4)" [layers_c/up_sampling2d.cpp:19]   --->   Operation 54 'partselect' 'div1' <Predicate = (!exitcond)> <Delay = 0.00>
ST_5 : Operation 55 [1/1] (0.00ns)   --->   "%tmp_8_cast = zext i4 %div1 to i12" [layers_c/up_sampling2d.cpp:19]   --->   Operation 55 'zext' 'tmp_8_cast' <Predicate = (!exitcond)> <Delay = 0.00>
ST_5 : Operation 56 [1/1] (1.54ns)   --->   "%tmp_s = add i12 %tmp_8_cast, %tmp1_cast" [layers_c/up_sampling2d.cpp:19]   --->   Operation 56 'add' 'tmp_s' <Predicate = (!exitcond)> <Delay = 1.54> <Core = "AddSub">   --->   Core 14 'AddSub' <Latency = 0> <II = 1> <Delay = 1.81> <FuncUnit> <Opcode : 'add' 'sub'> <InPorts = 2> <OutPorts = 1>
ST_5 : Operation 57 [1/1] (0.00ns)   --->   "%tmp_12_cast = zext i5 %out_w to i14" [layers_c/up_sampling2d.cpp:19]   --->   Operation 57 'zext' 'tmp_12_cast' <Predicate = (!exitcond)> <Delay = 0.00>
ST_5 : Operation 58 [1/1] (1.81ns)   --->   "%tmp_4 = add i14 %tmp_12_cast, %tmp3" [layers_c/up_sampling2d.cpp:19]   --->   Operation 58 'add' 'tmp_4' <Predicate = (!exitcond)> <Delay = 1.81> <Core = "AddSub">   --->   Core 14 'AddSub' <Latency = 0> <II = 1> <Delay = 1.81> <FuncUnit> <Opcode : 'add' 'sub'> <InPorts = 2> <OutPorts = 1>
ST_5 : Operation 59 [1/1] (0.00ns)   --->   "br label %.preheader4"   --->   Operation 59 'br' <Predicate = (exitcond)> <Delay = 0.00>

State 6 <SV = 5> <Delay = 1.68>
ST_6 : Operation 60 [1/1] (0.00ns)   --->   "%tmp_3 = zext i12 %tmp_s to i64" [layers_c/up_sampling2d.cpp:19]   --->   Operation 60 'zext' 'tmp_3' <Predicate = true> <Delay = 0.00>
ST_6 : Operation 61 [1/1] (0.00ns)   --->   "%input_addr = getelementptr [14400 x i16]* %input_r, i64 0, i64 %tmp_3" [layers_c/up_sampling2d.cpp:19]   --->   Operation 61 'getelementptr' 'input_addr' <Predicate = true> <Delay = 0.00>
ST_6 : Operation 62 [2/2] (1.68ns)   --->   "%input_load = load i16* %input_addr, align 2" [layers_c/up_sampling2d.cpp:19]   --->   Operation 62 'load' 'input_load' <Predicate = true> <Delay = 1.68> <Core = "RAM">   --->   Core 37 'RAM' <Latency = 1> <II = 1> <Delay = 1.68> <Storage> <Opcode : 'load' 'store'> <Ports = 2> <Width = 16> <Depth = 14400> <RAM>

State 7 <SV = 6> <Delay = 1.68>
ST_7 : Operation 63 [1/2] (1.68ns)   --->   "%input_load = load i16* %input_addr, align 2" [layers_c/up_sampling2d.cpp:19]   --->   Operation 63 'load' 'input_load' <Predicate = true> <Delay = 1.68> <Core = "RAM">   --->   Core 37 'RAM' <Latency = 1> <II = 1> <Delay = 1.68> <Storage> <Opcode : 'load' 'store'> <Ports = 2> <Width = 16> <Depth = 14400> <RAM>

State 8 <SV = 7> <Delay = 1.68>
ST_8 : Operation 64 [1/1] (0.00ns)   --->   "%tmp_5 = zext i14 %tmp_4 to i64" [layers_c/up_sampling2d.cpp:19]   --->   Operation 64 'zext' 'tmp_5' <Predicate = true> <Delay = 0.00>
ST_8 : Operation 65 [1/1] (0.00ns)   --->   "%output_addr = getelementptr [14400 x i16]* %output_r, i64 0, i64 %tmp_5" [layers_c/up_sampling2d.cpp:19]   --->   Operation 65 'getelementptr' 'output_addr' <Predicate = true> <Delay = 0.00>
ST_8 : Operation 66 [1/1] (1.68ns)   --->   "store i16 %input_load, i16* %output_addr, align 2" [layers_c/up_sampling2d.cpp:19]   --->   Operation 66 'store' <Predicate = true> <Delay = 1.68> <Core = "RAM">   --->   Core 37 'RAM' <Latency = 1> <II = 1> <Delay = 1.68> <Storage> <Opcode : 'load' 'store'> <Ports = 2> <Width = 16> <Depth = 14400> <RAM>
ST_8 : Operation 67 [1/1] (0.00ns)   --->   "br label %.preheader" [layers_c/up_sampling2d.cpp:17]   --->   Operation 67 'br' <Predicate = true> <Delay = 0.00>


============================================================
+ Verbose Summary: Binding
============================================================
STG Binding: 
---------------- STG Properties BEGIN ----------------
- Is combinational: 0
- Is one-state seq: 0
- Is datapath-only: 0
- Is pipelined: 0
- Is top level: 0
Port [ Return ] is wired: 1; IO mode=ap_ctrl_hs:ce=0
Port [ input_height]:  wired=1; compound=0; hidden=0; nouse=0; global=0; static=0; extern=0; dir=0; type=0; pingpong=0; private_global=0; IO mode=ap_none:ce=0
Port [ input_width]:  wired=1; compound=0; hidden=0; nouse=0; global=0; static=0; extern=0; dir=0; type=0; pingpong=0; private_global=0; IO mode=ap_none:ce=0
Port [ input_r]:  wired=1; compound=1; hidden=0; nouse=0; global=0; static=0; extern=0; dir=0; type=1; pingpong=0; private_global=0; MemPort=[13]; IO mode=ap_memory:ce=0
Port [ output_depth]:  wired=1; compound=0; hidden=0; nouse=0; global=0; static=0; extern=0; dir=0; type=0; pingpong=0; private_global=0; IO mode=ap_none:ce=0
Port [ output_height]:  wired=1; compound=0; hidden=0; nouse=0; global=0; static=0; extern=0; dir=0; type=0; pingpong=0; private_global=0; IO mode=ap_none:ce=0
Port [ output_width]:  wired=1; compound=0; hidden=0; nouse=0; global=0; static=0; extern=0; dir=0; type=0; pingpong=0; private_global=0; IO mode=ap_none:ce=0
Port [ output_r]:  wired=1; compound=1; hidden=0; nouse=0; global=0; static=0; extern=0; dir=1; type=1; pingpong=0; private_global=0; MemPort=[03]; IO mode=ap_memory:ce=0
---------------- STG Properties END ------------------

---------------- Datapath Model BEGIN ----------------

<LifeTime>
<method=bitvector/>
output_width_read  (read             ) [ 001111111]
output_height_read (read             ) [ 001111111]
output_depth_read  (read             ) [ 001111111]
input_width_read   (read             ) [ 000000000]
input_height_read  (read             ) [ 000000000]
tmp_1_cast         (zext             ) [ 001111111]
tmp_3_cast         (zext             ) [ 001111111]
tmp_4_cast         (zext             ) [ 001111111]
tmp_2              (zext             ) [ 001111111]
StgValue_18        (br               ) [ 011111111]
out_d              (phi              ) [ 001000000]
phi_mul            (phi              ) [ 001111111]
phi_mul2           (phi              ) [ 001111111]
next_mul3          (add              ) [ 011111111]
next_mul           (add              ) [ 011111111]
out_d_cast         (zext             ) [ 000000000]
exitcond3          (icmp             ) [ 001111111]
empty              (speclooptripcount) [ 000000000]
out_d_1            (add              ) [ 011111111]
StgValue_28        (br               ) [ 000000000]
StgValue_29        (br               ) [ 001111111]
StgValue_30        (ret              ) [ 000000000]
out_h              (phi              ) [ 000100000]
out_h_cast         (zext             ) [ 000000000]
exitcond2          (icmp             ) [ 001111111]
empty_7            (speclooptripcount) [ 000000000]
out_h_1            (add              ) [ 001111111]
StgValue_36        (br               ) [ 000000000]
div                (partselect       ) [ 000000000]
tmp_9_cast         (zext             ) [ 000000000]
tmp_cast           (zext             ) [ 000000000]
tmp                (add              ) [ 000010000]
tmp2               (add              ) [ 000010000]
StgValue_42        (br               ) [ 011111111]
tmp_1              (zext             ) [ 000000000]
tmp1_cast          (mul              ) [ 000001111]
tmp2_cast          (zext             ) [ 000000000]
tmp3               (mul              ) [ 000001111]
StgValue_47        (br               ) [ 001111111]
out_w              (phi              ) [ 000001000]
out_w_cast         (zext             ) [ 000000000]
exitcond           (icmp             ) [ 001111111]
empty_8            (speclooptripcount) [ 000000000]
out_w_1            (add              ) [ 001111111]
StgValue_53        (br               ) [ 000000000]
div1               (partselect       ) [ 000000000]
tmp_8_cast         (zext             ) [ 000000000]
tmp_s              (add              ) [ 000000100]
tmp_12_cast        (zext             ) [ 000000000]
tmp_4              (add              ) [ 000000111]
StgValue_59        (br               ) [ 001111111]
tmp_3              (zext             ) [ 000000000]
input_addr         (getelementptr    ) [ 000000010]
input_load         (load             ) [ 000000001]
tmp_5              (zext             ) [ 000000000]
output_addr        (getelementptr    ) [ 000000000]
StgValue_66        (store            ) [ 000000000]
StgValue_67        (br               ) [ 001111111]
</LifeTime>

<model>

<comp_list>
<comp id="0" class="1000" name="input_height">
<pin_list>
<pin id="1" dir="1" index="0" bw="1" slack="0"/>
</pin_list>
<bind>
<StgValue><ssdm name="input_height"/></StgValue>
</bind>
</comp>

<comp id="2" class="1000" name="input_width">
<pin_list>
<pin id="3" dir="1" index="0" bw="1" slack="0"/>
</pin_list>
<bind>
<StgValue><ssdm name="input_width"/></StgValue>
</bind>
</comp>

<comp id="4" class="1000" name="input_r">
<pin_list>
<pin id="5" dir="1" index="0" bw="1" slack="0"/>
</pin_list>
<bind>
<StgValue><ssdm name="input_r"/><MemPortTyVec>1 3 </MemPortTyVec>
</StgValue>
</bind>
</comp>

<comp id="6" class="1000" name="output_depth">
<pin_list>
<pin id="7" dir="1" index="0" bw="1" slack="0"/>
</pin_list>
<bind>
<StgValue><ssdm name="output_depth"/></StgValue>
</bind>
</comp>

<comp id="8" class="1000" name="output_height">
<pin_list>
<pin id="9" dir="1" index="0" bw="1" slack="0"/>
</pin_list>
<bind>
<StgValue><ssdm name="output_height"/></StgValue>
</bind>
</comp>

<comp id="10" class="1000" name="output_width">
<pin_list>
<pin id="11" dir="1" index="0" bw="1" slack="0"/>
</pin_list>
<bind>
<StgValue><ssdm name="output_width"/></StgValue>
</bind>
</comp>

<comp id="12" class="1000" name="output_r">
<pin_list>
<pin id="13" dir="1" index="0" bw="1" slack="0"/>
</pin_list>
<bind>
<StgValue><ssdm name="output_r"/><MemPortTyVec>0 3 </MemPortTyVec>
</StgValue>
</bind>
</comp>

<comp id="14" class="1001" name="const_14">
<pin_list>
<pin id="15" dir="1" index="0" bw="1" slack="0"/>
</pin_list>
<bind>
<StgValue><ssdm name="_ssdm_op_Read.ap_auto.i6"/></StgValue>
</bind>
</comp>

<comp id="16" class="1001" name="const_16">
<pin_list>
<pin id="17" dir="1" index="0" bw="1" slack="0"/>
</pin_list>
<bind>
<StgValue><ssdm name="_ssdm_op_Read.ap_auto.i5"/></StgValue>
</bind>
</comp>

<comp id="18" class="1001" name="const_18">
<pin_list>
<pin id="19" dir="1" index="0" bw="1" slack="1"/>
</pin_list>
<bind>
<StgValue><ssdm name=""/></StgValue>
</bind>
</comp>

<comp id="20" class="1001" name="const_20">
<pin_list>
<pin id="21" dir="1" index="0" bw="1" slack="1"/>
</pin_list>
<bind>
<StgValue><ssdm name=""/></StgValue>
</bind>
</comp>

<comp id="22" class="1001" name="const_22">
<pin_list>
<pin id="23" dir="1" index="0" bw="1" slack="1"/>
</pin_list>
<bind>
<StgValue><ssdm name=""/></StgValue>
</bind>
</comp>

<comp id="24" class="1001" name="const_24">
<pin_list>
<pin id="25" dir="1" index="0" bw="1" slack="2147483647"/>
</pin_list>
<bind>
<StgValue><ssdm name="_ssdm_op_SpecLoopTripCount"/></StgValue>
</bind>
</comp>

<comp id="26" class="1001" name="const_26">
<pin_list>
<pin id="27" dir="1" index="0" bw="1" slack="2147483647"/>
</pin_list>
<bind>
<StgValue><ssdm name=""/></StgValue>
</bind>
</comp>

<comp id="28" class="1001" name="const_28">
<pin_list>
<pin id="29" dir="1" index="0" bw="1" slack="2147483647"/>
</pin_list>
<bind>
<StgValue><ssdm name=""/></StgValue>
</bind>
</comp>

<comp id="30" class="1001" name="const_30">
<pin_list>
<pin id="31" dir="1" index="0" bw="1" slack="0"/>
</pin_list>
<bind>
<StgValue><ssdm name=""/></StgValue>
</bind>
</comp>

<comp id="32" class="1001" name="const_32">
<pin_list>
<pin id="33" dir="1" index="0" bw="1" slack="0"/>
</pin_list>
<bind>
<StgValue><ssdm name=""/></StgValue>
</bind>
</comp>

<comp id="34" class="1001" name="const_34">
<pin_list>
<pin id="35" dir="1" index="0" bw="1" slack="2147483647"/>
</pin_list>
<bind>
<StgValue><ssdm name=""/></StgValue>
</bind>
</comp>

<comp id="36" class="1001" name="const_36">
<pin_list>
<pin id="37" dir="1" index="0" bw="1" slack="2147483647"/>
</pin_list>
<bind>
<StgValue><ssdm name=""/></StgValue>
</bind>
</comp>

<comp id="38" class="1001" name="const_38">
<pin_list>
<pin id="39" dir="1" index="0" bw="1" slack="0"/>
</pin_list>
<bind>
<StgValue><ssdm name="_ssdm_op_PartSelect.i4.i5.i32.i32"/></StgValue>
</bind>
</comp>

<comp id="40" class="1001" name="const_40">
<pin_list>
<pin id="41" dir="1" index="0" bw="1" slack="0"/>
</pin_list>
<bind>
<StgValue><ssdm name=""/></StgValue>
</bind>
</comp>

<comp id="42" class="1001" name="const_42">
<pin_list>
<pin id="43" dir="1" index="0" bw="1" slack="0"/>
</pin_list>
<bind>
<StgValue><ssdm name=""/></StgValue>
</bind>
</comp>

<comp id="44" class="1004" name="output_width_read_read_fu_44">
<pin_list>
<pin id="45" dir="0" index="0" bw="6" slack="0"/>
<pin id="46" dir="0" index="1" bw="6" slack="0"/>
<pin id="47" dir="1" index="2" bw="6" slack="0"/>
</pin_list>
<bind>
<opcode="read(1150) " fcode="read"/>
<opset="output_width_read/1 "/>
</bind>
</comp>

<comp id="50" class="1004" name="output_height_read_read_fu_50">
<pin_list>
<pin id="51" dir="0" index="0" bw="6" slack="0"/>
<pin id="52" dir="0" index="1" bw="6" slack="0"/>
<pin id="53" dir="1" index="2" bw="6" slack="0"/>
</pin_list>
<bind>
<opcode="read(1150) " fcode="read"/>
<opset="output_height_read/1 "/>
</bind>
</comp>

<comp id="56" class="1004" name="output_depth_read_read_fu_56">
<pin_list>
<pin id="57" dir="0" index="0" bw="6" slack="0"/>
<pin id="58" dir="0" index="1" bw="6" slack="0"/>
<pin id="59" dir="1" index="2" bw="6" slack="1"/>
</pin_list>
<bind>
<opcode="read(1150) " fcode="read"/>
<opset="output_depth_read/1 "/>
</bind>
</comp>

<comp id="62" class="1004" name="input_width_read_read_fu_62">
<pin_list>
<pin id="63" dir="0" index="0" bw="5" slack="0"/>
<pin id="64" dir="0" index="1" bw="5" slack="0"/>
<pin id="65" dir="1" index="2" bw="5" slack="0"/>
</pin_list>
<bind>
<opcode="read(1150) " fcode="read"/>
<opset="input_width_read/1 "/>
</bind>
</comp>

<comp id="68" class="1004" name="input_height_read_read_fu_68">
<pin_list>
<pin id="69" dir="0" index="0" bw="5" slack="0"/>
<pin id="70" dir="0" index="1" bw="5" slack="0"/>
<pin id="71" dir="1" index="2" bw="5" slack="0"/>
</pin_list>
<bind>
<opcode="read(1150) " fcode="read"/>
<opset="input_height_read/1 "/>
</bind>
</comp>

<comp id="74" class="1004" name="input_addr_gep_fu_74">
<pin_list>
<pin id="75" dir="0" index="0" bw="16" slack="0"/>
<pin id="76" dir="0" index="1" bw="1" slack="0"/>
<pin id="77" dir="0" index="2" bw="12" slack="0"/>
<pin id="78" dir="1" index="3" bw="14" slack="0"/>
</pin_list>
<bind>
<opcode="getelementptr(29) " fcode="getelementptr"/>
<opset="input_addr/6 "/>
</bind>
</comp>

<comp id="81" class="1004" name="grp_access_fu_81">
<pin_list>
<pin id="82" dir="0" index="0" bw="14" slack="0"/>
<pin id="83" dir="0" index="1" bw="16" slack="2147483647"/>
<pin id="84" dir="0" index="2" bw="0" slack="2147483647"/>
<pin id="85" dir="1" index="3" bw="16" slack="1"/>
</pin_list>
<bind>
<opcode="load(27) " fcode="load"/>
<opset="input_load/6 "/>
</bind>
</comp>

<comp id="87" class="1004" name="output_addr_gep_fu_87">
<pin_list>
<pin id="88" dir="0" index="0" bw="16" slack="0"/>
<pin id="89" dir="0" index="1" bw="1" slack="0"/>
<pin id="90" dir="0" index="2" bw="14" slack="0"/>
<pin id="91" dir="1" index="3" bw="14" slack="0"/>
</pin_list>
<bind>
<opcode="getelementptr(29) " fcode="getelementptr"/>
<opset="output_addr/8 "/>
</bind>
</comp>

<comp id="94" class="1004" name="StgValue_66_access_fu_94">
<pin_list>
<pin id="95" dir="0" index="0" bw="14" slack="0"/>
<pin id="96" dir="0" index="1" bw="16" slack="1"/>
<pin id="97" dir="0" index="2" bw="0" slack="2147483647"/>
<pin id="98" dir="1" index="3" bw="16" slack="2147483647"/>
</pin_list>
<bind>
<opcode="store(28) " fcode="store"/>
<opset="StgValue_66/8 "/>
</bind>
</comp>

<comp id="100" class="1005" name="out_d_reg_100">
<pin_list>
<pin id="101" dir="0" index="0" bw="5" slack="1"/>
<pin id="102" dir="1" index="1" bw="5" slack="1"/>
</pin_list>
<bind>
<opset="out_d (phireg) "/>
</bind>
</comp>

<comp id="104" class="1004" name="out_d_phi_fu_104">
<pin_list>
<pin id="105" dir="0" index="0" bw="1" slack="1"/>
<pin id="106" dir="0" index="1" bw="0" slack="2147483647"/>
<pin id="107" dir="0" index="2" bw="5" slack="0"/>
<pin id="108" dir="0" index="3" bw="0" slack="2147483647"/>
<pin id="109" dir="1" index="4" bw="5" slack="0"/>
</pin_list>
<bind>
<opcode="phi(47) " fcode="phi"/>
<opset="out_d/2 "/>
</bind>
</comp>

<comp id="111" class="1005" name="phi_mul_reg_111">
<pin_list>
<pin id="112" dir="0" index="0" bw="8" slack="1"/>
<pin id="113" dir="1" index="1" bw="8" slack="1"/>
</pin_list>
<bind>
<opset="phi_mul (phireg) "/>
</bind>
</comp>

<comp id="115" class="1004" name="phi_mul_phi_fu_115">
<pin_list>
<pin id="116" dir="0" index="0" bw="1" slack="1"/>
<pin id="117" dir="0" index="1" bw="0" slack="2147483647"/>
<pin id="118" dir="0" index="2" bw="8" slack="0"/>
<pin id="119" dir="0" index="3" bw="0" slack="2147483647"/>
<pin id="120" dir="1" index="4" bw="8" slack="0"/>
</pin_list>
<bind>
<opcode="phi(47) " fcode="phi"/>
<opset="phi_mul/2 "/>
</bind>
</comp>

<comp id="123" class="1005" name="phi_mul2_reg_123">
<pin_list>
<pin id="124" dir="0" index="0" bw="9" slack="1"/>
<pin id="125" dir="1" index="1" bw="9" slack="1"/>
</pin_list>
<bind>
<opset="phi_mul2 (phireg) "/>
</bind>
</comp>

<comp id="127" class="1004" name="phi_mul2_phi_fu_127">
<pin_list>
<pin id="128" dir="0" index="0" bw="1" slack="1"/>
<pin id="129" dir="0" index="1" bw="0" slack="2147483647"/>
<pin id="130" dir="0" index="2" bw="9" slack="0"/>
<pin id="131" dir="0" index="3" bw="0" slack="2147483647"/>
<pin id="132" dir="1" index="4" bw="9" slack="0"/>
</pin_list>
<bind>
<opcode="phi(47) " fcode="phi"/>
<opset="phi_mul2/2 "/>
</bind>
</comp>

<comp id="135" class="1005" name="out_h_reg_135">
<pin_list>
<pin id="136" dir="0" index="0" bw="5" slack="1"/>
<pin id="137" dir="1" index="1" bw="5" slack="1"/>
</pin_list>
<bind>
<opset="out_h (phireg) "/>
</bind>
</comp>

<comp id="139" class="1004" name="out_h_phi_fu_139">
<pin_list>
<pin id="140" dir="0" index="0" bw="5" slack="0"/>
<pin id="141" dir="0" index="1" bw="0" slack="2147483647"/>
<pin id="142" dir="0" index="2" bw="1" slack="1"/>
<pin id="143" dir="0" index="3" bw="0" slack="2147483647"/>
<pin id="144" dir="1" index="4" bw="5" slack="0"/>
</pin_list>
<bind>
<opcode="phi(47) " fcode="phi"/>
<opset="out_h/3 "/>
</bind>
</comp>

<comp id="146" class="1005" name="out_w_reg_146">
<pin_list>
<pin id="147" dir="0" index="0" bw="5" slack="1"/>
<pin id="148" dir="1" index="1" bw="5" slack="1"/>
</pin_list>
<bind>
<opset="out_w (phireg) "/>
</bind>
</comp>

<comp id="150" class="1004" name="out_w_phi_fu_150">
<pin_list>
<pin id="151" dir="0" index="0" bw="5" slack="0"/>
<pin id="152" dir="0" index="1" bw="0" slack="2147483647"/>
<pin id="153" dir="0" index="2" bw="1" slack="1"/>
<pin id="154" dir="0" index="3" bw="0" slack="2147483647"/>
<pin id="155" dir="1" index="4" bw="5" slack="0"/>
</pin_list>
<bind>
<opcode="phi(47) " fcode="phi"/>
<opset="out_w/5 "/>
</bind>
</comp>

<comp id="157" class="1004" name="tmp_1_cast_fu_157">
<pin_list>
<pin id="158" dir="0" index="0" bw="5" slack="0"/>
<pin id="159" dir="1" index="1" bw="8" slack="1"/>
</pin_list>
<bind>
<opcode="zext(34) " fcode="zext"/>
<opset="tmp_1_cast/1 "/>
</bind>
</comp>

<comp id="161" class="1004" name="tmp_3_cast_fu_161">
<pin_list>
<pin id="162" dir="0" index="0" bw="6" slack="0"/>
<pin id="163" dir="1" index="1" bw="9" slack="1"/>
</pin_list>
<bind>
<opcode="zext(34) " fcode="zext"/>
<opset="tmp_3_cast/1 "/>
</bind>
</comp>

<comp id="165" class="1004" name="tmp_4_cast_fu_165">
<pin_list>
<pin id="166" dir="0" index="0" bw="6" slack="0"/>
<pin id="167" dir="1" index="1" bw="14" slack="3"/>
</pin_list>
<bind>
<opcode="zext(34) " fcode="zext"/>
<opset="tmp_4_cast/1 "/>
</bind>
</comp>

<comp id="169" class="1004" name="tmp_2_fu_169">
<pin_list>
<pin id="170" dir="0" index="0" bw="5" slack="0"/>
<pin id="171" dir="1" index="1" bw="12" slack="3"/>
</pin_list>
<bind>
<opcode="zext(34) " fcode="zext"/>
<opset="tmp_2/1 "/>
</bind>
</comp>

<comp id="173" class="1004" name="next_mul3_fu_173">
<pin_list>
<pin id="174" dir="0" index="0" bw="9" slack="0"/>
<pin id="175" dir="0" index="1" bw="6" slack="1"/>
<pin id="176" dir="1" index="2" bw="9" slack="0"/>
</pin_list>
<bind>
<opcode="add(8) " fcode="add"/>
<opset="next_mul3/2 "/>
</bind>
</comp>

<comp id="178" class="1004" name="next_mul_fu_178">
<pin_list>
<pin id="179" dir="0" index="0" bw="8" slack="0"/>
<pin id="180" dir="0" index="1" bw="5" slack="1"/>
<pin id="181" dir="1" index="2" bw="8" slack="0"/>
</pin_list>
<bind>
<opcode="add(8) " fcode="add"/>
<opset="next_mul/2 "/>
</bind>
</comp>

<comp id="183" class="1004" name="out_d_cast_fu_183">
<pin_list>
<pin id="184" dir="0" index="0" bw="5" slack="0"/>
<pin id="185" dir="1" index="1" bw="6" slack="0"/>
</pin_list>
<bind>
<opcode="zext(34) " fcode="zext"/>
<opset="out_d_cast/2 "/>
</bind>
</comp>

<comp id="187" class="1004" name="exitcond3_fu_187">
<pin_list>
<pin id="188" dir="0" index="0" bw="5" slack="0"/>
<pin id="189" dir="0" index="1" bw="6" slack="1"/>
<pin id="190" dir="1" index="2" bw="1" slack="2147483647"/>
</pin_list>
<bind>
<opcode="icmp(45) " fcode="icmp"/>
<opset="exitcond3/2 "/>
</bind>
</comp>

<comp id="192" class="1004" name="out_d_1_fu_192">
<pin_list>
<pin id="193" dir="0" index="0" bw="5" slack="0"/>
<pin id="194" dir="0" index="1" bw="1" slack="0"/>
<pin id="195" dir="1" index="2" bw="5" slack="0"/>
</pin_list>
<bind>
<opcode="add(8) " fcode="add"/>
<opset="out_d_1/2 "/>
</bind>
</comp>

<comp id="198" class="1004" name="out_h_cast_fu_198">
<pin_list>
<pin id="199" dir="0" index="0" bw="5" slack="0"/>
<pin id="200" dir="1" index="1" bw="6" slack="0"/>
</pin_list>
<bind>
<opcode="zext(34) " fcode="zext"/>
<opset="out_h_cast/3 "/>
</bind>
</comp>

<comp id="202" class="1004" name="exitcond2_fu_202">
<pin_list>
<pin id="203" dir="0" index="0" bw="5" slack="0"/>
<pin id="204" dir="0" index="1" bw="6" slack="2"/>
<pin id="205" dir="1" index="2" bw="1" slack="2147483647"/>
</pin_list>
<bind>
<opcode="icmp(45) " fcode="icmp"/>
<opset="exitcond2/3 "/>
</bind>
</comp>

<comp id="207" class="1004" name="out_h_1_fu_207">
<pin_list>
<pin id="208" dir="0" index="0" bw="5" slack="0"/>
<pin id="209" dir="0" index="1" bw="1" slack="0"/>
<pin id="210" dir="1" index="2" bw="5" slack="0"/>
</pin_list>
<bind>
<opcode="add(8) " fcode="add"/>
<opset="out_h_1/3 "/>
</bind>
</comp>

<comp id="213" class="1004" name="div_fu_213">
<pin_list>
<pin id="214" dir="0" index="0" bw="4" slack="0"/>
<pin id="215" dir="0" index="1" bw="5" slack="0"/>
<pin id="216" dir="0" index="2" bw="1" slack="0"/>
<pin id="217" dir="0" index="3" bw="4" slack="0"/>
<pin id="218" dir="1" index="4" bw="4" slack="0"/>
</pin_list>
<bind>
<opcode="partselect(1002) " fcode="partselect"/>
<opset="div/3 "/>
</bind>
</comp>

<comp id="223" class="1004" name="tmp_9_cast_fu_223">
<pin_list>
<pin id="224" dir="0" index="0" bw="4" slack="0"/>
<pin id="225" dir="1" index="1" bw="8" slack="0"/>
</pin_list>
<bind>
<opcode="zext(34) " fcode="zext"/>
<opset="tmp_9_cast/3 "/>
</bind>
</comp>

<comp id="227" class="1004" name="tmp_cast_fu_227">
<pin_list>
<pin id="228" dir="0" index="0" bw="5" slack="0"/>
<pin id="229" dir="1" index="1" bw="9" slack="0"/>
</pin_list>
<bind>
<opcode="zext(34) " fcode="zext"/>
<opset="tmp_cast/3 "/>
</bind>
</comp>

<comp id="231" class="1004" name="tmp_fu_231">
<pin_list>
<pin id="232" dir="0" index="0" bw="8" slack="1"/>
<pin id="233" dir="0" index="1" bw="4" slack="0"/>
<pin id="234" dir="1" index="2" bw="8" slack="1"/>
</pin_list>
<bind>
<opcode="add(8) " fcode="add"/>
<opset="tmp/3 "/>
</bind>
</comp>

<comp id="237" class="1004" name="tmp2_fu_237">
<pin_list>
<pin id="238" dir="0" index="0" bw="9" slack="1"/>
<pin id="239" dir="0" index="1" bw="5" slack="0"/>
<pin id="240" dir="1" index="2" bw="9" slack="1"/>
</pin_list>
<bind>
<opcode="add(8) " fcode="add"/>
<opset="tmp2/3 "/>
</bind>
</comp>

<comp id="243" class="1004" name="tmp_1_fu_243">
<pin_list>
<pin id="244" dir="0" index="0" bw="8" slack="1"/>
<pin id="245" dir="1" index="1" bw="12" slack="0"/>
</pin_list>
<bind>
<opcode="zext(34) " fcode="zext"/>
<opset="tmp_1/4 "/>
</bind>
</comp>

<comp id="246" class="1004" name="tmp1_cast_fu_246">
<pin_list>
<pin id="247" dir="0" index="0" bw="8" slack="0"/>
<pin id="248" dir="0" index="1" bw="5" slack="3"/>
<pin id="249" dir="1" index="2" bw="12" slack="1"/>
</pin_list>
<bind>
<opcode="mul(12) " fcode="mul"/>
<opset="tmp1_cast/4 "/>
</bind>
</comp>

<comp id="251" class="1004" name="tmp2_cast_fu_251">
<pin_list>
<pin id="252" dir="0" index="0" bw="9" slack="1"/>
<pin id="253" dir="1" index="1" bw="14" slack="0"/>
</pin_list>
<bind>
<opcode="zext(34) " fcode="zext"/>
<opset="tmp2_cast/4 "/>
</bind>
</comp>

<comp id="254" class="1004" name="tmp3_fu_254">
<pin_list>
<pin id="255" dir="0" index="0" bw="9" slack="0"/>
<pin id="256" dir="0" index="1" bw="6" slack="3"/>
<pin id="257" dir="1" index="2" bw="14" slack="1"/>
</pin_list>
<bind>
<opcode="mul(12) " fcode="mul"/>
<opset="tmp3/4 "/>
</bind>
</comp>

<comp id="259" class="1004" name="out_w_cast_fu_259">
<pin_list>
<pin id="260" dir="0" index="0" bw="5" slack="0"/>
<pin id="261" dir="1" index="1" bw="6" slack="0"/>
</pin_list>
<bind>
<opcode="zext(34) " fcode="zext"/>
<opset="out_w_cast/5 "/>
</bind>
</comp>

<comp id="263" class="1004" name="exitcond_fu_263">
<pin_list>
<pin id="264" dir="0" index="0" bw="5" slack="0"/>
<pin id="265" dir="0" index="1" bw="6" slack="4"/>
<pin id="266" dir="1" index="2" bw="1" slack="2147483647"/>
</pin_list>
<bind>
<opcode="icmp(45) " fcode="icmp"/>
<opset="exitcond/5 "/>
</bind>
</comp>

<comp id="268" class="1004" name="out_w_1_fu_268">
<pin_list>
<pin id="269" dir="0" index="0" bw="5" slack="0"/>
<pin id="270" dir="0" index="1" bw="1" slack="0"/>
<pin id="271" dir="1" index="2" bw="5" slack="0"/>
</pin_list>
<bind>
<opcode="add(8) " fcode="add"/>
<opset="out_w_1/5 "/>
</bind>
</comp>

<comp id="274" class="1004" name="div1_fu_274">
<pin_list>
<pin id="275" dir="0" index="0" bw="4" slack="0"/>
<pin id="276" dir="0" index="1" bw="5" slack="0"/>
<pin id="277" dir="0" index="2" bw="1" slack="0"/>
<pin id="278" dir="0" index="3" bw="4" slack="0"/>
<pin id="279" dir="1" index="4" bw="4" slack="0"/>
</pin_list>
<bind>
<opcode="partselect(1002) " fcode="partselect"/>
<opset="div1/5 "/>
</bind>
</comp>

<comp id="284" class="1004" name="tmp_8_cast_fu_284">
<pin_list>
<pin id="285" dir="0" index="0" bw="4" slack="0"/>
<pin id="286" dir="1" index="1" bw="12" slack="0"/>
</pin_list>
<bind>
<opcode="zext(34) " fcode="zext"/>
<opset="tmp_8_cast/5 "/>
</bind>
</comp>

<comp id="288" class="1004" name="tmp_s_fu_288">
<pin_list>
<pin id="289" dir="0" index="0" bw="4" slack="0"/>
<pin id="290" dir="0" index="1" bw="12" slack="1"/>
<pin id="291" dir="1" index="2" bw="12" slack="1"/>
</pin_list>
<bind>
<opcode="add(8) " fcode="add"/>
<opset="tmp_s/5 "/>
</bind>
</comp>

<comp id="293" class="1004" name="tmp_12_cast_fu_293">
<pin_list>
<pin id="294" dir="0" index="0" bw="5" slack="0"/>
<pin id="295" dir="1" index="1" bw="14" slack="0"/>
</pin_list>
<bind>
<opcode="zext(34) " fcode="zext"/>
<opset="tmp_12_cast/5 "/>
</bind>
</comp>

<comp id="297" class="1004" name="tmp_4_fu_297">
<pin_list>
<pin id="298" dir="0" index="0" bw="5" slack="0"/>
<pin id="299" dir="0" index="1" bw="14" slack="1"/>
<pin id="300" dir="1" index="2" bw="14" slack="3"/>
</pin_list>
<bind>
<opcode="add(8) " fcode="add"/>
<opset="tmp_4/5 "/>
</bind>
</comp>

<comp id="302" class="1004" name="tmp_3_fu_302">
<pin_list>
<pin id="303" dir="0" index="0" bw="12" slack="1"/>
<pin id="304" dir="1" index="1" bw="64" slack="0"/>
</pin_list>
<bind>
<opcode="zext(34) " fcode="zext"/>
<opset="tmp_3/6 "/>
</bind>
</comp>

<comp id="306" class="1004" name="tmp_5_fu_306">
<pin_list>
<pin id="307" dir="0" index="0" bw="14" slack="3"/>
<pin id="308" dir="1" index="1" bw="64" slack="0"/>
</pin_list>
<bind>
<opcode="zext(34) " fcode="zext"/>
<opset="tmp_5/8 "/>
</bind>
</comp>

<comp id="310" class="1005" name="output_width_read_reg_310">
<pin_list>
<pin id="311" dir="0" index="0" bw="6" slack="4"/>
<pin id="312" dir="1" index="1" bw="6" slack="4"/>
</pin_list>
<bind>
<opset="output_width_read "/>
</bind>
</comp>

<comp id="315" class="1005" name="output_height_read_reg_315">
<pin_list>
<pin id="316" dir="0" index="0" bw="6" slack="2"/>
<pin id="317" dir="1" index="1" bw="6" slack="2"/>
</pin_list>
<bind>
<opset="output_height_read "/>
</bind>
</comp>

<comp id="320" class="1005" name="output_depth_read_reg_320">
<pin_list>
<pin id="321" dir="0" index="0" bw="6" slack="1"/>
<pin id="322" dir="1" index="1" bw="6" slack="1"/>
</pin_list>
<bind>
<opset="output_depth_read "/>
</bind>
</comp>

<comp id="325" class="1005" name="tmp_1_cast_reg_325">
<pin_list>
<pin id="326" dir="0" index="0" bw="8" slack="1"/>
<pin id="327" dir="1" index="1" bw="8" slack="1"/>
</pin_list>
<bind>
<opset="tmp_1_cast "/>
</bind>
</comp>

<comp id="330" class="1005" name="tmp_3_cast_reg_330">
<pin_list>
<pin id="331" dir="0" index="0" bw="9" slack="1"/>
<pin id="332" dir="1" index="1" bw="9" slack="1"/>
</pin_list>
<bind>
<opset="tmp_3_cast "/>
</bind>
</comp>

<comp id="335" class="1005" name="tmp_4_cast_reg_335">
<pin_list>
<pin id="336" dir="0" index="0" bw="14" slack="3"/>
<pin id="337" dir="1" index="1" bw="14" slack="3"/>
</pin_list>
<bind>
<opset="tmp_4_cast "/>
</bind>
</comp>

<comp id="340" class="1005" name="tmp_2_reg_340">
<pin_list>
<pin id="341" dir="0" index="0" bw="12" slack="3"/>
<pin id="342" dir="1" index="1" bw="12" slack="3"/>
</pin_list>
<bind>
<opset="tmp_2 "/>
</bind>
</comp>

<comp id="345" class="1005" name="next_mul3_reg_345">
<pin_list>
<pin id="346" dir="0" index="0" bw="9" slack="0"/>
<pin id="347" dir="1" index="1" bw="9" slack="0"/>
</pin_list>
<bind>
<opset="next_mul3 "/>
</bind>
</comp>

<comp id="350" class="1005" name="next_mul_reg_350">
<pin_list>
<pin id="351" dir="0" index="0" bw="8" slack="0"/>
<pin id="352" dir="1" index="1" bw="8" slack="0"/>
</pin_list>
<bind>
<opset="next_mul "/>
</bind>
</comp>

<comp id="358" class="1005" name="out_d_1_reg_358">
<pin_list>
<pin id="359" dir="0" index="0" bw="5" slack="0"/>
<pin id="360" dir="1" index="1" bw="5" slack="0"/>
</pin_list>
<bind>
<opset="out_d_1 "/>
</bind>
</comp>

<comp id="366" class="1005" name="out_h_1_reg_366">
<pin_list>
<pin id="367" dir="0" index="0" bw="5" slack="0"/>
<pin id="368" dir="1" index="1" bw="5" slack="0"/>
</pin_list>
<bind>
<opset="out_h_1 "/>
</bind>
</comp>

<comp id="371" class="1005" name="tmp_reg_371">
<pin_list>
<pin id="372" dir="0" index="0" bw="8" slack="1"/>
<pin id="373" dir="1" index="1" bw="8" slack="1"/>
</pin_list>
<bind>
<opset="tmp "/>
</bind>
</comp>

<comp id="376" class="1005" name="tmp2_reg_376">
<pin_list>
<pin id="377" dir="0" index="0" bw="9" slack="1"/>
<pin id="378" dir="1" index="1" bw="9" slack="1"/>
</pin_list>
<bind>
<opset="tmp2 "/>
</bind>
</comp>

<comp id="381" class="1005" name="tmp1_cast_reg_381">
<pin_list>
<pin id="382" dir="0" index="0" bw="12" slack="1"/>
<pin id="383" dir="1" index="1" bw="12" slack="1"/>
</pin_list>
<bind>
<opset="tmp1_cast "/>
</bind>
</comp>

<comp id="386" class="1005" name="tmp3_reg_386">
<pin_list>
<pin id="387" dir="0" index="0" bw="14" slack="1"/>
<pin id="388" dir="1" index="1" bw="14" slack="1"/>
</pin_list>
<bind>
<opset="tmp3 "/>
</bind>
</comp>

<comp id="394" class="1005" name="out_w_1_reg_394">
<pin_list>
<pin id="395" dir="0" index="0" bw="5" slack="0"/>
<pin id="396" dir="1" index="1" bw="5" slack="0"/>
</pin_list>
<bind>
<opset="out_w_1 "/>
</bind>
</comp>

<comp id="399" class="1005" name="tmp_s_reg_399">
<pin_list>
<pin id="400" dir="0" index="0" bw="12" slack="1"/>
<pin id="401" dir="1" index="1" bw="12" slack="1"/>
</pin_list>
<bind>
<opset="tmp_s "/>
</bind>
</comp>

<comp id="404" class="1005" name="tmp_4_reg_404">
<pin_list>
<pin id="405" dir="0" index="0" bw="14" slack="3"/>
<pin id="406" dir="1" index="1" bw="14" slack="3"/>
</pin_list>
<bind>
<opset="tmp_4 "/>
</bind>
</comp>

<comp id="409" class="1005" name="input_addr_reg_409">
<pin_list>
<pin id="410" dir="0" index="0" bw="14" slack="1"/>
<pin id="411" dir="1" index="1" bw="14" slack="1"/>
</pin_list>
<bind>
<opset="input_addr "/>
</bind>
</comp>

<comp id="414" class="1005" name="input_load_reg_414">
<pin_list>
<pin id="415" dir="0" index="0" bw="16" slack="1"/>
<pin id="416" dir="1" index="1" bw="16" slack="1"/>
</pin_list>
<bind>
<opset="input_load "/>
</bind>
</comp>

</comp_list>

<net_list>
<net id="48"><net_src comp="14" pin="0"/><net_sink comp="44" pin=0"/></net>

<net id="49"><net_src comp="10" pin="0"/><net_sink comp="44" pin=1"/></net>

<net id="54"><net_src comp="14" pin="0"/><net_sink comp="50" pin=0"/></net>

<net id="55"><net_src comp="8" pin="0"/><net_sink comp="50" pin=1"/></net>

<net id="60"><net_src comp="14" pin="0"/><net_sink comp="56" pin=0"/></net>

<net id="61"><net_src comp="6" pin="0"/><net_sink comp="56" pin=1"/></net>

<net id="66"><net_src comp="16" pin="0"/><net_sink comp="62" pin=0"/></net>

<net id="67"><net_src comp="2" pin="0"/><net_sink comp="62" pin=1"/></net>

<net id="72"><net_src comp="16" pin="0"/><net_sink comp="68" pin=0"/></net>

<net id="73"><net_src comp="0" pin="0"/><net_sink comp="68" pin=1"/></net>

<net id="79"><net_src comp="4" pin="0"/><net_sink comp="74" pin=0"/></net>

<net id="80"><net_src comp="30" pin="0"/><net_sink comp="74" pin=1"/></net>

<net id="86"><net_src comp="74" pin="3"/><net_sink comp="81" pin=0"/></net>

<net id="92"><net_src comp="12" pin="0"/><net_sink comp="87" pin=0"/></net>

<net id="93"><net_src comp="30" pin="0"/><net_sink comp="87" pin=1"/></net>

<net id="99"><net_src comp="87" pin="3"/><net_sink comp="94" pin=0"/></net>

<net id="103"><net_src comp="18" pin="0"/><net_sink comp="100" pin=0"/></net>

<net id="110"><net_src comp="100" pin="1"/><net_sink comp="104" pin=0"/></net>

<net id="114"><net_src comp="20" pin="0"/><net_sink comp="111" pin=0"/></net>

<net id="121"><net_src comp="111" pin="1"/><net_sink comp="115" pin=0"/></net>

<net id="122"><net_src comp="115" pin="4"/><net_sink comp="111" pin=0"/></net>

<net id="126"><net_src comp="22" pin="0"/><net_sink comp="123" pin=0"/></net>

<net id="133"><net_src comp="123" pin="1"/><net_sink comp="127" pin=0"/></net>

<net id="134"><net_src comp="127" pin="4"/><net_sink comp="123" pin=0"/></net>

<net id="138"><net_src comp="18" pin="0"/><net_sink comp="135" pin=0"/></net>

<net id="145"><net_src comp="135" pin="1"/><net_sink comp="139" pin=2"/></net>

<net id="149"><net_src comp="18" pin="0"/><net_sink comp="146" pin=0"/></net>

<net id="156"><net_src comp="146" pin="1"/><net_sink comp="150" pin=2"/></net>

<net id="160"><net_src comp="68" pin="2"/><net_sink comp="157" pin=0"/></net>

<net id="164"><net_src comp="50" pin="2"/><net_sink comp="161" pin=0"/></net>

<net id="168"><net_src comp="44" pin="2"/><net_sink comp="165" pin=0"/></net>

<net id="172"><net_src comp="62" pin="2"/><net_sink comp="169" pin=0"/></net>

<net id="177"><net_src comp="127" pin="4"/><net_sink comp="173" pin=0"/></net>

<net id="182"><net_src comp="115" pin="4"/><net_sink comp="178" pin=0"/></net>

<net id="186"><net_src comp="104" pin="4"/><net_sink comp="183" pin=0"/></net>

<net id="191"><net_src comp="183" pin="1"/><net_sink comp="187" pin=0"/></net>

<net id="196"><net_src comp="104" pin="4"/><net_sink comp="192" pin=0"/></net>

<net id="197"><net_src comp="32" pin="0"/><net_sink comp="192" pin=1"/></net>

<net id="201"><net_src comp="139" pin="4"/><net_sink comp="198" pin=0"/></net>

<net id="206"><net_src comp="198" pin="1"/><net_sink comp="202" pin=0"/></net>

<net id="211"><net_src comp="139" pin="4"/><net_sink comp="207" pin=0"/></net>

<net id="212"><net_src comp="32" pin="0"/><net_sink comp="207" pin=1"/></net>

<net id="219"><net_src comp="38" pin="0"/><net_sink comp="213" pin=0"/></net>

<net id="220"><net_src comp="139" pin="4"/><net_sink comp="213" pin=1"/></net>

<net id="221"><net_src comp="40" pin="0"/><net_sink comp="213" pin=2"/></net>

<net id="222"><net_src comp="42" pin="0"/><net_sink comp="213" pin=3"/></net>

<net id="226"><net_src comp="213" pin="4"/><net_sink comp="223" pin=0"/></net>

<net id="230"><net_src comp="139" pin="4"/><net_sink comp="227" pin=0"/></net>

<net id="235"><net_src comp="111" pin="1"/><net_sink comp="231" pin=0"/></net>

<net id="236"><net_src comp="223" pin="1"/><net_sink comp="231" pin=1"/></net>

<net id="241"><net_src comp="123" pin="1"/><net_sink comp="237" pin=0"/></net>

<net id="242"><net_src comp="227" pin="1"/><net_sink comp="237" pin=1"/></net>

<net id="250"><net_src comp="243" pin="1"/><net_sink comp="246" pin=0"/></net>

<net id="258"><net_src comp="251" pin="1"/><net_sink comp="254" pin=0"/></net>

<net id="262"><net_src comp="150" pin="4"/><net_sink comp="259" pin=0"/></net>

<net id="267"><net_src comp="259" pin="1"/><net_sink comp="263" pin=0"/></net>

<net id="272"><net_src comp="150" pin="4"/><net_sink comp="268" pin=0"/></net>

<net id="273"><net_src comp="32" pin="0"/><net_sink comp="268" pin=1"/></net>

<net id="280"><net_src comp="38" pin="0"/><net_sink comp="274" pin=0"/></net>

<net id="281"><net_src comp="150" pin="4"/><net_sink comp="274" pin=1"/></net>

<net id="282"><net_src comp="40" pin="0"/><net_sink comp="274" pin=2"/></net>

<net id="283"><net_src comp="42" pin="0"/><net_sink comp="274" pin=3"/></net>

<net id="287"><net_src comp="274" pin="4"/><net_sink comp="284" pin=0"/></net>

<net id="292"><net_src comp="284" pin="1"/><net_sink comp="288" pin=0"/></net>

<net id="296"><net_src comp="150" pin="4"/><net_sink comp="293" pin=0"/></net>

<net id="301"><net_src comp="293" pin="1"/><net_sink comp="297" pin=0"/></net>

<net id="305"><net_src comp="302" pin="1"/><net_sink comp="74" pin=2"/></net>

<net id="309"><net_src comp="306" pin="1"/><net_sink comp="87" pin=2"/></net>

<net id="313"><net_src comp="44" pin="2"/><net_sink comp="310" pin=0"/></net>

<net id="314"><net_src comp="310" pin="1"/><net_sink comp="263" pin=1"/></net>

<net id="318"><net_src comp="50" pin="2"/><net_sink comp="315" pin=0"/></net>

<net id="319"><net_src comp="315" pin="1"/><net_sink comp="202" pin=1"/></net>

<net id="323"><net_src comp="56" pin="2"/><net_sink comp="320" pin=0"/></net>

<net id="324"><net_src comp="320" pin="1"/><net_sink comp="187" pin=1"/></net>

<net id="328"><net_src comp="157" pin="1"/><net_sink comp="325" pin=0"/></net>

<net id="329"><net_src comp="325" pin="1"/><net_sink comp="178" pin=1"/></net>

<net id="333"><net_src comp="161" pin="1"/><net_sink comp="330" pin=0"/></net>

<net id="334"><net_src comp="330" pin="1"/><net_sink comp="173" pin=1"/></net>

<net id="338"><net_src comp="165" pin="1"/><net_sink comp="335" pin=0"/></net>

<net id="339"><net_src comp="335" pin="1"/><net_sink comp="254" pin=1"/></net>

<net id="343"><net_src comp="169" pin="1"/><net_sink comp="340" pin=0"/></net>

<net id="344"><net_src comp="340" pin="1"/><net_sink comp="246" pin=1"/></net>

<net id="348"><net_src comp="173" pin="2"/><net_sink comp="345" pin=0"/></net>

<net id="349"><net_src comp="345" pin="1"/><net_sink comp="127" pin=2"/></net>

<net id="353"><net_src comp="178" pin="2"/><net_sink comp="350" pin=0"/></net>

<net id="354"><net_src comp="350" pin="1"/><net_sink comp="115" pin=2"/></net>

<net id="361"><net_src comp="192" pin="2"/><net_sink comp="358" pin=0"/></net>

<net id="362"><net_src comp="358" pin="1"/><net_sink comp="104" pin=2"/></net>

<net id="369"><net_src comp="207" pin="2"/><net_sink comp="366" pin=0"/></net>

<net id="370"><net_src comp="366" pin="1"/><net_sink comp="139" pin=0"/></net>

<net id="374"><net_src comp="231" pin="2"/><net_sink comp="371" pin=0"/></net>

<net id="375"><net_src comp="371" pin="1"/><net_sink comp="243" pin=0"/></net>

<net id="379"><net_src comp="237" pin="2"/><net_sink comp="376" pin=0"/></net>

<net id="380"><net_src comp="376" pin="1"/><net_sink comp="251" pin=0"/></net>

<net id="384"><net_src comp="246" pin="2"/><net_sink comp="381" pin=0"/></net>

<net id="385"><net_src comp="381" pin="1"/><net_sink comp="288" pin=1"/></net>

<net id="389"><net_src comp="254" pin="2"/><net_sink comp="386" pin=0"/></net>

<net id="390"><net_src comp="386" pin="1"/><net_sink comp="297" pin=1"/></net>

<net id="397"><net_src comp="268" pin="2"/><net_sink comp="394" pin=0"/></net>

<net id="398"><net_src comp="394" pin="1"/><net_sink comp="150" pin=0"/></net>

<net id="402"><net_src comp="288" pin="2"/><net_sink comp="399" pin=0"/></net>

<net id="403"><net_src comp="399" pin="1"/><net_sink comp="302" pin=0"/></net>

<net id="407"><net_src comp="297" pin="2"/><net_sink comp="404" pin=0"/></net>

<net id="408"><net_src comp="404" pin="1"/><net_sink comp="306" pin=0"/></net>

<net id="412"><net_src comp="74" pin="3"/><net_sink comp="409" pin=0"/></net>

<net id="413"><net_src comp="409" pin="1"/><net_sink comp="81" pin=0"/></net>

<net id="417"><net_src comp="81" pin="3"/><net_sink comp="414" pin=0"/></net>

<net id="418"><net_src comp="414" pin="1"/><net_sink comp="94" pin=1"/></net>

</net_list>

</model> 
---------------- Datapath Model END ------------------

* FSMD analyzer results:
  - Output states:
	Port: output_r | {8 }
 - Input state : 
	Port: up_sampling2d_fix16 : input_height | {1 }
	Port: up_sampling2d_fix16 : input_width | {1 }
	Port: up_sampling2d_fix16 : input_r | {6 7 }
	Port: up_sampling2d_fix16 : output_depth | {1 }
	Port: up_sampling2d_fix16 : output_height | {1 }
	Port: up_sampling2d_fix16 : output_width | {1 }
  - Chain level:
	State 1
	State 2
		next_mul3 : 1
		next_mul : 1
		out_d_cast : 1
		exitcond3 : 2
		out_d_1 : 1
		StgValue_28 : 3
	State 3
		out_h_cast : 1
		exitcond2 : 2
		out_h_1 : 1
		StgValue_36 : 3
		div : 1
		tmp_9_cast : 2
		tmp_cast : 1
		tmp : 3
		tmp2 : 2
	State 4
		tmp1_cast : 1
		tmp3 : 1
	State 5
		out_w_cast : 1
		exitcond : 2
		out_w_1 : 1
		StgValue_53 : 3
		div1 : 1
		tmp_8_cast : 2
		tmp_s : 3
		tmp_12_cast : 1
		tmp_4 : 2
	State 6
		input_addr : 1
		input_load : 2
	State 7
	State 8
		output_addr : 1
		StgValue_66 : 2


============================================================
+ Verbose Summary: Datapath Resource usage 
============================================================

* Functional unit list:
|----------|-------------------------------|---------|---------|---------|
| Operation|        Functional Unit        |  DSP48E |    FF   |   LUT   |
|----------|-------------------------------|---------|---------|---------|
|          |        next_mul3_fu_173       |    0    |    0    |    15   |
|          |        next_mul_fu_178        |    0    |    0    |    15   |
|          |         out_d_1_fu_192        |    0    |    0    |    15   |
|          |         out_h_1_fu_207        |    0    |    0    |    15   |
|    add   |           tmp_fu_231          |    0    |    0    |    15   |
|          |          tmp2_fu_237          |    0    |    0    |    15   |
|          |         out_w_1_fu_268        |    0    |    0    |    15   |
|          |          tmp_s_fu_288         |    0    |    0    |    12   |
|          |          tmp_4_fu_297         |    0    |    0    |    19   |
|----------|-------------------------------|---------|---------|---------|
|    mul   |        tmp1_cast_fu_246       |    0    |    0    |    41   |
|          |          tmp3_fu_254          |    0    |    0    |    51   |
|----------|-------------------------------|---------|---------|---------|
|          |        exitcond3_fu_187       |    0    |    0    |    11   |
|   icmp   |        exitcond2_fu_202       |    0    |    0    |    11   |
|          |        exitcond_fu_263        |    0    |    0    |    11   |
|----------|-------------------------------|---------|---------|---------|
|          |  output_width_read_read_fu_44 |    0    |    0    |    0    |
|          | output_height_read_read_fu_50 |    0    |    0    |    0    |
|   read   |  output_depth_read_read_fu_56 |    0    |    0    |    0    |
|          |  input_width_read_read_fu_62  |    0    |    0    |    0    |
|          |  input_height_read_read_fu_68 |    0    |    0    |    0    |
|----------|-------------------------------|---------|---------|---------|
|          |       tmp_1_cast_fu_157       |    0    |    0    |    0    |
|          |       tmp_3_cast_fu_161       |    0    |    0    |    0    |
|          |       tmp_4_cast_fu_165       |    0    |    0    |    0    |
|          |          tmp_2_fu_169         |    0    |    0    |    0    |
|          |       out_d_cast_fu_183       |    0    |    0    |    0    |
|          |       out_h_cast_fu_198       |    0    |    0    |    0    |
|          |       tmp_9_cast_fu_223       |    0    |    0    |    0    |
|   zext   |        tmp_cast_fu_227        |    0    |    0    |    0    |
|          |          tmp_1_fu_243         |    0    |    0    |    0    |
|          |        tmp2_cast_fu_251       |    0    |    0    |    0    |
|          |       out_w_cast_fu_259       |    0    |    0    |    0    |
|          |       tmp_8_cast_fu_284       |    0    |    0    |    0    |
|          |       tmp_12_cast_fu_293      |    0    |    0    |    0    |
|          |          tmp_3_fu_302         |    0    |    0    |    0    |
|          |          tmp_5_fu_306         |    0    |    0    |    0    |
|----------|-------------------------------|---------|---------|---------|
|partselect|           div_fu_213          |    0    |    0    |    0    |
|          |          div1_fu_274          |    0    |    0    |    0    |
|----------|-------------------------------|---------|---------|---------|
|   Total  |                               |    0    |    0    |   261   |
|----------|-------------------------------|---------|---------|---------|

Memories:
N/A

* Register list:
+--------------------------+--------+
|                          |   FF   |
+--------------------------+--------+
|    input_addr_reg_409    |   14   |
|    input_load_reg_414    |   16   |
|     next_mul3_reg_345    |    9   |
|     next_mul_reg_350     |    8   |
|      out_d_1_reg_358     |    5   |
|       out_d_reg_100      |    5   |
|      out_h_1_reg_366     |    5   |
|       out_h_reg_135      |    5   |
|      out_w_1_reg_394     |    5   |
|       out_w_reg_146      |    5   |
| output_depth_read_reg_320|    6   |
|output_height_read_reg_315|    6   |
| output_width_read_reg_310|    6   |
|     phi_mul2_reg_123     |    9   |
|      phi_mul_reg_111     |    8   |
|     tmp1_cast_reg_381    |   12   |
|       tmp2_reg_376       |    9   |
|       tmp3_reg_386       |   14   |
|    tmp_1_cast_reg_325    |    8   |
|       tmp_2_reg_340      |   12   |
|    tmp_3_cast_reg_330    |    9   |
|    tmp_4_cast_reg_335    |   14   |
|       tmp_4_reg_404      |   14   |
|        tmp_reg_371       |    8   |
|       tmp_s_reg_399      |   12   |
+--------------------------+--------+
|           Total          |   224  |
+--------------------------+--------+

* Multiplexer (MUX) list: 
|------------------|------|------|------|--------||---------||---------|
|       Comp       |  Pin | Size |  BW  | S x BW ||  Delay  ||   LUT   |
|------------------|------|------|------|--------||---------||---------|
| grp_access_fu_81 |  p0  |   2  |  14  |   28   ||    9    |
|  phi_mul_reg_111 |  p0  |   2  |   8  |   16   ||    9    |
| phi_mul2_reg_123 |  p0  |   2  |   9  |   18   ||    9    |
|------------------|------|------|------|--------||---------||---------|
|       Total      |      |      |      |   62   ||  5.307  ||    27   |
|------------------|------|------|------|--------||---------||---------|



* Summary:
+-----------+--------+--------+--------+--------+
|           | DSP48E |  Delay |   FF   |   LUT  |
+-----------+--------+--------+--------+--------+
|  Function |    0   |    -   |    0   |   261  |
|   Memory  |    -   |    -   |    -   |    -   |
|Multiplexer|    -   |    5   |    -   |   27   |
|  Register |    -   |    -   |   224  |    -   |
+-----------+--------+--------+--------+--------+
|   Total   |    0   |    5   |   224  |   288  |
+-----------+--------+--------+--------+--------+
