INFO: [SIM 2] *************** CSIM start ***************
INFO: [SIM 4] CSIM will launch GCC as the compiler.
   Compiling ../../../../../mnist_AXI_Stream.cpp in debug mode
   Compiling ../../../../../layers_c/conv2d.cpp in debug mode
   Compiling ../../../../../layers_c/depthwise_conv2d.cpp in debug mode
   Compiling ../../../../../layers_c/max_pooling2d.cpp in debug mode
   Compiling ../../../../../layers_c/padding2d.cpp in debug mode
   Compiling ../../../../../layers_c/pointwise_conv2d.cpp in debug mode
   Compiling ../../../../../layers_c/separable_conv2d.cpp in debug mode
   Compiling ../../../../../layers_c/up_sampling2d.cpp in debug mode
   Generating csim.exe
     0 

     0      0      0      0      0      0      0      0      0      0      0      0      0      0      0      0      0      0      0      0      0      0      0      0      0      0      0      0 
     0      0      0      0      0      0      0      0      0      0      0      0      0      0      0      0      0      0      0      0      0      0      0      0      0      0      0      0 
     0      0      0      0      0      0      0      0      0      0      0      0      0      0      0      0      0      0      0      0      0      0      0      0      0      0      0      0 
     0      0      0      0      0      0      0      0      0      0      0      0      0      0      0      0      0      0      0      0      0      0      0      0      0      0      0      0 
     0      0      0      0      0      0      0      0      0      0      0      0      0      0      0      0      0      0      0      0      0      0      0      0      0      0      0      0 
     0      0      0      0      0      0      0      0      0      0      0      0      0      0      0      0      0      0      0      0      0      0      0      0      0      0      0      0 
     0      0      0      0      0      0      0      0      0      0      0      0      0      0      0      0      0      0      0      0      0      0      0      0      0      0      0      0 
     0      0      0      0      0   1187   5661   5873   4318   1713      0      0      0      0      0      0      0      0      0      0      0      0      0      0      0      0      0      0 
     0      0      0      0      0   4385   8231   7961   7268   6686   6843   6397   6442   6589   6784   6937   6385   6035   6498   6507   1264      0      0      0      0      0      0      0 
     0      0      0      0      0    820   4423   4092   4560   5757   7224   8073   7951   7428   7567   7452   6349   6961   7922   8322   5162      0      0      0      0      0      0      0 
     0      0      0      0      0      0      0      0      0      0      0    190    587     51      0      0    557   4751   7956   8588   4830      0      0      0      0      0      0      0 
     0      0      0      0      0      0      0      0      0      0      0      0      0      0      0      0      0   5205   8546   7513    890      0      0      0      0      0      0      0 
     0      0      0      0      0      0      0      0      0      0      0      0      0      0      0      0      0   7151   7956   3758      0      0      0      0      0      0      0      0 
     0      0      0      0      0      0      0      0      0      0      0      0      0      0      0      0   2663   7733   6851      0      0      0      0      0      0      0      0      0 
     0      0      0      0      0      0      0      0      0      0      0      0      0      0      0      0   7031   8081   3653      0      0      0      0      0      0      0      0      0 
     0      0      0      0      0      0      0      0      0      0      0      0      0      0      0   3517   8365   5339      0      0      0      0      0      0      0      0      0      0 
     0      0      0      0      0      0      0      0      0      0      0      0      0      0      0   6481   7217    839      0      0      0      0      0      0      0      0      0      0 
     0      0      0      0      0      0      0      0      0      0      0      0      0      0   4620   8143   6099      0      0      0      0      0      0      0      0      0      0      0 
     0      0      0      0      0      0      0      0      0      0      0      0      0   2098   7677   8319   3154      0      0      0      0      0      0      0      0      0      0      0 
     0      0      0      0      0      0      0      0      0      0      0      0    707   6728   8809   6242      0      0      0      0      0      0      0      0      0      0      0      0 
     0      0      0      0      0      0      0      0      0      0      0      0   5994   8821   7297   1363      0      0      0      0      0      0      0      0      0      0      0      0 
     0      0      0      0      0      0      0      0      0      0      0   2777   8141   7384   2061      0      0      0      0      0      0      0      0      0      0      0      0      0 
     0      0      0      0      0      0      0      0      0      0      0   5826   7565   3829      0      0      0      0      0      0      0      0      0      0      0      0      0      0 
     0      0      0      0      0      0      0      0      0      0   4135   7822   7287    971      0      0      0      0      0      0      0      0      0      0      0      0      0      0 
     0      0      0      0      0      0      0      0      0   1802   8087   8955   7085      0      0      0      0      0      0      0      0      0      0      0      0      0      0      0 
     0      0      0      0      0      0      0      0      0   4694   8181   8026   5475      0      0      0      0      0      0      0      0      0      0      0      0      0      0      0 
     0      0      0      0      0      0      0      0      0   2352   4467   4050   1777      0      0      0      0      0      0      0      0      0      0      0      0      0      0      0 
     0      0      0      0      0      0      0      0      0      0    578    410      0      0      0      0      0      0      0      0      0      0      0      0      0      0      0 



count :784

INFO: [SIM 1] CSim done with 0 errors.
INFO: [SIM 3] *************** CSIM finish ***************
