INFO: [SIM 2] *************** CSIM start ***************
INFO: [SIM 4] CSIM will launch GCC as the compiler.
   Compiling ../../../../mnist_AXI_Stream_tb.cpp in debug mode
   Compiling ../../../../layers_cpp/array_printf_fix16.cpp in debug mode
   Compiling ../../../../layers_cpp/array_printf_float32.cpp in debug mode
   Compiling ../../../../layers_c/conv2d.cpp in debug mode
   Compiling ../../../../layers_c/depthwise_conv2d.cpp in debug mode
   Compiling ../../../../layers_c/max_pooling2d.cpp in debug mode
   Compiling ../../../../mnist_AXI_Stream.cpp in debug mode
   Compiling ../../../../layers_c/padding2d.cpp in debug mode
   Compiling ../../../../layers_c/up_sampling2d.cpp in debug mode
   Generating csim.exe
[[0.00000 0.00000 0.00000 0.00000 0.00000 0.00000 0.00000 0.00000 0.00000 0.00000 0.00000 0.00000 0.00000 0.00000 0.00000 0.00000 0.00000 0.00000 0.00000 0.00000 0.00000 0.00000 0.00000 0.00000 0.00000 0.00000 0.00000 0.00000]
[0.00000 0.00000 0.00000 0.00000 0.00000 0.00000 0.00000 0.00000 0.00000 0.00000 0.00000 0.00000 0.00000 0.00000 0.00000 0.00000 0.00000 0.00000 0.00000 0.00000 0.00000 0.00000 0.00000 0.00000 0.00000 0.00000 0.00000 0.00000]
[0.00000 0.00000 0.00000 0.00000 0.00000 0.00000 0.00000 0.00000 0.00000 0.00000 0.00000 0.00000 0.00000 0.00000 0.00000 0.00000 0.00000 0.00000 0.00000 0.00000 0.00000 0.00000 0.00000 0.00000 0.00000 0.00000 0.00000 0.00000]
[0.00000 0.00000 0.00000 0.00000 0.00000 0.00000 0.00000 0.00000 0.00000 0.00000 0.00000 0.00000 0.00000 0.00000 0.00000 0.00000 0.00000 0.00000 0.00000 0.00000 0.00000 0.00000 0.00000 0.00000 0.00000 0.00000 0.00000 0.00000]
[0.00000 0.00000 0.00000 0.00000 0.00000 0.00000 0.00000 0.00000 0.00000 0.00000 0.00000 0.00000 0.00000 0.00000 0.00000 0.00000 0.00000 0.00000 0.00000 0.00000 0.00000 0.00000 0.00000 0.00000 0.00000 0.00000 0.00000 0.00000]
[0.00000 0.00000 0.00000 0.00000 0.00000 0.00000 0.00000 0.00000 0.00000 0.00000 0.00000 0.00000 0.00000 0.00000 0.00000 0.00000 0.00000 0.00000 0.00000 0.00000 0.00000 0.00000 0.00000 0.00000 0.00000 0.00000 0.00000 0.00000]
[0.00000 0.00000 0.00000 0.00000 0.00000 0.00000 0.00000 0.00000 0.00000 0.00000 0.00000 0.00000 0.00000 0.00000 0.00000 0.00000 0.00000 0.00000 0.00000 0.00000 0.00000 0.00000 0.00000 0.00000 0.00000 0.00000 0.00000 0.00000]
[0.00000 0.00000 0.00000 0.00000 0.00000 0.00000 0.16468 0.36271 0.31175 0.29606 0.11762 0.07056 0.00000 0.00000 0.00000 0.00000 0.00000 0.00000 0.00000 0.00000 0.00000 0.00000 0.00000 0.00000 0.00000 0.00000 0.00000 0.00000]
[0.00000 0.00000 0.00000 0.00000 0.00000 0.00000 0.43525 0.49800 0.49800 0.49800 0.49800 0.47252 0.38820 0.38820 0.38820 0.38820 0.38820 0.38820 0.38820 0.38820 0.33332 0.10193 0.00000 0.00000 0.00000 0.00000 0.00000 0.00000]
[0.00000 0.00000 0.00000 0.00000 0.00000 0.00000 0.13135 0.22352 0.14115 0.22352 0.31959 0.44508 0.49800 0.44115 0.49800 0.49800 0.49800 0.49016 0.44899 0.49800 0.49800 0.27448 0.00000 0.00000 0.00000 0.00000 0.00000 0.00000]
[0.00000 0.00000 0.00000 0.00000 0.00000 0.00000 0.00000 0.00000 0.00000 0.00000 0.00000 0.03333 0.12940 0.02744 0.13135 0.13135 0.13135 0.11567 0.04117 0.46272 0.49800 0.20783 0.00000 0.00000 0.00000 0.00000 0.00000 0.00000]
[0.00000 0.00000 0.00000 0.00000 0.00000 0.00000 0.00000 0.00000 0.00000 0.00000 0.00000 0.00000 0.00000 0.00000 0.00000 0.00000 0.00000 0.00000 0.16272 0.49605 0.40977 0.03528 0.00000 0.00000 0.00000 0.00000 0.00000 0.00000]
[0.00000 0.00000 0.00000 0.00000 0.00000 0.00000 0.00000 0.00000 0.00000 0.00000 0.00000 0.00000 0.00000 0.00000 0.00000 0.00000 0.00000 0.04312 0.45683 0.49998 0.16272 0.00000 0.00000 0.00000 0.00000 0.00000 0.00000 0.00000]
[0.00000 0.00000 0.00000 0.00000 0.00000 0.00000 0.00000 0.00000 0.00000 0.00000 0.00000 0.00000 0.00000 0.00000 0.00000 0.00000 0.00000 0.25291 0.49800 0.46663 0.08625 0.00000 0.00000 0.00000 0.00000 0.00000 0.00000 0.00000]
[0.00000 0.00000 0.00000 0.00000 0.00000 0.00000 0.00000 0.00000 0.00000 0.00000 0.00000 0.00000 0.00000 0.00000 0.00000 0.00000 0.11567 0.48820 0.49800 0.12156 0.00000 0.00000 0.00000 0.00000 0.00000 0.00000 0.00000 0.00000]
[0.00000 0.00000 0.00000 0.00000 0.00000 0.00000 0.00000 0.00000 0.00000 0.00000 0.00000 0.00000 0.00000 0.00000 0.00000 0.00000 0.26075 0.49800 0.36665 0.00980 0.00000 0.00000 0.00000 0.00000 0.00000 0.00000 0.00000 0.00000]
[0.00000 0.00000 0.00000 0.00000 0.00000 0.00000 0.00000 0.00000 0.00000 0.00000 0.00000 0.00000 0.00000 0.00000 0.00000 0.01764 0.40193 0.48625 0.11371 0.00000 0.00000 0.00000 0.00000 0.00000 0.00000 0.00000 0.00000 0.00000]
[0.00000 0.00000 0.00000 0.00000 0.00000 0.00000 0.00000 0.00000 0.00000 0.00000 0.00000 0.00000 0.00000 0.00000 0.00000 0.24705 0.49800 0.35682 0.00000 0.00000 0.00000 0.00000 0.00000 0.00000 0.00000 0.00000 0.00000 0.00000]
[0.00000 0.00000 0.00000 0.00000 0.00000 0.00000 0.00000 0.00000 0.00000 0.00000 0.00000 0.00000 0.00000 0.00000 0.14704 0.49214 0.47056 0.11176 0.00000 0.00000 0.00000 0.00000 0.00000 0.00000 0.00000 0.00000 0.00000 0.00000]
[0.00000 0.00000 0.00000 0.00000 0.00000 0.00000 0.00000 0.00000 0.00000 0.00000 0.00000 0.00000 0.00000 0.03723 0.43330 0.49800 0.32548 0.00000 0.00000 0.00000 0.00000 0.00000 0.00000 0.00000 0.00000 0.00000 0.00000 0.00000]
[0.00000 0.00000 0.00000 0.00000 0.00000 0.00000 0.00000 0.00000 0.00000 0.00000 0.00000 0.00000 0.00586 0.39802 0.49800 0.42940 0.06861 0.00000 0.00000 0.00000 0.00000 0.00000 0.00000 0.00000 0.00000 0.00000 0.00000 0.00000]
[0.00000 0.00000 0.00000 0.00000 0.00000 0.00000 0.00000 0.00000 0.00000 0.00000 0.00000 0.00000 0.07450 0.49800 0.49800 0.15098 0.00000 0.00000 0.00000 0.00000 0.00000 0.00000 0.00000 0.00000 0.00000 0.00000 0.00000 0.00000]
[0.00000 0.00000 0.00000 0.00000 0.00000 0.00000 0.00000 0.00000 0.00000 0.00000 0.00000 0.06076 0.43919 0.49800 0.22547 0.00195 0.00000 0.00000 0.00000 0.00000 0.00000 0.00000 0.00000 0.00000 0.00000 0.00000 0.00000 0.00000]
[0.00000 0.00000 0.00000 0.00000 0.00000 0.00000 0.00000 0.00000 0.00000 0.00000 0.00000 0.26075 0.49800 0.49800 0.10193 0.00000 0.00000 0.00000 0.00000 0.00000 0.00000 0.00000 0.00000 0.00000 0.00000 0.00000 0.00000 0.00000]
[0.00000 0.00000 0.00000 0.00000 0.00000 0.00000 0.00000 0.00000 0.00000 0.00000 0.11960 0.47447 0.49800 0.49800 0.10193 0.00000 0.00000 0.00000 0.00000 0.00000 0.00000 0.00000 0.00000 0.00000 0.00000 0.00000 0.00000 0.00000]
[0.00000 0.00000 0.00000 0.00000 0.00000 0.00000 0.00000 0.00000 0.00000 0.00000 0.23722 0.49800 0.49800 0.42940 0.07840 0.00000 0.00000 0.00000 0.00000 0.00000 0.00000 0.00000 0.00000 0.00000 0.00000 0.00000 0.00000 0.00000]
[0.00000 0.00000 0.00000 0.00000 0.00000 0.00000 0.00000 0.00000 0.00000 0.00000 0.23722 0.49800 0.40587 0.03528 0.00000 0.00000 0.00000 0.00000 0.00000 0.00000 0.00000 0.00000 0.00000 0.00000 0.00000 0.00000 0.00000 0.00000]
[0.00000 0.00000 0.00000 0.00000 0.00000 0.00000 0.00000 0.00000 0.00000 0.00000 0.00000 0.00000 0.00000 0.00000 0.00000 0.00000 0.00000 0.00000 0.00000 0.00000 0.00000 0.00000 0.00000 0.00000 0.00000 0.00000 0.00000 0.00000]]

WARNING: Hls::stream 'hls::stream<ap_axis<32, 1, 1, 1> >.1' is read while empty, which may result in RTL simulation hanging.
[[0.00000 0.00000 0.00000 0.00000 0.00000 0.00000 0.00000 0.00000 0.00000 0.00000 0.00000 0.00000 0.00000 0.00000 0.00000 0.00000 0.00000 0.00000 0.00000 0.00000 0.00000 0.00000 0.00000 0.00000 0.00000 0.00000 0.00000 0.00000]
[0.00000 0.00000 0.00000 0.00000 0.00000 0.00000 0.00000 0.00000 0.00000 0.00000 0.00000 0.00000 0.00000 0.00000 0.00000 0.00000 0.00000 0.00000 0.00000 0.00000 0.00000 0.00000 0.00000 0.00000 0.00000 0.00000 0.00000 0.00000]
[0.00000 0.00000 0.00000 0.00000 0.00000 0.00000 0.00000 0.00000 0.00000 0.00000 0.00000 0.00000 0.00000 0.00000 0.00000 0.00000 0.00000 0.00000 0.00000 0.00000 0.00000 0.00000 0.00000 0.00000 0.00000 0.00000 0.00000 0.00000]
[0.00000 0.00000 0.00000 0.00000 0.00000 0.00000 0.00000 0.00000 0.00000 0.00000 0.00000 0.00000 0.00000 0.00000 0.00000 0.00000 0.00000 0.00000 0.00000 0.00000 0.00000 0.00000 0.00000 0.00000 0.00000 0.00000 0.00000 0.00000]
[0.00000 0.00000 0.00000 0.00000 0.00000 0.00000 0.00000 0.00000 0.00000 0.00000 0.00000 0.00000 0.00000 0.00000 0.00000 0.00000 0.00000 0.00000 0.00000 0.00000 0.00000 0.00000 0.00000 0.00000 0.00000 0.00000 0.00000 0.00000]
[0.00000 0.00000 0.00000 0.00000 0.00000 0.00000 0.00000 0.00000 0.00000 0.00000 0.00000 0.00000 0.00000 0.00000 0.00000 0.00000 0.00000 0.00000 0.00000 0.00000 0.00000 0.00000 0.00000 0.00000 0.00000 0.00000 0.00000 0.00000]
[0.00000 0.00000 0.00000 0.00000 0.00000 0.00000 0.06189 0.09589 0.06977 0.02179 0.00000 0.00000 0.00000 0.00000 0.00000 0.00000 0.00000 0.00000 0.00000 0.00000 0.00000 0.00000 0.00000 0.00000 0.00000 0.00000 0.00000 0.00000]
[0.00000 0.00000 0.00000 0.00000 0.00000 0.11423 0.24952 0.31846 0.28623 0.26658 0.23829 0.18363 0.16849 0.10263 0.09867 0.08661 0.07932 0.11078 0.08417 0.05008 0.04798 0.00000 0.00000 0.00000 0.00000 0.00000 0.00000 0.00000]
[0.00000 0.00000 0.00000 0.00000 0.00000 0.15247 0.29420 0.37129 0.34434 0.33793 0.32762 0.29801 0.28196 0.23270 0.24430 0.22697 0.20725 0.25214 0.24589 0.19745 0.18375 0.01163 0.00000 0.00000 0.00000 0.00000 0.00000 0.00000]
[0.00000 0.00000 0.00000 0.00000 0.07288 0.16953 0.27412 0.40699 0.37623 0.35853 0.36921 0.41035 0.38249 0.38566 0.42210 0.36595 0.36613 0.44536 0.47722 0.36140 0.27003 0.06577 0.00000 0.00000 0.00000 0.00000 0.00000 0.00000]
[0.00000 0.00000 0.00000 0.00000 0.04254 0.07730 0.12311 0.20533 0.16092 0.11878 0.15790 0.19132 0.16498 0.17524 0.24259 0.30457 0.33271 0.44911 0.52058 0.37638 0.25318 0.00000 0.00000 0.00000 0.00000 0.00000 0.00000 0.00000]
[0.00000 0.00000 0.00000 0.00000 0.00000 0.00000 0.00000 0.00000 0.00000 0.00000 0.00000 0.00000 0.00000 0.00501 0.06720 0.16984 0.29176 0.38298 0.40736 0.28541 0.13919 0.00000 0.00000 0.00000 0.00000 0.00000 0.00000 0.00000]
[0.00000 0.00000 0.00000 0.00000 0.00000 0.00000 0.00000 0.00000 0.00000 0.00000 0.00000 0.00000 0.00000 0.00000 0.00000 0.10456 0.23978 0.34516 0.37425 0.21882 0.06354 0.00000 0.00000 0.00000 0.00000 0.00000 0.00000 0.00000]
[0.00000 0.00000 0.00000 0.00000 0.00000 0.00000 0.00000 0.00000 0.00000 0.00000 0.00000 0.00000 0.00000 0.00000 0.00000 0.09958 0.22446 0.21940 0.17469 0.05048 0.00000 0.00000 0.00000 0.00000 0.00000 0.00000 0.00000 0.00000]
[0.00000 0.00000 0.00000 0.00000 0.00000 0.00000 0.00000 0.00000 0.00000 0.00000 0.00000 0.00000 0.00000 0.00000 0.00000 0.14859 0.26438 0.19929 0.10978 0.00000 0.00000 0.00000 0.00000 0.00000 0.00000 0.00000 0.00000 0.00000]
[0.00000 0.00000 0.00000 0.00000 0.00000 0.00000 0.00000 0.00000 0.00000 0.00000 0.00000 0.00000 0.00000 0.00000 0.05405 0.25956 0.34342 0.21113 0.02939 0.00000 0.00000 0.00000 0.00000 0.00000 0.00000 0.00000 0.00000 0.00000]
[0.00000 0.00000 0.00000 0.00000 0.00000 0.00000 0.00000 0.00000 0.00000 0.00000 0.00000 0.00000 0.00000 0.00000 0.09879 0.31297 0.37053 0.15326 0.00000 0.00000 0.00000 0.00000 0.00000 0.00000 0.00000 0.00000 0.00000 0.00000]
[0.00000 0.00000 0.00000 0.00000 0.00000 0.00000 0.00000 0.00000 0.00000 0.00000 0.00000 0.00000 0.00000 0.09088 0.23603 0.36250 0.27769 0.01727 0.00000 0.00000 0.00000 0.00000 0.00000 0.00000 0.00000 0.00000 0.00000 0.00000]
[0.00000 0.00000 0.00000 0.00000 0.00000 0.00000 0.00000 0.00000 0.00000 0.00000 0.00000 0.00000 0.00000 0.28309 0.40297 0.35405 0.24790 0.00000 0.00000 0.00000 0.00000 0.00000 0.00000 0.00000 0.00000 0.00000 0.00000 0.00000]
[0.00000 0.00000 0.00000 0.00000 0.00000 0.00000 0.00000 0.00000 0.00000 0.00000 0.00000 0.00000 0.20029 0.40764 0.39113 0.27912 0.05539 0.00000 0.00000 0.00000 0.00000 0.00000 0.00000 0.00000 0.00000 0.00000 0.00000 0.00000]
[0.00000 0.00000 0.00000 0.00000 0.00000 0.00000 0.00000 0.00000 0.00000 0.00000 0.00000 0.05808 0.30091 0.47502 0.45210 0.20780 0.00000 0.00000 0.00000 0.00000 0.00000 0.00000 0.00000 0.00000 0.00000 0.00000 0.00000 0.00000]
[0.00000 0.00000 0.00000 0.00000 0.00000 0.00000 0.00000 0.00000 0.00000 0.00000 0.00000 0.21100 0.38502 0.41594 0.23316 0.00000 0.00000 0.00000 0.00000 0.00000 0.00000 0.00000 0.00000 0.00000 0.00000 0.00000 0.00000 0.00000]
[0.00000 0.00000 0.00000 0.00000 0.00000 0.00000 0.00000 0.00000 0.00000 0.00223 0.14316 0.36702 0.48915 0.37562 0.08017 0.00000 0.00000 0.00000 0.00000 0.00000 0.00000 0.00000 0.00000 0.00000 0.00000 0.00000 0.00000 0.00000]
[0.00000 0.00000 0.00000 0.00000 0.00000 0.00000 0.00000 0.00000 0.00000 0.15833 0.33235 0.50789 0.45921 0.30357 0.00000 0.00000 0.00000 0.00000 0.00000 0.00000 0.00000 0.00000 0.00000 0.00000 0.00000 0.00000 0.00000 0.00000]
[0.00000 0.00000 0.00000 0.00000 0.00000 0.00000 0.00000 0.00000 0.00604 0.22755 0.40336 0.51659 0.42296 0.20740 0.00000 0.00000 0.00000 0.00000 0.00000 0.00000 0.00000 0.00000 0.00000 0.00000 0.00000 0.00000 0.00000 0.00000]
[0.00000 0.00000 0.00000 0.00000 0.00000 0.00000 0.00000 0.00000 0.13630 0.33430 0.39485 0.40852 0.24976 0.09839 0.00000 0.00000 0.00000 0.00000 0.00000 0.00000 0.00000 0.00000 0.00000 0.00000 0.00000 0.00000 0.00000 0.00000]
[0.00000 0.00000 0.00000 0.00000 0.00000 0.00000 0.00000 0.00000 0.10932 0.25074 0.24979 0.15067 0.00000 0.00000 0.00000 0.00000 0.00000 0.00000 0.00000 0.00000 0.00000 0.00000 0.00000 0.00000 0.00000 0.00000 0.00000 0.00000]
[0.00000 0.00000 0.00000 0.00000 0.00000 0.00000 0.00000 0.00000 0.00000 0.03076 0.00000 0.00000 0.00000 0.00000 0.00000 0.00000 0.00000 0.00000 0.00000 0.00000 0.00000 0.00000 0.00000 0.00000 0.00000 0.00000 0.00000 0.00000]]

INFO: [SIM 1] CSim done with 0 errors.
INFO: [SIM 3] *************** CSIM finish ***************
