INFO: [SIM 2] *************** CSIM start ***************
INFO: [SIM 4] CSIM will launch GCC as the compiler.
   Compiling ../../../../mnist_AXI_Stream.cpp in debug mode
   Compiling ../../../../layers_cpp/array_printf_float32.cpp in debug mode
   Compiling ../../../../layers_cpp/array_printf_fix16.cpp in debug mode
   Compiling ../../../../layers_c/up_sampling2d.cpp in debug mode
   Compiling ../../../../layers_c/separable_conv2d.cpp in debug mode
   Compiling ../../../../layers_c/pointwise_conv2d.cpp in debug mode
   Compiling ../../../../layers_c/padding2d.cpp in debug mode
   Compiling ../../../../layers_c/max_pooling2d.cpp in debug mode
   Compiling ../../../../layers_c/depthwise_conv2d.cpp in debug mode
   Compiling ../../../../layers_c/conv2d.cpp in debug mode
   Generating csim.exe

output_buffer_length : 0


output_buffer_length : 12544

     0 

     0      0      0      0      0      0      0      0      0      0      0      0      0      0      0      0      0      0      0      0      0      0      0      0      0      0      0      0 
     0      0      0      0      0      0      0      0      0      0      0      0      0      0      0      0      0      0      0      0      0      0      0      0      0      0      0      0 
     0      0      0      0      0      0      0      0      0      0      0      0      0      0      0      0      0      0      0      0      0      0      0      0      0      0      0      0 
     0      0      0      0      0      0      0      0      0      0      0      0      0      0      0      0      0      0      0      0      0      0      0      0      0      0      0      0 
     0      0      0      0      0      0      0      0      0      0      0      0      0      0      0      0      0      0      0      0      0      0      0      0      0      0      0      0 
     0      0      0      0      0      0      0      0      0      0      0      0      0      0      0      0      0      0      0      0      0      0      0      0      0      0      0      0 
     0      0      0      0    130    179     37     92      0     29      0     11      0      0      0      0      0      0      0      0      0      0      0      0      0      0      0      0 
     0      0      0      0    380    461    997   1148   1024    682    334    214    119    119    119    119    119    119     76      0      0     17      0      0      0      0      0      0 
     0      0      0      0    132   1217   2729   3339   3241   2773   2105   1558   1361   1314   1324   1317   1290   1354   1303    993    456    163      0      0      0      0      0      0 
     0      0      0      0      0   1251   2887   3046   3108   3426      0      0   3471   3414   3497   3483   3412      0   3522   3294   2155    627      0      0      0      0      0      0 
     0      0      0      0      0    266    910    899    862   1303   1962   2645   2575   2630   2904   2904   2985   2942   3321      0   3063    989      0      0      0      0      0      0 
     0      0      0      0      0      0      0      0      0      0     37    433    371    379    661    702   1025    716   2145      0   2477    604      0      0      0      0      0      0 
     0      0      0      0      0      0      0      0      0      0      0      0      0      0      0    209    333   1237   2861   3318   1410     95      0      0      0      0      0      0 
     0      0      0      0      0      0      0      0      0      0      0      0      0      0     91    348    549   2228      0   2501    540      0      0      0      0      0      0      0 
     0      0      0      0      0      0      0      0      0      0      0      0      0      0    231    417   1541   3116   3421   1643    233      0      0      0      0      0      0      0 
     0      0      0      0      0      0      0      0      0      0      0      0      0     13    315    778   2485      0   2141    341      0      0      0      0      0      0      0      0 
     0      0      0      0      0      0      0      0      0      0      0      0      0    198    242   1295   3057   3158   1152     26      0      0      0      0      0      0      0      0 
     0      0      0      0      0      0      0      0      0      0      0      0    116    340    473   1993      0   2059    308      0      0      0      0      0      0      0      0      0 
     0      0      0      0      0      0      0      0      0      0      0     29    350    366   1558   3122   3108   1096      0      0      0      0      0      0      0      0      0      0 
     0      0      0      0      0      0      0      0      0      0      4    318    231   1145   2799      0   1968    303      0      0      0      0      0      0      0      0      0      0 
     0      0      0      0      0      0      0      0      0      0     60    428    774   2331      0   2875    961      0      0      0      0      0      0      0      0      0      0      0 
     0      0      0      0      0      0      0      0      0     47    321    201   1842      0   3356   1526    186      0      0      0      0      0      0      0      0      0      0      0 
     0      0      0      0      0      0      0      0      0    219    390   1012   2573      0   2044    411      0      0      0      0      0      0      0      0      0      0      0      0 
     0      0      0      0      0      0      0      0     94    329    627   2539      0   2726    751      5      0      0      0      0      0      0      0      0      0      0      0      0 
     0      0      0      0      0      0      0      0    214    432   1644   3438      0   2392    407      0      0      0      0      0      0      0      0      0      0      0      0      0 
     0      0      0      0      0      0      0      0    190    869   2655      0      0   2258    366      0      0      0      0      0      0      0      0      0      0      0      0      0 
     0      0      0      0      0      0      0      0      0    943   2982      0   3019   1420    212      0      0      0      0      0      0      0      0      0      0      0      0      0 
     0      0      0      0      0      0      0      0      0    442   1838   2448   1197     95      0      0      0      0      0      0      0      0      0      0      0      0      0      0 

     0      0      0      0      0      0      0      0      0      0      0      0      0      0      0      0      0      0      0      0      0      0      0      0      0      0      0      0 
     0      0      0      0      0      0      0      0      0      0      0      0      0      0      0      0      0      0      0      0      0      0      0      0      0      0      0      0 
     0      0      0      0      0      0      0      0      0      0      0      0      0      0      0      0      0      0      0      0      0      0      0      0      0      0      0      0 
     0      0      0      0      0      0      0      0      0      0      0      0      0      0      0      0      0      0      0      0      0      0      0      0      0      0      0      0 
     0      0      0      0      0      0      0      0      0      0      0      0      0      0      0      0      0      0      0      0      0      0      0      0      0      0      0      0 
     0      0      0      0      0      0      0      0      0      0      0      0      0      0      0      0      0      0      0      0      0      0      0      0      0      0      0      0 
     0      0      0      0      0      0      0      0    176      0     97      0      0      0      0      0      0      0      0      0      0      0      0      0      0      0      0      0 
     0      0      0      0      0      0      0      0      0      0      0      0      0      0      0      0      0      0      0    265     37      0      0      0      0      0      0      0 
     0      0      0      0      0      0      0      0      0      0      0      0      0      0      0      0      0      0      0      0      0      0      0      0      0      0      0      0 
     0      0      0      0    570      0      0      0      0      0  12397  13219      0      0      0      0      0  12580      0      0      0      0      0      0      0      0      0      0 
     0      0      0      0    205      0      0      0      0      0      0      0      0      0      0      0      0      0      0  12141      0      0      0      0      0      0      0      0 
     0      0      0      0      0      0      0      0      0     51      0      0      0      0      0      0      0      0      0  12440      0      0      0      0      0      0      0      0 
     0      0      0      0      0      0      0      0      0      0      0      0      0      0      0      0      0      0      0      0      0      0      0      0      0      0      0      0 
     0      0      0      0      0      0      0      0      0      0      0      0      0      0      0      0      0      0  11907      0      0      0      0      0      0      0      0      0 
     0      0      0      0      0      0      0      0      0      0      0      0      0      0      0      0      0      0      0      0      0      0      0      0      0      0      0      0 
     0      0      0      0      0      0      0      0      0      0      0      0      0      0      0      0      0  12212      0      0      0      0      0      0      0      0      0      0 
     0      0      0      0      0      0      0      0      0      0      0      0      0      0      0      0      0      0      0      0      0      0      0      0      0      0      0      0 
     0      0      0      0      0      0      0      0      0      0      0      0      0      0      0      0  13273      0      0      0      0      0      0      0      0      0      0      0 
     0      0      0      0      0      0      0      0      0      0      0      0      0      0      0      0      0      0      0      0      0      0      0      0      0      0      0      0 
     0      0      0      0      0      0      0      0      0      0      0      0      0      0      0  12627      0      0      0      0      0      0      0      0      0      0      0      0 
     0      0      0      0      0      0      0      0      0      0      0      0      0      0  12738      0      0      0      0      0      0      0      0      0      0      0      0      0 
     0      0      0      0      0      0      0      0      0      0      0      0      0  12944      0      0      0      0      0      0      0      0      0      0      0      0      0      0 
     0      0      0      0      0      0      0      0      0      0      0      0      0  12999      0      0      0      0      0      0      0      0      0      0      0      0      0      0 
     0      0      0      0      0      0      0      0      0      0      0      0  12617      0      0      0      0      0      0      0      0      0      0      0      0      0      0      0 
     0      0      0      0      0      0      0      0      0      0      0      0  11728      0      0      0      0      0      0      0      0      0      0      0      0      0      0      0 
     0      0      0      0      0      0      0      0      0      0      0  12382  11497      0      0      0      0      0      0      0      0      0      0      0      0      0      0      0 
     0      0      0      0      0      0      0      0    172      0      0  12363      0      0      0      0      0      0      0      0      0      0      0      0      0      0      0      0 
     0      0      0      0      0      0      0      0    371      0      0      0      0      0      0      0      0      0      0      0      0      0      0      0      0      0      0      0 

     0      0      0      0      0      0      0      0      0      0      0      0      0      0      0      0      0      0      0      0      0      0      0      0      0      0      0      0 
     0      0      0      0      0      0      0      0      0      0      0      0      0      0      0      0      0      0      0      0      0      0      0      0      0      0      0      0 
     0      0      0      0      0      0      0      0      0      0      0      0      0      0      0      0      0      0      0      0      0      0      0      0      0      0      0      0 
     0      0      0      0      0      0      0      0      0      0      0      0      0      0      0      0      0      0      0      0      0      0      0      0      0      0      0      0 
     0      0      0      0      0      0      0      0      0      0      0      0      0      0      0      0      0      0      0      0      0      0      0      0      0      0      0      0 
     0      0      0      0      0      0      0      0      0      0      0      0      0      0      0      0      0      0      0      0      0      0      0      0      0      0      0      0 
     0      0      0      0      0      0      0      0    215      0    118      0      0      0      0      0      0      0      0      0      0      0      0      0      0      0      0      0 
     0      0      0      0      0      0      0      0      0      0      0      0      0      0      0      0      0      0      0    324     45      0      0      0      0      0      0      0 
     0      0      0      0      0      0      0      0      0      0      0      0      0      0      0      0      0      0      0      0      0      0      0      0      0      0      0      0 
     0      0      0      0    695      0      0      0      0      0  15113  16114      0      0      0      0      0  15335      0      0      0      0      0      0      0      0      0      0 
     0      0      0      0    250      0      0      0      0      0      0      0      0      0      0      0      0      0      0  14800      0      0      0      0      0      0      0      0 
     0      0      0      0      0      0      0      0      0     63      0      0      0      0      0      0      0      0      0  15164      0      0      0      0      0      0      0      0 
     0      0      0      0      0      0      0      0      0      0      0      0      0      0      0      0      0      0      0      0      0      0      0      0      0      0      0      0 
     0      0      0      0      0      0      0      0      0      0      0      0      0      0      0      0      0      0  14515      0      0      0      0      0      0      0      0      0 
     0      0      0      0      0      0      0      0      0      0      0      0      0      0      0      0      0      0      0      0      0      0      0      0      0      0      0      0 
     0      0      0      0      0      0      0      0      0      0      0      0      0      0      0      0      0  14887      0      0      0      0      0      0      0      0      0      0 
     0      0      0      0      0      0      0      0      0      0      0      0      0      0      0      0      0      0      0      0      0      0      0      0      0      0      0      0 
     0      0      0      0      0      0      0      0      0      0      0      0      0      0      0      0  16180      0      0      0      0      0      0      0      0      0      0      0 
     0      0      0      0      0      0      0      0      0      0      0      0      0      0      0      0      0      0      0      0      0      0      0      0      0      0      0      0 
     0      0      0      0      0      0      0      0      0      0      0      0      0      0      0  15393      0      0      0      0      0      0      0      0      0      0      0      0 
     0      0      0      0      0      0      0      0      0      0      0      0      0      0  15528      0      0      0      0      0      0      0      0      0      0      0      0      0 
     0      0      0      0      0      0      0      0      0      0      0      0      0  15778      0      0      0      0      0      0      0      0      0      0      0      0      0      0 
     0      0      0      0      0      0      0      0      0      0      0      0      0  15846      0      0      0      0      0      0      0      0      0      0      0      0      0      0 
     0      0      0      0      0      0      0      0      0      0      0      0  15380      0      0      0      0      0      0      0      0      0      0      0      0      0      0      0 
     0      0      0      0      0      0      0      0      0      0      0      0  14296      0      0      0      0      0      0      0      0      0      0      0      0      0      0      0 
     0      0      0      0      0      0      0      0      0      0      0  15094  14016      0      0      0      0      0      0      0      0      0      0      0      0      0      0      0 
     0      0      0      0      0      0      0      0    209      0      0  15071      0      0      0      0      0      0      0      0      0      0      0      0      0      0      0      0 
     0      0      0      0      0      0      0      0    452      0      0      0      0      0      0      0      0      0      0      0      0      0      0      0      0      0      0      0 

     0      0      0      0      0      0      0      0      0      0      0      0      0      0      0      0      0      0      0      0      0      0      0      0      0      0      0      0 
     0      0      0      0      0      0      0      0      0      0      0      0      0      0      0      0      0      0      0      0      0      0      0      0      0      0      0      0 
     0      0      0      0      0      0      0      0      0      0      0      0      0      0      0      0      0      0      0      0      0      0      0      0      0      0      0      0 
     0      0      0      0      0      0      0      0      0      0      0      0      0      0      0      0      0      0      0      0      0      0      0      0      0      0      0      0 
     0      0      0      0      0      0      0      0      0      0      0      0      0      0      0      0      0      0      0      0      0      0      0      0      0      0      0      0 
     0      0      0      0      0      0      0      0      0      0      0      0      0      0      0      0      0      0      0      0      0      0      0      0      0      0      0      0 
     0      0      0      0     46     63     13     32      0     10      0      4      0      0      0      0      0      0      0      0      0      0      0      0      0      0      0      0 
     0      0      0      0    134    163    353    407    363    242    118     76     42     42     42     42     42     42     26      0      0      6      0      0      0      0      0      0 
     0      0      0      0     47    431    968   1184   1149    984    747    553    482    466    469    467    457    480    462    352    161     58      0      0      0      0      0      0 
     0      0      0      0      0    443   1024   1081   1103   1215      0      0   1231   1211   1240   1235   1210      0   1249   1168    764    222      0      0      0      0      0      0 
     0      0      0      0      0     94    322    319    305    462    696    938    913    933   1030   1030   1059   1043   1178      0   1087    351      0      0      0      0      0      0 
     0      0      0      0      0      0      0      0      0      0     13    153    131    134    234    249    363    254    761      0    878    214      0      0      0      0      0      0 
     0      0      0      0      0      0      0      0      0      0      0      0      0      0      0     74    118    439   1015   1177    500     33      0      0      0      0      0      0 
     0      0      0      0      0      0      0      0      0      0      0      0      0      0     32    123    194    790      0    887    191      0      0      0      0      0      0      0 
     0      0      0      0      0      0      0      0      0      0      0      0      0      0     82    148    546   1105   1214    583     83      0      0      0      0      0      0      0 
     0      0      0      0      0      0      0      0      0      0      0      0      0      4    112    276    881      0    759    121      0      0      0      0      0      0      0      0 
     0      0      0      0      0      0      0      0      0      0      0      0      0     70     86    459   1084   1120    408      9      0      0      0      0      0      0      0      0 
     0      0      0      0      0      0      0      0      0      0      0      0     41    120    168    707      0    730    109      0      0      0      0      0      0      0      0      0 
     0      0      0      0      0      0      0      0      0      0      0     10    124    129    552   1107   1102    389      0      0      0      0      0      0      0      0      0      0 
     0      0      0      0      0      0      0      0      0      0      1    113     82    406    993      0    698    107      0      0      0      0      0      0      0      0      0      0 
     0      0      0      0      0      0      0      0      0      0     21    151    274    827      0   1020    341      0      0      0      0      0      0      0      0      0      0      0 
     0      0      0      0      0      0      0      0      0     17    114     71    653      0   1191    541     66      0      0      0      0      0      0      0      0      0      0      0 
     0      0      0      0      0      0      0      0      0     77    138    359    912      0    725    146      0      0      0      0      0      0      0      0      0      0      0      0 
     0      0      0      0      0      0      0      0     33    117    222    900      0    967    266      1      0      0      0      0      0      0      0      0      0      0      0      0 
     0      0      0      0      0      0      0      0     76    153    583   1219      0    848    144      0      0      0      0      0      0      0      0      0      0      0      0      0 
     0      0      0      0      0      0      0      0     67    308    942      0      0    801    130      0      0      0      0      0      0      0      0      0      0      0      0      0 
     0      0      0      0      0      0      0      0      0    334   1058      0   1071    503     75      0      0      0      0      0      0      0      0      0      0      0      0      0 
     0      0      0      0      0      0      0      0      0    156    652    868    424     33      0      0      0      0      0      0      0      0      0      0      0      0      0      0 

     0      0      0      0      0      0      0      0      0      0      0      0      0      0      0      0      0      0      0      0      0      0      0      0      0      0      0      0 
     0      0      0      0      0      0      0      0      0      0      0      0      0      0      0      0      0      0      0      0      0      0      0      0      0      0      0      0 
     0      0      0      0      0      0      0      0      0      0      0      0      0      0      0      0      0      0      0      0      0      0      0      0      0      0      0      0 
     0      0      0      0      0      0      0      0      0      0      0      0      0      0      0      0      0      0      0      0      0      0      0      0      0      0      0      0 
     0      0      0      0      0      0      0      0      0      0      0      0      0      0      0      0      0      0      0      0      0      0      0      0      0      0      0      0 
     0      0      0      0      0      0      0      0      0      0      0      0      0      0      0      0      0      0      0      0      0      0      0      0      0      0      0      0 
     0      0      0      0      0      0      0      0    130      0     72      0      0      0      0      0      0      0      0      0      0      0      0      0      0      0      0      0 
     0      0      0      0      0      0      0      0      0      0      0      0      0      0      0      0      0      0      0    196     27      0      0      0      0      0      0      0 
     0      0      0      0      0      0      0      0      0      0      0      0      0      0      0      0      0      0      0      0      0      0      0      0      0      0      0      0 
     0      0      0      0    423      0      0      0      0      0   9187   9796      0      0      0      0      0   9323      0      0      0      0      0      0      0      0      0      0 
     0      0      0      0    152      0      0      0      0      0      0      0      0      0      0      0      0      0      0   8997      0      0      0      0      0      0      0      0 
     0      0      0      0      0      0      0      0      0     38      0      0      0      0      0      0      0      0      0   9219      0      0      0      0      0      0      0      0 
     0      0      0      0      0      0      0      0      0      0      0      0      0      0      0      0      0      0      0      0      0      0      0      0      0      0      0      0 
     0      0      0      0      0      0      0      0      0      0      0      0      0      0      0      0      0      0   8824      0      0      0      0      0      0      0      0      0 
     0      0      0      0      0      0      0      0      0      0      0      0      0      0      0      0      0      0      0      0      0      0      0      0      0      0      0      0 
     0      0      0      0      0      0      0      0      0      0      0      0      0      0      0      0      0   9050      0      0      0      0      0      0      0      0      0      0 
     0      0      0      0      0      0      0      0      0      0      0      0      0      0      0      0      0      0      0      0      0      0      0      0      0      0      0      0 
     0      0      0      0      0      0      0      0      0      0      0      0      0      0      0      0   9836      0      0      0      0      0      0      0      0      0      0      0 
     0      0      0      0      0      0      0      0      0      0      0      0      0      0      0      0      0      0      0      0      0      0      0      0      0      0      0      0 
     0      0      0      0      0      0      0      0      0      0      0      0      0      0      0   9358      0      0      0      0      0      0      0      0      0      0      0      0 
     0      0      0      0      0      0      0      0      0      0      0      0      0      0   9440      0      0      0      0      0      0      0      0      0      0      0      0      0 
     0      0      0      0      0      0      0      0      0      0      0      0      0   9592      0      0      0      0      0      0      0      0      0      0      0      0      0      0 
     0      0      0      0      0      0      0      0      0      0      0      0      0   9633      0      0      0      0      0      0      0      0      0      0      0      0      0      0 
     0      0      0      0      0      0      0      0      0      0      0      0   9350      0      0      0      0      0      0      0      0      0      0      0      0      0      0      0 
     0      0      0      0      0      0      0      0      0      0      0      0   8691      0      0      0      0      0      0      0      0      0      0      0      0      0      0      0 
     0      0      0      0      0      0      0      0      0      0      0   9176   8520      0      0      0      0      0      0      0      0      0      0      0      0      0      0      0 
     0      0      0      0      0      0      0      0    127      0      0   9162      0      0      0      0      0      0      0      0      0      0      0      0      0      0      0      0 
     0      0      0      0      0      0      0      0    275      0      0      0      0      0      0      0      0      0      0      0      0      0      0      0      0      0      0      0 

     0      0      0      0      0      0      0      0      0      0      0      0      0      0      0      0      0      0      0      0      0      0      0      0      0      0      0      0 
     0      0      0      0      0      0      0      0      0      0      0      0      0      0      0      0      0      0      0      0      0      0      0      0      0      0      0      0 
     0      0      0      0      0      0      0      0      0      0      0      0      0      0      0      0      0      0      0      0      0      0      0      0      0      0      0      0 
     0      0      0      0      0      0      0      0      0      0      0      0      0      0      0      0      0      0      0      0      0      0      0      0      0      0      0      0 
     0      0      0      0      0      0      0      0      0      0      0      0      0      0      0      0      0      0      0      0      0      0      0      0      0      0      0      0 
     0      0      0      0      0      0      0      0      0      0      0      0      0      0      0      0      0      0      0      0      0      0      0      0      0      0      0      0 
     0      0      0      0      0      0      0      0    255      0    140      0      0      0      0      0      0      0      0      0      0      0      0      0      0      0      0      0 
     0      0      0      0      0      0      0      0      0      0      0      0      0      0      0      0      0      0      0    385     54      0      0      0      0      0      0      0 
     0      0      0      0      0      0      0      0      0      0      0      0      0      0      0      0      0      0      0      0      0      0      0      0      0      0      0      0 
     0      0      0      0    827      0      0      0      0      0  17960  19151      0      0      0      0      0  18225      0      0      0      0      0      0      0      0      0      0 
     0      0      0      0    297      0      0      0      0      0      0      0      0      0      0      0      0      0      0  17589      0      0      0      0      0      0      0      0 
     0      0      0      0      0      0      0      0      0     75      0      0      0      0      0      0      0      0      0  18022      0      0      0      0      0      0      0      0 
     0      0      0      0      0      0      0      0      0      0      0      0      0      0      0      0      0      0      0      0      0      0      0      0      0      0      0      0 
     0      0      0      0      0      0      0      0      0      0      0      0      0      0      0      0      0      0  17251      0      0      0      0      0      0      0      0      0 
     0      0      0      0      0      0      0      0      0      0      0      0      0      0      0      0      0      0      0      0      0      0      0      0      0      0      0      0 
     0      0      0      0      0      0      0      0      0      0      0      0      0      0      0      0      0  17692      0      0      0      0      0      0      0      0      0      0 
     0      0      0      0      0      0      0      0      0      0      0      0      0      0      0      0      0      0      0      0      0      0      0      0      0      0      0      0 
     0      0      0      0      0      0      0      0      0      0      0      0      0      0      0      0  19229      0      0      0      0      0      0      0      0      0      0      0 
     0      0      0      0      0      0      0      0      0      0      0      0      0      0      0      0      0      0      0      0      0      0      0      0      0      0      0      0 
     0      0      0      0      0      0      0      0      0      0      0      0      0      0      0  18293      0      0      0      0      0      0      0      0      0      0      0      0 
     0      0      0      0      0      0      0      0      0      0      0      0      0      0  18454      0      0      0      0      0      0      0      0      0      0      0      0      0 
     0      0      0      0      0      0      0      0      0      0      0      0      0  18752      0      0      0      0      0      0      0      0      0      0      0      0      0      0 
     0      0      0      0      0      0      0      0      0      0      0      0      0  18832      0      0      0      0      0      0      0      0      0      0      0      0      0      0 
     0      0      0      0      0      0      0      0      0      0      0      0  18279      0      0      0      0      0      0      0      0      0      0      0      0      0      0      0 
     0      0      0      0      0      0      0      0      0      0      0      0  16990      0      0      0      0      0      0      0      0      0      0      0      0      0      0      0 
     0      0      0      0      0      0      0      0      0      0      0  17939  16657      0      0      0      0      0      0      0      0      0      0      0      0      0      0      0 
     0      0      0      0      0      0      0      0    249      0      0  17911      0      0      0      0      0      0      0      0      0      0      0      0      0      0      0      0 
     0      0      0      0      0      0      0      0    538      0      0      0      0      0      0      0      0      0      0      0      0      0      0      0      0      0      0      0 

     0      0      0      0      0      0      0      0      0      0      0      0      0      0      0      0      0      0      0      0      0      0      0      0      0      0      0      0 
     0      0      0      0      0      0      0      0      0      0      0      0      0      0      0      0      0      0      0      0      0      0      0      0      0      0      0      0 
     0      0      0      0      0      0      0      0      0      0      0      0      0      0      0      0      0      0      0      0      0      0      0      0      0      0      0      0 
     0      0      0      0      0      0      0      0      0      0      0      0      0      0      0      0      0      0      0      0      0      0      0      0      0      0      0      0 
     0      0      0      0      0      0      0      0      0      0      0      0      0      0      0      0      0      0      0      0      0      0      0      0      0      0      0      0 
     0      0      0      0      0      0      0      0      0      0      0      0      0      0      0      0      0      0      0      0      0      0      0      0      0      0      0      0 
     0      0      0      0    679    936    197    481      0    153      0     62      0      0      0      0      0      0      0      0      0      0      0      0      0      0      0      0 
     0      0      0      0   1989   2412   5214   6005   5355   3568   1746   1123    624    624    624    624    624    624    397      0      0     90      0      0      0      0      0      0 
     0      0      0      0    692   6363  14266  17457  16943  14500  11008   8148   7115   6871   6922   6889   6746   7082   6814   5193   2384    855      0      0      0      0      0      0 
     0      0      0      0      0   6539  15095  15927  16252  17913      0      0  18148  17850  18284  18211  17841      0  18414  17222  11270   3280      0      0      0      0      0      0 
     0      0      0      0      0   1394   4757   4703   4506   6816  10260  13827  13463  13751  15182  15181  15608  15381  17365      0  16015   5173      0      0      0      0      0      0 
     0      0      0      0      0      0      0      0      0      0    195   2266   1942   1985   3458   3670   5359   3745  11217      0  12950   3159      0      0      0      0      0      0 
     0      0      0      0      0      0      0      0      0      0      0      0      0      0      0   1094   1745   6471  14959  17350   7371    500      0      0      0      0      0      0 
     0      0      0      0      0      0      0      0      0      0      0      0      0      0    477   1823   2871  11648      0  13075   2826      0      0      0      0      0      0      0 
     0      0      0      0      0      0      0      0      0      0      0      0      0      0   1211   2181   8056  16290  17888   8592   1223      0      0      0      0      0      0      0 
     0      0      0      0      0      0      0      0      0      0      0      0      0     72   1651   4068  12991      0  11192   1782      0      0      0      0      0      0      0      0 
     0      0      0      0      0      0      0      0      0      0      0      0      0   1040   1267   6772  15982  16509   6023    138      0      0      0      0      0      0      0      0 
     0      0      0      0      0      0      0      0      0      0      0      0    607   1781   2477  10422      0  10768   1612      0      0      0      0      0      0      0      0      0 
     0      0      0      0      0      0      0      0      0      0      0    154   1833   1913   8145  16322  16251   5731      0      0      0      0      0      0      0      0      0      0 
     0      0      0      0      0      0      0      0      0      0     24   1666   1212   5990  14634      0  10292   1584      0      0      0      0      0      0      0      0      0      0 
     0      0      0      0      0      0      0      0      0      0    315   2238   4050  12189      0  15030   5028      0      0      0      0      0      0      0      0      0      0      0 
     0      0      0      0      0      0      0      0      0    250   1680   1052   9630      0  17548   7981    973      0      0      0      0      0      0      0      0      0      0      0 
     0      0      0      0      0      0      0      0      0   1147   2041   5291  13451      0  10688   2152      0      0      0      0      0      0      0      0      0      0      0      0 
     0      0      0      0      0      0      0      0    493   1724   3281  13274      0  14251   3928     28      0      0      0      0      0      0      0      0      0      0      0      0 
     0      0      0      0      0      0      0      0   1119   2261   8596  17975      0  12504   2128      0      0      0      0      0      0      0      0      0      0      0      0      0 
     0      0      0      0      0      0      0      0    996   4546  13882      0      0  11808   1917      0      0      0      0      0      0      0      0      0      0      0      0      0 
     0      0      0      0      0      0      0      0      0   4932  15589      0  15786   7424   1112      0      0      0      0      0      0      0      0      0      0      0      0      0 
     0      0      0      0      0      0      0      0      0   2312   9612  12800   6261    500      0      0      0      0      0      0      0      0      0      0      0      0      0      0 

     0      0      0      0      0      0      0      0      0      0      0      0      0      0      0      0      0      0      0      0      0      0      0      0      0      0      0      0 
     0      0      0      0      0      0      0      0      0      0      0      0      0      0      0      0      0      0      0      0      0      0      0      0      0      0      0      0 
     0      0      0      0      0      0      0      0      0      0      0      0      0      0      0      0      0      0      0      0      0      0      0      0      0      0      0      0 
     0      0      0      0      0      0      0      0      0      0      0      0      0      0      0      0      0      0      0      0      0      0      0      0      0      0      0      0 
     0      0      0      0      0      0      0      0      0      0      0      0      0      0      0      0      0      0      0      0      0      0      0      0      0      0      0      0 
     0      0      0      0      0      0      0      0      0      0      0      0      0      0      0      0      0      0      0      0      0      0      0      0      0      0      0      0 
     0      0      0      0      0      0      0      0     41      0     22      0      0      0      0      0      0      0      0      0      0      0      0      0      0      0      0      0 
     0      0      0      0      0      0      0      0      0      0      0      0      0      0      0      0      0      0      0     61      8      0      0      0      0      0      0      0 
     0      0      0      0      0      0      0      0      0      0      0      0      0      0      0      0      0      0      0      0      0      0      0      0      0      0      0      0 
     0      0      0      0    132      0      0      0      0      0   2885   3076      0      0      0      0      0   2927      0      0      0      0      0      0      0      0      0      0 
     0      0      0      0     47      0      0      0      0      0      0      0      0      0      0      0      0      0      0   2825      0      0      0      0      0      0      0      0 
     0      0      0      0      0      0      0      0      0     12      0      0      0      0      0      0      0      0      0   2895      0      0      0      0      0      0      0      0 
     0      0      0      0      0      0      0      0      0      0      0      0      0      0      0      0      0      0      0      0      0      0      0      0      0      0      0      0 
     0      0      0      0      0      0      0      0      0      0      0      0      0      0      0      0      0      0   2771      0      0      0      0      0      0      0      0      0 
     0      0      0      0      0      0      0      0      0      0      0      0      0      0      0      0      0      0      0      0      0      0      0      0      0      0      0      0 
     0      0      0      0      0      0      0      0      0      0      0      0      0      0      0      0      0   2842      0      0      0      0      0      0      0      0      0      0 
     0      0      0      0      0      0      0      0      0      0      0      0      0      0      0      0      0      0      0      0      0      0      0      0      0      0      0      0 
     0      0      0      0      0      0      0      0      0      0      0      0      0      0      0      0   3088      0      0      0      0      0      0      0      0      0      0      0 
     0      0      0      0      0      0      0      0      0      0      0      0      0      0      0      0      0      0      0      0      0      0      0      0      0      0      0      0 
     0      0      0      0      0      0      0      0      0      0      0      0      0      0      0   2938      0      0      0      0      0      0      0      0      0      0      0      0 
     0      0      0      0      0      0      0      0      0      0      0      0      0      0   2964      0      0      0      0      0      0      0      0      0      0      0      0      0 
     0      0      0      0      0      0      0      0      0      0      0      0      0   3012      0      0      0      0      0      0      0      0      0      0      0      0      0      0 
     0      0      0      0      0      0      0      0      0      0      0      0      0   3025      0      0      0      0      0      0      0      0      0      0      0      0      0      0 
     0      0      0      0      0      0      0      0      0      0      0      0   2936      0      0      0      0      0      0      0      0      0      0      0      0      0      0      0 
     0      0      0      0      0      0      0      0      0      0      0      0   2729      0      0      0      0      0      0      0      0      0      0      0      0      0      0      0 
     0      0      0      0      0      0      0      0      0      0      0   2881   2675      0      0      0      0      0      0      0      0      0      0      0      0      0      0      0 
     0      0      0      0      0      0      0      0     40      0      0   2877      0      0      0      0      0      0      0      0      0      0      0      0      0      0      0      0 
     0      0      0      0      0      0      0      0     86      0      0      0      0      0      0      0      0      0      0      0      0      0      0      0      0      0      0      0 

     0      0      0      0      0      0      0      0      0      0      0      0      0      0      0      0      0      0      0      0      0      0      0      0      0      0      0      0 
     0      0      0      0      0      0      0      0      0      0      0      0      0      0      0      0      0      0      0      0      0      0      0      0      0      0      0      0 
     0      0      0      0      0      0      0      0      0      0      0      0      0      0      0      0      0      0      0      0      0      0      0      0      0      0      0      0 
     0      0      0      0      0      0      0      0      0      0      0      0      0      0      0      0      0      0      0      0      0      0      0      0      0      0      0      0 
     0      0      0      0      0      0      0      0      0      0      0      0      0      0      0      0      0      0      0      0      0      0      0      0      0      0      0      0 
     0      0      0      0      0      0      0      0      0      0      0      0      0      0      0      0      0      0      0      0      0      0      0      0      0      0      0      0 
     0      0      0      0    797   1098    231    564      0    179      0     73      0      0      0      0      0      0      0      0      0      0      0      0      0      0      0      0 
     0      0      0      0   2333   2830   6118   7045   6282   4186   2049   1317    732    732    732    732    732    732    466      0      0    106      0      0      0      0      0      0 
     0      0      0      0    813   7466  16737  20481  19878  17012  12916   9559   8348   8062   8121   8083   7915   8308   7995   6093   2798   1003      0      0      0      0      0      0 
     0      0      0      0      0   7672  17710  18687  19068  21016      0      0  21292  20943  21452  21366  20932      0  21604  20205  13223   3848      0      0      0      0      0      0 
     0      0      0      0      0   1635   5581   5518   5287   7997  12038  16223  15796  16133  17812  17811  18312  18045  20373      0  18790   6070      0      0      0      0      0      0 
     0      0      0      0      0      0      0      0      0      0    229   2659   2278   2329   4057   4306   6288   4394  13161      0  15194   3707      0      0      0      0      0      0 
     0      0      0      0      0      0      0      0      0      0      0      0      0      0      0   1284   2047   7592  17550  20356   8648    587      0      0      0      0      0      0 
     0      0      0      0      0      0      0      0      0      0      0      0      0      0    560   2139   3369  13666      0  15341   3315      0      0      0      0      0      0      0 
     0      0      0      0      0      0      0      0      0      0      0      0      0      0   1421   2558   9452  19112  20987  10080   1435      0      0      0      0      0      0      0 
     0      0      0      0      0      0      0      0      0      0      0      0      0     85   1938   4773  15242      0  13132   2091      0      0      0      0      0      0      0      0 
     0      0      0      0      0      0      0      0      0      0      0      0      0   1220   1487   7945  18751  19369   7067    162      0      0      0      0      0      0      0      0 
     0      0      0      0      0      0      0      0      0      0      0      0    712   2090   2906  12228      0  12634   1891      0      0      0      0      0      0      0      0      0 
     0      0      0      0      0      0      0      0      0      0      0    180   2151   2244   9556  19150  19066   6724      0      0      0      0      0      0      0      0      0      0 
     0      0      0      0      0      0      0      0      0      0     28   1955   1422   7028  17169      0  12075   1859      0      0      0      0      0      0      0      0      0      0 
     0      0      0      0      0      0      0      0      0      0    369   2625   4752  14301      0  17634   5899      0      0      0      0      0      0      0      0      0      0      0 
     0      0      0      0      0      0      0      0      0    294   1971   1235  11299      0  20588   9364   1141      0      0      0      0      0      0      0      0      0      0      0 
     0      0      0      0      0      0      0      0      0   1346   2395   6207  15781      0  12539   2525      0      0      0      0      0      0      0      0      0      0      0      0 
     0      0      0      0      0      0      0      0    579   2022   3849  15573      0  16720   4609     33      0      0      0      0      0      0      0      0      0      0      0      0 
     0      0      0      0      0      0      0      0   1313   2653  10085  21089      0  14671   2496      0      0      0      0      0      0      0      0      0      0      0      0      0 
     0      0      0      0      0      0      0      0   1168   5333  16287      0      0  13854   2249      0      0      0      0      0      0      0      0      0      0      0      0      0 
     0      0      0      0      0      0      0      0      0   5787  18290      0  18520   8710   1304      0      0      0      0      0      0      0      0      0      0      0      0      0 
     0      0      0      0      0      0      0      0      0   2712  11278  15017   7346    587      0      0      0      0      0      0      0      0      0      0      0      0      0      0 

     0      0      0      0      0      0      0      0      0      0      0      0      0      0      0      0      0      0      0      0      0      0      0      0      0      0      0      0 
     0      0      0      0      0      0      0      0      0      0      0      0      0      0      0      0      0      0      0      0      0      0      0      0      0      0      0      0 
     0      0      0      0      0      0      0      0      0      0      0      0      0      0      0      0      0      0      0      0      0      0      0      0      0      0      0      0 
     0      0      0      0      0      0      0      0      0      0      0      0      0      0      0      0      0      0      0      0      0      0      0      0      0      0      0      0 
     0      0      0      0      0      0      0      0      0      0      0      0      0      0      0      0      0      0      0      0      0      0      0      0      0      0      0      0 
     0      0      0      0      0      0      0      0      0      0      0      0      0      0      0      0      0      0      0      0      0      0      0      0      0      0      0      0 
     0      0      0      0      0      0      0      0     72      0     40      0      0      0      0      0      0      0      0      0      0      0      0      0      0      0      0      0 
     0      0      0      0      0      0      0      0      0      0      0      0      0      0      0      0      0      0      0    109     15      0      0      0      0      0      0      0 
     0      0      0      0      0      0      0      0      0      0      0      0      0      0      0      0      0      0      0      0      0      0      0      0      0      0      0      0 
     0      0      0      0    235      0      0      0      0      0   5103   5441      0      0      0      0      0   5178      0      0      0      0      0      0      0      0      0      0 
     0      0      0      0     84      0      0      0      0      0      0      0      0      0      0      0      0      0      0   4998      0      0      0      0      0      0      0      0 
     0      0      0      0      0      0      0      0      0     21      0      0      0      0      0      0      0      0      0   5121      0      0      0      0      0      0      0      0 
     0      0      0      0      0      0      0      0      0      0      0      0      0      0      0      0      0      0      0      0      0      0      0      0      0      0      0      0 
     0      0      0      0      0      0      0      0      0      0      0      0      0      0      0      0      0      0   4902      0      0      0      0      0      0      0      0      0 
     0      0      0      0      0      0      0      0      0      0      0      0      0      0      0      0      0      0      0      0      0      0      0      0      0      0      0      0 
     0      0      0      0      0      0      0      0      0      0      0      0      0      0      0      0      0   5027      0      0      0      0      0      0      0      0      0      0 
     0      0      0      0      0      0      0      0      0      0      0      0      0      0      0      0      0      0      0      0      0      0      0      0      0      0      0      0 
     0      0      0      0      0      0      0      0      0      0      0      0      0      0      0      0   5464      0      0      0      0      0      0      0      0      0      0      0 
     0      0      0      0      0      0      0      0      0      0      0      0      0      0      0      0      0      0      0      0      0      0      0      0      0      0      0      0 
     0      0      0      0      0      0      0      0      0      0      0      0      0      0      0   5198      0      0      0      0      0      0      0      0      0      0      0      0 
     0      0      0      0      0      0      0      0      0      0      0      0      0      0   5243      0      0      0      0      0      0      0      0      0      0      0      0      0 
     0      0      0      0      0      0      0      0      0      0      0      0      0   5328      0      0      0      0      0      0      0      0      0      0      0      0      0      0 
     0      0      0      0      0      0      0      0      0      0      0      0      0   5351      0      0      0      0      0      0      0      0      0      0      0      0      0      0 
     0      0      0      0      0      0      0      0      0      0      0      0   5194      0      0      0      0      0      0      0      0      0      0      0      0      0      0      0 
     0      0      0      0      0      0      0      0      0      0      0      0   4827      0      0      0      0      0      0      0      0      0      0      0      0      0      0      0 
     0      0      0      0      0      0      0      0      0      0      0   5097   4733      0      0      0      0      0      0      0      0      0      0      0      0      0      0      0 
     0      0      0      0      0      0      0      0     70      0      0   5089      0      0      0      0      0      0      0      0      0      0      0      0      0      0      0      0 
     0      0      0      0      0      0      0      0    152      0      0      0      0      0      0      0      0      0      0      0      0      0      0      0      0      0      0      0 

     0      0      0      0      0      0      0      0      0      0      0      0      0      0      0      0      0      0      0      0      0      0      0      0      0      0      0      0 
     0      0      0      0      0      0      0      0      0      0      0      0      0      0      0      0      0      0      0      0      0      0      0      0      0      0      0      0 
     0      0      0      0      0      0      0      0      0      0      0      0      0      0      0      0      0      0      0      0      0      0      0      0      0      0      0      0 
     0      0      0      0      0      0      0      0      0      0      0      0      0      0      0      0      0      0      0      0      0      0      0      0      0      0      0      0 
     0      0      0      0      0      0      0      0      0      0      0      0      0      0      0      0      0      0      0      0      0      0      0      0      0      0      0      0 
     0      0      0      0      0      0      0      0      0      0      0      0      0      0      0      0      0      0      0      0      0      0      0      0      0      0      0      0 
     0      0      0      0      0      0      0      0     31      0     17      0      0      0      0      0      0      0      0      0      0      0      0      0      0      0      0      0 
     0      0      0      0      0      0      0      0      0      0      0      0      0      0      0      0      0      0      0     47      6      0      0      0      0      0      0      0 
     0      0      0      0      0      0      0      0      0      0      0      0      0      0      0      0      0      0      0      0      0      0      0      0      0      0      0      0 
     0      0      0      0    102      0      0      0      0      0   2229   2377      0      0      0      0      0   2262      0      0      0      0      0      0      0      0      0      0 
     0      0      0      0     36      0      0      0      0      0      0      0      0      0      0      0      0      0      0   2183      0      0      0      0      0      0      0      0 
     0      0      0      0      0      0      0      0      0      9      0      0      0      0      0      0      0      0      0   2237      0      0      0      0      0      0      0      0 
     0      0      0      0      0      0      0      0      0      0      0      0      0      0      0      0      0      0      0      0      0      0      0      0      0      0      0      0 
     0      0      0      0      0      0      0      0      0      0      0      0      0      0      0      0      0      0   2141      0      0      0      0      0      0      0      0      0 
     0      0      0      0      0      0      0      0      0      0      0      0      0      0      0      0      0      0      0      0      0      0      0      0      0      0      0      0 
     0      0      0      0      0      0      0      0      0      0      0      0      0      0      0      0      0   2196      0      0      0      0      0      0      0      0      0      0 
     0      0      0      0      0      0      0      0      0      0      0      0      0      0      0      0      0      0      0      0      0      0      0      0      0      0      0      0 
     0      0      0      0      0      0      0      0      0      0      0      0      0      0      0      0   2387      0      0      0      0      0      0      0      0      0      0      0 
     0      0      0      0      0      0      0      0      0      0      0      0      0      0      0      0      0      0      0      0      0      0      0      0      0      0      0      0 
     0      0      0      0      0      0      0      0      0      0      0      0      0      0      0   2271      0      0      0      0      0      0      0      0      0      0      0      0 
     0      0      0      0      0      0      0      0      0      0      0      0      0      0   2291      0      0      0      0      0      0      0      0      0      0      0      0      0 
     0      0      0      0      0      0      0      0      0      0      0      0      0   2327      0      0      0      0      0      0      0      0      0      0      0      0      0      0 
     0      0      0      0      0      0      0      0      0      0      0      0      0   2337      0      0      0      0      0      0      0      0      0      0      0      0      0      0 
     0      0      0      0      0      0      0      0      0      0      0      0   2269      0      0      0      0      0      0      0      0      0      0      0      0      0      0      0 
     0      0      0      0      0      0      0      0      0      0      0      0   2109      0      0      0      0      0      0      0      0      0      0      0      0      0      0      0 
     0      0      0      0      0      0      0      0      0      0      0   2227   2067      0      0      0      0      0      0      0      0      0      0      0      0      0      0      0 
     0      0      0      0      0      0      0      0     30      0      0   2223      0      0      0      0      0      0      0      0      0      0      0      0      0      0      0      0 
     0      0      0      0      0      0      0      0     66      0      0      0      0      0      0      0      0      0      0      0      0      0      0      0      0      0      0      0 

     0      0      0      0      0      0      0      0      0      0      0      0      0      0      0      0      0      0      0      0      0      0      0      0      0      0      0      0 
     0      0      0      0      0      0      0      0      0      0      0      0      0      0      0      0      0      0      0      0      0      0      0      0      0      0      0      0 
     0      0      0      0      0      0      0      0      0      0      0      0      0      0      0      0      0      0      0      0      0      0      0      0      0      0      0      0 
     0      0      0      0      0      0      0      0      0      0      0      0      0      0      0      0      0      0      0      0      0      0      0      0      0      0      0      0 
     0      0      0      0      0      0      0      0      0      0      0      0      0      0      0      0      0      0      0      0      0      0      0      0      0      0      0      0 
     0      0      0      0      0      0      0      0      0      0      0      0      0      0      0      0      0      0      0      0      0      0      0      0      0      0      0      0 
     0      0      0      0      0      0      0      0    160      0     88      0      0      0      0      0      0      0      0      0      0      0      0      0      0      0      0      0 
     0      0      0      0      0      0      0      0      0      0      0      0      0      0      0      0      0      0      0    241     33      0      0      0      0      0      0      0 
     0      0      0      0      0      0      0      0      0      0      0      0      0      0      0      0      0      0      0      0      0      0      0      0      0      0      0      0 
     0      0      0      0    519      0      0      0      0      0  11269  12016      0      0      0      0      0  11436      0      0      0      0      0      0      0      0      0      0 
     0      0      0      0    186      0      0      0      0      0      0      0      0      0      0      0      0      0      0  11037      0      0      0      0      0      0      0      0 
     0      0      0      0      0      0      0      0      0     47      0      0      0      0      0      0      0      0      0  11308      0      0      0      0      0      0      0      0 
     0      0      0      0      0      0      0      0      0      0      0      0      0      0      0      0      0      0      0      0      0      0      0      0      0      0      0      0 
     0      0      0      0      0      0      0      0      0      0      0      0      0      0      0      0      0      0  10824      0      0      0      0      0      0      0      0      0 
     0      0      0      0      0      0      0      0      0      0      0      0      0      0      0      0      0      0      0      0      0      0      0      0      0      0      0      0 
     0      0      0      0      0      0      0      0      0      0      0      0      0      0      0      0      0  11101      0      0      0      0      0      0      0      0      0      0 
     0      0      0      0      0      0      0      0      0      0      0      0      0      0      0      0      0      0      0      0      0      0      0      0      0      0      0      0 
     0      0      0      0      0      0      0      0      0      0      0      0      0      0      0      0  12065      0      0      0      0      0      0      0      0      0      0      0 
     0      0      0      0      0      0      0      0      0      0      0      0      0      0      0      0      0      0      0      0      0      0      0      0      0      0      0      0 
     0      0      0      0      0      0      0      0      0      0      0      0      0      0      0  11478      0      0      0      0      0      0      0      0      0      0      0      0 
     0      0      0      0      0      0      0      0      0      0      0      0      0      0  11579      0      0      0      0      0      0      0      0      0      0      0      0      0 
     0      0      0      0      0      0      0      0      0      0      0      0      0  11766      0      0      0      0      0      0      0      0      0      0      0      0      0      0 
     0      0      0      0      0      0      0      0      0      0      0      0      0  11816      0      0      0      0      0      0      0      0      0      0      0      0      0      0 
     0      0      0      0      0      0      0      0      0      0      0      0  11469      0      0      0      0      0      0      0      0      0      0      0      0      0      0      0 
     0      0      0      0      0      0      0      0      0      0      0      0  10661      0      0      0      0      0      0      0      0      0      0      0      0      0      0      0 
     0      0      0      0      0      0      0      0      0      0      0  11256  10451      0      0      0      0      0      0      0      0      0      0      0      0      0      0      0 
     0      0      0      0      0      0      0      0    156      0      0  11238      0      0      0      0      0      0      0      0      0      0      0      0      0      0      0      0 
     0      0      0      0      0      0      0      0    337      0      0      0      0      0      0      0      0      0      0      0      0      0      0      0      0      0      0      0 

     0      0      0      0      0      0      0      0      0      0      0      0      0      0      0      0      0      0      0      0      0      0      0      0      0      0      0      0 
     0      0      0      0      0      0      0      0      0      0      0      0      0      0      0      0      0      0      0      0      0      0      0      0      0      0      0      0 
     0      0      0      0      0      0      0      0      0      0      0      0      0      0      0      0      0      0      0      0      0      0      0      0      0      0      0      0 
     0      0      0      0      0      0      0      0      0      0      0      0      0      0      0      0      0      0      0      0      0      0      0      0      0      0      0      0 
     0      0      0      0      0      0      0      0      0      0      0      0      0      0      0      0      0      0      0      0      0      0      0      0      0      0      0      0 
     0      0      0      0      0      0      0      0      0      0      0      0      0      0      0      0      0      0      0      0      0      0      0      0      0      0      0      0 
     0      0      0      0      0      0      0      0    105      0     57      0      0      0      0      0      0      0      0      0      0      0      0      0      0      0      0      0 
     0      0      0      0      0      0      0      0      0      0      0      0      0      0      0      0      0      0      0    158     22      0      0      0      0      0      0      0 
     0      0      0      0      0      0      0      0      0      0      0      0      0      0      0      0      0      0      0      0      0      0      0      0      0      0      0      0 
     0      0      0      0    340      0      0      0      0      0   7387   7877      0      0      0      0      0   7496      0      0      0      0      0      0      0      0      0      0 
     0      0      0      0    122      0      0      0      0      0      0      0      0      0      0      0      0      0      0   7234      0      0      0      0      0      0      0      0 
     0      0      0      0      0      0      0      0      0     30      0      0      0      0      0      0      0      0      0   7412      0      0      0      0      0      0      0      0 
     0      0      0      0      0      0      0      0      0      0      0      0      0      0      0      0      0      0      0      0      0      0      0      0      0      0      0      0 
     0      0      0      0      0      0      0      0      0      0      0      0      0      0      0      0      0      0   7095      0      0      0      0      0      0      0      0      0 
     0      0      0      0      0      0      0      0      0      0      0      0      0      0      0      0      0      0      0      0      0      0      0      0      0      0      0      0 
     0      0      0      0      0      0      0      0      0      0      0      0      0      0      0      0      0   7277      0      0      0      0      0      0      0      0      0      0 
     0      0      0      0      0      0      0      0      0      0      0      0      0      0      0      0      0      0      0      0      0      0      0      0      0      0      0      0 
     0      0      0      0      0      0      0      0      0      0      0      0      0      0      0      0   7909      0      0      0      0      0      0      0      0      0      0      0 
     0      0      0      0      0      0      0      0      0      0      0      0      0      0      0      0      0      0      0      0      0      0      0      0      0      0      0      0 
     0      0      0      0      0      0      0      0      0      0      0      0      0      0      0   7524      0      0      0      0      0      0      0      0      0      0      0      0 
     0      0      0      0      0      0      0      0      0      0      0      0      0      0   7590      0      0      0      0      0      0      0      0      0      0      0      0      0 
     0      0      0      0      0      0      0      0      0      0      0      0      0   7713      0      0      0      0      0      0      0      0      0      0      0      0      0      0 
     0      0      0      0      0      0      0      0      0      0      0      0      0   7746      0      0      0      0      0      0      0      0      0      0      0      0      0      0 
     0      0      0      0      0      0      0      0      0      0      0      0   7518      0      0      0      0      0      0      0      0      0      0      0      0      0      0      0 
     0      0      0      0      0      0      0      0      0      0      0      0   6988      0      0      0      0      0      0      0      0      0      0      0      0      0      0      0 
     0      0      0      0      0      0      0      0      0      0      0   7378   6851      0      0      0      0      0      0      0      0      0      0      0      0      0      0      0 
     0      0      0      0      0      0      0      0    102      0      0   7367      0      0      0      0      0      0      0      0      0      0      0      0      0      0      0      0 
     0      0      0      0      0      0      0      0    221      0      0      0      0      0      0      0      0      0      0      0      0      0      0      0      0      0      0      0 

     0      0      0      0      0      0      0      0      0      0      0      0      0      0      0      0      0      0      0      0      0      0      0      0      0      0      0      0 
     0      0      0      0      0      0      0      0      0      0      0      0      0      0      0      0      0      0      0      0      0      0      0      0      0      0      0      0 
     0      0      0      0      0      0      0      0      0      0      0      0      0      0      0      0      0      0      0      0      0      0      0      0      0      0      0      0 
     0      0      0      0      0      0      0      0      0      0      0      0      0      0      0      0      0      0      0      0      0      0      0      0      0      0      0      0 
     0      0      0      0      0      0      0      0      0      0      0      0      0      0      0      0      0      0      0      0      0      0      0      0      0      0      0      0 
     0      0      0      0      0      0      0      0      0      0      0      0      0      0      0      0      0      0      0      0      0      0      0      0      0      0      0      0 
     0      0      0      0    509    701    147    360      0    114      0     46      0      0      0      0      0      0      0      0      0      0      0      0      0      0      0      0 
     0      0      0      0   1490   1808   3908   4500   4013   2674   1309    841    467    467    467    467    467    467    297      0      0     67      0      0      0      0      0      0 
     0      0      0      0    519   4769  10692  13083  12698  10867   8250   6107   5332   5150   5188   5163   5056   5307   5107   3892   1787    641      0      0      0      0      0      0 
     0      0      0      0      0   4901  11313  11937  12181  13425      0      0  13602  13378  13704  13649  13372      0  13801  12907   8447   2458      0      0      0      0      0      0 
     0      0      0      0      0   1045   3565   3525   3377   5108   7690  10363  10090  10306  11379  11378  11698  11527  13014      0  12003   3877      0      0      0      0      0      0 
     0      0      0      0      0      0      0      0      0      0    146   1699   1455   1487   2592   2751   4016   2807   8407      0   9706   2368      0      0      0      0      0      0 
     0      0      0      0      0      0      0      0      0      0      0      0      0      0      0    820   1307   4850  11211  13003   5525    375      0      0      0      0      0      0 
     0      0      0      0      0      0      0      0      0      0      0      0      0      0    358   1366   2152   8730      0   9800   2118      0      0      0      0      0      0      0 
     0      0      0      0      0      0      0      0      0      0      0      0      0      0    907   1634   6038  12209  13407   6439    916      0      0      0      0      0      0      0 
     0      0      0      0      0      0      0      0      0      0      0      0      0     54   1238   3049   9737      0   8388   1336      0      0      0      0      0      0      0      0 
     0      0      0      0      0      0      0      0      0      0      0      0      0    779    950   5075  11978  12373   4514    104      0      0      0      0      0      0      0      0 
     0      0      0      0      0      0      0      0      0      0      0      0    455   1335   1856   7811      0   8071   1208      0      0      0      0      0      0      0      0      0 
     0      0      0      0      0      0      0      0      0      0      0    115   1374   1434   6104  12233  12180   4295      0      0      0      0      0      0      0      0      0      0 
     0      0      0      0      0      0      0      0      0      0     18   1249    908   4489  10968      0   7713   1187      0      0      0      0      0      0      0      0      0      0 
     0      0      0      0      0      0      0      0      0      0    236   1677   3035   9136      0  11265   3768      0      0      0      0      0      0      0      0      0      0      0 
     0      0      0      0      0      0      0      0      0    187   1259    788   7218      0  13152   5982    729      0      0      0      0      0      0      0      0      0      0      0 
     0      0      0      0      0      0      0      0      0    860   1530   3965  10081      0   8010   1613      0      0      0      0      0      0      0      0      0      0      0      0 
     0      0      0      0      0      0      0      0    369   1292   2459   9948      0  10681   2944     21      0      0      0      0      0      0      0      0      0      0      0      0 
     0      0      0      0      0      0      0      0    839   1695   6442  13472      0   9372   1594      0      0      0      0      0      0      0      0      0      0      0      0      0 
     0      0      0      0      0      0      0      0    746   3407  10404      0      0   8850   1437      0      0      0      0      0      0      0      0      0      0      0      0      0 
     0      0      0      0      0      0      0      0      0   3696  11684      0  11831   5564    833      0      0      0      0      0      0      0      0      0      0      0      0      0 
     0      0      0      0      0      0      0      0      0   1732   7204   9593   4692    375      0      0      0      0      0      0      0      0      0      0      0      0      0      0 

     0      0      0      0      0      0      0      0      0      0      0      0      0      0      0      0      0      0      0      0      0      0      0      0      0      0      0      0 
     0      0      0      0      0      0      0      0      0      0      0      0      0      0      0      0      0      0      0      0      0      0      0      0      0      0      0      0 
     0      0      0      0      0      0      0      0      0      0      0      0      0      0      0      0      0      0      0      0      0      0      0      0      0      0      0      0 
     0      0      0      0      0      0      0      0      0      0      0      0      0      0      0      0      0      0      0      0      0      0      0      0      0      0      0      0 
     0      0      0      0      0      0      0      0      0      0      0      0      0      0      0      0      0      0      0      0      0      0      0      0      0      0      0      0 
     0      0      0      0      0      0      0      0      0      0      0      0      0      0      0      0      0      0      0      0      0      0      0      0      0      0      0      0 
     0      0      0      0      0      0      0      0    144      0     79      0      0      0      0      0      0      0      0      0      0      0      0      0      0      0      0      0 
     0      0      0      0      0      0      0      0      0      0      0      0      0      0      0      0      0      0      0    216     30      0      0      0      0      0      0      0 
     0      0      0      0      0      0      0      0      0      0      0      0      0      0      0      0      0      0      0      0      0      0      0      0      0      0      0      0 
     0      0      0      0    465      0      0      0      0      0  10110  10780      0      0      0      0      0  10259      0      0      0      0      0      0      0      0      0      0 
     0      0      0      0    167      0      0      0      0      0      0      0      0      0      0      0      0      0      0   9901      0      0      0      0      0      0      0      0 
     0      0      0      0      0      0      0      0      0     42      0      0      0      0      0      0      0      0      0  10144      0      0      0      0      0      0      0      0 
     0      0      0      0      0      0      0      0      0      0      0      0      0      0      0      0      0      0      0      0      0      0      0      0      0      0      0      0 
     0      0      0      0      0      0      0      0      0      0      0      0      0      0      0      0      0      0   9710      0      0      0      0      0      0      0      0      0 
     0      0      0      0      0      0      0      0      0      0      0      0      0      0      0      0      0      0      0      0      0      0      0      0      0      0      0      0 
     0      0      0      0      0      0      0      0      0      0      0      0      0      0      0      0      0   9959      0      0      0      0      0      0      0      0      0      0 
     0      0      0      0      0      0      0      0      0      0      0      0      0      0      0      0      0      0      0      0      0      0      0      0      0      0      0      0 
     0      0      0      0      0      0      0      0      0      0      0      0      0      0      0      0  10824      0      0      0      0      0      0      0      0      0      0      0 
     0      0      0      0      0      0      0      0      0      0      0      0      0      0      0      0      0      0      0      0      0      0      0      0      0      0      0      0 
     0      0      0      0      0      0      0      0      0      0      0      0      0      0      0  10297      0      0      0      0      0      0      0      0      0      0      0      0 
     0      0      0      0      0      0      0      0      0      0      0      0      0      0  10388      0      0      0      0      0      0      0      0      0      0      0      0      0 
     0      0      0      0      0      0      0      0      0      0      0      0      0  10555      0      0      0      0      0      0      0      0      0      0      0      0      0      0 
     0      0      0      0      0      0      0      0      0      0      0      0      0  10600      0      0      0      0      0      0      0      0      0      0      0      0      0      0 
     0      0      0      0      0      0      0      0      0      0      0      0  10289      0      0      0      0      0      0      0      0      0      0      0      0      0      0      0 
     0      0      0      0      0      0      0      0      0      0      0      0   9564      0      0      0      0      0      0      0      0      0      0      0      0      0      0      0 
     0      0      0      0      0      0      0      0      0      0      0  10098   9376      0      0      0      0      0      0      0      0      0      0      0      0      0      0      0 
     0      0      0      0      0      0      0      0    140      0      0  10082      0      0      0      0      0      0      0      0      0      0      0      0      0      0      0      0 
     0      0      0      0      0      0      0      0    303      0      0      0      0      0      0      0      0      0      0      0      0      0      0      0      0      0      0      0 

     0      0      0      0      0      0      0      0      0      0      0      0      0      0      0      0      0      0      0      0      0      0      0      0      0      0      0      0 
     0      0      0      0      0      0      0      0      0      0      0      0      0      0      0      0      0      0      0      0      0      0      0      0      0      0      0      0 
     0      0      0      0      0      0      0      0      0      0      0      0      0      0      0      0      0      0      0      0      0      0      0      0      0      0      0      0 
     0      0      0      0      0      0      0      0      0      0      0      0      0      0      0      0      0      0      0      0      0      0      0      0      0      0      0      0 
     0      0      0      0      0      0      0      0      0      0      0      0      0      0      0      0      0      0      0      0      0      0      0      0      0      0      0      0 
     0      0      0      0      0      0      0      0      0      0      0      0      0      0      0      0      0      0      0      0      0      0      0      0      0      0      0      0 
     0      0      0      0      0      0      0      0    176      0     97      0      0      0      0      0      0      0      0      0      0      0      0      0      0      0      0      0 
     0      0      0      0      0      0      0      0      0      0      0      0      0      0      0      0      0      0      0    265     37      0      0      0      0      0      0      0 
     0      0      0      0      0      0      0      0      0      0      0      0      0      0      0      0      0      0      0      0      0      0      0      0      0      0      0      0 
     0      0      0      0    570      0      0      0      0      0  12397  13219      0      0      0      0      0  12580      0      0      0      0      0      0      0      0      0      0 
     0      0      0      0    205      0      0      0      0      0      0      0      0      0      0      0      0      0      0  12141      0      0      0      0      0      0      0      0 
     0      0      0      0      0      0      0      0      0     51      0      0      0      0      0      0      0      0      0  12440      0      0      0      0      0      0      0      0 
     0      0      0      0      0      0      0      0      0      0      0      0      0      0      0      0      0      0      0      0      0      0      0      0      0      0      0      0 
     0      0      0      0      0      0      0      0      0      0      0      0      0      0      0      0      0      0  11907      0      0      0      0      0      0      0      0      0 
     0      0      0      0      0      0      0      0      0      0      0      0      0      0      0      0      0      0      0      0      0      0      0      0      0      0      0      0 
     0      0      0      0      0      0      0      0      0      0      0      0      0      0      0      0      0  12212      0      0      0      0      0      0      0      0      0      0 
     0      0      0      0      0      0      0      0      0      0      0      0      0      0      0      0      0      0      0      0      0      0      0      0      0      0      0      0 
     0      0      0      0      0      0      0      0      0      0      0      0      0      0      0      0  13273      0      0      0      0      0      0      0      0      0      0      0 
     0      0      0      0      0      0      0      0      0      0      0      0      0      0      0      0      0      0      0      0      0      0      0      0      0      0      0      0 
     0      0      0      0      0      0      0      0      0      0      0      0      0      0      0  12627      0      0      0      0      0      0      0      0      0      0      0      0 
     0      0      0      0      0      0      0      0      0      0      0      0      0      0  12738      0      0      0      0      0      0      0      0      0      0      0      0      0 
     0      0      0      0      0      0      0      0      0      0      0      0      0  12944      0      0      0      0      0      0      0      0      0      0      0      0      0      0 
     0      0      0      0      0      0      0      0      0      0      0      0      0  12999      0      0      0      0      0      0      0      0      0      0      0      0      0      0 
     0      0      0      0      0      0      0      0      0      0      0      0  12617      0      0      0      0      0      0      0      0      0      0      0      0      0      0      0 
     0      0      0      0      0      0      0      0      0      0      0      0  11728      0      0      0      0      0      0      0      0      0      0      0      0      0      0      0 
     0      0      0      0      0      0      0      0      0      0      0  12382  11497      0      0      0      0      0      0      0      0      0      0      0      0      0      0      0 
     0      0      0      0      0      0      0      0    172      0      0  12363      0      0      0      0      0      0      0      0      0      0      0      0      0      0      0      0 
     0      0      0      0      0      0      0      0    371      0      0      0      0      0      0      0      0      0      0      0      0      0      0      0      0      0      0 

INFO: [SIM 1] CSim done with 0 errors.
INFO: [SIM 3] *************** CSIM finish ***************
