

================================================================
== Vivado HLS Report for 'depthwise_conv2d_fix_1'
================================================================
* Date:           Tue Dec 31 13:49:11 2019

* Version:        2019.1 (Build 2552052 on Fri May 24 15:28:33 MDT 2019)
* Project:        HLS
* Solution:       solution1
* Product family: zynq
* Target device:  xc7z020-clg400-1


================================================================
== Performance Estimates
================================================================
+ Timing (ns): 
    * Summary: 
    +--------+-------+----------+------------+
    |  Clock | Target| Estimated| Uncertainty|
    +--------+-------+----------+------------+
    |ap_clk  |   6.67|     6.380|        1.67|
    +--------+-------+----------+------------+

+ Latency (clock cycles): 
    * Summary: 
    +------+------+------+------+---------+
    |   Latency   |   Interval  | Pipeline|
    |  min |  max |  min |  max |   Type  |
    +------+------+------+------+---------+
    |  1970|  7850|  1970|  7850|   none  |
    +------+------+------+------+---------+

    + Detail: 
        * Instance: 
        N/A

        * Loop: 
        +----------+------+------+----------+-----------+-----------+------------+----------+
        |          |   Latency   | Iteration|  Initiation Interval  |    Trip    |          |
        | Loop Name|  min |  max |  Latency |  achieved |   target  |    Count   | Pipelined|
        +----------+------+------+----------+-----------+-----------+------------+----------+
        |- Loop 1  |  1968|  7848|        14|          5|          1| 392 ~ 1568 |    yes   |
        +----------+------+------+----------+-----------+-----------+------------+----------+

============================================================
+ Verbose Summary: Synthesis Manager
============================================================
InlineROM: 1
ExposeGlobal: 0
============================================================
+ Verbose Summary: CDFG Model
============================================================
IsTopModel: 0
ResetActiveHigh: 1
IsCombinational: 0
IsDatapathOnly: 0
HasWiredReturn: 1
HasMFsm: 0
HasVarLatency: 1
IsPipeline: 0
IsRtlPipelined: 0
IsInstanceOverlapped: 0
IsDontTouch: 0
HasImplIP: 0
IsGatedGlobalClock: 0

+ Individual pipeline summary: 
  * Pipeline-0: initiation interval (II) = 5, depth = 14


============================================================
+ Verbose Summary: Schedule
============================================================
* Number of FSM states : 16
* Pipeline : 1
  Pipeline-0 : II = 5, D = 14, States = { 2 3 4 5 6 7 8 9 10 11 12 13 14 15 }
* Dataflow Pipeline: 0

* FSM state transitions: 
1 --> 2 
2 --> 3 
3 --> 16 4 
4 --> 5 
5 --> 6 
6 --> 7 
7 --> 8 
8 --> 9 
9 --> 10 
10 --> 11 
11 --> 12 
12 --> 13 
13 --> 14 
14 --> 15 
15 --> 2 
16 --> 

* FSM state operations: 

State 1 <SV = 0> <Delay = 2.34>
ST_1 : Operation 17 [1/1] (0.00ns)   --->   "%output_width_read = call i5 @_ssdm_op_Read.ap_auto.i5(i5 %output_width)" [../layers_c/depthwise_conv2d.cpp:4]   --->   Operation 17 'read' 'output_width_read' <Predicate = true> <Delay = 0.00>
ST_1 : Operation 18 [1/1] (0.00ns)   --->   "%output_height_read = call i5 @_ssdm_op_Read.ap_auto.i5(i5 %output_height)" [../layers_c/depthwise_conv2d.cpp:4]   --->   Operation 18 'read' 'output_height_read' <Predicate = true> <Delay = 0.00>
ST_1 : Operation 19 [1/1] (0.00ns)   --->   "%input_width_read = call i6 @_ssdm_op_Read.ap_auto.i6(i6 %input_width)" [../layers_c/depthwise_conv2d.cpp:4]   --->   Operation 19 'read' 'input_width_read' <Predicate = true> <Delay = 0.00>
ST_1 : Operation 20 [1/1] (0.00ns)   --->   "%input_height_read = call i6 @_ssdm_op_Read.ap_auto.i6(i6 %input_height)" [../layers_c/depthwise_conv2d.cpp:4]   --->   Operation 20 'read' 'input_height_read' <Predicate = true> <Delay = 0.00>
ST_1 : Operation 21 [1/1] (0.00ns)   --->   "%zext_ln40 = zext i6 %input_height_read to i7" [../layers_c/depthwise_conv2d.cpp:40]   --->   Operation 21 'zext' 'zext_ln40' <Predicate = true> <Delay = 0.00>
ST_1 : Operation 22 [1/1] (0.00ns)   --->   "%zext_ln40_1_cast14 = zext i6 %input_width_read to i11" [../layers_c/depthwise_conv2d.cpp:4]   --->   Operation 22 'zext' 'zext_ln40_1_cast14' <Predicate = true> <Delay = 0.00>
ST_1 : Operation 23 [1/1] (0.00ns)   --->   "%zext_ln48 = zext i5 %output_height_read to i7" [../layers_c/depthwise_conv2d.cpp:48]   --->   Operation 23 'zext' 'zext_ln48' <Predicate = true> <Delay = 0.00>
ST_1 : Operation 24 [1/1] (0.00ns)   --->   "%zext_ln48_1_cast = zext i5 %output_width_read to i11" [../layers_c/depthwise_conv2d.cpp:4]   --->   Operation 24 'zext' 'zext_ln48_1_cast' <Predicate = true> <Delay = 0.00>
ST_1 : Operation 25 [1/1] (0.00ns)   --->   "%empty = trunc i5 %output_width_read to i4" [../layers_c/depthwise_conv2d.cpp:4]   --->   Operation 25 'trunc' 'empty' <Predicate = true> <Delay = 0.00>
ST_1 : Operation 26 [1/1] (0.00ns)   --->   "%empty_59 = trunc i5 %output_height_read to i4" [../layers_c/depthwise_conv2d.cpp:4]   --->   Operation 26 'trunc' 'empty_59' <Predicate = true> <Delay = 0.00>
ST_1 : Operation 27 [1/1] (0.00ns)   --->   "%zext_ln4 = zext i4 %empty_59 to i8" [../layers_c/depthwise_conv2d.cpp:4]   --->   Operation 27 'zext' 'zext_ln4' <Predicate = true> <Delay = 0.00>
ST_1 : Operation 28 [1/1] (0.00ns)   --->   "%zext_ln4_2 = zext i4 %empty to i8" [../layers_c/depthwise_conv2d.cpp:4]   --->   Operation 28 'zext' 'zext_ln4_2' <Predicate = true> <Delay = 0.00>
ST_1 : Operation 29 [1/1] (2.34ns)   --->   "%mul_ln4 = mul i8 %zext_ln4, %zext_ln4_2" [../layers_c/depthwise_conv2d.cpp:4]   --->   Operation 29 'mul' 'mul_ln4' <Predicate = true> <Delay = 2.34> <Core = "Mul">   --->   Core 16 'Mul' <Latency = 0> <II = 1> <Delay = 2.34> <FuncUnit> <Opcode : 'mul'> <InPorts = 2> <OutPorts = 1>
ST_1 : Operation 30 [1/1] (0.00ns)   --->   "%tmp_2 = call i11 @_ssdm_op_BitConcatenate.i11.i8.i3(i8 %mul_ln4, i3 0)" [../layers_c/depthwise_conv2d.cpp:4]   --->   Operation 30 'bitconcatenate' 'tmp_2' <Predicate = true> <Delay = 0.00>
ST_1 : Operation 31 [1/1] (1.30ns)   --->   "%icmp_ln33 = icmp eq i4 %empty, 0" [../layers_c/depthwise_conv2d.cpp:33]   --->   Operation 31 'icmp' 'icmp_ln33' <Predicate = true> <Delay = 1.30> <Core = "Cmp">   --->   Core 25 'Cmp' <Latency = 0> <II = 1> <Delay = 1.30> <FuncUnit> <Opcode : 'icmp'> <InPorts = 2> <OutPorts = 1>
ST_1 : Operation 32 [1/1] (1.76ns)   --->   "br label %.preheader5" [../layers_c/depthwise_conv2d.cpp:23]   --->   Operation 32 'br' <Predicate = true> <Delay = 1.76>

State 2 <SV = 1> <Delay = 4.74>
ST_2 : Operation 33 [1/1] (0.00ns)   --->   "%indvar_flatten48 = phi i11 [ 0, %0 ], [ %add_ln23, %hls_label_2 ]" [../layers_c/depthwise_conv2d.cpp:23]   --->   Operation 33 'phi' 'indvar_flatten48' <Predicate = true> <Delay = 0.00>
ST_2 : Operation 34 [1/1] (0.00ns)   --->   "%out_d_0 = phi i4 [ 0, %0 ], [ %select_ln24_9, %hls_label_2 ]" [../layers_c/depthwise_conv2d.cpp:24]   --->   Operation 34 'phi' 'out_d_0' <Predicate = true> <Delay = 0.00>
ST_2 : Operation 35 [1/1] (0.00ns)   --->   "%indvar_flatten = phi i8 [ 0, %0 ], [ %select_ln32_14, %hls_label_2 ]" [../layers_c/depthwise_conv2d.cpp:32]   --->   Operation 35 'phi' 'indvar_flatten' <Predicate = true> <Delay = 0.00>
ST_2 : Operation 36 [1/1] (0.00ns)   --->   "%zext_ln48_2 = zext i4 %out_d_0 to i7" [../layers_c/depthwise_conv2d.cpp:48]   --->   Operation 36 'zext' 'zext_ln48_2' <Predicate = true> <Delay = 0.00>
ST_2 : Operation 37 [1/1] (0.00ns)   --->   "%zext_ln27 = zext i4 %out_d_0 to i6" [../layers_c/depthwise_conv2d.cpp:27]   --->   Operation 37 'zext' 'zext_ln27' <Predicate = true> <Delay = 0.00>
ST_2 : Operation 38 [1/1] (0.00ns)   --->   "%trunc_ln27 = trunc i4 %out_d_0 to i3" [../layers_c/depthwise_conv2d.cpp:27]   --->   Operation 38 'trunc' 'trunc_ln27' <Predicate = true> <Delay = 0.00>
ST_2 : Operation 39 [1/1] (0.00ns)   --->   "%shl_ln = call i6 @_ssdm_op_BitConcatenate.i6.i3.i3(i3 %trunc_ln27, i3 0)" [../layers_c/depthwise_conv2d.cpp:27]   --->   Operation 39 'bitconcatenate' 'shl_ln' <Predicate = true> <Delay = 0.00>
ST_2 : Operation 40 [1/1] (1.82ns)   --->   "%add_ln27 = add i6 %zext_ln27, %shl_ln" [../layers_c/depthwise_conv2d.cpp:27]   --->   Operation 40 'add' 'add_ln27' <Predicate = true> <Delay = 1.82> <Core = "AddSub">   --->   Core 14 'AddSub' <Latency = 0> <II = 1> <Delay = 1.91> <FuncUnit> <Opcode : 'add' 'sub'> <InPorts = 2> <OutPorts = 1>
ST_2 : Operation 41 [1/1] (3.78ns)   --->   "%mul_ln40 = mul i7 %zext_ln48_2, %zext_ln40" [../layers_c/depthwise_conv2d.cpp:40]   --->   Operation 41 'mul' 'mul_ln40' <Predicate = true> <Delay = 3.78> <Core = "Mul">   --->   Core 16 'Mul' <Latency = 0> <II = 1> <Delay = 2.34> <FuncUnit> <Opcode : 'mul'> <InPorts = 2> <OutPorts = 1>
ST_2 : Operation 42 [1/1] (3.49ns)   --->   "%mul_ln48 = mul i7 %zext_ln48_2, %zext_ln48" [../layers_c/depthwise_conv2d.cpp:48]   --->   Operation 42 'mul' 'mul_ln48' <Predicate = true> <Delay = 3.49> <Core = "Mul">   --->   Core 16 'Mul' <Latency = 0> <II = 1> <Delay = 2.34> <FuncUnit> <Opcode : 'mul'> <InPorts = 2> <OutPorts = 1>
ST_2 : Operation 43 [1/1] (1.88ns)   --->   "%icmp_ln23 = icmp eq i11 %indvar_flatten48, %tmp_2" [../layers_c/depthwise_conv2d.cpp:23]   --->   Operation 43 'icmp' 'icmp_ln23' <Predicate = true> <Delay = 1.88> <Core = "Cmp">   --->   Core 25 'Cmp' <Latency = 0> <II = 1> <Delay = 1.30> <FuncUnit> <Opcode : 'icmp'> <InPorts = 2> <OutPorts = 1>
ST_2 : Operation 44 [1/1] (1.73ns)   --->   "%out_d = add i4 1, %out_d_0" [../layers_c/depthwise_conv2d.cpp:23]   --->   Operation 44 'add' 'out_d' <Predicate = (!icmp_ln23)> <Delay = 1.73> <Core = "AddSub">   --->   Core 14 'AddSub' <Latency = 0> <II = 1> <Delay = 1.91> <FuncUnit> <Opcode : 'add' 'sub'> <InPorts = 2> <OutPorts = 1>
ST_2 : Operation 45 [1/1] (1.55ns)   --->   "%icmp_ln32 = icmp eq i8 %indvar_flatten, %mul_ln4" [../layers_c/depthwise_conv2d.cpp:32]   --->   Operation 45 'icmp' 'icmp_ln32' <Predicate = (!icmp_ln23)> <Delay = 1.55> <Core = "Cmp">   --->   Core 25 'Cmp' <Latency = 0> <II = 1> <Delay = 1.30> <FuncUnit> <Opcode : 'icmp'> <InPorts = 2> <OutPorts = 1>
ST_2 : Operation 46 [1/1] (0.00ns)   --->   "%zext_ln27_4 = zext i4 %out_d to i6" [../layers_c/depthwise_conv2d.cpp:27]   --->   Operation 46 'zext' 'zext_ln27_4' <Predicate = (!icmp_ln23)> <Delay = 0.00>
ST_2 : Operation 47 [1/1] (0.00ns)   --->   "%trunc_ln27_2 = trunc i4 %out_d to i3" [../layers_c/depthwise_conv2d.cpp:27]   --->   Operation 47 'trunc' 'trunc_ln27_2' <Predicate = (!icmp_ln23)> <Delay = 0.00>
ST_2 : Operation 48 [1/1] (0.00ns)   --->   "%shl_ln27_mid1 = call i6 @_ssdm_op_BitConcatenate.i6.i3.i3(i3 %trunc_ln27_2, i3 0)" [../layers_c/depthwise_conv2d.cpp:27]   --->   Operation 48 'bitconcatenate' 'shl_ln27_mid1' <Predicate = (!icmp_ln23)> <Delay = 0.00>
ST_2 : Operation 49 [1/1] (1.82ns)   --->   "%add_ln27_2 = add i6 %zext_ln27_4, %shl_ln27_mid1" [../layers_c/depthwise_conv2d.cpp:27]   --->   Operation 49 'add' 'add_ln27_2' <Predicate = (!icmp_ln23)> <Delay = 1.82> <Core = "AddSub">   --->   Core 14 'AddSub' <Latency = 0> <II = 1> <Delay = 1.91> <FuncUnit> <Opcode : 'add' 'sub'> <InPorts = 2> <OutPorts = 1>
ST_2 : Operation 50 [1/1] (1.18ns)   --->   "%select_ln24_8 = select i1 %icmp_ln32, i6 %add_ln27_2, i6 %add_ln27" [../layers_c/depthwise_conv2d.cpp:24]   --->   Operation 50 'select' 'select_ln24_8' <Predicate = (!icmp_ln23)> <Delay = 1.18> <Core = "Sel">   --->   Core 26 'Sel' <Latency = 0> <II = 1> <Delay = 1.24> <FuncUnit> <Opcode : 'select'> <InPorts = 3> <OutPorts = 1>

State 3 <SV = 2> <Delay = 3.78>
ST_3 : Operation 51 [1/1] (0.00ns)   --->   "%out_h_0 = phi i4 [ 0, %0 ], [ %select_ln32, %hls_label_2 ]" [../layers_c/depthwise_conv2d.cpp:32]   --->   Operation 51 'phi' 'out_h_0' <Predicate = true> <Delay = 0.00>
ST_3 : Operation 52 [1/1] (0.00ns)   --->   "%out_w_0 = phi i4 [ 0, %0 ], [ %out_w, %hls_label_2 ]"   --->   Operation 52 'phi' 'out_w_0' <Predicate = true> <Delay = 0.00>
ST_3 : Operation 53 [1/1] (0.00ns)   --->   "call void (...)* @_ssdm_op_SpecPipeline(i32 -1, i32 1, i32 1, i32 0, [1 x i8]* @p_str127) nounwind" [../layers_c/depthwise_conv2d.cpp:24]   --->   Operation 53 'specpipeline' <Predicate = true> <Delay = 0.00>
ST_3 : Operation 54 [1/1] (0.00ns)   --->   "%zext_ln40_2_cast = zext i4 %out_h_0 to i7" [../layers_c/depthwise_conv2d.cpp:32]   --->   Operation 54 'zext' 'zext_ln40_2_cast' <Predicate = true> <Delay = 0.00>
ST_3 : Operation 55 [1/1] (1.87ns)   --->   "%tmp_0_0 = add i7 %zext_ln40_2_cast, %mul_ln40" [../layers_c/depthwise_conv2d.cpp:32]   --->   Operation 55 'add' 'tmp_0_0' <Predicate = (!icmp_ln32)> <Delay = 1.87> <Core = "AddSub">   --->   Core 14 'AddSub' <Latency = 0> <II = 1> <Delay = 1.91> <FuncUnit> <Opcode : 'add' 'sub'> <InPorts = 2> <OutPorts = 1>
ST_3 : Operation 56 [1/1] (1.87ns)   --->   "%tmp11 = add i7 %zext_ln40_2_cast, %mul_ln48" [../layers_c/depthwise_conv2d.cpp:32]   --->   Operation 56 'add' 'tmp11' <Predicate = (!icmp_ln32)> <Delay = 1.87> <Core = "AddSub">   --->   Core 14 'AddSub' <Latency = 0> <II = 1> <Delay = 1.91> <FuncUnit> <Opcode : 'add' 'sub'> <InPorts = 2> <OutPorts = 1>
ST_3 : Operation 57 [1/1] (1.63ns)   --->   "%add_ln23 = add i11 1, %indvar_flatten48" [../layers_c/depthwise_conv2d.cpp:23]   --->   Operation 57 'add' 'add_ln23' <Predicate = true> <Delay = 1.63> <Core = "AddSub">   --->   Core 14 'AddSub' <Latency = 0> <II = 1> <Delay = 1.91> <FuncUnit> <Opcode : 'add' 'sub'> <InPorts = 2> <OutPorts = 1>
ST_3 : Operation 58 [1/1] (0.00ns)   --->   "br i1 %icmp_ln23, label %1, label %hls_label_2" [../layers_c/depthwise_conv2d.cpp:23]   --->   Operation 58 'br' <Predicate = true> <Delay = 0.00>
ST_3 : Operation 59 [1/1] (1.02ns)   --->   "%select_ln24 = select i1 %icmp_ln32, i4 0, i4 %out_h_0" [../layers_c/depthwise_conv2d.cpp:24]   --->   Operation 59 'select' 'select_ln24' <Predicate = (!icmp_ln23)> <Delay = 1.02> <Core = "Sel">   --->   Core 26 'Sel' <Latency = 0> <II = 1> <Delay = 1.24> <FuncUnit> <Opcode : 'select'> <InPorts = 3> <OutPorts = 1>
ST_3 : Operation 60 [1/1] (0.00ns)   --->   "%zext_ln48_4 = zext i4 %out_d to i7" [../layers_c/depthwise_conv2d.cpp:48]   --->   Operation 60 'zext' 'zext_ln48_4' <Predicate = (!icmp_ln23)> <Delay = 0.00>
ST_3 : Operation 61 [1/1] (0.00ns)   --->   "%zext_ln24 = zext i6 %select_ln24_8 to i64" [../layers_c/depthwise_conv2d.cpp:24]   --->   Operation 61 'zext' 'zext_ln24' <Predicate = (!icmp_ln23)> <Delay = 0.00>
ST_3 : Operation 62 [1/1] (0.00ns)   --->   "%kernel_addr = getelementptr [72 x i16]* %kernel, i64 0, i64 %zext_ln24" [../layers_c/depthwise_conv2d.cpp:27]   --->   Operation 62 'getelementptr' 'kernel_addr' <Predicate = (!icmp_ln23)> <Delay = 0.00>
ST_3 : Operation 63 [2/2] (3.25ns)   --->   "%kernel_load = load i16* %kernel_addr, align 2" [../layers_c/depthwise_conv2d.cpp:24]   --->   Operation 63 'load' 'kernel_load' <Predicate = (!icmp_ln23)> <Delay = 3.25> <Core = "RAM">   --->   Core 37 'RAM' <Latency = 1> <II = 1> <Delay = 3.25> <Storage> <Opcode : 'load' 'store'> <Ports = 2> <Width = 16> <Depth = 14400> <RAM>
ST_3 : Operation 64 [1/1] (0.00ns)   --->   "%zext_ln24_19 = zext i6 %select_ln24_8 to i7" [../layers_c/depthwise_conv2d.cpp:24]   --->   Operation 64 'zext' 'zext_ln24_19' <Predicate = (!icmp_ln23)> <Delay = 0.00>
ST_3 : Operation 65 [1/1] (1.82ns)   --->   "%add_ln24_8 = add i7 2, %zext_ln24_19" [../layers_c/depthwise_conv2d.cpp:24]   --->   Operation 65 'add' 'add_ln24_8' <Predicate = (!icmp_ln23)> <Delay = 1.82> <Core = "AddSub">   --->   Core 14 'AddSub' <Latency = 0> <II = 1> <Delay = 1.91> <FuncUnit> <Opcode : 'add' 'sub'> <InPorts = 2> <OutPorts = 1>
ST_3 : Operation 66 [1/1] (1.82ns)   --->   "%add_ln24_9 = add i7 3, %zext_ln24_19" [../layers_c/depthwise_conv2d.cpp:24]   --->   Operation 66 'add' 'add_ln24_9' <Predicate = (!icmp_ln23)> <Delay = 1.82> <Core = "AddSub">   --->   Core 14 'AddSub' <Latency = 0> <II = 1> <Delay = 1.91> <FuncUnit> <Opcode : 'add' 'sub'> <InPorts = 2> <OutPorts = 1>
ST_3 : Operation 67 [1/1] (3.78ns)   --->   "%mul_ln40_18 = mul i7 %zext_ln48_4, %zext_ln40" [../layers_c/depthwise_conv2d.cpp:40]   --->   Operation 67 'mul' 'mul_ln40_18' <Predicate = (!icmp_ln23)> <Delay = 3.78> <Core = "Mul">   --->   Core 16 'Mul' <Latency = 0> <II = 1> <Delay = 2.34> <FuncUnit> <Opcode : 'mul'> <InPorts = 2> <OutPorts = 1>
ST_3 : Operation 68 [1/1] (3.49ns)   --->   "%mul_ln48_2 = mul i7 %zext_ln48_4, %zext_ln48" [../layers_c/depthwise_conv2d.cpp:48]   --->   Operation 68 'mul' 'mul_ln48_2' <Predicate = (!icmp_ln23)> <Delay = 3.49> <Core = "Mul">   --->   Core 16 'Mul' <Latency = 0> <II = 1> <Delay = 2.34> <FuncUnit> <Opcode : 'mul'> <InPorts = 2> <OutPorts = 1>
ST_3 : Operation 69 [1/1] (1.30ns)   --->   "%icmp_ln33_2 = icmp eq i4 %out_w_0, %empty" [../layers_c/depthwise_conv2d.cpp:33]   --->   Operation 69 'icmp' 'icmp_ln33_2' <Predicate = (!icmp_ln23 & !icmp_ln32)> <Delay = 1.30> <Core = "Cmp">   --->   Core 25 'Cmp' <Latency = 0> <II = 1> <Delay = 1.30> <FuncUnit> <Opcode : 'icmp'> <InPorts = 2> <OutPorts = 1>
ST_3 : Operation 70 [1/1] (0.99ns)   --->   "%select_ln24_14 = select i1 %icmp_ln32, i1 %icmp_ln33, i1 %icmp_ln33_2" [../layers_c/depthwise_conv2d.cpp:24]   --->   Operation 70 'select' 'select_ln24_14' <Predicate = (!icmp_ln23)> <Delay = 0.99> <Core = "Sel">   --->   Core 26 'Sel' <Latency = 0> <II = 1> <Delay = 1.24> <FuncUnit> <Opcode : 'select'> <InPorts = 3> <OutPorts = 1>
ST_3 : Operation 71 [1/1] (1.73ns)   --->   "%out_h = add i4 1, %select_ln24" [../layers_c/depthwise_conv2d.cpp:32]   --->   Operation 71 'add' 'out_h' <Predicate = (!icmp_ln23)> <Delay = 1.73> <Core = "AddSub">   --->   Core 14 'AddSub' <Latency = 0> <II = 1> <Delay = 1.91> <FuncUnit> <Opcode : 'add' 'sub'> <InPorts = 2> <OutPorts = 1>
ST_3 : Operation 72 [1/1] (0.00ns) (grouped into LUT with out node out_w_0_mid2)   --->   "%empty_61 = or i1 %select_ln24_14, %icmp_ln32" [../layers_c/depthwise_conv2d.cpp:24]   --->   Operation 72 'or' 'empty_61' <Predicate = (!icmp_ln23)> <Delay = 0.00> <Core = "LogicGate">   --->   Core 27 'LogicGate' <Latency = 0> <II = 1> <Delay = 0.97> <FuncUnit> <Opcode : 'and' 'or' 'xor'> <InPorts = 2> <OutPorts = 1>
ST_3 : Operation 73 [1/1] (1.02ns) (out node of the LUT)   --->   "%out_w_0_mid2 = select i1 %empty_61, i4 0, i4 %out_w_0" [../layers_c/depthwise_conv2d.cpp:24]   --->   Operation 73 'select' 'out_w_0_mid2' <Predicate = (!icmp_ln23)> <Delay = 1.02> <Core = "Sel">   --->   Core 26 'Sel' <Latency = 0> <II = 1> <Delay = 1.24> <FuncUnit> <Opcode : 'select'> <InPorts = 3> <OutPorts = 1>
ST_3 : Operation 74 [1/1] (1.91ns)   --->   "%add_ln32_2 = add i8 1, %indvar_flatten" [../layers_c/depthwise_conv2d.cpp:32]   --->   Operation 74 'add' 'add_ln32_2' <Predicate = (!icmp_ln23 & !icmp_ln32)> <Delay = 1.91> <Core = "AddSub">   --->   Core 14 'AddSub' <Latency = 0> <II = 1> <Delay = 1.91> <FuncUnit> <Opcode : 'add' 'sub'> <InPorts = 2> <OutPorts = 1>

State 4 <SV = 3> <Delay = 4.73>
ST_4 : Operation 75 [1/2] (3.25ns)   --->   "%kernel_load = load i16* %kernel_addr, align 2" [../layers_c/depthwise_conv2d.cpp:24]   --->   Operation 75 'load' 'kernel_load' <Predicate = (!icmp_ln23)> <Delay = 3.25> <Core = "RAM">   --->   Core 37 'RAM' <Latency = 1> <II = 1> <Delay = 3.25> <Storage> <Opcode : 'load' 'store'> <Ports = 2> <Width = 16> <Depth = 14400> <RAM>
ST_4 : Operation 76 [1/1] (1.82ns)   --->   "%add_ln24 = add i7 1, %zext_ln24_19" [../layers_c/depthwise_conv2d.cpp:24]   --->   Operation 76 'add' 'add_ln24' <Predicate = (!icmp_ln23)> <Delay = 1.82> <Core = "AddSub">   --->   Core 14 'AddSub' <Latency = 0> <II = 1> <Delay = 1.91> <FuncUnit> <Opcode : 'add' 'sub'> <InPorts = 2> <OutPorts = 1>
ST_4 : Operation 77 [1/1] (0.00ns)   --->   "%zext_ln24_11 = zext i7 %add_ln24_8 to i64" [../layers_c/depthwise_conv2d.cpp:24]   --->   Operation 77 'zext' 'zext_ln24_11' <Predicate = (!icmp_ln23)> <Delay = 0.00>
ST_4 : Operation 78 [1/1] (0.00ns)   --->   "%kernel_addr_10 = getelementptr [72 x i16]* %kernel, i64 0, i64 %zext_ln24_11" [../layers_c/depthwise_conv2d.cpp:27]   --->   Operation 78 'getelementptr' 'kernel_addr_10' <Predicate = (!icmp_ln23)> <Delay = 0.00>
ST_4 : Operation 79 [2/2] (3.25ns)   --->   "%kernel_load_10 = load i16* %kernel_addr_10, align 2" [../layers_c/depthwise_conv2d.cpp:24]   --->   Operation 79 'load' 'kernel_load_10' <Predicate = (!icmp_ln23)> <Delay = 3.25> <Core = "RAM">   --->   Core 37 'RAM' <Latency = 1> <II = 1> <Delay = 3.25> <Storage> <Opcode : 'load' 'store'> <Ports = 2> <Width = 16> <Depth = 14400> <RAM>
ST_4 : Operation 80 [1/1] (0.00ns)   --->   "%zext_ln24_12 = zext i7 %add_ln24_9 to i64" [../layers_c/depthwise_conv2d.cpp:24]   --->   Operation 80 'zext' 'zext_ln24_12' <Predicate = (!icmp_ln23)> <Delay = 0.00>
ST_4 : Operation 81 [1/1] (0.00ns)   --->   "%kernel_addr_11 = getelementptr [72 x i16]* %kernel, i64 0, i64 %zext_ln24_12" [../layers_c/depthwise_conv2d.cpp:27]   --->   Operation 81 'getelementptr' 'kernel_addr_11' <Predicate = (!icmp_ln23)> <Delay = 0.00>
ST_4 : Operation 82 [2/2] (3.25ns)   --->   "%kernel_load_11 = load i16* %kernel_addr_11, align 2" [../layers_c/depthwise_conv2d.cpp:24]   --->   Operation 82 'load' 'kernel_load_11' <Predicate = (!icmp_ln23)> <Delay = 3.25> <Core = "RAM">   --->   Core 37 'RAM' <Latency = 1> <II = 1> <Delay = 3.25> <Storage> <Opcode : 'load' 'store'> <Ports = 2> <Width = 16> <Depth = 14400> <RAM>
ST_4 : Operation 83 [1/1] (1.82ns)   --->   "%add_ln24_10 = add i7 4, %zext_ln24_19" [../layers_c/depthwise_conv2d.cpp:24]   --->   Operation 83 'add' 'add_ln24_10' <Predicate = (!icmp_ln23)> <Delay = 1.82> <Core = "AddSub">   --->   Core 14 'AddSub' <Latency = 0> <II = 1> <Delay = 1.91> <FuncUnit> <Opcode : 'add' 'sub'> <InPorts = 2> <OutPorts = 1>
ST_4 : Operation 84 [1/1] (0.00ns) (grouped into LUT with out node tmp_0_0_mid1)   --->   "%select_ln24_10 = select i1 %icmp_ln32, i7 %mul_ln40_18, i7 %mul_ln40" [../layers_c/depthwise_conv2d.cpp:24]   --->   Operation 84 'select' 'select_ln24_10' <Predicate = (!icmp_ln23 & select_ln24_14)> <Delay = 0.00> <Core = "Sel">   --->   Core 26 'Sel' <Latency = 0> <II = 1> <Delay = 1.24> <FuncUnit> <Opcode : 'select'> <InPorts = 3> <OutPorts = 1>
ST_4 : Operation 85 [1/1] (0.00ns) (grouped into LUT with out node tmp11_mid1)   --->   "%select_ln24_11 = select i1 %icmp_ln32, i7 %mul_ln48_2, i7 %mul_ln48" [../layers_c/depthwise_conv2d.cpp:24]   --->   Operation 85 'select' 'select_ln24_11' <Predicate = (!icmp_ln23 & select_ln24_14)> <Delay = 0.00> <Core = "Sel">   --->   Core 26 'Sel' <Latency = 0> <II = 1> <Delay = 1.24> <FuncUnit> <Opcode : 'select'> <InPorts = 3> <OutPorts = 1>
ST_4 : Operation 86 [1/1] (0.00ns) (grouped into LUT with out node tmp10_0_0_mid2_v_v)   --->   "%select_ln24_12 = select i1 %icmp_ln32, i7 %mul_ln40_18, i7 %tmp_0_0" [../layers_c/depthwise_conv2d.cpp:24]   --->   Operation 86 'select' 'select_ln24_12' <Predicate = (!icmp_ln23 & !select_ln24_14)> <Delay = 0.00> <Core = "Sel">   --->   Core 26 'Sel' <Latency = 0> <II = 1> <Delay = 1.24> <FuncUnit> <Opcode : 'select'> <InPorts = 3> <OutPorts = 1>
ST_4 : Operation 87 [1/1] (0.00ns) (grouped into LUT with out node tmp12_mid2_v_v)   --->   "%select_ln24_13 = select i1 %icmp_ln32, i7 %mul_ln48_2, i7 %tmp11" [../layers_c/depthwise_conv2d.cpp:24]   --->   Operation 87 'select' 'select_ln24_13' <Predicate = (!icmp_ln23 & !select_ln24_14)> <Delay = 0.00> <Core = "Sel">   --->   Core 26 'Sel' <Latency = 0> <II = 1> <Delay = 1.24> <FuncUnit> <Opcode : 'select'> <InPorts = 3> <OutPorts = 1>
ST_4 : Operation 88 [1/1] (0.00ns)   --->   "%zext_ln40_2_cast_mid = zext i4 %out_h to i7" [../layers_c/depthwise_conv2d.cpp:32]   --->   Operation 88 'zext' 'zext_ln40_2_cast_mid' <Predicate = (!icmp_ln23)> <Delay = 0.00>
ST_4 : Operation 89 [1/1] (1.87ns) (out node of the LUT)   --->   "%tmp_0_0_mid1 = add i7 %zext_ln40_2_cast_mid, %select_ln24_10" [../layers_c/depthwise_conv2d.cpp:32]   --->   Operation 89 'add' 'tmp_0_0_mid1' <Predicate = (!icmp_ln23 & select_ln24_14)> <Delay = 1.87> <Core = "AddSub">   --->   Core 14 'AddSub' <Latency = 0> <II = 1> <Delay = 1.91> <FuncUnit> <Opcode : 'add' 'sub'> <InPorts = 2> <OutPorts = 1>
ST_4 : Operation 90 [1/1] (0.99ns) (out node of the LUT)   --->   "%tmp10_0_0_mid2_v_v = select i1 %select_ln24_14, i7 %tmp_0_0_mid1, i7 %select_ln24_12" [../layers_c/depthwise_conv2d.cpp:24]   --->   Operation 90 'select' 'tmp10_0_0_mid2_v_v' <Predicate = (!icmp_ln23)> <Delay = 0.99> <Core = "Sel">   --->   Core 26 'Sel' <Latency = 0> <II = 1> <Delay = 1.24> <FuncUnit> <Opcode : 'select'> <InPorts = 3> <OutPorts = 1>
ST_4 : Operation 91 [1/1] (1.87ns)   --->   "%tmp10_1_0_mid2_v_v = add i7 1, %tmp10_0_0_mid2_v_v" [../layers_c/depthwise_conv2d.cpp:24]   --->   Operation 91 'add' 'tmp10_1_0_mid2_v_v' <Predicate = (!icmp_ln23)> <Delay = 1.87> <Core = "AddSub">   --->   Core 14 'AddSub' <Latency = 0> <II = 1> <Delay = 1.91> <FuncUnit> <Opcode : 'add' 'sub'> <InPorts = 2> <OutPorts = 1>
ST_4 : Operation 92 [1/1] (1.87ns) (out node of the LUT)   --->   "%tmp11_mid1 = add i7 %zext_ln40_2_cast_mid, %select_ln24_11" [../layers_c/depthwise_conv2d.cpp:32]   --->   Operation 92 'add' 'tmp11_mid1' <Predicate = (!icmp_ln23 & select_ln24_14)> <Delay = 1.87> <Core = "AddSub">   --->   Core 14 'AddSub' <Latency = 0> <II = 1> <Delay = 1.91> <FuncUnit> <Opcode : 'add' 'sub'> <InPorts = 2> <OutPorts = 1>
ST_4 : Operation 93 [1/1] (0.99ns) (out node of the LUT)   --->   "%tmp12_mid2_v_v = select i1 %select_ln24_14, i7 %tmp11_mid1, i7 %select_ln24_13" [../layers_c/depthwise_conv2d.cpp:24]   --->   Operation 93 'select' 'tmp12_mid2_v_v' <Predicate = (!icmp_ln23)> <Delay = 0.99> <Core = "Sel">   --->   Core 26 'Sel' <Latency = 0> <II = 1> <Delay = 1.24> <FuncUnit> <Opcode : 'select'> <InPorts = 3> <OutPorts = 1>

State 5 <SV = 4> <Delay = 3.74>
ST_5 : Operation 94 [1/1] (0.00ns)   --->   "%zext_ln24_10 = zext i7 %add_ln24 to i64" [../layers_c/depthwise_conv2d.cpp:24]   --->   Operation 94 'zext' 'zext_ln24_10' <Predicate = (!icmp_ln23)> <Delay = 0.00>
ST_5 : Operation 95 [1/1] (0.00ns)   --->   "%kernel_addr_9 = getelementptr [72 x i16]* %kernel, i64 0, i64 %zext_ln24_10" [../layers_c/depthwise_conv2d.cpp:27]   --->   Operation 95 'getelementptr' 'kernel_addr_9' <Predicate = (!icmp_ln23)> <Delay = 0.00>
ST_5 : Operation 96 [2/2] (3.25ns)   --->   "%kernel_load_9 = load i16* %kernel_addr_9, align 2" [../layers_c/depthwise_conv2d.cpp:24]   --->   Operation 96 'load' 'kernel_load_9' <Predicate = (!icmp_ln23)> <Delay = 3.25> <Core = "RAM">   --->   Core 37 'RAM' <Latency = 1> <II = 1> <Delay = 3.25> <Storage> <Opcode : 'load' 'store'> <Ports = 2> <Width = 16> <Depth = 14400> <RAM>
ST_5 : Operation 97 [1/2] (3.25ns)   --->   "%kernel_load_10 = load i16* %kernel_addr_10, align 2" [../layers_c/depthwise_conv2d.cpp:24]   --->   Operation 97 'load' 'kernel_load_10' <Predicate = (!icmp_ln23)> <Delay = 3.25> <Core = "RAM">   --->   Core 37 'RAM' <Latency = 1> <II = 1> <Delay = 3.25> <Storage> <Opcode : 'load' 'store'> <Ports = 2> <Width = 16> <Depth = 14400> <RAM>
ST_5 : Operation 98 [1/2] (3.25ns)   --->   "%kernel_load_11 = load i16* %kernel_addr_11, align 2" [../layers_c/depthwise_conv2d.cpp:24]   --->   Operation 98 'load' 'kernel_load_11' <Predicate = (!icmp_ln23)> <Delay = 3.25> <Core = "RAM">   --->   Core 37 'RAM' <Latency = 1> <II = 1> <Delay = 3.25> <Storage> <Opcode : 'load' 'store'> <Ports = 2> <Width = 16> <Depth = 14400> <RAM>
ST_5 : Operation 99 [1/1] (0.00ns)   --->   "%zext_ln24_13 = zext i7 %add_ln24_10 to i64" [../layers_c/depthwise_conv2d.cpp:24]   --->   Operation 99 'zext' 'zext_ln24_13' <Predicate = (!icmp_ln23)> <Delay = 0.00>
ST_5 : Operation 100 [1/1] (0.00ns)   --->   "%kernel_addr_12 = getelementptr [72 x i16]* %kernel, i64 0, i64 %zext_ln24_13" [../layers_c/depthwise_conv2d.cpp:27]   --->   Operation 100 'getelementptr' 'kernel_addr_12' <Predicate = (!icmp_ln23)> <Delay = 0.00>
ST_5 : Operation 101 [2/2] (3.25ns)   --->   "%kernel_load_12 = load i16* %kernel_addr_12, align 2" [../layers_c/depthwise_conv2d.cpp:24]   --->   Operation 101 'load' 'kernel_load_12' <Predicate = (!icmp_ln23)> <Delay = 3.25> <Core = "RAM">   --->   Core 37 'RAM' <Latency = 1> <II = 1> <Delay = 3.25> <Storage> <Opcode : 'load' 'store'> <Ports = 2> <Width = 16> <Depth = 14400> <RAM>
ST_5 : Operation 102 [1/1] (1.82ns)   --->   "%add_ln24_11 = add i7 5, %zext_ln24_19" [../layers_c/depthwise_conv2d.cpp:24]   --->   Operation 102 'add' 'add_ln24_11' <Predicate = (!icmp_ln23)> <Delay = 1.82> <Core = "AddSub">   --->   Core 14 'AddSub' <Latency = 0> <II = 1> <Delay = 1.91> <FuncUnit> <Opcode : 'add' 'sub'> <InPorts = 2> <OutPorts = 1>
ST_5 : Operation 103 [1/1] (1.82ns)   --->   "%add_ln24_12 = add i7 6, %zext_ln24_19" [../layers_c/depthwise_conv2d.cpp:24]   --->   Operation 103 'add' 'add_ln24_12' <Predicate = (!icmp_ln23)> <Delay = 1.82> <Core = "AddSub">   --->   Core 14 'AddSub' <Latency = 0> <II = 1> <Delay = 1.91> <FuncUnit> <Opcode : 'add' 'sub'> <InPorts = 2> <OutPorts = 1>
ST_5 : Operation 104 [1/1] (0.00ns)   --->   "%tmp10_0_0_mid2_v = zext i7 %tmp10_0_0_mid2_v_v to i11" [../layers_c/depthwise_conv2d.cpp:24]   --->   Operation 104 'zext' 'tmp10_0_0_mid2_v' <Predicate = (!icmp_ln23)> <Delay = 0.00>
ST_5 : Operation 105 [1/1] (3.74ns)   --->   "%tmp10_0_0_mid2 = mul i11 %zext_ln40_1_cast14, %tmp10_0_0_mid2_v" [../layers_c/depthwise_conv2d.cpp:4]   --->   Operation 105 'mul' 'tmp10_0_0_mid2' <Predicate = (!icmp_ln23)> <Delay = 3.74> <Core = "Mul">   --->   Core 16 'Mul' <Latency = 0> <II = 1> <Delay = 2.34> <FuncUnit> <Opcode : 'mul'> <InPorts = 2> <OutPorts = 1>
ST_5 : Operation 106 [1/1] (0.00ns)   --->   "%tmp10_1_0_mid2_v = zext i7 %tmp10_1_0_mid2_v_v to i11" [../layers_c/depthwise_conv2d.cpp:24]   --->   Operation 106 'zext' 'tmp10_1_0_mid2_v' <Predicate = (!icmp_ln23)> <Delay = 0.00>
ST_5 : Operation 107 [1/1] (3.74ns)   --->   "%tmp10_1_0_mid2 = mul i11 %zext_ln40_1_cast14, %tmp10_1_0_mid2_v" [../layers_c/depthwise_conv2d.cpp:4]   --->   Operation 107 'mul' 'tmp10_1_0_mid2' <Predicate = (!icmp_ln23)> <Delay = 3.74> <Core = "Mul">   --->   Core 16 'Mul' <Latency = 0> <II = 1> <Delay = 2.34> <FuncUnit> <Opcode : 'mul'> <InPorts = 2> <OutPorts = 1>
ST_5 : Operation 108 [1/1] (1.87ns)   --->   "%tmp10_2_0_mid2_v_v = add i7 2, %tmp10_0_0_mid2_v_v" [../layers_c/depthwise_conv2d.cpp:24]   --->   Operation 108 'add' 'tmp10_2_0_mid2_v_v' <Predicate = (!icmp_ln23)> <Delay = 1.87> <Core = "AddSub">   --->   Core 14 'AddSub' <Latency = 0> <II = 1> <Delay = 1.91> <FuncUnit> <Opcode : 'add' 'sub'> <InPorts = 2> <OutPorts = 1>
ST_5 : Operation 109 [1/1] (1.73ns)   --->   "%add_ln40_13 = add i4 2, %out_w_0_mid2" [../layers_c/depthwise_conv2d.cpp:40]   --->   Operation 109 'add' 'add_ln40_13' <Predicate = (!icmp_ln23)> <Delay = 1.73> <Core = "AddSub">   --->   Core 14 'AddSub' <Latency = 0> <II = 1> <Delay = 1.91> <FuncUnit> <Opcode : 'add' 'sub'> <InPorts = 2> <OutPorts = 1>

State 6 <SV = 5> <Delay = 4.89>
ST_6 : Operation 110 [1/2] (3.25ns)   --->   "%kernel_load_9 = load i16* %kernel_addr_9, align 2" [../layers_c/depthwise_conv2d.cpp:24]   --->   Operation 110 'load' 'kernel_load_9' <Predicate = (!icmp_ln23)> <Delay = 3.25> <Core = "RAM">   --->   Core 37 'RAM' <Latency = 1> <II = 1> <Delay = 3.25> <Storage> <Opcode : 'load' 'store'> <Ports = 2> <Width = 16> <Depth = 14400> <RAM>
ST_6 : Operation 111 [1/2] (3.25ns)   --->   "%kernel_load_12 = load i16* %kernel_addr_12, align 2" [../layers_c/depthwise_conv2d.cpp:24]   --->   Operation 111 'load' 'kernel_load_12' <Predicate = (!icmp_ln23)> <Delay = 3.25> <Core = "RAM">   --->   Core 37 'RAM' <Latency = 1> <II = 1> <Delay = 3.25> <Storage> <Opcode : 'load' 'store'> <Ports = 2> <Width = 16> <Depth = 14400> <RAM>
ST_6 : Operation 112 [1/1] (0.00ns)   --->   "%zext_ln24_14 = zext i7 %add_ln24_11 to i64" [../layers_c/depthwise_conv2d.cpp:24]   --->   Operation 112 'zext' 'zext_ln24_14' <Predicate = (!icmp_ln23)> <Delay = 0.00>
ST_6 : Operation 113 [1/1] (0.00ns)   --->   "%kernel_addr_13 = getelementptr [72 x i16]* %kernel, i64 0, i64 %zext_ln24_14" [../layers_c/depthwise_conv2d.cpp:27]   --->   Operation 113 'getelementptr' 'kernel_addr_13' <Predicate = (!icmp_ln23)> <Delay = 0.00>
ST_6 : Operation 114 [2/2] (3.25ns)   --->   "%kernel_load_13 = load i16* %kernel_addr_13, align 2" [../layers_c/depthwise_conv2d.cpp:24]   --->   Operation 114 'load' 'kernel_load_13' <Predicate = (!icmp_ln23)> <Delay = 3.25> <Core = "RAM">   --->   Core 37 'RAM' <Latency = 1> <II = 1> <Delay = 3.25> <Storage> <Opcode : 'load' 'store'> <Ports = 2> <Width = 16> <Depth = 14400> <RAM>
ST_6 : Operation 115 [1/1] (0.00ns)   --->   "%zext_ln24_15 = zext i7 %add_ln24_12 to i64" [../layers_c/depthwise_conv2d.cpp:24]   --->   Operation 115 'zext' 'zext_ln24_15' <Predicate = (!icmp_ln23)> <Delay = 0.00>
ST_6 : Operation 116 [1/1] (0.00ns)   --->   "%kernel_addr_14 = getelementptr [72 x i16]* %kernel, i64 0, i64 %zext_ln24_15" [../layers_c/depthwise_conv2d.cpp:27]   --->   Operation 116 'getelementptr' 'kernel_addr_14' <Predicate = (!icmp_ln23)> <Delay = 0.00>
ST_6 : Operation 117 [2/2] (3.25ns)   --->   "%kernel_load_14 = load i16* %kernel_addr_14, align 2" [../layers_c/depthwise_conv2d.cpp:24]   --->   Operation 117 'load' 'kernel_load_14' <Predicate = (!icmp_ln23)> <Delay = 3.25> <Core = "RAM">   --->   Core 37 'RAM' <Latency = 1> <II = 1> <Delay = 3.25> <Storage> <Opcode : 'load' 'store'> <Ports = 2> <Width = 16> <Depth = 14400> <RAM>
ST_6 : Operation 118 [1/1] (1.82ns)   --->   "%add_ln24_13 = add i7 7, %zext_ln24_19" [../layers_c/depthwise_conv2d.cpp:24]   --->   Operation 118 'add' 'add_ln24_13' <Predicate = (!icmp_ln23)> <Delay = 1.82> <Core = "AddSub">   --->   Core 14 'AddSub' <Latency = 0> <II = 1> <Delay = 1.91> <FuncUnit> <Opcode : 'add' 'sub'> <InPorts = 2> <OutPorts = 1>
ST_6 : Operation 119 [1/1] (1.82ns)   --->   "%add_ln24_14 = add i7 8, %zext_ln24_19" [../layers_c/depthwise_conv2d.cpp:24]   --->   Operation 119 'add' 'add_ln24_14' <Predicate = (!icmp_ln23)> <Delay = 1.82> <Core = "AddSub">   --->   Core 14 'AddSub' <Latency = 0> <II = 1> <Delay = 1.91> <FuncUnit> <Opcode : 'add' 'sub'> <InPorts = 2> <OutPorts = 1>
ST_6 : Operation 120 [1/1] (1.02ns)   --->   "%select_ln24_9 = select i1 %icmp_ln32, i4 %out_d, i4 %out_d_0" [../layers_c/depthwise_conv2d.cpp:24]   --->   Operation 120 'select' 'select_ln24_9' <Predicate = (!icmp_ln23)> <Delay = 1.02> <Core = "Sel">   --->   Core 26 'Sel' <Latency = 0> <II = 1> <Delay = 1.24> <FuncUnit> <Opcode : 'select'> <InPorts = 3> <OutPorts = 1>
ST_6 : Operation 121 [1/1] (0.00ns)   --->   "%tmp10_2_0_mid2_v = zext i7 %tmp10_2_0_mid2_v_v to i11" [../layers_c/depthwise_conv2d.cpp:24]   --->   Operation 121 'zext' 'tmp10_2_0_mid2_v' <Predicate = (!icmp_ln23)> <Delay = 0.00>
ST_6 : Operation 122 [1/1] (3.74ns)   --->   "%tmp10_2_0_mid2 = mul i11 %zext_ln40_1_cast14, %tmp10_2_0_mid2_v" [../layers_c/depthwise_conv2d.cpp:4]   --->   Operation 122 'mul' 'tmp10_2_0_mid2' <Predicate = (!icmp_ln23)> <Delay = 3.74> <Core = "Mul">   --->   Core 16 'Mul' <Latency = 0> <II = 1> <Delay = 2.34> <FuncUnit> <Opcode : 'mul'> <InPorts = 2> <OutPorts = 1>
ST_6 : Operation 123 [1/1] (0.00ns)   --->   "%zext_ln40_13 = zext i4 %out_w_0_mid2 to i11" [../layers_c/depthwise_conv2d.cpp:40]   --->   Operation 123 'zext' 'zext_ln40_13' <Predicate = (!icmp_ln23)> <Delay = 0.00>
ST_6 : Operation 124 [1/1] (1.63ns)   --->   "%add_ln40 = add i11 %zext_ln40_13, %tmp10_0_0_mid2" [../layers_c/depthwise_conv2d.cpp:40]   --->   Operation 124 'add' 'add_ln40' <Predicate = (!icmp_ln23)> <Delay = 1.63> <Core = "AddSub">   --->   Core 14 'AddSub' <Latency = 0> <II = 1> <Delay = 1.91> <FuncUnit> <Opcode : 'add' 'sub'> <InPorts = 2> <OutPorts = 1>
ST_6 : Operation 125 [1/1] (0.00ns)   --->   "%zext_ln40_14 = zext i11 %add_ln40 to i64" [../layers_c/depthwise_conv2d.cpp:40]   --->   Operation 125 'zext' 'zext_ln40_14' <Predicate = (!icmp_ln23)> <Delay = 0.00>
ST_6 : Operation 126 [1/1] (0.00ns)   --->   "%input_addr = getelementptr [14400 x i16]* %input_r, i64 0, i64 %zext_ln40_14" [../layers_c/depthwise_conv2d.cpp:40]   --->   Operation 126 'getelementptr' 'input_addr' <Predicate = (!icmp_ln23)> <Delay = 0.00>
ST_6 : Operation 127 [2/2] (3.25ns)   --->   "%input_load = load i16* %input_addr, align 2" [../layers_c/depthwise_conv2d.cpp:40]   --->   Operation 127 'load' 'input_load' <Predicate = (!icmp_ln23)> <Delay = 3.25> <Core = "RAM">   --->   Core 37 'RAM' <Latency = 1> <II = 1> <Delay = 3.25> <Storage> <Opcode : 'load' 'store'> <Ports = 2> <Width = 16> <Depth = 14400> <RAM>
ST_6 : Operation 128 [1/1] (1.73ns)   --->   "%out_w = add i4 1, %out_w_0_mid2" [../layers_c/depthwise_conv2d.cpp:40]   --->   Operation 128 'add' 'out_w' <Predicate = (!icmp_ln23)> <Delay = 1.73> <Core = "AddSub">   --->   Core 14 'AddSub' <Latency = 0> <II = 1> <Delay = 1.91> <FuncUnit> <Opcode : 'add' 'sub'> <InPorts = 2> <OutPorts = 1>
ST_6 : Operation 129 [1/1] (0.00ns)   --->   "%zext_ln40_17 = zext i4 %add_ln40_13 to i11" [../layers_c/depthwise_conv2d.cpp:40]   --->   Operation 129 'zext' 'zext_ln40_17' <Predicate = (!icmp_ln23)> <Delay = 0.00>
ST_6 : Operation 130 [1/1] (1.63ns)   --->   "%add_ln40_14 = add i11 %tmp10_0_0_mid2, %zext_ln40_17" [../layers_c/depthwise_conv2d.cpp:40]   --->   Operation 130 'add' 'add_ln40_14' <Predicate = (!icmp_ln23)> <Delay = 1.63> <Core = "AddSub">   --->   Core 14 'AddSub' <Latency = 0> <II = 1> <Delay = 1.91> <FuncUnit> <Opcode : 'add' 'sub'> <InPorts = 2> <OutPorts = 1>
ST_6 : Operation 131 [1/1] (0.00ns)   --->   "%zext_ln40_18 = zext i11 %add_ln40_14 to i64" [../layers_c/depthwise_conv2d.cpp:40]   --->   Operation 131 'zext' 'zext_ln40_18' <Predicate = (!icmp_ln23)> <Delay = 0.00>
ST_6 : Operation 132 [1/1] (0.00ns)   --->   "%input_addr_16 = getelementptr [14400 x i16]* %input_r, i64 0, i64 %zext_ln40_18" [../layers_c/depthwise_conv2d.cpp:40]   --->   Operation 132 'getelementptr' 'input_addr_16' <Predicate = (!icmp_ln23)> <Delay = 0.00>
ST_6 : Operation 133 [2/2] (3.25ns)   --->   "%input_load_16 = load i16* %input_addr_16, align 2" [../layers_c/depthwise_conv2d.cpp:40]   --->   Operation 133 'load' 'input_load_16' <Predicate = (!icmp_ln23)> <Delay = 3.25> <Core = "RAM">   --->   Core 37 'RAM' <Latency = 1> <II = 1> <Delay = 3.25> <Storage> <Opcode : 'load' 'store'> <Ports = 2> <Width = 16> <Depth = 14400> <RAM>
ST_6 : Operation 134 [1/1] (1.24ns)   --->   "%select_ln32_14 = select i1 %icmp_ln32, i8 1, i8 %add_ln32_2" [../layers_c/depthwise_conv2d.cpp:32]   --->   Operation 134 'select' 'select_ln32_14' <Predicate = (!icmp_ln23)> <Delay = 1.24> <Core = "Sel">   --->   Core 26 'Sel' <Latency = 0> <II = 1> <Delay = 1.24> <FuncUnit> <Opcode : 'select'> <InPorts = 3> <OutPorts = 1>

State 7 <SV = 6> <Delay = 6.38>
ST_7 : Operation 135 [1/2] (3.25ns)   --->   "%kernel_load_13 = load i16* %kernel_addr_13, align 2" [../layers_c/depthwise_conv2d.cpp:24]   --->   Operation 135 'load' 'kernel_load_13' <Predicate = (!icmp_ln23)> <Delay = 3.25> <Core = "RAM">   --->   Core 37 'RAM' <Latency = 1> <II = 1> <Delay = 3.25> <Storage> <Opcode : 'load' 'store'> <Ports = 2> <Width = 16> <Depth = 14400> <RAM>
ST_7 : Operation 136 [1/2] (3.25ns)   --->   "%kernel_load_14 = load i16* %kernel_addr_14, align 2" [../layers_c/depthwise_conv2d.cpp:24]   --->   Operation 136 'load' 'kernel_load_14' <Predicate = (!icmp_ln23)> <Delay = 3.25> <Core = "RAM">   --->   Core 37 'RAM' <Latency = 1> <II = 1> <Delay = 3.25> <Storage> <Opcode : 'load' 'store'> <Ports = 2> <Width = 16> <Depth = 14400> <RAM>
ST_7 : Operation 137 [1/1] (0.00ns)   --->   "%zext_ln24_16 = zext i7 %add_ln24_13 to i64" [../layers_c/depthwise_conv2d.cpp:24]   --->   Operation 137 'zext' 'zext_ln24_16' <Predicate = (!icmp_ln23)> <Delay = 0.00>
ST_7 : Operation 138 [1/1] (0.00ns)   --->   "%kernel_addr_15 = getelementptr [72 x i16]* %kernel, i64 0, i64 %zext_ln24_16" [../layers_c/depthwise_conv2d.cpp:27]   --->   Operation 138 'getelementptr' 'kernel_addr_15' <Predicate = (!icmp_ln23)> <Delay = 0.00>
ST_7 : Operation 139 [2/2] (3.25ns)   --->   "%kernel_load_15 = load i16* %kernel_addr_15, align 2" [../layers_c/depthwise_conv2d.cpp:24]   --->   Operation 139 'load' 'kernel_load_15' <Predicate = (!icmp_ln23)> <Delay = 3.25> <Core = "RAM">   --->   Core 37 'RAM' <Latency = 1> <II = 1> <Delay = 3.25> <Storage> <Opcode : 'load' 'store'> <Ports = 2> <Width = 16> <Depth = 14400> <RAM>
ST_7 : Operation 140 [1/1] (0.00ns)   --->   "%zext_ln24_17 = zext i7 %add_ln24_14 to i64" [../layers_c/depthwise_conv2d.cpp:24]   --->   Operation 140 'zext' 'zext_ln24_17' <Predicate = (!icmp_ln23)> <Delay = 0.00>
ST_7 : Operation 141 [1/1] (0.00ns)   --->   "%kernel_addr_16 = getelementptr [72 x i16]* %kernel, i64 0, i64 %zext_ln24_17" [../layers_c/depthwise_conv2d.cpp:27]   --->   Operation 141 'getelementptr' 'kernel_addr_16' <Predicate = (!icmp_ln23)> <Delay = 0.00>
ST_7 : Operation 142 [2/2] (3.25ns)   --->   "%kernel_load_16 = load i16* %kernel_addr_16, align 2" [../layers_c/depthwise_conv2d.cpp:24]   --->   Operation 142 'load' 'kernel_load_16' <Predicate = (!icmp_ln23)> <Delay = 3.25> <Core = "RAM">   --->   Core 37 'RAM' <Latency = 1> <II = 1> <Delay = 3.25> <Storage> <Opcode : 'load' 'store'> <Ports = 2> <Width = 16> <Depth = 14400> <RAM>
ST_7 : Operation 143 [1/1] (0.00ns)   --->   "%tmp12_mid2_v = zext i7 %tmp12_mid2_v_v to i11" [../layers_c/depthwise_conv2d.cpp:24]   --->   Operation 143 'zext' 'tmp12_mid2_v' <Predicate = (!icmp_ln23)> <Delay = 0.00>
ST_7 : Operation 144 [1/1] (3.36ns) (grouped into DSP with root node add_ln48)   --->   "%tmp12_mid2 = mul i11 %zext_ln48_1_cast, %tmp12_mid2_v" [../layers_c/depthwise_conv2d.cpp:4]   --->   Operation 144 'mul' 'tmp12_mid2' <Predicate = (!icmp_ln23)> <Delay = 3.36> <Core = "DSP48">   --->   Core 88 'DSP48' <Latency = 0> <II = 1> <Delay = 6.38> <IPBlock> <Opcode : 'mul' 'add' 'sub' 'select'> <InPorts = 0> <OutPorts = 1> <Sync> <CReg>
ST_7 : Operation 145 [1/1] (1.02ns)   --->   "%select_ln32 = select i1 %select_ln24_14, i4 %out_h, i4 %select_ln24" [../layers_c/depthwise_conv2d.cpp:32]   --->   Operation 145 'select' 'select_ln32' <Predicate = (!icmp_ln23)> <Delay = 1.02> <Core = "Sel">   --->   Core 26 'Sel' <Latency = 0> <II = 1> <Delay = 1.24> <FuncUnit> <Opcode : 'select'> <InPorts = 3> <OutPorts = 1>
ST_7 : Operation 146 [1/2] (3.25ns)   --->   "%input_load = load i16* %input_addr, align 2" [../layers_c/depthwise_conv2d.cpp:40]   --->   Operation 146 'load' 'input_load' <Predicate = (!icmp_ln23)> <Delay = 3.25> <Core = "RAM">   --->   Core 37 'RAM' <Latency = 1> <II = 1> <Delay = 3.25> <Storage> <Opcode : 'load' 'store'> <Ports = 2> <Width = 16> <Depth = 14400> <RAM>
ST_7 : Operation 147 [1/1] (0.00ns)   --->   "%zext_ln40_15 = zext i4 %out_w to i11" [../layers_c/depthwise_conv2d.cpp:40]   --->   Operation 147 'zext' 'zext_ln40_15' <Predicate = (!icmp_ln23)> <Delay = 0.00>
ST_7 : Operation 148 [1/1] (1.63ns)   --->   "%add_ln40_12 = add i11 %tmp10_0_0_mid2, %zext_ln40_15" [../layers_c/depthwise_conv2d.cpp:40]   --->   Operation 148 'add' 'add_ln40_12' <Predicate = (!icmp_ln23)> <Delay = 1.63> <Core = "AddSub">   --->   Core 14 'AddSub' <Latency = 0> <II = 1> <Delay = 1.91> <FuncUnit> <Opcode : 'add' 'sub'> <InPorts = 2> <OutPorts = 1>
ST_7 : Operation 149 [1/1] (0.00ns)   --->   "%zext_ln40_16 = zext i11 %add_ln40_12 to i64" [../layers_c/depthwise_conv2d.cpp:40]   --->   Operation 149 'zext' 'zext_ln40_16' <Predicate = (!icmp_ln23)> <Delay = 0.00>
ST_7 : Operation 150 [1/1] (0.00ns)   --->   "%input_addr_15 = getelementptr [14400 x i16]* %input_r, i64 0, i64 %zext_ln40_16" [../layers_c/depthwise_conv2d.cpp:40]   --->   Operation 150 'getelementptr' 'input_addr_15' <Predicate = (!icmp_ln23)> <Delay = 0.00>
ST_7 : Operation 151 [2/2] (3.25ns)   --->   "%input_load_15 = load i16* %input_addr_15, align 2" [../layers_c/depthwise_conv2d.cpp:40]   --->   Operation 151 'load' 'input_load_15' <Predicate = (!icmp_ln23)> <Delay = 3.25> <Core = "RAM">   --->   Core 37 'RAM' <Latency = 1> <II = 1> <Delay = 3.25> <Storage> <Opcode : 'load' 'store'> <Ports = 2> <Width = 16> <Depth = 14400> <RAM>
ST_7 : Operation 152 [1/2] (3.25ns)   --->   "%input_load_16 = load i16* %input_addr_16, align 2" [../layers_c/depthwise_conv2d.cpp:40]   --->   Operation 152 'load' 'input_load_16' <Predicate = (!icmp_ln23)> <Delay = 3.25> <Core = "RAM">   --->   Core 37 'RAM' <Latency = 1> <II = 1> <Delay = 3.25> <Storage> <Opcode : 'load' 'store'> <Ports = 2> <Width = 16> <Depth = 14400> <RAM>
ST_7 : Operation 153 [1/1] (1.63ns)   --->   "%add_ln40_15 = add i11 %zext_ln40_13, %tmp10_1_0_mid2" [../layers_c/depthwise_conv2d.cpp:40]   --->   Operation 153 'add' 'add_ln40_15' <Predicate = (!icmp_ln23)> <Delay = 1.63> <Core = "AddSub">   --->   Core 14 'AddSub' <Latency = 0> <II = 1> <Delay = 1.91> <FuncUnit> <Opcode : 'add' 'sub'> <InPorts = 2> <OutPorts = 1>
ST_7 : Operation 154 [1/1] (0.00ns)   --->   "%zext_ln40_19 = zext i11 %add_ln40_15 to i64" [../layers_c/depthwise_conv2d.cpp:40]   --->   Operation 154 'zext' 'zext_ln40_19' <Predicate = (!icmp_ln23)> <Delay = 0.00>
ST_7 : Operation 155 [1/1] (0.00ns)   --->   "%input_addr_17 = getelementptr [14400 x i16]* %input_r, i64 0, i64 %zext_ln40_19" [../layers_c/depthwise_conv2d.cpp:40]   --->   Operation 155 'getelementptr' 'input_addr_17' <Predicate = (!icmp_ln23)> <Delay = 0.00>
ST_7 : Operation 156 [2/2] (3.25ns)   --->   "%input_load_17 = load i16* %input_addr_17, align 2" [../layers_c/depthwise_conv2d.cpp:40]   --->   Operation 156 'load' 'input_load_17' <Predicate = (!icmp_ln23)> <Delay = 3.25> <Core = "RAM">   --->   Core 37 'RAM' <Latency = 1> <II = 1> <Delay = 3.25> <Storage> <Opcode : 'load' 'store'> <Ports = 2> <Width = 16> <Depth = 14400> <RAM>
ST_7 : Operation 157 [1/1] (3.02ns) (root node of the DSP)   --->   "%add_ln48 = add i11 %zext_ln40_13, %tmp12_mid2" [../layers_c/depthwise_conv2d.cpp:48]   --->   Operation 157 'add' 'add_ln48' <Predicate = (!icmp_ln23)> <Delay = 3.02> <Core = "DSP48">   --->   Core 88 'DSP48' <Latency = 0> <II = 1> <Delay = 6.38> <IPBlock> <Opcode : 'mul' 'add' 'sub' 'select'> <InPorts = 0> <OutPorts = 1> <Sync> <CReg>

State 8 <SV = 7> <Delay = 6.38>
ST_8 : Operation 158 [1/1] (0.00ns)   --->   "%sext_ln24 = sext i16 %kernel_load to i30" [../layers_c/depthwise_conv2d.cpp:24]   --->   Operation 158 'sext' 'sext_ln24' <Predicate = (!icmp_ln23)> <Delay = 0.00>
ST_8 : Operation 159 [1/1] (0.00ns)   --->   "%sext_ln24_10 = sext i16 %kernel_load_10 to i30" [../layers_c/depthwise_conv2d.cpp:24]   --->   Operation 159 'sext' 'sext_ln24_10' <Predicate = (!icmp_ln23)> <Delay = 0.00>
ST_8 : Operation 160 [1/2] (3.25ns)   --->   "%kernel_load_15 = load i16* %kernel_addr_15, align 2" [../layers_c/depthwise_conv2d.cpp:24]   --->   Operation 160 'load' 'kernel_load_15' <Predicate = (!icmp_ln23)> <Delay = 3.25> <Core = "RAM">   --->   Core 37 'RAM' <Latency = 1> <II = 1> <Delay = 3.25> <Storage> <Opcode : 'load' 'store'> <Ports = 2> <Width = 16> <Depth = 14400> <RAM>
ST_8 : Operation 161 [1/2] (3.25ns)   --->   "%kernel_load_16 = load i16* %kernel_addr_16, align 2" [../layers_c/depthwise_conv2d.cpp:24]   --->   Operation 161 'load' 'kernel_load_16' <Predicate = (!icmp_ln23)> <Delay = 3.25> <Core = "RAM">   --->   Core 37 'RAM' <Latency = 1> <II = 1> <Delay = 3.25> <Storage> <Opcode : 'load' 'store'> <Ports = 2> <Width = 16> <Depth = 14400> <RAM>
ST_8 : Operation 162 [1/1] (0.00ns)   --->   "%zext_ln24_18 = zext i4 %select_ln24_9 to i64" [../layers_c/depthwise_conv2d.cpp:24]   --->   Operation 162 'zext' 'zext_ln24_18' <Predicate = (!icmp_ln23)> <Delay = 0.00>
ST_8 : Operation 163 [1/1] (0.00ns)   --->   "%bias_addr = getelementptr [8 x i16]* %bias, i64 0, i64 %zext_ln24_18" [../layers_c/depthwise_conv2d.cpp:30]   --->   Operation 163 'getelementptr' 'bias_addr' <Predicate = (!icmp_ln23)> <Delay = 0.00>
ST_8 : Operation 164 [2/2] (2.32ns)   --->   "%bias_load = load i16* %bias_addr, align 2" [../layers_c/depthwise_conv2d.cpp:24]   --->   Operation 164 'load' 'bias_load' <Predicate = (!icmp_ln23)> <Delay = 2.32> <Core = "RAM">   --->   Core 37 'RAM' <Latency = 1> <II = 1> <Delay = 3.25> <Storage> <Opcode : 'load' 'store'> <Ports = 2> <Width = 16> <Depth = 14400> <RAM>
ST_8 : Operation 165 [1/1] (0.00ns)   --->   "%sext_ln40 = sext i16 %input_load to i30" [../layers_c/depthwise_conv2d.cpp:40]   --->   Operation 165 'sext' 'sext_ln40' <Predicate = (!icmp_ln23)> <Delay = 0.00>
ST_8 : Operation 166 [1/1] (6.38ns) (root node of the DSP)   --->   "%mul_ln40_9 = mul i30 %sext_ln40, %sext_ln24" [../layers_c/depthwise_conv2d.cpp:40]   --->   Operation 166 'mul' 'mul_ln40_9' <Predicate = (!icmp_ln23)> <Delay = 6.38> <Core = "DSP48">   --->   Core 88 'DSP48' <Latency = 0> <II = 1> <Delay = 6.38> <IPBlock> <Opcode : 'mul' 'add' 'sub' 'select'> <InPorts = 0> <OutPorts = 1> <Sync> <CReg>
ST_8 : Operation 167 [1/2] (3.25ns)   --->   "%input_load_15 = load i16* %input_addr_15, align 2" [../layers_c/depthwise_conv2d.cpp:40]   --->   Operation 167 'load' 'input_load_15' <Predicate = (!icmp_ln23)> <Delay = 3.25> <Core = "RAM">   --->   Core 37 'RAM' <Latency = 1> <II = 1> <Delay = 3.25> <Storage> <Opcode : 'load' 'store'> <Ports = 2> <Width = 16> <Depth = 14400> <RAM>
ST_8 : Operation 168 [1/1] (0.00ns)   --->   "%sext_ln40_10 = sext i16 %input_load_16 to i30" [../layers_c/depthwise_conv2d.cpp:40]   --->   Operation 168 'sext' 'sext_ln40_10' <Predicate = (!icmp_ln23)> <Delay = 0.00>
ST_8 : Operation 169 [1/1] (6.38ns) (root node of the DSP)   --->   "%mul_ln40_11 = mul i30 %sext_ln40_10, %sext_ln24_10" [../layers_c/depthwise_conv2d.cpp:40]   --->   Operation 169 'mul' 'mul_ln40_11' <Predicate = (!icmp_ln23)> <Delay = 6.38> <Core = "DSP48">   --->   Core 88 'DSP48' <Latency = 0> <II = 1> <Delay = 6.38> <IPBlock> <Opcode : 'mul' 'add' 'sub' 'select'> <InPorts = 0> <OutPorts = 1> <Sync> <CReg>
ST_8 : Operation 170 [1/2] (3.25ns)   --->   "%input_load_17 = load i16* %input_addr_17, align 2" [../layers_c/depthwise_conv2d.cpp:40]   --->   Operation 170 'load' 'input_load_17' <Predicate = (!icmp_ln23)> <Delay = 3.25> <Core = "RAM">   --->   Core 37 'RAM' <Latency = 1> <II = 1> <Delay = 3.25> <Storage> <Opcode : 'load' 'store'> <Ports = 2> <Width = 16> <Depth = 14400> <RAM>
ST_8 : Operation 171 [1/1] (1.63ns)   --->   "%add_ln40_16 = add i11 %tmp10_1_0_mid2, %zext_ln40_15" [../layers_c/depthwise_conv2d.cpp:40]   --->   Operation 171 'add' 'add_ln40_16' <Predicate = (!icmp_ln23)> <Delay = 1.63> <Core = "AddSub">   --->   Core 14 'AddSub' <Latency = 0> <II = 1> <Delay = 1.91> <FuncUnit> <Opcode : 'add' 'sub'> <InPorts = 2> <OutPorts = 1>
ST_8 : Operation 172 [1/1] (0.00ns)   --->   "%zext_ln40_20 = zext i11 %add_ln40_16 to i64" [../layers_c/depthwise_conv2d.cpp:40]   --->   Operation 172 'zext' 'zext_ln40_20' <Predicate = (!icmp_ln23)> <Delay = 0.00>
ST_8 : Operation 173 [1/1] (0.00ns)   --->   "%input_addr_18 = getelementptr [14400 x i16]* %input_r, i64 0, i64 %zext_ln40_20" [../layers_c/depthwise_conv2d.cpp:40]   --->   Operation 173 'getelementptr' 'input_addr_18' <Predicate = (!icmp_ln23)> <Delay = 0.00>
ST_8 : Operation 174 [2/2] (3.25ns)   --->   "%input_load_18 = load i16* %input_addr_18, align 2" [../layers_c/depthwise_conv2d.cpp:40]   --->   Operation 174 'load' 'input_load_18' <Predicate = (!icmp_ln23)> <Delay = 3.25> <Core = "RAM">   --->   Core 37 'RAM' <Latency = 1> <II = 1> <Delay = 3.25> <Storage> <Opcode : 'load' 'store'> <Ports = 2> <Width = 16> <Depth = 14400> <RAM>
ST_8 : Operation 175 [1/1] (1.63ns)   --->   "%add_ln40_17 = add i11 %tmp10_1_0_mid2, %zext_ln40_17" [../layers_c/depthwise_conv2d.cpp:40]   --->   Operation 175 'add' 'add_ln40_17' <Predicate = (!icmp_ln23)> <Delay = 1.63> <Core = "AddSub">   --->   Core 14 'AddSub' <Latency = 0> <II = 1> <Delay = 1.91> <FuncUnit> <Opcode : 'add' 'sub'> <InPorts = 2> <OutPorts = 1>
ST_8 : Operation 176 [1/1] (0.00ns)   --->   "%zext_ln40_21 = zext i11 %add_ln40_17 to i64" [../layers_c/depthwise_conv2d.cpp:40]   --->   Operation 176 'zext' 'zext_ln40_21' <Predicate = (!icmp_ln23)> <Delay = 0.00>
ST_8 : Operation 177 [1/1] (0.00ns)   --->   "%input_addr_19 = getelementptr [14400 x i16]* %input_r, i64 0, i64 %zext_ln40_21" [../layers_c/depthwise_conv2d.cpp:40]   --->   Operation 177 'getelementptr' 'input_addr_19' <Predicate = (!icmp_ln23)> <Delay = 0.00>
ST_8 : Operation 178 [2/2] (3.25ns)   --->   "%input_load_19 = load i16* %input_addr_19, align 2" [../layers_c/depthwise_conv2d.cpp:40]   --->   Operation 178 'load' 'input_load_19' <Predicate = (!icmp_ln23)> <Delay = 3.25> <Core = "RAM">   --->   Core 37 'RAM' <Latency = 1> <II = 1> <Delay = 3.25> <Storage> <Opcode : 'load' 'store'> <Ports = 2> <Width = 16> <Depth = 14400> <RAM>
ST_8 : Operation 179 [1/1] (1.63ns)   --->   "%add_ln40_18 = add i11 %zext_ln40_13, %tmp10_2_0_mid2" [../layers_c/depthwise_conv2d.cpp:40]   --->   Operation 179 'add' 'add_ln40_18' <Predicate = (!icmp_ln23)> <Delay = 1.63> <Core = "AddSub">   --->   Core 14 'AddSub' <Latency = 0> <II = 1> <Delay = 1.91> <FuncUnit> <Opcode : 'add' 'sub'> <InPorts = 2> <OutPorts = 1>
ST_8 : Operation 180 [1/1] (1.63ns)   --->   "%add_ln40_19 = add i11 %tmp10_2_0_mid2, %zext_ln40_15" [../layers_c/depthwise_conv2d.cpp:40]   --->   Operation 180 'add' 'add_ln40_19' <Predicate = (!icmp_ln23)> <Delay = 1.63> <Core = "AddSub">   --->   Core 14 'AddSub' <Latency = 0> <II = 1> <Delay = 1.91> <FuncUnit> <Opcode : 'add' 'sub'> <InPorts = 2> <OutPorts = 1>
ST_8 : Operation 181 [1/1] (1.63ns)   --->   "%add_ln40_20 = add i11 %tmp10_2_0_mid2, %zext_ln40_17" [../layers_c/depthwise_conv2d.cpp:40]   --->   Operation 181 'add' 'add_ln40_20' <Predicate = (!icmp_ln23)> <Delay = 1.63> <Core = "AddSub">   --->   Core 14 'AddSub' <Latency = 0> <II = 1> <Delay = 1.91> <FuncUnit> <Opcode : 'add' 'sub'> <InPorts = 2> <OutPorts = 1>

State 9 <SV = 8> <Delay = 6.38>
ST_9 : Operation 182 [1/1] (0.00ns)   --->   "%sext_ln24_9 = sext i16 %kernel_load_9 to i30" [../layers_c/depthwise_conv2d.cpp:24]   --->   Operation 182 'sext' 'sext_ln24_9' <Predicate = (!icmp_ln23)> <Delay = 0.00>
ST_9 : Operation 183 [1/1] (0.00ns)   --->   "%sext_ln24_11 = sext i16 %kernel_load_11 to i30" [../layers_c/depthwise_conv2d.cpp:24]   --->   Operation 183 'sext' 'sext_ln24_11' <Predicate = (!icmp_ln23)> <Delay = 0.00>
ST_9 : Operation 184 [1/2] (2.32ns)   --->   "%bias_load = load i16* %bias_addr, align 2" [../layers_c/depthwise_conv2d.cpp:24]   --->   Operation 184 'load' 'bias_load' <Predicate = (!icmp_ln23)> <Delay = 2.32> <Core = "RAM">   --->   Core 37 'RAM' <Latency = 1> <II = 1> <Delay = 3.25> <Storage> <Opcode : 'load' 'store'> <Ports = 2> <Width = 16> <Depth = 14400> <RAM>
ST_9 : Operation 185 [1/1] (0.00ns)   --->   "%trunc_ln = call i16 @_ssdm_op_PartSelect.i16.i30.i32.i32(i30 %mul_ln40_9, i32 14, i32 29)" [../layers_c/depthwise_conv2d.cpp:48]   --->   Operation 185 'partselect' 'trunc_ln' <Predicate = (!icmp_ln23)> <Delay = 0.00>
ST_9 : Operation 186 [1/1] (0.00ns)   --->   "%sext_ln40_9 = sext i16 %input_load_15 to i30" [../layers_c/depthwise_conv2d.cpp:40]   --->   Operation 186 'sext' 'sext_ln40_9' <Predicate = (!icmp_ln23)> <Delay = 0.00>
ST_9 : Operation 187 [1/1] (6.38ns) (root node of the DSP)   --->   "%mul_ln40_10 = mul i30 %sext_ln40_9, %sext_ln24_9" [../layers_c/depthwise_conv2d.cpp:40]   --->   Operation 187 'mul' 'mul_ln40_10' <Predicate = (!icmp_ln23)> <Delay = 6.38> <Core = "DSP48">   --->   Core 88 'DSP48' <Latency = 0> <II = 1> <Delay = 6.38> <IPBlock> <Opcode : 'mul' 'add' 'sub' 'select'> <InPorts = 0> <OutPorts = 1> <Sync> <CReg>
ST_9 : Operation 188 [1/1] (0.00ns)   --->   "%trunc_ln48_s = call i16 @_ssdm_op_PartSelect.i16.i30.i32.i32(i30 %mul_ln40_11, i32 14, i32 29)" [../layers_c/depthwise_conv2d.cpp:48]   --->   Operation 188 'partselect' 'trunc_ln48_s' <Predicate = (!icmp_ln23)> <Delay = 0.00>
ST_9 : Operation 189 [1/1] (0.00ns)   --->   "%sext_ln40_11 = sext i16 %input_load_17 to i30" [../layers_c/depthwise_conv2d.cpp:40]   --->   Operation 189 'sext' 'sext_ln40_11' <Predicate = (!icmp_ln23)> <Delay = 0.00>
ST_9 : Operation 190 [1/1] (6.38ns) (root node of the DSP)   --->   "%mul_ln40_12 = mul i30 %sext_ln40_11, %sext_ln24_11" [../layers_c/depthwise_conv2d.cpp:40]   --->   Operation 190 'mul' 'mul_ln40_12' <Predicate = (!icmp_ln23)> <Delay = 6.38> <Core = "DSP48">   --->   Core 88 'DSP48' <Latency = 0> <II = 1> <Delay = 6.38> <IPBlock> <Opcode : 'mul' 'add' 'sub' 'select'> <InPorts = 0> <OutPorts = 1> <Sync> <CReg>
ST_9 : Operation 191 [1/2] (3.25ns)   --->   "%input_load_18 = load i16* %input_addr_18, align 2" [../layers_c/depthwise_conv2d.cpp:40]   --->   Operation 191 'load' 'input_load_18' <Predicate = (!icmp_ln23)> <Delay = 3.25> <Core = "RAM">   --->   Core 37 'RAM' <Latency = 1> <II = 1> <Delay = 3.25> <Storage> <Opcode : 'load' 'store'> <Ports = 2> <Width = 16> <Depth = 14400> <RAM>
ST_9 : Operation 192 [1/2] (3.25ns)   --->   "%input_load_19 = load i16* %input_addr_19, align 2" [../layers_c/depthwise_conv2d.cpp:40]   --->   Operation 192 'load' 'input_load_19' <Predicate = (!icmp_ln23)> <Delay = 3.25> <Core = "RAM">   --->   Core 37 'RAM' <Latency = 1> <II = 1> <Delay = 3.25> <Storage> <Opcode : 'load' 'store'> <Ports = 2> <Width = 16> <Depth = 14400> <RAM>
ST_9 : Operation 193 [1/1] (0.00ns)   --->   "%zext_ln40_22 = zext i11 %add_ln40_18 to i64" [../layers_c/depthwise_conv2d.cpp:40]   --->   Operation 193 'zext' 'zext_ln40_22' <Predicate = (!icmp_ln23)> <Delay = 0.00>
ST_9 : Operation 194 [1/1] (0.00ns)   --->   "%input_addr_20 = getelementptr [14400 x i16]* %input_r, i64 0, i64 %zext_ln40_22" [../layers_c/depthwise_conv2d.cpp:40]   --->   Operation 194 'getelementptr' 'input_addr_20' <Predicate = (!icmp_ln23)> <Delay = 0.00>
ST_9 : Operation 195 [2/2] (3.25ns)   --->   "%input_load_20 = load i16* %input_addr_20, align 2" [../layers_c/depthwise_conv2d.cpp:40]   --->   Operation 195 'load' 'input_load_20' <Predicate = (!icmp_ln23)> <Delay = 3.25> <Core = "RAM">   --->   Core 37 'RAM' <Latency = 1> <II = 1> <Delay = 3.25> <Storage> <Opcode : 'load' 'store'> <Ports = 2> <Width = 16> <Depth = 14400> <RAM>
ST_9 : Operation 196 [1/1] (0.00ns)   --->   "%zext_ln40_23 = zext i11 %add_ln40_19 to i64" [../layers_c/depthwise_conv2d.cpp:40]   --->   Operation 196 'zext' 'zext_ln40_23' <Predicate = (!icmp_ln23)> <Delay = 0.00>
ST_9 : Operation 197 [1/1] (0.00ns)   --->   "%input_addr_21 = getelementptr [14400 x i16]* %input_r, i64 0, i64 %zext_ln40_23" [../layers_c/depthwise_conv2d.cpp:40]   --->   Operation 197 'getelementptr' 'input_addr_21' <Predicate = (!icmp_ln23)> <Delay = 0.00>
ST_9 : Operation 198 [2/2] (3.25ns)   --->   "%input_load_21 = load i16* %input_addr_21, align 2" [../layers_c/depthwise_conv2d.cpp:40]   --->   Operation 198 'load' 'input_load_21' <Predicate = (!icmp_ln23)> <Delay = 3.25> <Core = "RAM">   --->   Core 37 'RAM' <Latency = 1> <II = 1> <Delay = 3.25> <Storage> <Opcode : 'load' 'store'> <Ports = 2> <Width = 16> <Depth = 14400> <RAM>
ST_9 : Operation 199 [1/1] (2.07ns)   --->   "%add_ln48_9 = add i16 %trunc_ln, %bias_load" [../layers_c/depthwise_conv2d.cpp:48]   --->   Operation 199 'add' 'add_ln48_9' <Predicate = (!icmp_ln23)> <Delay = 2.07> <Core = "AddSub">   --->   Core 14 'AddSub' <Latency = 0> <II = 1> <Delay = 1.91> <FuncUnit> <Opcode : 'add' 'sub'> <InPorts = 2> <OutPorts = 1>

State 10 <SV = 9> <Delay = 6.38>
ST_10 : Operation 200 [1/1] (0.00ns)   --->   "%sext_ln24_12 = sext i16 %kernel_load_12 to i30" [../layers_c/depthwise_conv2d.cpp:24]   --->   Operation 200 'sext' 'sext_ln24_12' <Predicate = (!icmp_ln23)> <Delay = 0.00>
ST_10 : Operation 201 [1/1] (0.00ns)   --->   "%sext_ln24_13 = sext i16 %kernel_load_13 to i30" [../layers_c/depthwise_conv2d.cpp:24]   --->   Operation 201 'sext' 'sext_ln24_13' <Predicate = (!icmp_ln23)> <Delay = 0.00>
ST_10 : Operation 202 [1/1] (0.00ns)   --->   "%trunc_ln48_9 = call i16 @_ssdm_op_PartSelect.i16.i30.i32.i32(i30 %mul_ln40_10, i32 14, i32 29)" [../layers_c/depthwise_conv2d.cpp:48]   --->   Operation 202 'partselect' 'trunc_ln48_9' <Predicate = (!icmp_ln23)> <Delay = 0.00>
ST_10 : Operation 203 [1/1] (0.00ns)   --->   "%trunc_ln48_8 = call i16 @_ssdm_op_PartSelect.i16.i30.i32.i32(i30 %mul_ln40_12, i32 14, i32 29)" [../layers_c/depthwise_conv2d.cpp:48]   --->   Operation 203 'partselect' 'trunc_ln48_8' <Predicate = (!icmp_ln23)> <Delay = 0.00>
ST_10 : Operation 204 [1/1] (0.00ns)   --->   "%sext_ln40_12 = sext i16 %input_load_18 to i30" [../layers_c/depthwise_conv2d.cpp:40]   --->   Operation 204 'sext' 'sext_ln40_12' <Predicate = (!icmp_ln23)> <Delay = 0.00>
ST_10 : Operation 205 [1/1] (6.38ns) (root node of the DSP)   --->   "%mul_ln40_13 = mul i30 %sext_ln40_12, %sext_ln24_12" [../layers_c/depthwise_conv2d.cpp:40]   --->   Operation 205 'mul' 'mul_ln40_13' <Predicate = (!icmp_ln23)> <Delay = 6.38> <Core = "DSP48">   --->   Core 88 'DSP48' <Latency = 0> <II = 1> <Delay = 6.38> <IPBlock> <Opcode : 'mul' 'add' 'sub' 'select'> <InPorts = 0> <OutPorts = 1> <Sync> <CReg>
ST_10 : Operation 206 [1/1] (0.00ns)   --->   "%sext_ln40_13 = sext i16 %input_load_19 to i30" [../layers_c/depthwise_conv2d.cpp:40]   --->   Operation 206 'sext' 'sext_ln40_13' <Predicate = (!icmp_ln23)> <Delay = 0.00>
ST_10 : Operation 207 [1/1] (6.38ns) (root node of the DSP)   --->   "%mul_ln40_14 = mul i30 %sext_ln40_13, %sext_ln24_13" [../layers_c/depthwise_conv2d.cpp:40]   --->   Operation 207 'mul' 'mul_ln40_14' <Predicate = (!icmp_ln23)> <Delay = 6.38> <Core = "DSP48">   --->   Core 88 'DSP48' <Latency = 0> <II = 1> <Delay = 6.38> <IPBlock> <Opcode : 'mul' 'add' 'sub' 'select'> <InPorts = 0> <OutPorts = 1> <Sync> <CReg>
ST_10 : Operation 208 [1/2] (3.25ns)   --->   "%input_load_20 = load i16* %input_addr_20, align 2" [../layers_c/depthwise_conv2d.cpp:40]   --->   Operation 208 'load' 'input_load_20' <Predicate = (!icmp_ln23)> <Delay = 3.25> <Core = "RAM">   --->   Core 37 'RAM' <Latency = 1> <II = 1> <Delay = 3.25> <Storage> <Opcode : 'load' 'store'> <Ports = 2> <Width = 16> <Depth = 14400> <RAM>
ST_10 : Operation 209 [1/2] (3.25ns)   --->   "%input_load_21 = load i16* %input_addr_21, align 2" [../layers_c/depthwise_conv2d.cpp:40]   --->   Operation 209 'load' 'input_load_21' <Predicate = (!icmp_ln23)> <Delay = 3.25> <Core = "RAM">   --->   Core 37 'RAM' <Latency = 1> <II = 1> <Delay = 3.25> <Storage> <Opcode : 'load' 'store'> <Ports = 2> <Width = 16> <Depth = 14400> <RAM>
ST_10 : Operation 210 [1/1] (0.00ns)   --->   "%zext_ln40_24 = zext i11 %add_ln40_20 to i64" [../layers_c/depthwise_conv2d.cpp:40]   --->   Operation 210 'zext' 'zext_ln40_24' <Predicate = (!icmp_ln23)> <Delay = 0.00>
ST_10 : Operation 211 [1/1] (0.00ns)   --->   "%input_addr_22 = getelementptr [14400 x i16]* %input_r, i64 0, i64 %zext_ln40_24" [../layers_c/depthwise_conv2d.cpp:40]   --->   Operation 211 'getelementptr' 'input_addr_22' <Predicate = (!icmp_ln23)> <Delay = 0.00>
ST_10 : Operation 212 [2/2] (3.25ns)   --->   "%input_load_22 = load i16* %input_addr_22, align 2" [../layers_c/depthwise_conv2d.cpp:40]   --->   Operation 212 'load' 'input_load_22' <Predicate = (!icmp_ln23)> <Delay = 3.25> <Core = "RAM">   --->   Core 37 'RAM' <Latency = 1> <II = 1> <Delay = 3.25> <Storage> <Opcode : 'load' 'store'> <Ports = 2> <Width = 16> <Depth = 14400> <RAM>
ST_10 : Operation 213 [1/1] (2.07ns)   --->   "%add_ln48_10 = add i16 %trunc_ln48_8, %trunc_ln48_s" [../layers_c/depthwise_conv2d.cpp:48]   --->   Operation 213 'add' 'add_ln48_10' <Predicate = (!icmp_ln23)> <Delay = 2.07> <Core = "AddSub">   --->   Core 14 'AddSub' <Latency = 0> <II = 1> <Delay = 1.91> <FuncUnit> <Opcode : 'add' 'sub'> <InPorts = 2> <OutPorts = 1>

State 11 <SV = 10> <Delay = 6.38>
ST_11 : Operation 214 [1/1] (0.00ns)   --->   "%sext_ln24_14 = sext i16 %kernel_load_14 to i30" [../layers_c/depthwise_conv2d.cpp:24]   --->   Operation 214 'sext' 'sext_ln24_14' <Predicate = (!icmp_ln23)> <Delay = 0.00>
ST_11 : Operation 215 [1/1] (0.00ns)   --->   "%sext_ln24_15 = sext i16 %kernel_load_15 to i30" [../layers_c/depthwise_conv2d.cpp:24]   --->   Operation 215 'sext' 'sext_ln24_15' <Predicate = (!icmp_ln23)> <Delay = 0.00>
ST_11 : Operation 216 [1/1] (0.00ns)   --->   "%trunc_ln48_1 = call i16 @_ssdm_op_PartSelect.i16.i30.i32.i32(i30 %mul_ln40_13, i32 14, i32 29)" [../layers_c/depthwise_conv2d.cpp:48]   --->   Operation 216 'partselect' 'trunc_ln48_1' <Predicate = (!icmp_ln23)> <Delay = 0.00>
ST_11 : Operation 217 [1/1] (0.00ns)   --->   "%trunc_ln48_2 = call i16 @_ssdm_op_PartSelect.i16.i30.i32.i32(i30 %mul_ln40_14, i32 14, i32 29)" [../layers_c/depthwise_conv2d.cpp:48]   --->   Operation 217 'partselect' 'trunc_ln48_2' <Predicate = (!icmp_ln23)> <Delay = 0.00>
ST_11 : Operation 218 [1/1] (0.00ns)   --->   "%sext_ln40_14 = sext i16 %input_load_20 to i30" [../layers_c/depthwise_conv2d.cpp:40]   --->   Operation 218 'sext' 'sext_ln40_14' <Predicate = (!icmp_ln23)> <Delay = 0.00>
ST_11 : Operation 219 [1/1] (6.38ns) (root node of the DSP)   --->   "%mul_ln40_15 = mul i30 %sext_ln40_14, %sext_ln24_14" [../layers_c/depthwise_conv2d.cpp:40]   --->   Operation 219 'mul' 'mul_ln40_15' <Predicate = (!icmp_ln23)> <Delay = 6.38> <Core = "DSP48">   --->   Core 88 'DSP48' <Latency = 0> <II = 1> <Delay = 6.38> <IPBlock> <Opcode : 'mul' 'add' 'sub' 'select'> <InPorts = 0> <OutPorts = 1> <Sync> <CReg>
ST_11 : Operation 220 [1/1] (0.00ns)   --->   "%sext_ln40_15 = sext i16 %input_load_21 to i30" [../layers_c/depthwise_conv2d.cpp:40]   --->   Operation 220 'sext' 'sext_ln40_15' <Predicate = (!icmp_ln23)> <Delay = 0.00>
ST_11 : Operation 221 [1/1] (6.38ns) (root node of the DSP)   --->   "%mul_ln40_16 = mul i30 %sext_ln40_15, %sext_ln24_15" [../layers_c/depthwise_conv2d.cpp:40]   --->   Operation 221 'mul' 'mul_ln40_16' <Predicate = (!icmp_ln23)> <Delay = 6.38> <Core = "DSP48">   --->   Core 88 'DSP48' <Latency = 0> <II = 1> <Delay = 6.38> <IPBlock> <Opcode : 'mul' 'add' 'sub' 'select'> <InPorts = 0> <OutPorts = 1> <Sync> <CReg>
ST_11 : Operation 222 [1/2] (3.25ns)   --->   "%input_load_22 = load i16* %input_addr_22, align 2" [../layers_c/depthwise_conv2d.cpp:40]   --->   Operation 222 'load' 'input_load_22' <Predicate = (!icmp_ln23)> <Delay = 3.25> <Core = "RAM">   --->   Core 37 'RAM' <Latency = 1> <II = 1> <Delay = 3.25> <Storage> <Opcode : 'load' 'store'> <Ports = 2> <Width = 16> <Depth = 14400> <RAM>
ST_11 : Operation 223 [1/1] (0.00ns) (grouped into TernaryAdder)   --->   "%add_ln48_11 = add i16 %trunc_ln48_9, %add_ln48_10" [../layers_c/depthwise_conv2d.cpp:48]   --->   Operation 223 'add' 'add_ln48_11' <Predicate = (!icmp_ln23)> <Delay = 0.00> <Core = "TAddSub">   --->   Core 83 'TAddSub' <Latency = 0> <II = 1> <Delay = 1.95> <IPBlock> <Opcode : 'add' 'sub'> <InPorts = 3> <OutPorts = 1> <Sync> <CReg>
ST_11 : Operation 224 [1/1] (3.90ns) (root node of TernaryAdder)   --->   "%add_ln48_12 = add i16 %add_ln48_9, %add_ln48_11" [../layers_c/depthwise_conv2d.cpp:48]   --->   Operation 224 'add' 'add_ln48_12' <Predicate = (!icmp_ln23)> <Delay = 3.90> <Core = "TAddSub">   --->   Core 83 'TAddSub' <Latency = 0> <II = 1> <Delay = 1.95> <IPBlock> <Opcode : 'add' 'sub'> <InPorts = 3> <OutPorts = 1> <Sync> <CReg>
ST_11 : Operation 225 [1/1] (2.07ns)   --->   "%add_ln48_13 = add i16 %trunc_ln48_2, %trunc_ln48_1" [../layers_c/depthwise_conv2d.cpp:48]   --->   Operation 225 'add' 'add_ln48_13' <Predicate = (!icmp_ln23)> <Delay = 2.07> <Core = "AddSub">   --->   Core 14 'AddSub' <Latency = 0> <II = 1> <Delay = 1.91> <FuncUnit> <Opcode : 'add' 'sub'> <InPorts = 2> <OutPorts = 1>

State 12 <SV = 11> <Delay = 6.38>
ST_12 : Operation 226 [1/1] (0.00ns)   --->   "%sext_ln24_16 = sext i16 %kernel_load_16 to i30" [../layers_c/depthwise_conv2d.cpp:24]   --->   Operation 226 'sext' 'sext_ln24_16' <Predicate = (!icmp_ln23)> <Delay = 0.00>
ST_12 : Operation 227 [1/1] (0.00ns)   --->   "%trunc_ln48_3 = call i16 @_ssdm_op_PartSelect.i16.i30.i32.i32(i30 %mul_ln40_15, i32 14, i32 29)" [../layers_c/depthwise_conv2d.cpp:48]   --->   Operation 227 'partselect' 'trunc_ln48_3' <Predicate = (!icmp_ln23)> <Delay = 0.00>
ST_12 : Operation 228 [1/1] (0.00ns)   --->   "%trunc_ln48_4 = call i16 @_ssdm_op_PartSelect.i16.i30.i32.i32(i30 %mul_ln40_16, i32 14, i32 29)" [../layers_c/depthwise_conv2d.cpp:48]   --->   Operation 228 'partselect' 'trunc_ln48_4' <Predicate = (!icmp_ln23)> <Delay = 0.00>
ST_12 : Operation 229 [1/1] (0.00ns)   --->   "%sext_ln40_16 = sext i16 %input_load_22 to i30" [../layers_c/depthwise_conv2d.cpp:40]   --->   Operation 229 'sext' 'sext_ln40_16' <Predicate = (!icmp_ln23)> <Delay = 0.00>
ST_12 : Operation 230 [1/1] (6.38ns) (root node of the DSP)   --->   "%mul_ln40_17 = mul i30 %sext_ln40_16, %sext_ln24_16" [../layers_c/depthwise_conv2d.cpp:40]   --->   Operation 230 'mul' 'mul_ln40_17' <Predicate = (!icmp_ln23)> <Delay = 6.38> <Core = "DSP48">   --->   Core 88 'DSP48' <Latency = 0> <II = 1> <Delay = 6.38> <IPBlock> <Opcode : 'mul' 'add' 'sub' 'select'> <InPorts = 0> <OutPorts = 1> <Sync> <CReg>

State 13 <SV = 12> <Delay = 3.90>
ST_13 : Operation 231 [1/1] (0.00ns)   --->   "%trunc_ln48_5 = call i16 @_ssdm_op_PartSelect.i16.i30.i32.i32(i30 %mul_ln40_17, i32 14, i32 29)" [../layers_c/depthwise_conv2d.cpp:48]   --->   Operation 231 'partselect' 'trunc_ln48_5' <Predicate = (!icmp_ln23)> <Delay = 0.00>
ST_13 : Operation 232 [1/1] (0.00ns) (grouped into TernaryAdder)   --->   "%add_ln48_14 = add i16 %trunc_ln48_5, %trunc_ln48_4" [../layers_c/depthwise_conv2d.cpp:48]   --->   Operation 232 'add' 'add_ln48_14' <Predicate = (!icmp_ln23)> <Delay = 0.00> <Core = "TAddSub">   --->   Core 83 'TAddSub' <Latency = 0> <II = 1> <Delay = 1.95> <IPBlock> <Opcode : 'add' 'sub'> <InPorts = 3> <OutPorts = 1> <Sync> <CReg>
ST_13 : Operation 233 [1/1] (3.90ns) (root node of TernaryAdder)   --->   "%add_ln48_15 = add i16 %trunc_ln48_3, %add_ln48_14" [../layers_c/depthwise_conv2d.cpp:48]   --->   Operation 233 'add' 'add_ln48_15' <Predicate = (!icmp_ln23)> <Delay = 3.90> <Core = "TAddSub">   --->   Core 83 'TAddSub' <Latency = 0> <II = 1> <Delay = 1.95> <IPBlock> <Opcode : 'add' 'sub'> <InPorts = 3> <OutPorts = 1> <Sync> <CReg>

State 14 <SV = 13> <Delay = 3.90>
ST_14 : Operation 234 [1/1] (0.00ns) (grouped into TernaryAdder)   --->   "%add_ln48_16 = add i16 %add_ln48_13, %add_ln48_15" [../layers_c/depthwise_conv2d.cpp:48]   --->   Operation 234 'add' 'add_ln48_16' <Predicate = (!icmp_ln23)> <Delay = 0.00> <Core = "TAddSub">   --->   Core 83 'TAddSub' <Latency = 0> <II = 1> <Delay = 1.95> <IPBlock> <Opcode : 'add' 'sub'> <InPorts = 3> <OutPorts = 1> <Sync> <CReg>
ST_14 : Operation 235 [1/1] (3.90ns) (root node of TernaryAdder)   --->   "%add_ln48_17 = add i16 %add_ln48_12, %add_ln48_16" [../layers_c/depthwise_conv2d.cpp:48]   --->   Operation 235 'add' 'add_ln48_17' <Predicate = (!icmp_ln23)> <Delay = 3.90> <Core = "TAddSub">   --->   Core 83 'TAddSub' <Latency = 0> <II = 1> <Delay = 1.95> <IPBlock> <Opcode : 'add' 'sub'> <InPorts = 3> <OutPorts = 1> <Sync> <CReg>

State 15 <SV = 14> <Delay = 3.25>
ST_15 : Operation 236 [1/1] (0.00ns)   --->   "call void (...)* @_ssdm_op_SpecPipeline(i32 -1, i32 1, i32 1, i32 0, [1 x i8]* @p_str127) nounwind" [../layers_c/depthwise_conv2d.cpp:24]   --->   Operation 236 'specpipeline' <Predicate = (!icmp_ln23)> <Delay = 0.00>
ST_15 : Operation 237 [1/1] (0.00ns)   --->   "%empty_60 = call i32 (...)* @_ssdm_op_SpecLoopTripCount(i64 392, i64 1568, i64 0)"   --->   Operation 237 'speclooptripcount' 'empty_60' <Predicate = (!icmp_ln23)> <Delay = 0.00>
ST_15 : Operation 238 [1/1] (0.00ns)   --->   "call void (...)* @_ssdm_op_SpecPipeline(i32 -1, i32 1, i32 1, i32 0, [1 x i8]* @p_str127) nounwind" [../layers_c/depthwise_conv2d.cpp:24]   --->   Operation 238 'specpipeline' <Predicate = (!icmp_ln23)> <Delay = 0.00>
ST_15 : Operation 239 [1/1] (0.00ns)   --->   "%tmp_s = call i32 (...)* @_ssdm_op_SpecRegionBegin([12 x i8]* @p_str430)" [../layers_c/depthwise_conv2d.cpp:33]   --->   Operation 239 'specregionbegin' 'tmp_s' <Predicate = (!icmp_ln23)> <Delay = 0.00>
ST_15 : Operation 240 [1/1] (0.00ns)   --->   "call void (...)* @_ssdm_op_SpecPipeline(i32 -1, i32 1, i32 1, i32 0, [1 x i8]* @p_str127) nounwind" [../layers_c/depthwise_conv2d.cpp:34]   --->   Operation 240 'specpipeline' <Predicate = (!icmp_ln23)> <Delay = 0.00>
ST_15 : Operation 241 [1/1] (0.00ns)   --->   "%zext_ln48_3 = zext i11 %add_ln48 to i64" [../layers_c/depthwise_conv2d.cpp:48]   --->   Operation 241 'zext' 'zext_ln48_3' <Predicate = (!icmp_ln23)> <Delay = 0.00>
ST_15 : Operation 242 [1/1] (0.00ns)   --->   "%output_addr = getelementptr [14400 x i16]* %output_r, i64 0, i64 %zext_ln48_3" [../layers_c/depthwise_conv2d.cpp:48]   --->   Operation 242 'getelementptr' 'output_addr' <Predicate = (!icmp_ln23)> <Delay = 0.00>
ST_15 : Operation 243 [1/1] (3.25ns)   --->   "store i16 %add_ln48_17, i16* %output_addr, align 2" [../layers_c/depthwise_conv2d.cpp:48]   --->   Operation 243 'store' <Predicate = (!icmp_ln23)> <Delay = 3.25> <Core = "RAM">   --->   Core 37 'RAM' <Latency = 1> <II = 1> <Delay = 3.25> <Storage> <Opcode : 'load' 'store'> <Ports = 2> <Width = 16> <Depth = 14400> <RAM>
ST_15 : Operation 244 [1/1] (0.00ns)   --->   "%empty_62 = call i32 (...)* @_ssdm_op_SpecRegionEnd([12 x i8]* @p_str430, i32 %tmp_s)" [../layers_c/depthwise_conv2d.cpp:50]   --->   Operation 244 'specregionend' 'empty_62' <Predicate = (!icmp_ln23)> <Delay = 0.00>
ST_15 : Operation 245 [1/1] (0.00ns)   --->   "br label %.preheader5" [../layers_c/depthwise_conv2d.cpp:33]   --->   Operation 245 'br' <Predicate = (!icmp_ln23)> <Delay = 0.00>

State 16 <SV = 3> <Delay = 0.00>
ST_16 : Operation 246 [1/1] (0.00ns)   --->   "ret void"   --->   Operation 246 'ret' <Predicate = true> <Delay = 0.00>


============================================================
+ Verbose Summary: Timing violations
============================================================
Target clock period: 6.67ns, clock uncertainty: 1.67ns.

 <State 1>: 2.34ns
The critical path consists of the following:
	wire read on port 'output_width' (../layers_c/depthwise_conv2d.cpp:4) [9]  (0 ns)
	'mul' operation ('mul_ln4', ../layers_c/depthwise_conv2d.cpp:4) [21]  (2.34 ns)

 <State 2>: 4.75ns
The critical path consists of the following:
	'phi' operation ('out_d_0', ../layers_c/depthwise_conv2d.cpp:24) with incoming values : ('select_ln24_9', ../layers_c/depthwise_conv2d.cpp:24) [27]  (0 ns)
	'add' operation ('out_d', ../layers_c/depthwise_conv2d.cpp:23) [46]  (1.74 ns)
	'add' operation ('add_ln27_2', ../layers_c/depthwise_conv2d.cpp:27) [56]  (1.83 ns)
	'select' operation ('select_ln24_8', ../layers_c/depthwise_conv2d.cpp:24) [57]  (1.19 ns)

 <State 3>: 3.78ns
The critical path consists of the following:
	'mul' operation ('mul_ln40_18', ../layers_c/depthwise_conv2d.cpp:40) [107]  (3.78 ns)

 <State 4>: 4.73ns
The critical path consists of the following:
	'select' operation ('select_ln24_10', ../layers_c/depthwise_conv2d.cpp:24) [108]  (0 ns)
	'add' operation ('tmp_0_0_mid1', ../layers_c/depthwise_conv2d.cpp:32) [119]  (1.87 ns)
	'select' operation ('tmp10_0_0_mid2_v_v', ../layers_c/depthwise_conv2d.cpp:24) [120]  (0.993 ns)
	'add' operation ('tmp10_1_0_mid2_v_v', ../layers_c/depthwise_conv2d.cpp:24) [123]  (1.87 ns)

 <State 5>: 3.74ns
The critical path consists of the following:
	'mul' operation ('tmp10_0_0_mid2', ../layers_c/depthwise_conv2d.cpp:4) [122]  (3.74 ns)

 <State 6>: 4.89ns
The critical path consists of the following:
	'add' operation ('add_ln40', ../layers_c/depthwise_conv2d.cpp:40) [137]  (1.64 ns)
	'getelementptr' operation ('input_addr', ../layers_c/depthwise_conv2d.cpp:40) [139]  (0 ns)
	'load' operation ('input_load', ../layers_c/depthwise_conv2d.cpp:40) on array 'input_r' [140]  (3.25 ns)

 <State 7>: 6.38ns
The critical path consists of the following:
	'mul' operation of DSP[213] ('tmp12_mid2', ../layers_c/depthwise_conv2d.cpp:4) [132]  (3.36 ns)
	'add' operation of DSP[213] ('add_ln48', ../layers_c/depthwise_conv2d.cpp:48) [213]  (3.02 ns)

 <State 8>: 6.38ns
The critical path consists of the following:
	'mul' operation of DSP[142] ('mul_ln40_9', ../layers_c/depthwise_conv2d.cpp:40) [142]  (6.38 ns)

 <State 9>: 6.38ns
The critical path consists of the following:
	'mul' operation of DSP[151] ('mul_ln40_10', ../layers_c/depthwise_conv2d.cpp:40) [151]  (6.38 ns)

 <State 10>: 6.38ns
The critical path consists of the following:
	'mul' operation of DSP[174] ('mul_ln40_13', ../layers_c/depthwise_conv2d.cpp:40) [174]  (6.38 ns)

 <State 11>: 6.38ns
The critical path consists of the following:
	'mul' operation of DSP[188] ('mul_ln40_15', ../layers_c/depthwise_conv2d.cpp:40) [188]  (6.38 ns)

 <State 12>: 6.38ns
The critical path consists of the following:
	'mul' operation of DSP[202] ('mul_ln40_17', ../layers_c/depthwise_conv2d.cpp:40) [202]  (6.38 ns)

 <State 13>: 3.9ns
The critical path consists of the following:
	'add' operation ('add_ln48_14', ../layers_c/depthwise_conv2d.cpp:48) [209]  (0 ns)
	'add' operation ('add_ln48_15', ../layers_c/depthwise_conv2d.cpp:48) [210]  (3.9 ns)

 <State 14>: 3.9ns
The critical path consists of the following:
	'add' operation ('add_ln48_16', ../layers_c/depthwise_conv2d.cpp:48) [211]  (0 ns)
	'add' operation ('add_ln48_17', ../layers_c/depthwise_conv2d.cpp:48) [212]  (3.9 ns)

 <State 15>: 3.25ns
The critical path consists of the following:
	'getelementptr' operation ('output_addr', ../layers_c/depthwise_conv2d.cpp:48) [215]  (0 ns)
	'store' operation ('store_ln48', ../layers_c/depthwise_conv2d.cpp:48) of variable 'add_ln48_17', ../layers_c/depthwise_conv2d.cpp:48 on array 'output_r' [216]  (3.25 ns)

 <State 16>: 0ns
The critical path consists of the following:


============================================================
+ Verbose Summary: Binding
============================================================
N/A
* FSMD analyzer results:
  - Output states:
 - Input state : 
  - Chain level:
	State 1
	State 2
	State 3
	State 4
	State 5
	State 6
	State 7
	State 8
	State 9
	State 10
	State 11
	State 12
	State 13
	State 14
	State 15
	State 16


============================================================
+ Verbose Summary: Datapath Resource usage 
============================================================
N/A
