

================================================================
== Vivado HLS Report for 'depthwise_conv2d_fix_2'
================================================================
* Date:           Sat Dec 28 18:43:55 2019

* Version:        2019.1 (Build 2552052 on Fri May 24 15:28:33 MDT 2019)
* Project:        HLS
* Solution:       solution1
* Product family: zynq
* Target device:  xc7z020-clg400-1


================================================================
== Performance Estimates
================================================================
+ Timing (ns): 
    * Summary: 
    +--------+-------+----------+------------+
    |  Clock | Target| Estimated| Uncertainty|
    +--------+-------+----------+------------+
    |ap_clk  |   6.67|     6.380|        6.00|
    +--------+-------+----------+------------+

+ Latency (clock cycles): 
    * Summary: 
    +-------+-------+-------+-------+---------+
    |    Latency    |    Interval   | Pipeline|
    |  min  |  max  |  min  |  max  |   Type  |
    +-------+-------+-------+-------+---------+
    |  15694|  62734|  15694|  62734|   none  |
    +-------+-------+-------+-------+---------+

    + Detail: 
        * Instance: 
        N/A

        * Loop: 
        +----------+-------+-------+----------+-----------+-----------+--------------+----------+
        |          |    Latency    | Iteration|  Initiation Interval  |     Trip     |          |
        | Loop Name|  min  |  max  |  Latency |  achieved |   target  |     Count    | Pipelined|
        +----------+-------+-------+----------+-----------+-----------+--------------+----------+
        |- Loop 1  |  15692|  62732|        18|          5|          1| 3136 ~ 12544 |    yes   |
        +----------+-------+-------+----------+-----------+-----------+--------------+----------+

============================================================
+ Verbose Summary: Synthesis Manager
============================================================
InlineROM: 1
ExposeGlobal: 0
============================================================
+ Verbose Summary: CDFG Model
============================================================
IsTopModel: 0
ResetActiveHigh: 1
IsCombinational: 0
IsDatapathOnly: 0
HasWiredReturn: 1
HasMFsm: 0
HasVarLatency: 1
IsPipeline: 0
IsRtlPipelined: 0
IsInstanceOverlapped: 0
IsDontTouch: 0
HasImplIP: 0
IsGatedGlobalClock: 0

+ Individual pipeline summary: 
  * Pipeline-0: initiation interval (II) = 5, depth = 18


============================================================
+ Verbose Summary: Schedule
============================================================
* Number of FSM states : 20
* Pipeline : 1
  Pipeline-0 : II = 5, D = 18, States = { 2 3 4 5 6 7 8 9 10 11 12 13 14 15 16 17 18 19 }
* Dataflow Pipeline: 0

* FSM state transitions: 
1 --> 2 
2 --> 3 
3 --> 4 
4 --> 5 
5 --> 20 6 
6 --> 7 
7 --> 8 
8 --> 9 
9 --> 10 
10 --> 11 
11 --> 12 
12 --> 13 
13 --> 14 
14 --> 15 
15 --> 16 
16 --> 17 
17 --> 18 
18 --> 19 
19 --> 2 
20 --> 

* FSM state operations: 

State 1 <SV = 0> <Delay = 3.49>
ST_1 : Operation 21 [1/1] (0.00ns)   --->   "%output_width_read = call i6 @_ssdm_op_Read.ap_auto.i6(i6 %output_width)" [../layers_c/depthwise_conv2d.cpp:34]   --->   Operation 21 'read' 'output_width_read' <Predicate = true> <Delay = 0.00>
ST_1 : Operation 22 [1/1] (0.00ns)   --->   "%output_height_read = call i6 @_ssdm_op_Read.ap_auto.i6(i6 %output_height)" [../layers_c/depthwise_conv2d.cpp:34]   --->   Operation 22 'read' 'output_height_read' <Predicate = true> <Delay = 0.00>
ST_1 : Operation 23 [1/1] (0.00ns)   --->   "%input_width_read = call i6 @_ssdm_op_Read.ap_auto.i6(i6 %input_width)" [../layers_c/depthwise_conv2d.cpp:34]   --->   Operation 23 'read' 'input_width_read' <Predicate = true> <Delay = 0.00>
ST_1 : Operation 24 [1/1] (0.00ns)   --->   "%input_height_read = call i7 @_ssdm_op_Read.ap_auto.i7(i7 %input_height)" [../layers_c/depthwise_conv2d.cpp:34]   --->   Operation 24 'read' 'input_height_read' <Predicate = true> <Delay = 0.00>
ST_1 : Operation 25 [1/1] (0.00ns)   --->   "%sext_ln34_14 = sext i6 %input_width_read to i7" [../layers_c/depthwise_conv2d.cpp:34]   --->   Operation 25 'sext' 'sext_ln34_14' <Predicate = true> <Delay = 0.00>
ST_1 : Operation 26 [1/1] (0.00ns)   --->   "%kernel_addr = getelementptr [48 x i16]* %kernel, i64 0, i64 0" [../layers_c/depthwise_conv2d.cpp:34]   --->   Operation 26 'getelementptr' 'kernel_addr' <Predicate = true> <Delay = 0.00>
ST_1 : Operation 27 [1/1] (0.00ns)   --->   "%kernel1_addr = getelementptr [48 x i16]* %kernel1, i64 0, i64 0" [../layers_c/depthwise_conv2d.cpp:34]   --->   Operation 27 'getelementptr' 'kernel1_addr' <Predicate = true> <Delay = 0.00>
ST_1 : Operation 28 [1/1] (0.00ns)   --->   "%kernel2_addr = getelementptr [48 x i16]* %kernel2, i64 0, i64 0" [../layers_c/depthwise_conv2d.cpp:34]   --->   Operation 28 'getelementptr' 'kernel2_addr' <Predicate = true> <Delay = 0.00>
ST_1 : Operation 29 [1/1] (0.00ns)   --->   "%zext_ln34 = zext i7 %input_height_read to i9" [../layers_c/depthwise_conv2d.cpp:34]   --->   Operation 29 'zext' 'zext_ln34' <Predicate = true> <Delay = 0.00>
ST_1 : Operation 30 [1/1] (0.00ns)   --->   "%zext_ln34_2_cast14 = zext i7 %sext_ln34_14 to i14" [../layers_c/depthwise_conv2d.cpp:34]   --->   Operation 30 'zext' 'zext_ln34_2_cast14' <Predicate = true> <Delay = 0.00>
ST_1 : Operation 31 [1/1] (0.00ns)   --->   "%zext_ln40 = zext i6 %output_height_read to i9" [../layers_c/depthwise_conv2d.cpp:40]   --->   Operation 31 'zext' 'zext_ln40' <Predicate = true> <Delay = 0.00>
ST_1 : Operation 32 [1/1] (0.00ns)   --->   "%zext_ln40_1_cast = zext i6 %output_width_read to i14" [../layers_c/depthwise_conv2d.cpp:34]   --->   Operation 32 'zext' 'zext_ln40_1_cast' <Predicate = true> <Delay = 0.00>
ST_1 : Operation 33 [1/1] (0.00ns)   --->   "%empty = trunc i6 %output_width_read to i5" [../layers_c/depthwise_conv2d.cpp:34]   --->   Operation 33 'trunc' 'empty' <Predicate = true> <Delay = 0.00>
ST_1 : Operation 34 [1/1] (0.00ns)   --->   "%empty_46 = trunc i6 %output_height_read to i5" [../layers_c/depthwise_conv2d.cpp:34]   --->   Operation 34 'trunc' 'empty_46' <Predicate = true> <Delay = 0.00>
ST_1 : Operation 35 [1/1] (0.00ns)   --->   "%zext_ln5 = zext i5 %empty_46 to i10" [../layers_c/depthwise_conv2d.cpp:5]   --->   Operation 35 'zext' 'zext_ln5' <Predicate = true> <Delay = 0.00>
ST_1 : Operation 36 [1/1] (0.00ns)   --->   "%zext_ln5_1 = zext i5 %empty to i10" [../layers_c/depthwise_conv2d.cpp:5]   --->   Operation 36 'zext' 'zext_ln5_1' <Predicate = true> <Delay = 0.00>
ST_1 : Operation 37 [1/1] (3.49ns)   --->   "%mul_ln5 = mul i10 %zext_ln5, %zext_ln5_1" [../layers_c/depthwise_conv2d.cpp:5]   --->   Operation 37 'mul' 'mul_ln5' <Predicate = true> <Delay = 3.49> <Core = "Mul">   --->   Core 16 'Mul' <Latency = 0> <II = 1> <Delay = 3.49> <FuncUnit> <Opcode : 'mul'> <InPorts = 2> <OutPorts = 1>
ST_1 : Operation 38 [1/1] (0.00ns)   --->   "%tmp_4 = call i14 @_ssdm_op_BitConcatenate.i14.i10.i4(i10 %mul_ln5, i4 0)" [../layers_c/depthwise_conv2d.cpp:5]   --->   Operation 38 'bitconcatenate' 'tmp_4' <Predicate = true> <Delay = 0.00>
ST_1 : Operation 39 [1/1] (1.36ns)   --->   "%icmp_ln23 = icmp eq i5 %empty, 0" [../layers_c/depthwise_conv2d.cpp:23]   --->   Operation 39 'icmp' 'icmp_ln23' <Predicate = true> <Delay = 1.36> <Core = "Cmp">   --->   Core 25 'Cmp' <Latency = 0> <II = 1> <Delay = 1.36> <FuncUnit> <Opcode : 'icmp'> <InPorts = 2> <OutPorts = 1>
ST_1 : Operation 40 [1/1] (0.66ns)   --->   "br label %.preheader" [../layers_c/depthwise_conv2d.cpp:21]   --->   Operation 40 'br' <Predicate = true> <Delay = 0.66>

State 2 <SV = 1> <Delay = 3.74>
ST_2 : Operation 41 [1/1] (0.00ns)   --->   "%indvar_flatten39 = phi i14 [ 0, %0 ], [ %add_ln21, %hls_label_0 ]" [../layers_c/depthwise_conv2d.cpp:21]   --->   Operation 41 'phi' 'indvar_flatten39' <Predicate = true> <Delay = 0.00>
ST_2 : Operation 42 [1/1] (0.00ns)   --->   "%out_d_0 = phi i5 [ 0, %0 ], [ %select_ln28_3, %hls_label_0 ]" [../layers_c/depthwise_conv2d.cpp:28]   --->   Operation 42 'phi' 'out_d_0' <Predicate = true> <Delay = 0.00>
ST_2 : Operation 43 [1/1] (0.00ns)   --->   "%indvar_flatten = phi i10 [ 0, %0 ], [ %select_ln22_1, %hls_label_0 ]" [../layers_c/depthwise_conv2d.cpp:22]   --->   Operation 43 'phi' 'indvar_flatten' <Predicate = true> <Delay = 0.00>
ST_2 : Operation 44 [1/1] (0.00ns)   --->   "%zext_ln40_1 = zext i5 %out_d_0 to i9" [../layers_c/depthwise_conv2d.cpp:40]   --->   Operation 44 'zext' 'zext_ln40_1' <Predicate = true> <Delay = 0.00>
ST_2 : Operation 45 [1/1] (3.74ns)   --->   "%mul_ln34 = mul i9 %zext_ln40_1, %zext_ln34" [../layers_c/depthwise_conv2d.cpp:34]   --->   Operation 45 'mul' 'mul_ln34' <Predicate = true> <Delay = 3.74> <Core = "Mul">   --->   Core 16 'Mul' <Latency = 0> <II = 1> <Delay = 3.49> <FuncUnit> <Opcode : 'mul'> <InPorts = 2> <OutPorts = 1>
ST_2 : Operation 46 [1/1] (2.20ns)   --->   "%icmp_ln21 = icmp eq i14 %indvar_flatten39, %tmp_4" [../layers_c/depthwise_conv2d.cpp:21]   --->   Operation 46 'icmp' 'icmp_ln21' <Predicate = true> <Delay = 2.20> <Core = "Cmp">   --->   Core 25 'Cmp' <Latency = 0> <II = 1> <Delay = 1.36> <FuncUnit> <Opcode : 'icmp'> <InPorts = 2> <OutPorts = 1>
ST_2 : Operation 47 [1/1] (1.78ns)   --->   "%out_d = add i5 1, %out_d_0" [../layers_c/depthwise_conv2d.cpp:21]   --->   Operation 47 'add' 'out_d' <Predicate = (!icmp_ln21)> <Delay = 1.78> <Core = "AddSub">   --->   Core 14 'AddSub' <Latency = 0> <II = 1> <Delay = 1.73> <FuncUnit> <Opcode : 'add' 'sub'> <InPorts = 2> <OutPorts = 1>
ST_2 : Operation 48 [1/1] (1.77ns)   --->   "%icmp_ln22 = icmp eq i10 %indvar_flatten, %mul_ln5" [../layers_c/depthwise_conv2d.cpp:22]   --->   Operation 48 'icmp' 'icmp_ln22' <Predicate = (!icmp_ln21)> <Delay = 1.77> <Core = "Cmp">   --->   Core 25 'Cmp' <Latency = 0> <II = 1> <Delay = 1.36> <FuncUnit> <Opcode : 'icmp'> <InPorts = 2> <OutPorts = 1>
ST_2 : Operation 49 [1/1] (1.73ns)   --->   "%add_ln22_1 = add i10 1, %indvar_flatten" [../layers_c/depthwise_conv2d.cpp:22]   --->   Operation 49 'add' 'add_ln22_1' <Predicate = (!icmp_ln21)> <Delay = 1.73> <Core = "AddSub">   --->   Core 14 'AddSub' <Latency = 0> <II = 1> <Delay = 1.73> <FuncUnit> <Opcode : 'add' 'sub'> <InPorts = 2> <OutPorts = 1>

State 3 <SV = 2> <Delay = 3.74>
ST_3 : Operation 50 [1/1] (0.00ns)   --->   "%out_h_0 = phi i5 [ 0, %0 ], [ %select_ln22, %hls_label_0 ]" [../layers_c/depthwise_conv2d.cpp:22]   --->   Operation 50 'phi' 'out_h_0' <Predicate = true> <Delay = 0.00>
ST_3 : Operation 51 [1/1] (0.00ns)   --->   "%out_w_0 = phi i5 [ 0, %0 ], [ %out_w, %hls_label_0 ]"   --->   Operation 51 'phi' 'out_w_0' <Predicate = true> <Delay = 0.00>
ST_3 : Operation 52 [1/1] (0.00ns)   --->   "%zext_ln34_4_cast = zext i5 %out_h_0 to i9" [../layers_c/depthwise_conv2d.cpp:22]   --->   Operation 52 'zext' 'zext_ln34_4_cast' <Predicate = true> <Delay = 0.00>
ST_3 : Operation 53 [1/1] (1.21ns)   --->   "%select_ln28 = select i1 %icmp_ln22, i5 0, i5 %out_h_0" [../layers_c/depthwise_conv2d.cpp:28]   --->   Operation 53 'select' 'select_ln28' <Predicate = (!icmp_ln21)> <Delay = 1.21> <Core = "Sel">   --->   Core 26 'Sel' <Latency = 0> <II = 1> <Delay = 0.68> <FuncUnit> <Opcode : 'select'> <InPorts = 3> <OutPorts = 1>
ST_3 : Operation 54 [1/1] (1.21ns)   --->   "%select_ln28_3 = select i1 %icmp_ln22, i5 %out_d, i5 %out_d_0" [../layers_c/depthwise_conv2d.cpp:28]   --->   Operation 54 'select' 'select_ln28_3' <Predicate = (!icmp_ln21)> <Delay = 1.21> <Core = "Sel">   --->   Core 26 'Sel' <Latency = 0> <II = 1> <Delay = 0.68> <FuncUnit> <Opcode : 'select'> <InPorts = 3> <OutPorts = 1>
ST_3 : Operation 55 [1/1] (0.00ns)   --->   "%zext_ln40_2 = zext i5 %out_d to i9" [../layers_c/depthwise_conv2d.cpp:40]   --->   Operation 55 'zext' 'zext_ln40_2' <Predicate = (!icmp_ln21)> <Delay = 0.00>
ST_3 : Operation 56 [1/1] (3.74ns)   --->   "%mul_ln34_2 = mul i9 %zext_ln34, %zext_ln40_2" [../layers_c/depthwise_conv2d.cpp:34]   --->   Operation 56 'mul' 'mul_ln34_2' <Predicate = (!icmp_ln21)> <Delay = 3.74> <Core = "Mul">   --->   Core 16 'Mul' <Latency = 0> <II = 1> <Delay = 3.49> <FuncUnit> <Opcode : 'mul'> <InPorts = 2> <OutPorts = 1>
ST_3 : Operation 57 [1/1] (0.00ns)   --->   "%trunc_ln28 = trunc i5 %select_ln28_3 to i2" [../layers_c/depthwise_conv2d.cpp:28]   --->   Operation 57 'trunc' 'trunc_ln28' <Predicate = (!icmp_ln21)> <Delay = 0.00>
ST_3 : Operation 58 [1/1] (1.36ns)   --->   "%icmp_ln23_1 = icmp eq i5 %out_w_0, %empty" [../layers_c/depthwise_conv2d.cpp:23]   --->   Operation 58 'icmp' 'icmp_ln23_1' <Predicate = (!icmp_ln21 & !icmp_ln22)> <Delay = 1.36> <Core = "Cmp">   --->   Core 25 'Cmp' <Latency = 0> <II = 1> <Delay = 1.36> <FuncUnit> <Opcode : 'icmp'> <InPorts = 2> <OutPorts = 1>

State 4 <SV = 3> <Delay = 3.78>
ST_4 : Operation 59 [1/1] (3.78ns)   --->   "%mul_ln40 = mul i9 %zext_ln40_1, %zext_ln40" [../layers_c/depthwise_conv2d.cpp:40]   --->   Operation 59 'mul' 'mul_ln40' <Predicate = true> <Delay = 3.78> <Core = "Mul">   --->   Core 16 'Mul' <Latency = 0> <II = 1> <Delay = 3.49> <FuncUnit> <Opcode : 'mul'> <InPorts = 2> <OutPorts = 1>
ST_4 : Operation 60 [1/1] (0.99ns)   --->   "%select_ln28_8 = select i1 %icmp_ln22, i1 %icmp_ln23, i1 %icmp_ln23_1" [../layers_c/depthwise_conv2d.cpp:28]   --->   Operation 60 'select' 'select_ln28_8' <Predicate = (!icmp_ln21)> <Delay = 0.99> <Core = "Sel">   --->   Core 26 'Sel' <Latency = 0> <II = 1> <Delay = 0.68> <FuncUnit> <Opcode : 'select'> <InPorts = 3> <OutPorts = 1>
ST_4 : Operation 61 [1/1] (1.78ns)   --->   "%out_h = add i5 1, %select_ln28" [../layers_c/depthwise_conv2d.cpp:22]   --->   Operation 61 'add' 'out_h' <Predicate = (!icmp_ln21)> <Delay = 1.78> <Core = "AddSub">   --->   Core 14 'AddSub' <Latency = 0> <II = 1> <Delay = 1.73> <FuncUnit> <Opcode : 'add' 'sub'> <InPorts = 2> <OutPorts = 1>

State 5 <SV = 4> <Delay = 3.78>
ST_5 : Operation 62 [1/1] (1.82ns)   --->   "%tmp_0_0 = add i9 %mul_ln34, %zext_ln34_4_cast" [../layers_c/depthwise_conv2d.cpp:34]   --->   Operation 62 'add' 'tmp_0_0' <Predicate = (!icmp_ln22 & !select_ln28_8)> <Delay = 1.82> <Core = "AddSub">   --->   Core 14 'AddSub' <Latency = 0> <II = 1> <Delay = 1.73> <FuncUnit> <Opcode : 'add' 'sub'> <InPorts = 2> <OutPorts = 1>
ST_5 : Operation 63 [1/1] (1.82ns)   --->   "%tmp6 = add i9 %mul_ln40, %zext_ln34_4_cast" [../layers_c/depthwise_conv2d.cpp:40]   --->   Operation 63 'add' 'tmp6' <Predicate = (!icmp_ln22 & !select_ln28_8)> <Delay = 1.82> <Core = "AddSub">   --->   Core 14 'AddSub' <Latency = 0> <II = 1> <Delay = 1.73> <FuncUnit> <Opcode : 'add' 'sub'> <InPorts = 2> <OutPorts = 1>
ST_5 : Operation 64 [1/1] (1.81ns)   --->   "%add_ln21 = add i14 %indvar_flatten39, 1" [../layers_c/depthwise_conv2d.cpp:21]   --->   Operation 64 'add' 'add_ln21' <Predicate = true> <Delay = 1.81> <Core = "AddSub">   --->   Core 14 'AddSub' <Latency = 0> <II = 1> <Delay = 1.73> <FuncUnit> <Opcode : 'add' 'sub'> <InPorts = 2> <OutPorts = 1>
ST_5 : Operation 65 [1/1] (0.00ns)   --->   "br i1 %icmp_ln21, label %1, label %hls_label_0" [../layers_c/depthwise_conv2d.cpp:21]   --->   Operation 65 'br' <Predicate = true> <Delay = 0.00>
ST_5 : Operation 66 [1/1] (0.00ns) (grouped into LUT with out node tmp_0_0_mid1)   --->   "%select_ln28_4 = select i1 %icmp_ln22, i9 %mul_ln34_2, i9 %mul_ln34" [../layers_c/depthwise_conv2d.cpp:28]   --->   Operation 66 'select' 'select_ln28_4' <Predicate = (!icmp_ln21 & select_ln28_8)> <Delay = 0.00> <Core = "Sel">   --->   Core 26 'Sel' <Latency = 0> <II = 1> <Delay = 0.68> <FuncUnit> <Opcode : 'select'> <InPorts = 3> <OutPorts = 1>
ST_5 : Operation 67 [1/1] (3.78ns)   --->   "%mul_ln40_1 = mul i9 %zext_ln40, %zext_ln40_2" [../layers_c/depthwise_conv2d.cpp:40]   --->   Operation 67 'mul' 'mul_ln40_1' <Predicate = (!icmp_ln21)> <Delay = 3.78> <Core = "Mul">   --->   Core 16 'Mul' <Latency = 0> <II = 1> <Delay = 3.49> <FuncUnit> <Opcode : 'mul'> <InPorts = 2> <OutPorts = 1>
ST_5 : Operation 68 [1/1] (0.00ns) (grouped into LUT with out node out_w_0_mid2)   --->   "%empty_48 = or i1 %select_ln28_8, %icmp_ln22" [../layers_c/depthwise_conv2d.cpp:28]   --->   Operation 68 'or' 'empty_48' <Predicate = (!icmp_ln21)> <Delay = 0.00> <Core = "LogicGate">   --->   Core 27 'LogicGate' <Latency = 0> <II = 1> <Delay = 0.97> <FuncUnit> <Opcode : 'and' 'or' 'xor'> <InPorts = 2> <OutPorts = 1>
ST_5 : Operation 69 [1/1] (1.21ns) (out node of the LUT)   --->   "%out_w_0_mid2 = select i1 %empty_48, i5 0, i5 %out_w_0" [../layers_c/depthwise_conv2d.cpp:28]   --->   Operation 69 'select' 'out_w_0_mid2' <Predicate = (!icmp_ln21)> <Delay = 1.21> <Core = "Sel">   --->   Core 26 'Sel' <Latency = 0> <II = 1> <Delay = 0.68> <FuncUnit> <Opcode : 'select'> <InPorts = 3> <OutPorts = 1>
ST_5 : Operation 70 [1/1] (0.00ns)   --->   "%zext_ln34_4_cast_mid = zext i5 %out_h to i9" [../layers_c/depthwise_conv2d.cpp:22]   --->   Operation 70 'zext' 'zext_ln34_4_cast_mid' <Predicate = (!icmp_ln21)> <Delay = 0.00>
ST_5 : Operation 71 [1/1] (1.82ns) (out node of the LUT)   --->   "%tmp_0_0_mid1 = add i9 %zext_ln34_4_cast_mid, %select_ln28_4" [../layers_c/depthwise_conv2d.cpp:22]   --->   Operation 71 'add' 'tmp_0_0_mid1' <Predicate = (!icmp_ln21 & select_ln28_8)> <Delay = 1.82> <Core = "AddSub">   --->   Core 14 'AddSub' <Latency = 0> <II = 1> <Delay = 1.73> <FuncUnit> <Opcode : 'add' 'sub'> <InPorts = 2> <OutPorts = 1>
ST_5 : Operation 72 [1/1] (1.21ns)   --->   "%select_ln22 = select i1 %select_ln28_8, i5 %out_h, i5 %select_ln28" [../layers_c/depthwise_conv2d.cpp:22]   --->   Operation 72 'select' 'select_ln22' <Predicate = (!icmp_ln21)> <Delay = 1.21> <Core = "Sel">   --->   Core 26 'Sel' <Latency = 0> <II = 1> <Delay = 0.68> <FuncUnit> <Opcode : 'select'> <InPorts = 3> <OutPorts = 1>

State 6 <SV = 5> <Delay = 1.82>
ST_6 : Operation 73 [1/1] (0.00ns) (grouped into LUT with out node tmp6_mid1)   --->   "%select_ln28_5 = select i1 %icmp_ln22, i9 %mul_ln40_1, i9 %mul_ln40" [../layers_c/depthwise_conv2d.cpp:28]   --->   Operation 73 'select' 'select_ln28_5' <Predicate = (!icmp_ln21 & select_ln28_8)> <Delay = 0.00> <Core = "Sel">   --->   Core 26 'Sel' <Latency = 0> <II = 1> <Delay = 0.68> <FuncUnit> <Opcode : 'select'> <InPorts = 3> <OutPorts = 1>
ST_6 : Operation 74 [1/1] (0.00ns) (grouped into LUT with out node tmp5_0_0_mid2_v_v)   --->   "%select_ln28_6 = select i1 %icmp_ln22, i9 %mul_ln34_2, i9 %tmp_0_0" [../layers_c/depthwise_conv2d.cpp:28]   --->   Operation 74 'select' 'select_ln28_6' <Predicate = (!icmp_ln21 & !select_ln28_8)> <Delay = 0.00> <Core = "Sel">   --->   Core 26 'Sel' <Latency = 0> <II = 1> <Delay = 0.68> <FuncUnit> <Opcode : 'select'> <InPorts = 3> <OutPorts = 1>
ST_6 : Operation 75 [1/1] (0.96ns) (out node of the LUT)   --->   "%tmp5_0_0_mid2_v_v = select i1 %select_ln28_8, i9 %tmp_0_0_mid1, i9 %select_ln28_6" [../layers_c/depthwise_conv2d.cpp:28]   --->   Operation 75 'select' 'tmp5_0_0_mid2_v_v' <Predicate = (!icmp_ln21)> <Delay = 0.96> <Core = "Sel">   --->   Core 26 'Sel' <Latency = 0> <II = 1> <Delay = 0.68> <FuncUnit> <Opcode : 'select'> <InPorts = 3> <OutPorts = 1>
ST_6 : Operation 76 [1/1] (1.82ns) (out node of the LUT)   --->   "%tmp6_mid1 = add i9 %zext_ln34_4_cast_mid, %select_ln28_5" [../layers_c/depthwise_conv2d.cpp:22]   --->   Operation 76 'add' 'tmp6_mid1' <Predicate = (!icmp_ln21 & select_ln28_8)> <Delay = 1.82> <Core = "AddSub">   --->   Core 14 'AddSub' <Latency = 0> <II = 1> <Delay = 1.73> <FuncUnit> <Opcode : 'add' 'sub'> <InPorts = 2> <OutPorts = 1>
ST_6 : Operation 77 [1/1] (0.68ns)   --->   "%select_ln22_1 = select i1 %icmp_ln22, i10 1, i10 %add_ln22_1" [../layers_c/depthwise_conv2d.cpp:22]   --->   Operation 77 'select' 'select_ln22_1' <Predicate = (!icmp_ln21)> <Delay = 0.68> <Core = "Sel">   --->   Core 26 'Sel' <Latency = 0> <II = 1> <Delay = 0.68> <FuncUnit> <Opcode : 'select'> <InPorts = 3> <OutPorts = 1>

State 7 <SV = 6> <Delay = 4.35>
ST_7 : Operation 78 [1/1] (0.00ns) (grouped into LUT with out node tmp7_mid2_v_v)   --->   "%select_ln28_7 = select i1 %icmp_ln22, i9 %mul_ln40_1, i9 %tmp6" [../layers_c/depthwise_conv2d.cpp:28]   --->   Operation 78 'select' 'select_ln28_7' <Predicate = (!icmp_ln21 & !select_ln28_8)> <Delay = 0.00> <Core = "Sel">   --->   Core 26 'Sel' <Latency = 0> <II = 1> <Delay = 0.68> <FuncUnit> <Opcode : 'select'> <InPorts = 3> <OutPorts = 1>
ST_7 : Operation 79 [1/1] (0.00ns)   --->   "%tmp5_0_0_mid2_v = zext i9 %tmp5_0_0_mid2_v_v to i14" [../layers_c/depthwise_conv2d.cpp:28]   --->   Operation 79 'zext' 'tmp5_0_0_mid2_v' <Predicate = (!icmp_ln21)> <Delay = 0.00>
ST_7 : Operation 80 [1/1] (4.35ns)   --->   "%tmp5_0_0_mid2 = mul i14 %zext_ln34_2_cast14, %tmp5_0_0_mid2_v" [../layers_c/depthwise_conv2d.cpp:34]   --->   Operation 80 'mul' 'tmp5_0_0_mid2' <Predicate = (!icmp_ln21)> <Delay = 4.35> <Core = "Mul">   --->   Core 16 'Mul' <Latency = 0> <II = 1> <Delay = 3.49> <FuncUnit> <Opcode : 'mul'> <InPorts = 2> <OutPorts = 1>
ST_7 : Operation 81 [1/1] (1.82ns)   --->   "%tmp5_2_0_mid2_v_v = add i9 2, %tmp5_0_0_mid2_v_v" [../layers_c/depthwise_conv2d.cpp:28]   --->   Operation 81 'add' 'tmp5_2_0_mid2_v_v' <Predicate = (!icmp_ln21)> <Delay = 1.82> <Core = "AddSub">   --->   Core 14 'AddSub' <Latency = 0> <II = 1> <Delay = 1.73> <FuncUnit> <Opcode : 'add' 'sub'> <InPorts = 2> <OutPorts = 1>
ST_7 : Operation 82 [1/1] (0.96ns) (out node of the LUT)   --->   "%tmp7_mid2_v_v = select i1 %select_ln28_8, i9 %tmp6_mid1, i9 %select_ln28_7" [../layers_c/depthwise_conv2d.cpp:28]   --->   Operation 82 'select' 'tmp7_mid2_v_v' <Predicate = (!icmp_ln21)> <Delay = 0.96> <Core = "Sel">   --->   Core 26 'Sel' <Latency = 0> <II = 1> <Delay = 0.68> <FuncUnit> <Opcode : 'select'> <InPorts = 3> <OutPorts = 1>
ST_7 : Operation 83 [2/2] (1.86ns)   --->   "%kernel_load = load i16* %kernel_addr, align 2" [../layers_c/depthwise_conv2d.cpp:34]   --->   Operation 83 'load' 'kernel_load' <Predicate = (!icmp_ln21)> <Delay = 1.86> <Core = "RAM">   --->   Core 37 'RAM' <Latency = 2> <II = 1> <Delay = 1.68> <Storage> <Opcode : 'load' 'store'> <Ports = 2> <Width = 16> <Depth = 14400> <RAM>
ST_7 : Operation 84 [2/2] (1.86ns)   --->   "%kernel1_load = load i16* %kernel1_addr, align 2" [../layers_c/depthwise_conv2d.cpp:34]   --->   Operation 84 'load' 'kernel1_load' <Predicate = (!icmp_ln21)> <Delay = 1.86> <Core = "RAM">   --->   Core 37 'RAM' <Latency = 2> <II = 1> <Delay = 1.68> <Storage> <Opcode : 'load' 'store'> <Ports = 2> <Width = 16> <Depth = 14400> <RAM>
ST_7 : Operation 85 [2/2] (1.86ns)   --->   "%kernel2_load = load i16* %kernel2_addr, align 2" [../layers_c/depthwise_conv2d.cpp:34]   --->   Operation 85 'load' 'kernel2_load' <Predicate = (!icmp_ln21)> <Delay = 1.86> <Core = "RAM">   --->   Core 37 'RAM' <Latency = 2> <II = 1> <Delay = 1.68> <Storage> <Opcode : 'load' 'store'> <Ports = 2> <Width = 16> <Depth = 14400> <RAM>
ST_7 : Operation 86 [1/1] (1.78ns)   --->   "%out_w = add i5 1, %out_w_0_mid2" [../layers_c/depthwise_conv2d.cpp:34]   --->   Operation 86 'add' 'out_w' <Predicate = (!icmp_ln21)> <Delay = 1.78> <Core = "AddSub">   --->   Core 14 'AddSub' <Latency = 0> <II = 1> <Delay = 1.73> <FuncUnit> <Opcode : 'add' 'sub'> <InPorts = 2> <OutPorts = 1>

State 8 <SV = 7> <Delay = 4.35>
ST_8 : Operation 87 [1/1] (1.56ns)   --->   "%add_ln28 = add i2 1, %trunc_ln28" [../layers_c/depthwise_conv2d.cpp:28]   --->   Operation 87 'add' 'add_ln28' <Predicate = (!icmp_ln21)> <Delay = 1.56> <Core = "AddSub">   --->   Core 14 'AddSub' <Latency = 0> <II = 1> <Delay = 1.73> <FuncUnit> <Opcode : 'add' 'sub'> <InPorts = 2> <OutPorts = 1>
ST_8 : Operation 88 [1/1] (0.97ns)   --->   "%xor_ln28 = xor i2 %trunc_ln28, -2" [../layers_c/depthwise_conv2d.cpp:28]   --->   Operation 88 'xor' 'xor_ln28' <Predicate = (!icmp_ln21)> <Delay = 0.97> <Core = "LogicGate">   --->   Core 27 'LogicGate' <Latency = 0> <II = 1> <Delay = 0.97> <FuncUnit> <Opcode : 'and' 'or' 'xor'> <InPorts = 2> <OutPorts = 1>
ST_8 : Operation 89 [1/1] (1.56ns)   --->   "%add_ln28_5 = add i2 -1, %trunc_ln28" [../layers_c/depthwise_conv2d.cpp:28]   --->   Operation 89 'add' 'add_ln28_5' <Predicate = (!icmp_ln21)> <Delay = 1.56> <Core = "AddSub">   --->   Core 14 'AddSub' <Latency = 0> <II = 1> <Delay = 1.73> <FuncUnit> <Opcode : 'add' 'sub'> <InPorts = 2> <OutPorts = 1>
ST_8 : Operation 90 [1/1] (1.82ns)   --->   "%tmp5_1_0_mid2_v_v = add i9 1, %tmp5_0_0_mid2_v_v" [../layers_c/depthwise_conv2d.cpp:28]   --->   Operation 90 'add' 'tmp5_1_0_mid2_v_v' <Predicate = (!icmp_ln21)> <Delay = 1.82> <Core = "AddSub">   --->   Core 14 'AddSub' <Latency = 0> <II = 1> <Delay = 1.73> <FuncUnit> <Opcode : 'add' 'sub'> <InPorts = 2> <OutPorts = 1>
ST_8 : Operation 91 [1/1] (0.00ns)   --->   "%tmp5_2_0_mid2_v = zext i9 %tmp5_2_0_mid2_v_v to i14" [../layers_c/depthwise_conv2d.cpp:28]   --->   Operation 91 'zext' 'tmp5_2_0_mid2_v' <Predicate = (!icmp_ln21)> <Delay = 0.00>
ST_8 : Operation 92 [1/1] (4.35ns)   --->   "%tmp5_2_0_mid2 = mul i14 %zext_ln34_2_cast14, %tmp5_2_0_mid2_v" [../layers_c/depthwise_conv2d.cpp:34]   --->   Operation 92 'mul' 'tmp5_2_0_mid2' <Predicate = (!icmp_ln21)> <Delay = 4.35> <Core = "Mul">   --->   Core 16 'Mul' <Latency = 0> <II = 1> <Delay = 3.49> <FuncUnit> <Opcode : 'mul'> <InPorts = 2> <OutPorts = 1>
ST_8 : Operation 93 [1/1] (0.00ns)   --->   "%zext_ln34_10 = zext i5 %out_w_0_mid2 to i14" [../layers_c/depthwise_conv2d.cpp:34]   --->   Operation 93 'zext' 'zext_ln34_10' <Predicate = (!icmp_ln21)> <Delay = 0.00>
ST_8 : Operation 94 [1/1] (1.81ns)   --->   "%add_ln34 = add i14 %tmp5_0_0_mid2, %zext_ln34_10" [../layers_c/depthwise_conv2d.cpp:34]   --->   Operation 94 'add' 'add_ln34' <Predicate = (!icmp_ln21)> <Delay = 1.81> <Core = "AddSub">   --->   Core 14 'AddSub' <Latency = 0> <II = 1> <Delay = 1.73> <FuncUnit> <Opcode : 'add' 'sub'> <InPorts = 2> <OutPorts = 1>
ST_8 : Operation 95 [1/2] (1.86ns)   --->   "%kernel_load = load i16* %kernel_addr, align 2" [../layers_c/depthwise_conv2d.cpp:34]   --->   Operation 95 'load' 'kernel_load' <Predicate = (!icmp_ln21)> <Delay = 1.86> <Core = "RAM">   --->   Core 37 'RAM' <Latency = 2> <II = 1> <Delay = 1.68> <Storage> <Opcode : 'load' 'store'> <Ports = 2> <Width = 16> <Depth = 14400> <RAM>
ST_8 : Operation 96 [1/2] (1.86ns)   --->   "%kernel1_load = load i16* %kernel1_addr, align 2" [../layers_c/depthwise_conv2d.cpp:34]   --->   Operation 96 'load' 'kernel1_load' <Predicate = (!icmp_ln21)> <Delay = 1.86> <Core = "RAM">   --->   Core 37 'RAM' <Latency = 2> <II = 1> <Delay = 1.68> <Storage> <Opcode : 'load' 'store'> <Ports = 2> <Width = 16> <Depth = 14400> <RAM>
ST_8 : Operation 97 [1/2] (1.86ns)   --->   "%kernel2_load = load i16* %kernel2_addr, align 2" [../layers_c/depthwise_conv2d.cpp:34]   --->   Operation 97 'load' 'kernel2_load' <Predicate = (!icmp_ln21)> <Delay = 1.86> <Core = "RAM">   --->   Core 37 'RAM' <Latency = 2> <II = 1> <Delay = 1.68> <Storage> <Opcode : 'load' 'store'> <Ports = 2> <Width = 16> <Depth = 14400> <RAM>
ST_8 : Operation 98 [1/1] (0.00ns)   --->   "%zext_ln34_12 = zext i5 %out_w to i14" [../layers_c/depthwise_conv2d.cpp:34]   --->   Operation 98 'zext' 'zext_ln34_12' <Predicate = (!icmp_ln21)> <Delay = 0.00>
ST_8 : Operation 99 [1/1] (1.81ns)   --->   "%add_ln34_4 = add i14 %tmp5_0_0_mid2, %zext_ln34_12" [../layers_c/depthwise_conv2d.cpp:34]   --->   Operation 99 'add' 'add_ln34_4' <Predicate = (!icmp_ln21)> <Delay = 1.81> <Core = "AddSub">   --->   Core 14 'AddSub' <Latency = 0> <II = 1> <Delay = 1.73> <FuncUnit> <Opcode : 'add' 'sub'> <InPorts = 2> <OutPorts = 1>

State 9 <SV = 8> <Delay = 4.35>
ST_9 : Operation 100 [1/1] (0.00ns)   --->   "%tmp5_1_0_mid2_v = zext i9 %tmp5_1_0_mid2_v_v to i14" [../layers_c/depthwise_conv2d.cpp:28]   --->   Operation 100 'zext' 'tmp5_1_0_mid2_v' <Predicate = (!icmp_ln21)> <Delay = 0.00>
ST_9 : Operation 101 [1/1] (4.35ns)   --->   "%tmp5_1_0_mid2 = mul i14 %zext_ln34_2_cast14, %tmp5_1_0_mid2_v" [../layers_c/depthwise_conv2d.cpp:34]   --->   Operation 101 'mul' 'tmp5_1_0_mid2' <Predicate = (!icmp_ln21)> <Delay = 4.35> <Core = "Mul">   --->   Core 16 'Mul' <Latency = 0> <II = 1> <Delay = 3.49> <FuncUnit> <Opcode : 'mul'> <InPorts = 2> <OutPorts = 1>
ST_9 : Operation 102 [1/1] (0.00ns)   --->   "%zext_ln34_11 = zext i14 %add_ln34 to i64" [../layers_c/depthwise_conv2d.cpp:34]   --->   Operation 102 'zext' 'zext_ln34_11' <Predicate = (!icmp_ln21)> <Delay = 0.00>
ST_9 : Operation 103 [1/1] (0.00ns)   --->   "%input_addr = getelementptr [14400 x i16]* %input_r, i64 0, i64 %zext_ln34_11" [../layers_c/depthwise_conv2d.cpp:34]   --->   Operation 103 'getelementptr' 'input_addr' <Predicate = (!icmp_ln21)> <Delay = 0.00>
ST_9 : Operation 104 [3/3] (1.68ns)   --->   "%input_load = load i16* %input_addr, align 2" [../layers_c/depthwise_conv2d.cpp:34]   --->   Operation 104 'load' 'input_load' <Predicate = (!icmp_ln21)> <Delay = 1.68> <Core = "RAM">   --->   Core 37 'RAM' <Latency = 2> <II = 1> <Delay = 1.68> <Storage> <Opcode : 'load' 'store'> <Ports = 2> <Width = 16> <Depth = 14400> <RAM>
ST_9 : Operation 105 [3/3] (1.57ns)   --->   "%tmp_s = call i16 @_ssdm_op_Mux.ap_auto.3i16.i2(i16 %kernel_load, i16 %kernel1_load, i16 %kernel2_load, i2 %trunc_ln28)" [../layers_c/depthwise_conv2d.cpp:34]   --->   Operation 105 'mux' 'tmp_s' <Predicate = (!icmp_ln21)> <Delay = 1.57> <Core = "MuxnS">   --->   Core 31 'MuxnS' <Latency = 2> <II = 1> <Delay = 1.57> <FuncUnit> <Opcode : 'mux'> <InPorts = 2> <OutPorts = 1>
ST_9 : Operation 106 [1/1] (0.00ns)   --->   "%zext_ln34_13 = zext i14 %add_ln34_4 to i64" [../layers_c/depthwise_conv2d.cpp:34]   --->   Operation 106 'zext' 'zext_ln34_13' <Predicate = (!icmp_ln21)> <Delay = 0.00>
ST_9 : Operation 107 [1/1] (0.00ns)   --->   "%input_addr_7 = getelementptr [14400 x i16]* %input_r, i64 0, i64 %zext_ln34_13" [../layers_c/depthwise_conv2d.cpp:34]   --->   Operation 107 'getelementptr' 'input_addr_7' <Predicate = (!icmp_ln21)> <Delay = 0.00>
ST_9 : Operation 108 [3/3] (1.68ns)   --->   "%input_load_7 = load i16* %input_addr_7, align 2" [../layers_c/depthwise_conv2d.cpp:34]   --->   Operation 108 'load' 'input_load_7' <Predicate = (!icmp_ln21)> <Delay = 1.68> <Core = "RAM">   --->   Core 37 'RAM' <Latency = 2> <II = 1> <Delay = 1.68> <Storage> <Opcode : 'load' 'store'> <Ports = 2> <Width = 16> <Depth = 14400> <RAM>
ST_9 : Operation 109 [3/3] (1.57ns)   --->   "%tmp_1 = call i16 @_ssdm_op_Mux.ap_auto.3i16.i2(i16 %kernel_load, i16 %kernel1_load, i16 %kernel2_load, i2 %add_ln28)" [../layers_c/depthwise_conv2d.cpp:34]   --->   Operation 109 'mux' 'tmp_1' <Predicate = (!icmp_ln21)> <Delay = 1.57> <Core = "MuxnS">   --->   Core 31 'MuxnS' <Latency = 2> <II = 1> <Delay = 1.57> <FuncUnit> <Opcode : 'mux'> <InPorts = 2> <OutPorts = 1>
ST_9 : Operation 110 [1/1] (1.78ns)   --->   "%add_ln34_5 = add i5 2, %out_w_0_mid2" [../layers_c/depthwise_conv2d.cpp:34]   --->   Operation 110 'add' 'add_ln34_5' <Predicate = (!icmp_ln21)> <Delay = 1.78> <Core = "AddSub">   --->   Core 14 'AddSub' <Latency = 0> <II = 1> <Delay = 1.73> <FuncUnit> <Opcode : 'add' 'sub'> <InPorts = 2> <OutPorts = 1>
ST_9 : Operation 111 [3/3] (1.57ns)   --->   "%tmp_2 = call i16 @_ssdm_op_Mux.ap_auto.3i16.i2(i16 %kernel_load, i16 %kernel1_load, i16 %kernel2_load, i2 %xor_ln28)" [../layers_c/depthwise_conv2d.cpp:34]   --->   Operation 111 'mux' 'tmp_2' <Predicate = (!icmp_ln21)> <Delay = 1.57> <Core = "MuxnS">   --->   Core 31 'MuxnS' <Latency = 2> <II = 1> <Delay = 1.57> <FuncUnit> <Opcode : 'mux'> <InPorts = 2> <OutPorts = 1>
ST_9 : Operation 112 [3/3] (1.57ns)   --->   "%tmp_3 = call i16 @_ssdm_op_Mux.ap_auto.3i16.i2(i16 %kernel_load, i16 %kernel1_load, i16 %kernel2_load, i2 %add_ln28_5)" [../layers_c/depthwise_conv2d.cpp:34]   --->   Operation 112 'mux' 'tmp_3' <Predicate = (!icmp_ln21)> <Delay = 1.57> <Core = "MuxnS">   --->   Core 31 'MuxnS' <Latency = 2> <II = 1> <Delay = 1.57> <FuncUnit> <Opcode : 'mux'> <InPorts = 2> <OutPorts = 1>
ST_9 : Operation 113 [1/1] (1.81ns)   --->   "%add_ln34_10 = add i14 %tmp5_2_0_mid2, %zext_ln34_10" [../layers_c/depthwise_conv2d.cpp:34]   --->   Operation 113 'add' 'add_ln34_10' <Predicate = (!icmp_ln21)> <Delay = 1.81> <Core = "AddSub">   --->   Core 14 'AddSub' <Latency = 0> <II = 1> <Delay = 1.73> <FuncUnit> <Opcode : 'add' 'sub'> <InPorts = 2> <OutPorts = 1>
ST_9 : Operation 114 [1/1] (1.81ns)   --->   "%add_ln34_11 = add i14 %tmp5_2_0_mid2, %zext_ln34_12" [../layers_c/depthwise_conv2d.cpp:34]   --->   Operation 114 'add' 'add_ln34_11' <Predicate = (!icmp_ln21)> <Delay = 1.81> <Core = "AddSub">   --->   Core 14 'AddSub' <Latency = 0> <II = 1> <Delay = 1.73> <FuncUnit> <Opcode : 'add' 'sub'> <InPorts = 2> <OutPorts = 1>

State 10 <SV = 9> <Delay = 1.81>
ST_10 : Operation 115 [2/3] (1.68ns)   --->   "%input_load = load i16* %input_addr, align 2" [../layers_c/depthwise_conv2d.cpp:34]   --->   Operation 115 'load' 'input_load' <Predicate = (!icmp_ln21)> <Delay = 1.68> <Core = "RAM">   --->   Core 37 'RAM' <Latency = 2> <II = 1> <Delay = 1.68> <Storage> <Opcode : 'load' 'store'> <Ports = 2> <Width = 16> <Depth = 14400> <RAM>
ST_10 : Operation 116 [2/3] (1.57ns)   --->   "%tmp_s = call i16 @_ssdm_op_Mux.ap_auto.3i16.i2(i16 %kernel_load, i16 %kernel1_load, i16 %kernel2_load, i2 %trunc_ln28)" [../layers_c/depthwise_conv2d.cpp:34]   --->   Operation 116 'mux' 'tmp_s' <Predicate = (!icmp_ln21)> <Delay = 1.57> <Core = "MuxnS">   --->   Core 31 'MuxnS' <Latency = 2> <II = 1> <Delay = 1.57> <FuncUnit> <Opcode : 'mux'> <InPorts = 2> <OutPorts = 1>
ST_10 : Operation 117 [2/3] (1.68ns)   --->   "%input_load_7 = load i16* %input_addr_7, align 2" [../layers_c/depthwise_conv2d.cpp:34]   --->   Operation 117 'load' 'input_load_7' <Predicate = (!icmp_ln21)> <Delay = 1.68> <Core = "RAM">   --->   Core 37 'RAM' <Latency = 2> <II = 1> <Delay = 1.68> <Storage> <Opcode : 'load' 'store'> <Ports = 2> <Width = 16> <Depth = 14400> <RAM>
ST_10 : Operation 118 [2/3] (1.57ns)   --->   "%tmp_1 = call i16 @_ssdm_op_Mux.ap_auto.3i16.i2(i16 %kernel_load, i16 %kernel1_load, i16 %kernel2_load, i2 %add_ln28)" [../layers_c/depthwise_conv2d.cpp:34]   --->   Operation 118 'mux' 'tmp_1' <Predicate = (!icmp_ln21)> <Delay = 1.57> <Core = "MuxnS">   --->   Core 31 'MuxnS' <Latency = 2> <II = 1> <Delay = 1.57> <FuncUnit> <Opcode : 'mux'> <InPorts = 2> <OutPorts = 1>
ST_10 : Operation 119 [1/1] (0.00ns)   --->   "%zext_ln34_14 = zext i5 %add_ln34_5 to i14" [../layers_c/depthwise_conv2d.cpp:34]   --->   Operation 119 'zext' 'zext_ln34_14' <Predicate = (!icmp_ln21)> <Delay = 0.00>
ST_10 : Operation 120 [1/1] (1.81ns)   --->   "%add_ln34_6 = add i14 %tmp5_0_0_mid2, %zext_ln34_14" [../layers_c/depthwise_conv2d.cpp:34]   --->   Operation 120 'add' 'add_ln34_6' <Predicate = (!icmp_ln21)> <Delay = 1.81> <Core = "AddSub">   --->   Core 14 'AddSub' <Latency = 0> <II = 1> <Delay = 1.73> <FuncUnit> <Opcode : 'add' 'sub'> <InPorts = 2> <OutPorts = 1>
ST_10 : Operation 121 [2/3] (1.57ns)   --->   "%tmp_2 = call i16 @_ssdm_op_Mux.ap_auto.3i16.i2(i16 %kernel_load, i16 %kernel1_load, i16 %kernel2_load, i2 %xor_ln28)" [../layers_c/depthwise_conv2d.cpp:34]   --->   Operation 121 'mux' 'tmp_2' <Predicate = (!icmp_ln21)> <Delay = 1.57> <Core = "MuxnS">   --->   Core 31 'MuxnS' <Latency = 2> <II = 1> <Delay = 1.57> <FuncUnit> <Opcode : 'mux'> <InPorts = 2> <OutPorts = 1>
ST_10 : Operation 122 [2/3] (1.57ns)   --->   "%tmp_3 = call i16 @_ssdm_op_Mux.ap_auto.3i16.i2(i16 %kernel_load, i16 %kernel1_load, i16 %kernel2_load, i2 %add_ln28_5)" [../layers_c/depthwise_conv2d.cpp:34]   --->   Operation 122 'mux' 'tmp_3' <Predicate = (!icmp_ln21)> <Delay = 1.57> <Core = "MuxnS">   --->   Core 31 'MuxnS' <Latency = 2> <II = 1> <Delay = 1.57> <FuncUnit> <Opcode : 'mux'> <InPorts = 2> <OutPorts = 1>
ST_10 : Operation 123 [1/1] (0.00ns)   --->   "%zext_ln34_19 = zext i14 %add_ln34_10 to i64" [../layers_c/depthwise_conv2d.cpp:34]   --->   Operation 123 'zext' 'zext_ln34_19' <Predicate = (!icmp_ln21)> <Delay = 0.00>
ST_10 : Operation 124 [1/1] (0.00ns)   --->   "%input_addr_12 = getelementptr [14400 x i16]* %input_r, i64 0, i64 %zext_ln34_19" [../layers_c/depthwise_conv2d.cpp:34]   --->   Operation 124 'getelementptr' 'input_addr_12' <Predicate = (!icmp_ln21)> <Delay = 0.00>
ST_10 : Operation 125 [3/3] (1.68ns)   --->   "%input_load_12 = load i16* %input_addr_12, align 2" [../layers_c/depthwise_conv2d.cpp:34]   --->   Operation 125 'load' 'input_load_12' <Predicate = (!icmp_ln21)> <Delay = 1.68> <Core = "RAM">   --->   Core 37 'RAM' <Latency = 2> <II = 1> <Delay = 1.68> <Storage> <Opcode : 'load' 'store'> <Ports = 2> <Width = 16> <Depth = 14400> <RAM>
ST_10 : Operation 126 [1/1] (0.00ns)   --->   "%zext_ln34_20 = zext i14 %add_ln34_11 to i64" [../layers_c/depthwise_conv2d.cpp:34]   --->   Operation 126 'zext' 'zext_ln34_20' <Predicate = (!icmp_ln21)> <Delay = 0.00>
ST_10 : Operation 127 [1/1] (0.00ns)   --->   "%input_addr_13 = getelementptr [14400 x i16]* %input_r, i64 0, i64 %zext_ln34_20" [../layers_c/depthwise_conv2d.cpp:34]   --->   Operation 127 'getelementptr' 'input_addr_13' <Predicate = (!icmp_ln21)> <Delay = 0.00>
ST_10 : Operation 128 [3/3] (1.68ns)   --->   "%input_load_13 = load i16* %input_addr_13, align 2" [../layers_c/depthwise_conv2d.cpp:34]   --->   Operation 128 'load' 'input_load_13' <Predicate = (!icmp_ln21)> <Delay = 1.68> <Core = "RAM">   --->   Core 37 'RAM' <Latency = 2> <II = 1> <Delay = 1.68> <Storage> <Opcode : 'load' 'store'> <Ports = 2> <Width = 16> <Depth = 14400> <RAM>
ST_10 : Operation 129 [1/1] (1.81ns)   --->   "%add_ln34_12 = add i14 %tmp5_2_0_mid2, %zext_ln34_14" [../layers_c/depthwise_conv2d.cpp:34]   --->   Operation 129 'add' 'add_ln34_12' <Predicate = (!icmp_ln21)> <Delay = 1.81> <Core = "AddSub">   --->   Core 14 'AddSub' <Latency = 0> <II = 1> <Delay = 1.73> <FuncUnit> <Opcode : 'add' 'sub'> <InPorts = 2> <OutPorts = 1>

State 11 <SV = 10> <Delay = 6.38>
ST_11 : Operation 130 [1/1] (0.00ns)   --->   "%tmp7_mid2_v = zext i9 %tmp7_mid2_v_v to i14" [../layers_c/depthwise_conv2d.cpp:28]   --->   Operation 130 'zext' 'tmp7_mid2_v' <Predicate = (!icmp_ln21)> <Delay = 0.00>
ST_11 : Operation 131 [1/1] (3.36ns) (grouped into DSP with root node add_ln40)   --->   "%tmp7_mid2 = mul i14 %zext_ln40_1_cast, %tmp7_mid2_v" [../layers_c/depthwise_conv2d.cpp:34]   --->   Operation 131 'mul' 'tmp7_mid2' <Predicate = (!icmp_ln21)> <Delay = 3.36> <Core = "DSP48">   --->   Core 88 'DSP48' <Latency = 0> <II = 1> <Delay = 6.38> <IPBlock> <Opcode : 'mul' 'add' 'sub' 'select'> <InPorts = 0> <OutPorts = 1> <Sync> <CReg>
ST_11 : Operation 132 [1/3] (1.68ns)   --->   "%input_load = load i16* %input_addr, align 2" [../layers_c/depthwise_conv2d.cpp:34]   --->   Operation 132 'load' 'input_load' <Predicate = (!icmp_ln21)> <Delay = 1.68> <Core = "RAM">   --->   Core 37 'RAM' <Latency = 2> <II = 1> <Delay = 1.68> <Storage> <Opcode : 'load' 'store'> <Ports = 2> <Width = 16> <Depth = 14400> <RAM>
ST_11 : Operation 133 [1/3] (1.57ns)   --->   "%tmp_s = call i16 @_ssdm_op_Mux.ap_auto.3i16.i2(i16 %kernel_load, i16 %kernel1_load, i16 %kernel2_load, i2 %trunc_ln28)" [../layers_c/depthwise_conv2d.cpp:34]   --->   Operation 133 'mux' 'tmp_s' <Predicate = (!icmp_ln21)> <Delay = 1.57> <Core = "MuxnS">   --->   Core 31 'MuxnS' <Latency = 2> <II = 1> <Delay = 1.57> <FuncUnit> <Opcode : 'mux'> <InPorts = 2> <OutPorts = 1>
ST_11 : Operation 134 [1/3] (1.68ns)   --->   "%input_load_7 = load i16* %input_addr_7, align 2" [../layers_c/depthwise_conv2d.cpp:34]   --->   Operation 134 'load' 'input_load_7' <Predicate = (!icmp_ln21)> <Delay = 1.68> <Core = "RAM">   --->   Core 37 'RAM' <Latency = 2> <II = 1> <Delay = 1.68> <Storage> <Opcode : 'load' 'store'> <Ports = 2> <Width = 16> <Depth = 14400> <RAM>
ST_11 : Operation 135 [1/3] (1.57ns)   --->   "%tmp_1 = call i16 @_ssdm_op_Mux.ap_auto.3i16.i2(i16 %kernel_load, i16 %kernel1_load, i16 %kernel2_load, i2 %add_ln28)" [../layers_c/depthwise_conv2d.cpp:34]   --->   Operation 135 'mux' 'tmp_1' <Predicate = (!icmp_ln21)> <Delay = 1.57> <Core = "MuxnS">   --->   Core 31 'MuxnS' <Latency = 2> <II = 1> <Delay = 1.57> <FuncUnit> <Opcode : 'mux'> <InPorts = 2> <OutPorts = 1>
ST_11 : Operation 136 [1/1] (0.00ns)   --->   "%zext_ln34_15 = zext i14 %add_ln34_6 to i64" [../layers_c/depthwise_conv2d.cpp:34]   --->   Operation 136 'zext' 'zext_ln34_15' <Predicate = (!icmp_ln21)> <Delay = 0.00>
ST_11 : Operation 137 [1/1] (0.00ns)   --->   "%input_addr_8 = getelementptr [14400 x i16]* %input_r, i64 0, i64 %zext_ln34_15" [../layers_c/depthwise_conv2d.cpp:34]   --->   Operation 137 'getelementptr' 'input_addr_8' <Predicate = (!icmp_ln21)> <Delay = 0.00>
ST_11 : Operation 138 [3/3] (1.68ns)   --->   "%input_load_8 = load i16* %input_addr_8, align 2" [../layers_c/depthwise_conv2d.cpp:34]   --->   Operation 138 'load' 'input_load_8' <Predicate = (!icmp_ln21)> <Delay = 1.68> <Core = "RAM">   --->   Core 37 'RAM' <Latency = 2> <II = 1> <Delay = 1.68> <Storage> <Opcode : 'load' 'store'> <Ports = 2> <Width = 16> <Depth = 14400> <RAM>
ST_11 : Operation 139 [1/3] (1.57ns)   --->   "%tmp_2 = call i16 @_ssdm_op_Mux.ap_auto.3i16.i2(i16 %kernel_load, i16 %kernel1_load, i16 %kernel2_load, i2 %xor_ln28)" [../layers_c/depthwise_conv2d.cpp:34]   --->   Operation 139 'mux' 'tmp_2' <Predicate = (!icmp_ln21)> <Delay = 1.57> <Core = "MuxnS">   --->   Core 31 'MuxnS' <Latency = 2> <II = 1> <Delay = 1.57> <FuncUnit> <Opcode : 'mux'> <InPorts = 2> <OutPorts = 1>
ST_11 : Operation 140 [1/1] (1.81ns)   --->   "%add_ln34_7 = add i14 %tmp5_1_0_mid2, %zext_ln34_10" [../layers_c/depthwise_conv2d.cpp:34]   --->   Operation 140 'add' 'add_ln34_7' <Predicate = (!icmp_ln21)> <Delay = 1.81> <Core = "AddSub">   --->   Core 14 'AddSub' <Latency = 0> <II = 1> <Delay = 1.73> <FuncUnit> <Opcode : 'add' 'sub'> <InPorts = 2> <OutPorts = 1>
ST_11 : Operation 141 [1/3] (1.57ns)   --->   "%tmp_3 = call i16 @_ssdm_op_Mux.ap_auto.3i16.i2(i16 %kernel_load, i16 %kernel1_load, i16 %kernel2_load, i2 %add_ln28_5)" [../layers_c/depthwise_conv2d.cpp:34]   --->   Operation 141 'mux' 'tmp_3' <Predicate = (!icmp_ln21)> <Delay = 1.57> <Core = "MuxnS">   --->   Core 31 'MuxnS' <Latency = 2> <II = 1> <Delay = 1.57> <FuncUnit> <Opcode : 'mux'> <InPorts = 2> <OutPorts = 1>
ST_11 : Operation 142 [1/1] (1.81ns)   --->   "%add_ln34_8 = add i14 %tmp5_1_0_mid2, %zext_ln34_12" [../layers_c/depthwise_conv2d.cpp:34]   --->   Operation 142 'add' 'add_ln34_8' <Predicate = (!icmp_ln21)> <Delay = 1.81> <Core = "AddSub">   --->   Core 14 'AddSub' <Latency = 0> <II = 1> <Delay = 1.73> <FuncUnit> <Opcode : 'add' 'sub'> <InPorts = 2> <OutPorts = 1>
ST_11 : Operation 143 [1/1] (1.81ns)   --->   "%add_ln34_9 = add i14 %tmp5_1_0_mid2, %zext_ln34_14" [../layers_c/depthwise_conv2d.cpp:34]   --->   Operation 143 'add' 'add_ln34_9' <Predicate = (!icmp_ln21)> <Delay = 1.81> <Core = "AddSub">   --->   Core 14 'AddSub' <Latency = 0> <II = 1> <Delay = 1.73> <FuncUnit> <Opcode : 'add' 'sub'> <InPorts = 2> <OutPorts = 1>
ST_11 : Operation 144 [2/3] (1.68ns)   --->   "%input_load_12 = load i16* %input_addr_12, align 2" [../layers_c/depthwise_conv2d.cpp:34]   --->   Operation 144 'load' 'input_load_12' <Predicate = (!icmp_ln21)> <Delay = 1.68> <Core = "RAM">   --->   Core 37 'RAM' <Latency = 2> <II = 1> <Delay = 1.68> <Storage> <Opcode : 'load' 'store'> <Ports = 2> <Width = 16> <Depth = 14400> <RAM>
ST_11 : Operation 145 [2/3] (1.68ns)   --->   "%input_load_13 = load i16* %input_addr_13, align 2" [../layers_c/depthwise_conv2d.cpp:34]   --->   Operation 145 'load' 'input_load_13' <Predicate = (!icmp_ln21)> <Delay = 1.68> <Core = "RAM">   --->   Core 37 'RAM' <Latency = 2> <II = 1> <Delay = 1.68> <Storage> <Opcode : 'load' 'store'> <Ports = 2> <Width = 16> <Depth = 14400> <RAM>
ST_11 : Operation 146 [1/1] (0.00ns)   --->   "%zext_ln34_21 = zext i14 %add_ln34_12 to i64" [../layers_c/depthwise_conv2d.cpp:34]   --->   Operation 146 'zext' 'zext_ln34_21' <Predicate = (!icmp_ln21)> <Delay = 0.00>
ST_11 : Operation 147 [1/1] (0.00ns)   --->   "%input_addr_14 = getelementptr [14400 x i16]* %input_r, i64 0, i64 %zext_ln34_21" [../layers_c/depthwise_conv2d.cpp:34]   --->   Operation 147 'getelementptr' 'input_addr_14' <Predicate = (!icmp_ln21)> <Delay = 0.00>
ST_11 : Operation 148 [3/3] (1.68ns)   --->   "%input_load_14 = load i16* %input_addr_14, align 2" [../layers_c/depthwise_conv2d.cpp:34]   --->   Operation 148 'load' 'input_load_14' <Predicate = (!icmp_ln21)> <Delay = 1.68> <Core = "RAM">   --->   Core 37 'RAM' <Latency = 2> <II = 1> <Delay = 1.68> <Storage> <Opcode : 'load' 'store'> <Ports = 2> <Width = 16> <Depth = 14400> <RAM>
ST_11 : Operation 149 [1/1] (3.02ns) (root node of the DSP)   --->   "%add_ln40 = add i14 %tmp7_mid2, %zext_ln34_10" [../layers_c/depthwise_conv2d.cpp:40]   --->   Operation 149 'add' 'add_ln40' <Predicate = (!icmp_ln21)> <Delay = 3.02> <Core = "DSP48">   --->   Core 88 'DSP48' <Latency = 0> <II = 1> <Delay = 6.38> <IPBlock> <Opcode : 'mul' 'add' 'sub' 'select'> <InPorts = 0> <OutPorts = 1> <Sync> <CReg>

State 12 <SV = 11> <Delay = 6.38>
ST_12 : Operation 150 [1/1] (0.00ns)   --->   "%sext_ln34 = sext i16 %input_load to i30" [../layers_c/depthwise_conv2d.cpp:34]   --->   Operation 150 'sext' 'sext_ln34' <Predicate = (!icmp_ln21)> <Delay = 0.00>
ST_12 : Operation 151 [1/1] (0.00ns)   --->   "%sext_ln34_2 = sext i16 %tmp_s to i30" [../layers_c/depthwise_conv2d.cpp:34]   --->   Operation 151 'sext' 'sext_ln34_2' <Predicate = (!icmp_ln21)> <Delay = 0.00>
ST_12 : Operation 152 [1/1] (6.38ns) (root node of the DSP)   --->   "%mul_ln34_3 = mul i30 %sext_ln34, %sext_ln34_2" [../layers_c/depthwise_conv2d.cpp:34]   --->   Operation 152 'mul' 'mul_ln34_3' <Predicate = (!icmp_ln21)> <Delay = 6.38> <Core = "DSP48">   --->   Core 88 'DSP48' <Latency = 0> <II = 1> <Delay = 6.38> <IPBlock> <Opcode : 'mul' 'add' 'sub' 'select'> <InPorts = 0> <OutPorts = 1> <Sync> <CReg>
ST_12 : Operation 153 [1/1] (0.00ns)   --->   "%sext_ln34_3 = sext i16 %input_load_7 to i30" [../layers_c/depthwise_conv2d.cpp:34]   --->   Operation 153 'sext' 'sext_ln34_3' <Predicate = (!icmp_ln21)> <Delay = 0.00>
ST_12 : Operation 154 [1/1] (0.00ns)   --->   "%sext_ln34_4 = sext i16 %tmp_1 to i30" [../layers_c/depthwise_conv2d.cpp:34]   --->   Operation 154 'sext' 'sext_ln34_4' <Predicate = (!icmp_ln21)> <Delay = 0.00>
ST_12 : Operation 155 [1/1] (6.38ns) (root node of the DSP)   --->   "%mul_ln34_4 = mul i30 %sext_ln34_3, %sext_ln34_4" [../layers_c/depthwise_conv2d.cpp:34]   --->   Operation 155 'mul' 'mul_ln34_4' <Predicate = (!icmp_ln21)> <Delay = 6.38> <Core = "DSP48">   --->   Core 88 'DSP48' <Latency = 0> <II = 1> <Delay = 6.38> <IPBlock> <Opcode : 'mul' 'add' 'sub' 'select'> <InPorts = 0> <OutPorts = 1> <Sync> <CReg>
ST_12 : Operation 156 [2/3] (1.68ns)   --->   "%input_load_8 = load i16* %input_addr_8, align 2" [../layers_c/depthwise_conv2d.cpp:34]   --->   Operation 156 'load' 'input_load_8' <Predicate = (!icmp_ln21)> <Delay = 1.68> <Core = "RAM">   --->   Core 37 'RAM' <Latency = 2> <II = 1> <Delay = 1.68> <Storage> <Opcode : 'load' 'store'> <Ports = 2> <Width = 16> <Depth = 14400> <RAM>
ST_12 : Operation 157 [1/1] (0.00ns)   --->   "%zext_ln34_16 = zext i14 %add_ln34_7 to i64" [../layers_c/depthwise_conv2d.cpp:34]   --->   Operation 157 'zext' 'zext_ln34_16' <Predicate = (!icmp_ln21)> <Delay = 0.00>
ST_12 : Operation 158 [1/1] (0.00ns)   --->   "%input_addr_9 = getelementptr [14400 x i16]* %input_r, i64 0, i64 %zext_ln34_16" [../layers_c/depthwise_conv2d.cpp:34]   --->   Operation 158 'getelementptr' 'input_addr_9' <Predicate = (!icmp_ln21)> <Delay = 0.00>
ST_12 : Operation 159 [3/3] (1.68ns)   --->   "%input_load_9 = load i16* %input_addr_9, align 2" [../layers_c/depthwise_conv2d.cpp:34]   --->   Operation 159 'load' 'input_load_9' <Predicate = (!icmp_ln21)> <Delay = 1.68> <Core = "RAM">   --->   Core 37 'RAM' <Latency = 2> <II = 1> <Delay = 1.68> <Storage> <Opcode : 'load' 'store'> <Ports = 2> <Width = 16> <Depth = 14400> <RAM>
ST_12 : Operation 160 [1/1] (0.00ns)   --->   "%zext_ln34_17 = zext i14 %add_ln34_8 to i64" [../layers_c/depthwise_conv2d.cpp:34]   --->   Operation 160 'zext' 'zext_ln34_17' <Predicate = (!icmp_ln21)> <Delay = 0.00>
ST_12 : Operation 161 [1/1] (0.00ns)   --->   "%input_addr_10 = getelementptr [14400 x i16]* %input_r, i64 0, i64 %zext_ln34_17" [../layers_c/depthwise_conv2d.cpp:34]   --->   Operation 161 'getelementptr' 'input_addr_10' <Predicate = (!icmp_ln21)> <Delay = 0.00>
ST_12 : Operation 162 [3/3] (1.68ns)   --->   "%input_load_10 = load i16* %input_addr_10, align 2" [../layers_c/depthwise_conv2d.cpp:34]   --->   Operation 162 'load' 'input_load_10' <Predicate = (!icmp_ln21)> <Delay = 1.68> <Core = "RAM">   --->   Core 37 'RAM' <Latency = 2> <II = 1> <Delay = 1.68> <Storage> <Opcode : 'load' 'store'> <Ports = 2> <Width = 16> <Depth = 14400> <RAM>
ST_12 : Operation 163 [1/3] (1.68ns)   --->   "%input_load_12 = load i16* %input_addr_12, align 2" [../layers_c/depthwise_conv2d.cpp:34]   --->   Operation 163 'load' 'input_load_12' <Predicate = (!icmp_ln21)> <Delay = 1.68> <Core = "RAM">   --->   Core 37 'RAM' <Latency = 2> <II = 1> <Delay = 1.68> <Storage> <Opcode : 'load' 'store'> <Ports = 2> <Width = 16> <Depth = 14400> <RAM>
ST_12 : Operation 164 [1/3] (1.68ns)   --->   "%input_load_13 = load i16* %input_addr_13, align 2" [../layers_c/depthwise_conv2d.cpp:34]   --->   Operation 164 'load' 'input_load_13' <Predicate = (!icmp_ln21)> <Delay = 1.68> <Core = "RAM">   --->   Core 37 'RAM' <Latency = 2> <II = 1> <Delay = 1.68> <Storage> <Opcode : 'load' 'store'> <Ports = 2> <Width = 16> <Depth = 14400> <RAM>
ST_12 : Operation 165 [2/3] (1.68ns)   --->   "%input_load_14 = load i16* %input_addr_14, align 2" [../layers_c/depthwise_conv2d.cpp:34]   --->   Operation 165 'load' 'input_load_14' <Predicate = (!icmp_ln21)> <Delay = 1.68> <Core = "RAM">   --->   Core 37 'RAM' <Latency = 2> <II = 1> <Delay = 1.68> <Storage> <Opcode : 'load' 'store'> <Ports = 2> <Width = 16> <Depth = 14400> <RAM>

State 13 <SV = 12> <Delay = 6.38>
ST_13 : Operation 166 [1/1] (0.00ns)   --->   "%trunc_ln = call i16 @_ssdm_op_PartSelect.i16.i30.i32.i32(i30 %mul_ln34_3, i32 14, i32 29)" [../layers_c/depthwise_conv2d.cpp:40]   --->   Operation 166 'partselect' 'trunc_ln' <Predicate = (!icmp_ln21)> <Delay = 0.00>
ST_13 : Operation 167 [1/1] (0.00ns)   --->   "%trunc_ln40_s = call i16 @_ssdm_op_PartSelect.i16.i30.i32.i32(i30 %mul_ln34_4, i32 14, i32 29)" [../layers_c/depthwise_conv2d.cpp:40]   --->   Operation 167 'partselect' 'trunc_ln40_s' <Predicate = (!icmp_ln21)> <Delay = 0.00>
ST_13 : Operation 168 [1/3] (1.68ns)   --->   "%input_load_8 = load i16* %input_addr_8, align 2" [../layers_c/depthwise_conv2d.cpp:34]   --->   Operation 168 'load' 'input_load_8' <Predicate = (!icmp_ln21)> <Delay = 1.68> <Core = "RAM">   --->   Core 37 'RAM' <Latency = 2> <II = 1> <Delay = 1.68> <Storage> <Opcode : 'load' 'store'> <Ports = 2> <Width = 16> <Depth = 14400> <RAM>
ST_13 : Operation 169 [1/1] (0.00ns)   --->   "%sext_ln34_6 = sext i16 %tmp_2 to i30" [../layers_c/depthwise_conv2d.cpp:34]   --->   Operation 169 'sext' 'sext_ln34_6' <Predicate = (!icmp_ln21)> <Delay = 0.00>
ST_13 : Operation 170 [2/3] (1.68ns)   --->   "%input_load_9 = load i16* %input_addr_9, align 2" [../layers_c/depthwise_conv2d.cpp:34]   --->   Operation 170 'load' 'input_load_9' <Predicate = (!icmp_ln21)> <Delay = 1.68> <Core = "RAM">   --->   Core 37 'RAM' <Latency = 2> <II = 1> <Delay = 1.68> <Storage> <Opcode : 'load' 'store'> <Ports = 2> <Width = 16> <Depth = 14400> <RAM>
ST_13 : Operation 171 [1/1] (0.00ns)   --->   "%sext_ln34_8 = sext i16 %tmp_3 to i30" [../layers_c/depthwise_conv2d.cpp:34]   --->   Operation 171 'sext' 'sext_ln34_8' <Predicate = (!icmp_ln21)> <Delay = 0.00>
ST_13 : Operation 172 [2/3] (1.68ns)   --->   "%input_load_10 = load i16* %input_addr_10, align 2" [../layers_c/depthwise_conv2d.cpp:34]   --->   Operation 172 'load' 'input_load_10' <Predicate = (!icmp_ln21)> <Delay = 1.68> <Core = "RAM">   --->   Core 37 'RAM' <Latency = 2> <II = 1> <Delay = 1.68> <Storage> <Opcode : 'load' 'store'> <Ports = 2> <Width = 16> <Depth = 14400> <RAM>
ST_13 : Operation 173 [1/1] (0.00ns)   --->   "%zext_ln34_18 = zext i14 %add_ln34_9 to i64" [../layers_c/depthwise_conv2d.cpp:34]   --->   Operation 173 'zext' 'zext_ln34_18' <Predicate = (!icmp_ln21)> <Delay = 0.00>
ST_13 : Operation 174 [1/1] (0.00ns)   --->   "%input_addr_11 = getelementptr [14400 x i16]* %input_r, i64 0, i64 %zext_ln34_18" [../layers_c/depthwise_conv2d.cpp:34]   --->   Operation 174 'getelementptr' 'input_addr_11' <Predicate = (!icmp_ln21)> <Delay = 0.00>
ST_13 : Operation 175 [3/3] (1.68ns)   --->   "%input_load_11 = load i16* %input_addr_11, align 2" [../layers_c/depthwise_conv2d.cpp:34]   --->   Operation 175 'load' 'input_load_11' <Predicate = (!icmp_ln21)> <Delay = 1.68> <Core = "RAM">   --->   Core 37 'RAM' <Latency = 2> <II = 1> <Delay = 1.68> <Storage> <Opcode : 'load' 'store'> <Ports = 2> <Width = 16> <Depth = 14400> <RAM>
ST_13 : Operation 176 [1/1] (0.00ns)   --->   "%sext_ln34_11 = sext i16 %input_load_12 to i30" [../layers_c/depthwise_conv2d.cpp:34]   --->   Operation 176 'sext' 'sext_ln34_11' <Predicate = (!icmp_ln21)> <Delay = 0.00>
ST_13 : Operation 177 [1/1] (6.38ns) (root node of the DSP)   --->   "%mul_ln34_9 = mul i30 %sext_ln34_11, %sext_ln34_6" [../layers_c/depthwise_conv2d.cpp:34]   --->   Operation 177 'mul' 'mul_ln34_9' <Predicate = (!icmp_ln21)> <Delay = 6.38> <Core = "DSP48">   --->   Core 88 'DSP48' <Latency = 0> <II = 1> <Delay = 6.38> <IPBlock> <Opcode : 'mul' 'add' 'sub' 'select'> <InPorts = 0> <OutPorts = 1> <Sync> <CReg>
ST_13 : Operation 178 [1/1] (0.00ns)   --->   "%sext_ln34_12 = sext i16 %input_load_13 to i30" [../layers_c/depthwise_conv2d.cpp:34]   --->   Operation 178 'sext' 'sext_ln34_12' <Predicate = (!icmp_ln21)> <Delay = 0.00>
ST_13 : Operation 179 [1/1] (6.38ns) (root node of the DSP)   --->   "%mul_ln34_10 = mul i30 %sext_ln34_12, %sext_ln34_8" [../layers_c/depthwise_conv2d.cpp:34]   --->   Operation 179 'mul' 'mul_ln34_10' <Predicate = (!icmp_ln21)> <Delay = 6.38> <Core = "DSP48">   --->   Core 88 'DSP48' <Latency = 0> <II = 1> <Delay = 6.38> <IPBlock> <Opcode : 'mul' 'add' 'sub' 'select'> <InPorts = 0> <OutPorts = 1> <Sync> <CReg>
ST_13 : Operation 180 [1/3] (1.68ns)   --->   "%input_load_14 = load i16* %input_addr_14, align 2" [../layers_c/depthwise_conv2d.cpp:34]   --->   Operation 180 'load' 'input_load_14' <Predicate = (!icmp_ln21)> <Delay = 1.68> <Core = "RAM">   --->   Core 37 'RAM' <Latency = 2> <II = 1> <Delay = 1.68> <Storage> <Opcode : 'load' 'store'> <Ports = 2> <Width = 16> <Depth = 14400> <RAM>

State 14 <SV = 13> <Delay = 6.38>
ST_14 : Operation 181 [1/1] (0.00ns)   --->   "%zext_ln28 = zext i5 %select_ln28_3 to i64" [../layers_c/depthwise_conv2d.cpp:28]   --->   Operation 181 'zext' 'zext_ln28' <Predicate = (!icmp_ln21)> <Delay = 0.00>
ST_14 : Operation 182 [1/1] (0.00ns)   --->   "%bias_addr = getelementptr [16 x i16]* %bias, i64 0, i64 %zext_ln28" [../layers_c/depthwise_conv2d.cpp:28]   --->   Operation 182 'getelementptr' 'bias_addr' <Predicate = (!icmp_ln21)> <Delay = 0.00>
ST_14 : Operation 183 [2/2] (1.86ns)   --->   "%bias_load = load i16* %bias_addr, align 2" [../layers_c/depthwise_conv2d.cpp:28]   --->   Operation 183 'load' 'bias_load' <Predicate = (!icmp_ln21)> <Delay = 1.86> <Core = "RAM">   --->   Core 37 'RAM' <Latency = 2> <II = 1> <Delay = 1.68> <Storage> <Opcode : 'load' 'store'> <Ports = 2> <Width = 16> <Depth = 14400> <RAM>
ST_14 : Operation 184 [1/1] (0.00ns)   --->   "%sext_ln34_5 = sext i16 %input_load_8 to i30" [../layers_c/depthwise_conv2d.cpp:34]   --->   Operation 184 'sext' 'sext_ln34_5' <Predicate = (!icmp_ln21)> <Delay = 0.00>
ST_14 : Operation 185 [1/1] (6.38ns) (root node of the DSP)   --->   "%mul_ln34_5 = mul i30 %sext_ln34_5, %sext_ln34_6" [../layers_c/depthwise_conv2d.cpp:34]   --->   Operation 185 'mul' 'mul_ln34_5' <Predicate = (!icmp_ln21)> <Delay = 6.38> <Core = "DSP48">   --->   Core 88 'DSP48' <Latency = 0> <II = 1> <Delay = 6.38> <IPBlock> <Opcode : 'mul' 'add' 'sub' 'select'> <InPorts = 0> <OutPorts = 1> <Sync> <CReg>
ST_14 : Operation 186 [1/3] (1.68ns)   --->   "%input_load_9 = load i16* %input_addr_9, align 2" [../layers_c/depthwise_conv2d.cpp:34]   --->   Operation 186 'load' 'input_load_9' <Predicate = (!icmp_ln21)> <Delay = 1.68> <Core = "RAM">   --->   Core 37 'RAM' <Latency = 2> <II = 1> <Delay = 1.68> <Storage> <Opcode : 'load' 'store'> <Ports = 2> <Width = 16> <Depth = 14400> <RAM>
ST_14 : Operation 187 [1/3] (1.68ns)   --->   "%input_load_10 = load i16* %input_addr_10, align 2" [../layers_c/depthwise_conv2d.cpp:34]   --->   Operation 187 'load' 'input_load_10' <Predicate = (!icmp_ln21)> <Delay = 1.68> <Core = "RAM">   --->   Core 37 'RAM' <Latency = 2> <II = 1> <Delay = 1.68> <Storage> <Opcode : 'load' 'store'> <Ports = 2> <Width = 16> <Depth = 14400> <RAM>
ST_14 : Operation 188 [2/3] (1.68ns)   --->   "%input_load_11 = load i16* %input_addr_11, align 2" [../layers_c/depthwise_conv2d.cpp:34]   --->   Operation 188 'load' 'input_load_11' <Predicate = (!icmp_ln21)> <Delay = 1.68> <Core = "RAM">   --->   Core 37 'RAM' <Latency = 2> <II = 1> <Delay = 1.68> <Storage> <Opcode : 'load' 'store'> <Ports = 2> <Width = 16> <Depth = 14400> <RAM>
ST_14 : Operation 189 [1/1] (0.00ns)   --->   "%trunc_ln40_5 = call i16 @_ssdm_op_PartSelect.i16.i30.i32.i32(i30 %mul_ln34_9, i32 14, i32 29)" [../layers_c/depthwise_conv2d.cpp:40]   --->   Operation 189 'partselect' 'trunc_ln40_5' <Predicate = (!icmp_ln21)> <Delay = 0.00>
ST_14 : Operation 190 [1/1] (0.00ns)   --->   "%trunc_ln40_6 = call i16 @_ssdm_op_PartSelect.i16.i30.i32.i32(i30 %mul_ln34_10, i32 14, i32 29)" [../layers_c/depthwise_conv2d.cpp:40]   --->   Operation 190 'partselect' 'trunc_ln40_6' <Predicate = (!icmp_ln21)> <Delay = 0.00>
ST_14 : Operation 191 [1/1] (0.00ns)   --->   "%sext_ln34_13 = sext i16 %input_load_14 to i30" [../layers_c/depthwise_conv2d.cpp:34]   --->   Operation 191 'sext' 'sext_ln34_13' <Predicate = (!icmp_ln21)> <Delay = 0.00>
ST_14 : Operation 192 [1/1] (6.38ns) (root node of the DSP)   --->   "%mul_ln34_11 = mul i30 %sext_ln34_13, %sext_ln34_2" [../layers_c/depthwise_conv2d.cpp:34]   --->   Operation 192 'mul' 'mul_ln34_11' <Predicate = (!icmp_ln21)> <Delay = 6.38> <Core = "DSP48">   --->   Core 88 'DSP48' <Latency = 0> <II = 1> <Delay = 6.38> <IPBlock> <Opcode : 'mul' 'add' 'sub' 'select'> <InPorts = 0> <OutPorts = 1> <Sync> <CReg>

State 15 <SV = 14> <Delay = 6.38>
ST_15 : Operation 193 [1/2] (1.86ns)   --->   "%bias_load = load i16* %bias_addr, align 2" [../layers_c/depthwise_conv2d.cpp:28]   --->   Operation 193 'load' 'bias_load' <Predicate = (!icmp_ln21)> <Delay = 1.86> <Core = "RAM">   --->   Core 37 'RAM' <Latency = 2> <II = 1> <Delay = 1.68> <Storage> <Opcode : 'load' 'store'> <Ports = 2> <Width = 16> <Depth = 14400> <RAM>
ST_15 : Operation 194 [1/1] (0.00ns)   --->   "%trunc_ln40_1 = call i16 @_ssdm_op_PartSelect.i16.i30.i32.i32(i30 %mul_ln34_5, i32 14, i32 29)" [../layers_c/depthwise_conv2d.cpp:40]   --->   Operation 194 'partselect' 'trunc_ln40_1' <Predicate = (!icmp_ln21)> <Delay = 0.00>
ST_15 : Operation 195 [1/1] (0.00ns)   --->   "%sext_ln34_7 = sext i16 %input_load_9 to i30" [../layers_c/depthwise_conv2d.cpp:34]   --->   Operation 195 'sext' 'sext_ln34_7' <Predicate = (!icmp_ln21)> <Delay = 0.00>
ST_15 : Operation 196 [1/1] (6.38ns) (root node of the DSP)   --->   "%mul_ln34_6 = mul i30 %sext_ln34_7, %sext_ln34_8" [../layers_c/depthwise_conv2d.cpp:34]   --->   Operation 196 'mul' 'mul_ln34_6' <Predicate = (!icmp_ln21)> <Delay = 6.38> <Core = "DSP48">   --->   Core 88 'DSP48' <Latency = 0> <II = 1> <Delay = 6.38> <IPBlock> <Opcode : 'mul' 'add' 'sub' 'select'> <InPorts = 0> <OutPorts = 1> <Sync> <CReg>
ST_15 : Operation 197 [1/1] (0.00ns)   --->   "%sext_ln34_9 = sext i16 %input_load_10 to i30" [../layers_c/depthwise_conv2d.cpp:34]   --->   Operation 197 'sext' 'sext_ln34_9' <Predicate = (!icmp_ln21)> <Delay = 0.00>
ST_15 : Operation 198 [1/1] (6.38ns) (root node of the DSP)   --->   "%mul_ln34_7 = mul i30 %sext_ln34_9, %sext_ln34_2" [../layers_c/depthwise_conv2d.cpp:34]   --->   Operation 198 'mul' 'mul_ln34_7' <Predicate = (!icmp_ln21)> <Delay = 6.38> <Core = "DSP48">   --->   Core 88 'DSP48' <Latency = 0> <II = 1> <Delay = 6.38> <IPBlock> <Opcode : 'mul' 'add' 'sub' 'select'> <InPorts = 0> <OutPorts = 1> <Sync> <CReg>
ST_15 : Operation 199 [1/3] (1.68ns)   --->   "%input_load_11 = load i16* %input_addr_11, align 2" [../layers_c/depthwise_conv2d.cpp:34]   --->   Operation 199 'load' 'input_load_11' <Predicate = (!icmp_ln21)> <Delay = 1.68> <Core = "RAM">   --->   Core 37 'RAM' <Latency = 2> <II = 1> <Delay = 1.68> <Storage> <Opcode : 'load' 'store'> <Ports = 2> <Width = 16> <Depth = 14400> <RAM>
ST_15 : Operation 200 [1/1] (0.00ns)   --->   "%trunc_ln40_7 = call i16 @_ssdm_op_PartSelect.i16.i30.i32.i32(i30 %mul_ln34_11, i32 14, i32 29)" [../layers_c/depthwise_conv2d.cpp:40]   --->   Operation 200 'partselect' 'trunc_ln40_7' <Predicate = (!icmp_ln21)> <Delay = 0.00>
ST_15 : Operation 201 [1/1] (0.00ns) (grouped into TernaryAdder)   --->   "%add_ln40_6 = add i16 %trunc_ln40_6, %trunc_ln40_7" [../layers_c/depthwise_conv2d.cpp:40]   --->   Operation 201 'add' 'add_ln40_6' <Predicate = (!icmp_ln21)> <Delay = 0.00> <Core = "TAddSub">   --->   Core 83 'TAddSub' <Latency = 0> <II = 1> <Delay = 1.95> <IPBlock> <Opcode : 'add' 'sub'> <InPorts = 3> <OutPorts = 1> <Sync> <CReg>
ST_15 : Operation 202 [1/1] (3.90ns) (root node of TernaryAdder)   --->   "%add_ln40_7 = add i16 %add_ln40_6, %trunc_ln40_5" [../layers_c/depthwise_conv2d.cpp:40]   --->   Operation 202 'add' 'add_ln40_7' <Predicate = (!icmp_ln21)> <Delay = 3.90> <Core = "TAddSub">   --->   Core 83 'TAddSub' <Latency = 0> <II = 1> <Delay = 1.95> <IPBlock> <Opcode : 'add' 'sub'> <InPorts = 3> <OutPorts = 1> <Sync> <CReg>

State 16 <SV = 15> <Delay = 6.38>
ST_16 : Operation 203 [1/1] (0.00ns)   --->   "%trunc_ln40_2 = call i16 @_ssdm_op_PartSelect.i16.i30.i32.i32(i30 %mul_ln34_6, i32 14, i32 29)" [../layers_c/depthwise_conv2d.cpp:40]   --->   Operation 203 'partselect' 'trunc_ln40_2' <Predicate = (!icmp_ln21)> <Delay = 0.00>
ST_16 : Operation 204 [1/1] (0.00ns)   --->   "%trunc_ln40_3 = call i16 @_ssdm_op_PartSelect.i16.i30.i32.i32(i30 %mul_ln34_7, i32 14, i32 29)" [../layers_c/depthwise_conv2d.cpp:40]   --->   Operation 204 'partselect' 'trunc_ln40_3' <Predicate = (!icmp_ln21)> <Delay = 0.00>
ST_16 : Operation 205 [1/1] (0.00ns)   --->   "%sext_ln34_10 = sext i16 %input_load_11 to i30" [../layers_c/depthwise_conv2d.cpp:34]   --->   Operation 205 'sext' 'sext_ln34_10' <Predicate = (!icmp_ln21)> <Delay = 0.00>
ST_16 : Operation 206 [1/1] (6.38ns) (root node of the DSP)   --->   "%mul_ln34_8 = mul i30 %sext_ln34_10, %sext_ln34_4" [../layers_c/depthwise_conv2d.cpp:34]   --->   Operation 206 'mul' 'mul_ln34_8' <Predicate = (!icmp_ln21)> <Delay = 6.38> <Core = "DSP48">   --->   Core 88 'DSP48' <Latency = 0> <II = 1> <Delay = 6.38> <IPBlock> <Opcode : 'mul' 'add' 'sub' 'select'> <InPorts = 0> <OutPorts = 1> <Sync> <CReg>
ST_16 : Operation 207 [1/1] (2.07ns)   --->   "%add_ln40_1 = add i16 %bias_load, %trunc_ln" [../layers_c/depthwise_conv2d.cpp:40]   --->   Operation 207 'add' 'add_ln40_1' <Predicate = (!icmp_ln21)> <Delay = 2.07> <Core = "AddSub">   --->   Core 14 'AddSub' <Latency = 0> <II = 1> <Delay = 1.73> <FuncUnit> <Opcode : 'add' 'sub'> <InPorts = 2> <OutPorts = 1>
ST_16 : Operation 208 [1/1] (0.00ns) (grouped into TernaryAdder)   --->   "%add_ln40_2 = add i16 %trunc_ln40_1, %trunc_ln40_2" [../layers_c/depthwise_conv2d.cpp:40]   --->   Operation 208 'add' 'add_ln40_2' <Predicate = (!icmp_ln21)> <Delay = 0.00> <Core = "TAddSub">   --->   Core 83 'TAddSub' <Latency = 0> <II = 1> <Delay = 1.95> <IPBlock> <Opcode : 'add' 'sub'> <InPorts = 3> <OutPorts = 1> <Sync> <CReg>
ST_16 : Operation 209 [1/1] (3.90ns) (root node of TernaryAdder)   --->   "%add_ln40_3 = add i16 %add_ln40_2, %trunc_ln40_s" [../layers_c/depthwise_conv2d.cpp:40]   --->   Operation 209 'add' 'add_ln40_3' <Predicate = (!icmp_ln21)> <Delay = 3.90> <Core = "TAddSub">   --->   Core 83 'TAddSub' <Latency = 0> <II = 1> <Delay = 1.95> <IPBlock> <Opcode : 'add' 'sub'> <InPorts = 3> <OutPorts = 1> <Sync> <CReg>

State 17 <SV = 16> <Delay = 3.90>
ST_17 : Operation 210 [1/1] (0.00ns)   --->   "%trunc_ln40_4 = call i16 @_ssdm_op_PartSelect.i16.i30.i32.i32(i30 %mul_ln34_8, i32 14, i32 29)" [../layers_c/depthwise_conv2d.cpp:40]   --->   Operation 210 'partselect' 'trunc_ln40_4' <Predicate = (!icmp_ln21)> <Delay = 0.00>
ST_17 : Operation 211 [1/1] (0.00ns) (grouped into TernaryAdder)   --->   "%add_ln40_5 = add i16 %trunc_ln40_3, %trunc_ln40_4" [../layers_c/depthwise_conv2d.cpp:40]   --->   Operation 211 'add' 'add_ln40_5' <Predicate = (!icmp_ln21)> <Delay = 0.00> <Core = "TAddSub">   --->   Core 83 'TAddSub' <Latency = 0> <II = 1> <Delay = 1.95> <IPBlock> <Opcode : 'add' 'sub'> <InPorts = 3> <OutPorts = 1> <Sync> <CReg>
ST_17 : Operation 212 [1/1] (3.90ns) (root node of TernaryAdder)   --->   "%add_ln40_8 = add i16 %add_ln40_7, %add_ln40_5" [../layers_c/depthwise_conv2d.cpp:40]   --->   Operation 212 'add' 'add_ln40_8' <Predicate = (!icmp_ln21)> <Delay = 3.90> <Core = "TAddSub">   --->   Core 83 'TAddSub' <Latency = 0> <II = 1> <Delay = 1.95> <IPBlock> <Opcode : 'add' 'sub'> <InPorts = 3> <OutPorts = 1> <Sync> <CReg>

State 18 <SV = 17> <Delay = 3.90>
ST_18 : Operation 213 [1/1] (0.00ns) (grouped into TernaryAdder)   --->   "%add_ln40_4 = add i16 %add_ln40_3, %add_ln40_1" [../layers_c/depthwise_conv2d.cpp:40]   --->   Operation 213 'add' 'add_ln40_4' <Predicate = (!icmp_ln21)> <Delay = 0.00> <Core = "TAddSub">   --->   Core 83 'TAddSub' <Latency = 0> <II = 1> <Delay = 1.95> <IPBlock> <Opcode : 'add' 'sub'> <InPorts = 3> <OutPorts = 1> <Sync> <CReg>
ST_18 : Operation 214 [1/1] (3.90ns) (root node of TernaryAdder)   --->   "%add_ln40_9 = add i16 %add_ln40_8, %add_ln40_4" [../layers_c/depthwise_conv2d.cpp:40]   --->   Operation 214 'add' 'add_ln40_9' <Predicate = (!icmp_ln21)> <Delay = 3.90> <Core = "TAddSub">   --->   Core 83 'TAddSub' <Latency = 0> <II = 1> <Delay = 1.95> <IPBlock> <Opcode : 'add' 'sub'> <InPorts = 3> <OutPorts = 1> <Sync> <CReg>

State 19 <SV = 18> <Delay = 1.68>
ST_19 : Operation 215 [1/1] (0.00ns)   --->   "%empty_47 = call i32 (...)* @_ssdm_op_SpecLoopTripCount(i64 3136, i64 12544, i64 0)"   --->   Operation 215 'speclooptripcount' 'empty_47' <Predicate = (!icmp_ln21)> <Delay = 0.00>
ST_19 : Operation 216 [1/1] (0.00ns)   --->   "%tmp = call i32 (...)* @_ssdm_op_SpecRegionBegin([12 x i8]* @p_str2)" [../layers_c/depthwise_conv2d.cpp:23]   --->   Operation 216 'specregionbegin' 'tmp' <Predicate = (!icmp_ln21)> <Delay = 0.00>
ST_19 : Operation 217 [1/1] (0.00ns)   --->   "call void (...)* @_ssdm_op_SpecPipeline(i32 -1, i32 1, i32 1, i32 0, [1 x i8]* @p_str1) nounwind" [../layers_c/depthwise_conv2d.cpp:26]   --->   Operation 217 'specpipeline' <Predicate = (!icmp_ln21)> <Delay = 0.00>
ST_19 : Operation 218 [1/1] (0.00ns)   --->   "%zext_ln40_3 = zext i14 %add_ln40 to i64" [../layers_c/depthwise_conv2d.cpp:40]   --->   Operation 218 'zext' 'zext_ln40_3' <Predicate = (!icmp_ln21)> <Delay = 0.00>
ST_19 : Operation 219 [1/1] (0.00ns)   --->   "%output_addr = getelementptr [14400 x i16]* %output_r, i64 0, i64 %zext_ln40_3" [../layers_c/depthwise_conv2d.cpp:40]   --->   Operation 219 'getelementptr' 'output_addr' <Predicate = (!icmp_ln21)> <Delay = 0.00>
ST_19 : Operation 220 [1/1] (1.68ns)   --->   "store i16 %add_ln40_9, i16* %output_addr, align 2" [../layers_c/depthwise_conv2d.cpp:40]   --->   Operation 220 'store' <Predicate = (!icmp_ln21)> <Delay = 1.68> <Core = "RAM">   --->   Core 37 'RAM' <Latency = 2> <II = 1> <Delay = 1.68> <Storage> <Opcode : 'load' 'store'> <Ports = 2> <Width = 16> <Depth = 14400> <RAM>
ST_19 : Operation 221 [1/1] (0.00ns)   --->   "%empty_49 = call i32 (...)* @_ssdm_op_SpecRegionEnd([12 x i8]* @p_str2, i32 %tmp)" [../layers_c/depthwise_conv2d.cpp:41]   --->   Operation 221 'specregionend' 'empty_49' <Predicate = (!icmp_ln21)> <Delay = 0.00>
ST_19 : Operation 222 [1/1] (0.00ns)   --->   "br label %.preheader" [../layers_c/depthwise_conv2d.cpp:23]   --->   Operation 222 'br' <Predicate = (!icmp_ln21)> <Delay = 0.00>

State 20 <SV = 5> <Delay = 0.00>
ST_20 : Operation 223 [1/1] (0.00ns)   --->   "ret void"   --->   Operation 223 'ret' <Predicate = true> <Delay = 0.00>


============================================================
+ Verbose Summary: Timing violations
============================================================
Target clock period: 6.67ns, clock uncertainty: 6ns.

 <State 1>: 3.49ns
The critical path consists of the following:
	wire read on port 'output_width' (../layers_c/depthwise_conv2d.cpp:34) [11]  (0 ns)
	'mul' operation ('mul_ln5', ../layers_c/depthwise_conv2d.cpp:5) [27]  (3.49 ns)

 <State 2>: 3.74ns
The critical path consists of the following:
	'phi' operation ('out_d_0', ../layers_c/depthwise_conv2d.cpp:28) with incoming values : ('select_ln28_3', ../layers_c/depthwise_conv2d.cpp:28) [33]  (0 ns)
	'mul' operation ('mul_ln34', ../layers_c/depthwise_conv2d.cpp:34) [38]  (3.74 ns)

 <State 3>: 3.74ns
The critical path consists of the following:
	'mul' operation ('mul_ln34_2', ../layers_c/depthwise_conv2d.cpp:34) [54]  (3.74 ns)

 <State 4>: 3.78ns
The critical path consists of the following:
	'mul' operation ('mul_ln40', ../layers_c/depthwise_conv2d.cpp:40) [39]  (3.78 ns)

 <State 5>: 3.78ns
The critical path consists of the following:
	'mul' operation ('mul_ln40_1', ../layers_c/depthwise_conv2d.cpp:40) [57]  (3.78 ns)

 <State 6>: 1.82ns
The critical path consists of the following:
	'select' operation ('select_ln28_5', ../layers_c/depthwise_conv2d.cpp:28) [58]  (0 ns)
	'add' operation ('tmp6_mid1', ../layers_c/depthwise_conv2d.cpp:22) [80]  (1.82 ns)

 <State 7>: 4.35ns
The critical path consists of the following:
	'mul' operation ('tmp5_0_0_mid2', ../layers_c/depthwise_conv2d.cpp:34) [73]  (4.35 ns)

 <State 8>: 4.35ns
The critical path consists of the following:
	'mul' operation ('tmp5_2_0_mid2', ../layers_c/depthwise_conv2d.cpp:34) [79]  (4.35 ns)

 <State 9>: 4.35ns
The critical path consists of the following:
	'mul' operation ('tmp5_1_0_mid2', ../layers_c/depthwise_conv2d.cpp:34) [76]  (4.35 ns)

 <State 10>: 1.81ns
The critical path consists of the following:
	'add' operation ('add_ln34_6', ../layers_c/depthwise_conv2d.cpp:34) [115]  (1.81 ns)

 <State 11>: 6.38ns
The critical path consists of the following:
	'mul' operation of DSP[177] ('tmp7_mid2', ../layers_c/depthwise_conv2d.cpp:34) [83]  (3.36 ns)
	'add' operation of DSP[177] ('add_ln40', ../layers_c/depthwise_conv2d.cpp:40) [177]  (3.02 ns)

 <State 12>: 6.38ns
The critical path consists of the following:
	'mul' operation of DSP[100] ('mul_ln34_3', ../layers_c/depthwise_conv2d.cpp:34) [100]  (6.38 ns)

 <State 13>: 6.38ns
The critical path consists of the following:
	'mul' operation of DSP[152] ('mul_ln34_9', ../layers_c/depthwise_conv2d.cpp:34) [152]  (6.38 ns)

 <State 14>: 6.38ns
The critical path consists of the following:
	'mul' operation of DSP[122] ('mul_ln34_5', ../layers_c/depthwise_conv2d.cpp:34) [122]  (6.38 ns)

 <State 15>: 6.38ns
The critical path consists of the following:
	'mul' operation of DSP[131] ('mul_ln34_6', ../layers_c/depthwise_conv2d.cpp:34) [131]  (6.38 ns)

 <State 16>: 6.38ns
The critical path consists of the following:
	'mul' operation of DSP[145] ('mul_ln34_8', ../layers_c/depthwise_conv2d.cpp:34) [145]  (6.38 ns)

 <State 17>: 3.9ns
The critical path consists of the following:
	'add' operation ('add_ln40_5', ../layers_c/depthwise_conv2d.cpp:40) [172]  (0 ns)
	'add' operation ('add_ln40_8', ../layers_c/depthwise_conv2d.cpp:40) [175]  (3.9 ns)

 <State 18>: 3.9ns
The critical path consists of the following:
	'add' operation ('add_ln40_4', ../layers_c/depthwise_conv2d.cpp:40) [171]  (0 ns)
	'add' operation ('add_ln40_9', ../layers_c/depthwise_conv2d.cpp:40) [176]  (3.9 ns)

 <State 19>: 1.68ns
The critical path consists of the following:
	'getelementptr' operation ('output_addr', ../layers_c/depthwise_conv2d.cpp:40) [179]  (0 ns)
	'store' operation ('store_ln40', ../layers_c/depthwise_conv2d.cpp:40) of variable 'add_ln40_9', ../layers_c/depthwise_conv2d.cpp:40 on array 'output_r' [180]  (1.68 ns)

 <State 20>: 0ns
The critical path consists of the following:


============================================================
+ Verbose Summary: Binding
============================================================
N/A
* FSMD analyzer results:
  - Output states:
 - Input state : 
  - Chain level:
	State 1
	State 2
	State 3
	State 4
	State 5
	State 6
	State 7
	State 8
	State 9
	State 10
	State 11
	State 12
	State 13
	State 14
	State 15
	State 16
	State 17
	State 18
	State 19
	State 20


============================================================
+ Verbose Summary: Datapath Resource usage 
============================================================
N/A
