

================================================================
== Vivado HLS Report for 'network'
================================================================
* Date:           Mon Dec 23 18:13:56 2019

* Version:        2018.3.1 (Build 2489210 on Tue Mar 26 04:40:43 MDT 2019)
* Project:        HLS
* Solution:       solution1
* Product family: zynq
* Target device:  xc7z020clg400-1


================================================================
== Performance Estimates
================================================================
+ Timing (ns): 
    * Summary: 
    +--------+-------+----------+------------+
    |  Clock | Target| Estimated| Uncertainty|
    +--------+-------+----------+------------+
    |ap_clk  |  10.00|     6.508|        1.25|
    +--------+-------+----------+------------+

+ Latency (clock cycles): 
    * Summary: 
    +-----+-----+-----+-----+---------+
    |  Latency  |  Interval | Pipeline|
    | min | max | min | max |   Type  |
    +-----+-----+-----+-----+---------+
    |    ?|    ?|    ?|    ?|   none  |
    +-----+-----+-----+-----+---------+

    + Detail: 
        * Instance: 
        N/A

        * Loop: 
        +----------+------+------+----------+-----------+-----------+------+----------+
        |          |   Latency   | Iteration|  Initiation Interval  | Trip |          |
        | Loop Name|  min |  max |  Latency |  achieved |   target  | Count| Pipelined|
        +----------+------+------+----------+-----------+-----------+------+----------+
        |- Loop 1  |     ?|     ?|         1|          -|          -|     ?|    no    |
        |- Loop 2  |  1568|  1568|         2|          -|          -|   784|    no    |
        |- Loop 3  |   785|   785|         3|          1|          1|   784|    yes   |
        +----------+------+------+----------+-----------+-----------+------+----------+

============================================================
+ Verbose Summary: Synthesis Manager
============================================================
InlineROM: 1
ExposeGlobal: 0
============================================================
+ Verbose Summary: CDFG Model
============================================================
IsTopModel: 1
ResetActiveHigh: 1
IsCombinational: 0
IsDatapathOnly: 0
HasWiredReturn: 2
HasMFsm: 0
HasVarLatency: 1
IsPipeline: 0
IsRtlPipelined: 0
IsInstanceOverlapped: 0
IsDontTouch: 0
HasImplIP: 0
IsGatedGlobalClock: 0

+ Individual pipeline summary: 
  * Pipeline-0: initiation interval (II) = 1, depth = 3


============================================================
+ Verbose Summary: Schedule
============================================================
* Number of FSM states : 9
* Pipeline : 1
  Pipeline-0 : II = 1, D = 3, States = { 5 6 7 }
* Dataflow Pipeline: 0

* FSM state transitions: 
1 --> 
	2  / true
2 --> 
	2  / (!tmp_last_V)
	3  / (tmp_last_V)
3 --> 
	4  / (!tmp)
	5  / (tmp)
4 --> 
	3  / true
5 --> 
	8  / (tmp_4)
	6  / (!tmp_4)
6 --> 
	7  / true
7 --> 
	5  / true
8 --> 
	9  / true
9 --> 

* FSM state operations: 

State 1 <SV = 0> <Delay = 3.25>
ST_1 : Operation 10 [1/1] (0.00ns)   --->   "call void (...)* @_ssdm_op_SpecBitsMap(i16* %input_data_data_V), !map !113"   --->   Operation 10 'specbitsmap' <Predicate = true> <Delay = 0.00>
ST_1 : Operation 11 [1/1] (0.00ns)   --->   "call void (...)* @_ssdm_op_SpecBitsMap(i2* %input_data_keep_V), !map !119"   --->   Operation 11 'specbitsmap' <Predicate = true> <Delay = 0.00>
ST_1 : Operation 12 [1/1] (0.00ns)   --->   "call void (...)* @_ssdm_op_SpecBitsMap(i2* %input_data_strb_V), !map !123"   --->   Operation 12 'specbitsmap' <Predicate = true> <Delay = 0.00>
ST_1 : Operation 13 [1/1] (0.00ns)   --->   "call void (...)* @_ssdm_op_SpecBitsMap(i1* %input_data_user_V), !map !127"   --->   Operation 13 'specbitsmap' <Predicate = true> <Delay = 0.00>
ST_1 : Operation 14 [1/1] (0.00ns)   --->   "call void (...)* @_ssdm_op_SpecBitsMap(i1* %input_data_last_V), !map !131"   --->   Operation 14 'specbitsmap' <Predicate = true> <Delay = 0.00>
ST_1 : Operation 15 [1/1] (0.00ns)   --->   "call void (...)* @_ssdm_op_SpecBitsMap(i1* %input_data_id_V), !map !135"   --->   Operation 15 'specbitsmap' <Predicate = true> <Delay = 0.00>
ST_1 : Operation 16 [1/1] (0.00ns)   --->   "call void (...)* @_ssdm_op_SpecBitsMap(i1* %input_data_dest_V), !map !139"   --->   Operation 16 'specbitsmap' <Predicate = true> <Delay = 0.00>
ST_1 : Operation 17 [1/1] (0.00ns)   --->   "call void (...)* @_ssdm_op_SpecBitsMap(i16* %output_data_data_V), !map !143"   --->   Operation 17 'specbitsmap' <Predicate = true> <Delay = 0.00>
ST_1 : Operation 18 [1/1] (0.00ns)   --->   "call void (...)* @_ssdm_op_SpecBitsMap(i2* %output_data_keep_V), !map !147"   --->   Operation 18 'specbitsmap' <Predicate = true> <Delay = 0.00>
ST_1 : Operation 19 [1/1] (0.00ns)   --->   "call void (...)* @_ssdm_op_SpecBitsMap(i2* %output_data_strb_V), !map !151"   --->   Operation 19 'specbitsmap' <Predicate = true> <Delay = 0.00>
ST_1 : Operation 20 [1/1] (0.00ns)   --->   "call void (...)* @_ssdm_op_SpecBitsMap(i1* %output_data_user_V), !map !155"   --->   Operation 20 'specbitsmap' <Predicate = true> <Delay = 0.00>
ST_1 : Operation 21 [1/1] (0.00ns)   --->   "call void (...)* @_ssdm_op_SpecBitsMap(i1* %output_data_last_V), !map !159"   --->   Operation 21 'specbitsmap' <Predicate = true> <Delay = 0.00>
ST_1 : Operation 22 [1/1] (0.00ns)   --->   "call void (...)* @_ssdm_op_SpecBitsMap(i1* %output_data_id_V), !map !163"   --->   Operation 22 'specbitsmap' <Predicate = true> <Delay = 0.00>
ST_1 : Operation 23 [1/1] (0.00ns)   --->   "call void (...)* @_ssdm_op_SpecBitsMap(i1* %output_data_dest_V), !map !167"   --->   Operation 23 'specbitsmap' <Predicate = true> <Delay = 0.00>
ST_1 : Operation 24 [1/1] (0.00ns)   --->   "call void (...)* @_ssdm_op_SpecBitsMap(i32 0) nounwind, !map !171"   --->   Operation 24 'specbitsmap' <Predicate = true> <Delay = 0.00>
ST_1 : Operation 25 [1/1] (0.00ns)   --->   "call void (...)* @_ssdm_op_SpecTopModule([8 x i8]* @network_str) nounwind"   --->   Operation 25 'spectopmodule' <Predicate = true> <Delay = 0.00>
ST_1 : Operation 26 [1/1] (3.25ns)   --->   "%MemBank_B = alloca [14400 x i16], align 16" [../mnist_AXI_Stream.cpp:33]   --->   Operation 26 'alloca' 'MemBank_B' <Predicate = true> <Delay = 3.25> <Core = "RAM">   --->   Core 37 'RAM' <Latency = 1> <II = 1> <Delay = 3.25> <Storage> <Opcode : 'load' 'store'> <Ports = 2> <Width = 16> <Depth = 784> <RAM>
ST_1 : Operation 27 [1/1] (3.25ns)   --->   "%MemBank_Out = alloca [784 x i16], align 16" [../mnist_AXI_Stream.cpp:36]   --->   Operation 27 'alloca' 'MemBank_Out' <Predicate = true> <Delay = 3.25> <Core = "RAM">   --->   Core 37 'RAM' <Latency = 1> <II = 1> <Delay = 3.25> <Storage> <Opcode : 'load' 'store'> <Ports = 2> <Width = 16> <Depth = 784> <RAM>
ST_1 : Operation 28 [1/1] (0.00ns)   --->   "call void (...)* @_ssdm_op_SpecInterface(i16* %input_data_data_V, i2* %input_data_keep_V, i2* %input_data_strb_V, i1* %input_data_user_V, i1* %input_data_last_V, i1* %input_data_id_V, i1* %input_data_dest_V, [5 x i8]* @p_str5, i32 1, i32 1, [5 x i8]* @p_str16, i32 0, i32 0, [1 x i8]* @p_str27, [1 x i8]* @p_str27, [1 x i8]* @p_str27, i32 0, i32 0, i32 0, i32 0, [1 x i8]* @p_str27, [1 x i8]* @p_str27)" [../mnist_AXI_Stream.cpp:29]   --->   Operation 28 'specinterface' <Predicate = true> <Delay = 0.00>
ST_1 : Operation 29 [1/1] (0.00ns)   --->   "call void (...)* @_ssdm_op_SpecInterface(i16* %output_data_data_V, i2* %output_data_keep_V, i2* %output_data_strb_V, i1* %output_data_user_V, i1* %output_data_last_V, i1* %output_data_id_V, i1* %output_data_dest_V, [5 x i8]* @p_str5, i32 1, i32 1, [5 x i8]* @p_str16, i32 0, i32 0, [1 x i8]* @p_str27, [1 x i8]* @p_str27, [1 x i8]* @p_str27, i32 0, i32 0, i32 0, i32 0, [1 x i8]* @p_str27, [1 x i8]* @p_str27)" [../mnist_AXI_Stream.cpp:30]   --->   Operation 29 'specinterface' <Predicate = true> <Delay = 0.00>
ST_1 : Operation 30 [1/1] (0.00ns)   --->   "call void (...)* @_ssdm_op_SpecInterface(i32 0, [10 x i8]* @p_str3, i32 1, i32 1, [1 x i8]* @p_str27, i32 0, i32 0, [1 x i8]* @p_str27, [1 x i8]* @p_str27, [1 x i8]* @p_str27, i32 0, i32 0, i32 0, i32 0, [1 x i8]* @p_str27, [1 x i8]* @p_str27) nounwind" [../mnist_AXI_Stream.cpp:31]   --->   Operation 30 'specinterface' <Predicate = true> <Delay = 0.00>
ST_1 : Operation 31 [1/1] (1.76ns)   --->   "br label %._crit_edge" [../mnist_AXI_Stream.cpp:42]   --->   Operation 31 'br' <Predicate = true> <Delay = 1.76>

State 2 <SV = 1> <Delay = 3.25>
ST_2 : Operation 32 [1/1] (0.00ns)   --->   "%i = phi i32 [ 0, %0 ], [ %i_3, %._crit_edge ]"   --->   Operation 32 'phi' 'i' <Predicate = true> <Delay = 0.00>
ST_2 : Operation 33 [1/1] (0.00ns)   --->   "%tmp_1 = sext i32 %i to i64" [../mnist_AXI_Stream.cpp:43]   --->   Operation 33 'sext' 'tmp_1' <Predicate = true> <Delay = 0.00>
ST_2 : Operation 34 [1/1] (0.00ns)   --->   "%empty = call { i16, i2, i2, i1, i1, i1, i1 } @_ssdm_op_Read.axis.volatile.i16P.i2P.i2P.i1P.i1P.i1P.i1P(i16* %input_data_data_V, i2* %input_data_keep_V, i2* %input_data_strb_V, i1* %input_data_user_V, i1* %input_data_last_V, i1* %input_data_id_V, i1* %input_data_dest_V)"   --->   Operation 34 'read' 'empty' <Predicate = true> <Delay = 0.00> <Core = "AXI4Stream">   --->   Core 5 'AXI4Stream' <Latency = 0> <II = 1> <Delay = 1.00> <Adapter> <Opcode : >
ST_2 : Operation 35 [1/1] (0.00ns)   --->   "%tmp_data_V = extractvalue { i16, i2, i2, i1, i1, i1, i1 } %empty, 0"   --->   Operation 35 'extractvalue' 'tmp_data_V' <Predicate = true> <Delay = 0.00>
ST_2 : Operation 36 [1/1] (0.00ns)   --->   "%tmp_last_V = extractvalue { i16, i2, i2, i1, i1, i1, i1 } %empty, 4"   --->   Operation 36 'extractvalue' 'tmp_last_V' <Predicate = true> <Delay = 0.00>
ST_2 : Operation 37 [1/1] (0.00ns)   --->   "%MemBank_B_addr = getelementptr inbounds [14400 x i16]* %MemBank_B, i64 0, i64 %tmp_1" [../mnist_AXI_Stream.cpp:44]   --->   Operation 37 'getelementptr' 'MemBank_B_addr' <Predicate = true> <Delay = 0.00>
ST_2 : Operation 38 [1/1] (3.25ns)   --->   "store i16 %tmp_data_V, i16* %MemBank_B_addr, align 2" [../mnist_AXI_Stream.cpp:44]   --->   Operation 38 'store' <Predicate = true> <Delay = 3.25> <Core = "RAM">   --->   Core 37 'RAM' <Latency = 1> <II = 1> <Delay = 3.25> <Storage> <Opcode : 'load' 'store'> <Ports = 2> <Width = 16> <Depth = 784> <RAM>
ST_2 : Operation 39 [1/1] (2.55ns)   --->   "%i_3 = add nsw i32 %i, 1" [../mnist_AXI_Stream.cpp:45]   --->   Operation 39 'add' 'i_3' <Predicate = true> <Delay = 2.55> <Core = "AddSub">   --->   Core 14 'AddSub' <Latency = 0> <II = 1> <Delay = 1.73> <FuncUnit> <Opcode : 'add' 'sub'> <InPorts = 2> <OutPorts = 1>
ST_2 : Operation 40 [1/1] (0.00ns)   --->   "br i1 %tmp_last_V, label %.preheader90.preheader, label %._crit_edge" [../mnist_AXI_Stream.cpp:46]   --->   Operation 40 'br' <Predicate = true> <Delay = 0.00>
ST_2 : Operation 41 [1/1] (1.76ns)   --->   "br label %.preheader90" [../mnist_AXI_Stream.cpp:139]   --->   Operation 41 'br' <Predicate = (tmp_last_V)> <Delay = 1.76>

State 3 <SV = 2> <Delay = 3.25>
ST_3 : Operation 42 [1/1] (0.00ns)   --->   "%i_1 = phi i10 [ %i_4, %1 ], [ 0, %.preheader90.preheader ]"   --->   Operation 42 'phi' 'i_1' <Predicate = true> <Delay = 0.00>
ST_3 : Operation 43 [1/1] (1.77ns)   --->   "%tmp = icmp eq i10 %i_1, -240" [../mnist_AXI_Stream.cpp:139]   --->   Operation 43 'icmp' 'tmp' <Predicate = true> <Delay = 1.77> <Core = "Cmp">   --->   Core 25 'Cmp' <Latency = 0> <II = 1> <Delay = 1.77> <FuncUnit> <Opcode : 'icmp'> <InPorts = 2> <OutPorts = 1>
ST_3 : Operation 44 [1/1] (0.00ns)   --->   "%empty_3 = call i32 (...)* @_ssdm_op_SpecLoopTripCount(i64 784, i64 784, i64 784)"   --->   Operation 44 'speclooptripcount' 'empty_3' <Predicate = true> <Delay = 0.00>
ST_3 : Operation 45 [1/1] (1.73ns)   --->   "%i_4 = add i10 %i_1, 1" [../mnist_AXI_Stream.cpp:139]   --->   Operation 45 'add' 'i_4' <Predicate = true> <Delay = 1.73> <Core = "AddSub">   --->   Core 14 'AddSub' <Latency = 0> <II = 1> <Delay = 1.73> <FuncUnit> <Opcode : 'add' 'sub'> <InPorts = 2> <OutPorts = 1>
ST_3 : Operation 46 [1/1] (0.00ns)   --->   "br i1 %tmp, label %.preheader.preheader, label %1" [../mnist_AXI_Stream.cpp:139]   --->   Operation 46 'br' <Predicate = true> <Delay = 0.00>
ST_3 : Operation 47 [1/1] (0.00ns)   --->   "%tmp_2 = zext i10 %i_1 to i64" [../mnist_AXI_Stream.cpp:141]   --->   Operation 47 'zext' 'tmp_2' <Predicate = (!tmp)> <Delay = 0.00>
ST_3 : Operation 48 [1/1] (0.00ns)   --->   "%MemBank_B_addr_1 = getelementptr inbounds [14400 x i16]* %MemBank_B, i64 0, i64 %tmp_2" [../mnist_AXI_Stream.cpp:141]   --->   Operation 48 'getelementptr' 'MemBank_B_addr_1' <Predicate = (!tmp)> <Delay = 0.00>
ST_3 : Operation 49 [2/2] (3.25ns)   --->   "%MemBank_B_load = load i16* %MemBank_B_addr_1, align 2" [../mnist_AXI_Stream.cpp:141]   --->   Operation 49 'load' 'MemBank_B_load' <Predicate = (!tmp)> <Delay = 3.25> <Core = "RAM">   --->   Core 37 'RAM' <Latency = 1> <II = 1> <Delay = 3.25> <Storage> <Opcode : 'load' 'store'> <Ports = 2> <Width = 16> <Depth = 784> <RAM>
ST_3 : Operation 50 [1/1] (1.76ns)   --->   "br label %.preheader" [../mnist_AXI_Stream.cpp:162]   --->   Operation 50 'br' <Predicate = (tmp)> <Delay = 1.76>

State 4 <SV = 3> <Delay = 6.50>
ST_4 : Operation 51 [1/2] (3.25ns)   --->   "%MemBank_B_load = load i16* %MemBank_B_addr_1, align 2" [../mnist_AXI_Stream.cpp:141]   --->   Operation 51 'load' 'MemBank_B_load' <Predicate = true> <Delay = 3.25> <Core = "RAM">   --->   Core 37 'RAM' <Latency = 1> <II = 1> <Delay = 3.25> <Storage> <Opcode : 'load' 'store'> <Ports = 2> <Width = 16> <Depth = 784> <RAM>
ST_4 : Operation 52 [1/1] (0.00ns)   --->   "%MemBank_Out_addr = getelementptr inbounds [784 x i16]* %MemBank_Out, i64 0, i64 %tmp_2" [../mnist_AXI_Stream.cpp:141]   --->   Operation 52 'getelementptr' 'MemBank_Out_addr' <Predicate = true> <Delay = 0.00>
ST_4 : Operation 53 [1/1] (3.25ns)   --->   "store i16 %MemBank_B_load, i16* %MemBank_Out_addr, align 2" [../mnist_AXI_Stream.cpp:141]   --->   Operation 53 'store' <Predicate = true> <Delay = 3.25> <Core = "RAM">   --->   Core 37 'RAM' <Latency = 1> <II = 1> <Delay = 3.25> <Storage> <Opcode : 'load' 'store'> <Ports = 2> <Width = 16> <Depth = 784> <RAM>
ST_4 : Operation 54 [1/1] (0.00ns)   --->   "br label %.preheader90" [../mnist_AXI_Stream.cpp:139]   --->   Operation 54 'br' <Predicate = true> <Delay = 0.00>

State 5 <SV = 3> <Delay = 3.25>
ST_5 : Operation 55 [1/1] (0.00ns)   --->   "%i_2 = phi i10 [ %i_5, %._crit_edge91 ], [ 0, %.preheader.preheader ]"   --->   Operation 55 'phi' 'i_2' <Predicate = true> <Delay = 0.00>
ST_5 : Operation 56 [1/1] (1.77ns)   --->   "%tmp_4 = icmp eq i10 %i_2, -240" [../mnist_AXI_Stream.cpp:162]   --->   Operation 56 'icmp' 'tmp_4' <Predicate = true> <Delay = 1.77> <Core = "Cmp">   --->   Core 25 'Cmp' <Latency = 0> <II = 1> <Delay = 1.77> <FuncUnit> <Opcode : 'icmp'> <InPorts = 2> <OutPorts = 1>
ST_5 : Operation 57 [1/1] (0.00ns)   --->   "%empty_4 = call i32 (...)* @_ssdm_op_SpecLoopTripCount(i64 784, i64 784, i64 784)"   --->   Operation 57 'speclooptripcount' 'empty_4' <Predicate = true> <Delay = 0.00>
ST_5 : Operation 58 [1/1] (1.73ns)   --->   "%i_5 = add i10 %i_2, 1" [../mnist_AXI_Stream.cpp:162]   --->   Operation 58 'add' 'i_5' <Predicate = true> <Delay = 1.73> <Core = "AddSub">   --->   Core 14 'AddSub' <Latency = 0> <II = 1> <Delay = 1.73> <FuncUnit> <Opcode : 'add' 'sub'> <InPorts = 2> <OutPorts = 1>
ST_5 : Operation 59 [1/1] (0.00ns)   --->   "br i1 %tmp_4, label %2, label %._crit_edge91" [../mnist_AXI_Stream.cpp:162]   --->   Operation 59 'br' <Predicate = true> <Delay = 0.00>
ST_5 : Operation 60 [1/1] (0.00ns)   --->   "%tmp_5 = zext i10 %i_2 to i64" [../mnist_AXI_Stream.cpp:168]   --->   Operation 60 'zext' 'tmp_5' <Predicate = (!tmp_4)> <Delay = 0.00>
ST_5 : Operation 61 [1/1] (0.00ns)   --->   "%MemBank_Out_addr_1 = getelementptr inbounds [784 x i16]* %MemBank_Out, i64 0, i64 %tmp_5" [../mnist_AXI_Stream.cpp:168]   --->   Operation 61 'getelementptr' 'MemBank_Out_addr_1' <Predicate = (!tmp_4)> <Delay = 0.00>
ST_5 : Operation 62 [2/2] (3.25ns)   --->   "%tmp_data_V_1 = load i16* %MemBank_Out_addr_1, align 2" [../mnist_AXI_Stream.cpp:168]   --->   Operation 62 'load' 'tmp_data_V_1' <Predicate = (!tmp_4)> <Delay = 3.25> <Core = "RAM">   --->   Core 37 'RAM' <Latency = 1> <II = 1> <Delay = 3.25> <Storage> <Opcode : 'load' 'store'> <Ports = 2> <Width = 16> <Depth = 784> <RAM>
ST_5 : Operation 63 [1/1] (1.77ns)   --->   "%tmp_user_V = icmp eq i10 %i_2, 0" [../mnist_AXI_Stream.cpp:171]   --->   Operation 63 'icmp' 'tmp_user_V' <Predicate = (!tmp_4)> <Delay = 1.77> <Core = "Cmp">   --->   Core 25 'Cmp' <Latency = 0> <II = 1> <Delay = 1.77> <FuncUnit> <Opcode : 'icmp'> <InPorts = 2> <OutPorts = 1>
ST_5 : Operation 64 [1/1] (1.77ns)   --->   "%tmp_7 = icmp eq i10 %i_2, -241" [../mnist_AXI_Stream.cpp:174]   --->   Operation 64 'icmp' 'tmp_7' <Predicate = (!tmp_4)> <Delay = 1.77> <Core = "Cmp">   --->   Core 25 'Cmp' <Latency = 0> <II = 1> <Delay = 1.77> <FuncUnit> <Opcode : 'icmp'> <InPorts = 2> <OutPorts = 1>

State 6 <SV = 4> <Delay = 3.25>
ST_6 : Operation 65 [1/2] (3.25ns)   --->   "%tmp_data_V_1 = load i16* %MemBank_Out_addr_1, align 2" [../mnist_AXI_Stream.cpp:168]   --->   Operation 65 'load' 'tmp_data_V_1' <Predicate = (!tmp_4)> <Delay = 3.25> <Core = "RAM">   --->   Core 37 'RAM' <Latency = 1> <II = 1> <Delay = 3.25> <Storage> <Opcode : 'load' 'store'> <Ports = 2> <Width = 16> <Depth = 784> <RAM>
ST_6 : Operation 66 [2/2] (0.00ns)   --->   "call void @_ssdm_op_Write.axis.volatile.i16P.i2P.i2P.i1P.i1P.i1P.i1P(i16* %output_data_data_V, i2* %output_data_keep_V, i2* %output_data_strb_V, i1* %output_data_user_V, i1* %output_data_last_V, i1* %output_data_id_V, i1* %output_data_dest_V, i16 %tmp_data_V_1, i2 0, i2 0, i1 %tmp_user_V, i1 %tmp_7, i1 false, i1 false)" [../mnist_AXI_Stream.cpp:168]   --->   Operation 66 'write' <Predicate = (!tmp_4)> <Delay = 0.00> <Core = "AXI4Stream">   --->   Core 5 'AXI4Stream' <Latency = 0> <II = 1> <Delay = 1.00> <Adapter> <Opcode : >

State 7 <SV = 5> <Delay = 0.00>
ST_7 : Operation 67 [1/1] (0.00ns)   --->   "%tmp_3 = call i32 (...)* @_ssdm_op_SpecRegionBegin([12 x i8]* @p_str4)" [../mnist_AXI_Stream.cpp:162]   --->   Operation 67 'specregionbegin' 'tmp_3' <Predicate = (!tmp_4)> <Delay = 0.00>
ST_7 : Operation 68 [1/1] (0.00ns)   --->   "call void (...)* @_ssdm_op_SpecPipeline(i32 -1, i32 1, i32 1, i32 0, [1 x i8]* @p_str27) nounwind" [../mnist_AXI_Stream.cpp:163]   --->   Operation 68 'specpipeline' <Predicate = (!tmp_4)> <Delay = 0.00>
ST_7 : Operation 69 [1/2] (0.00ns)   --->   "call void @_ssdm_op_Write.axis.volatile.i16P.i2P.i2P.i1P.i1P.i1P.i1P(i16* %output_data_data_V, i2* %output_data_keep_V, i2* %output_data_strb_V, i1* %output_data_user_V, i1* %output_data_last_V, i1* %output_data_id_V, i1* %output_data_dest_V, i16 %tmp_data_V_1, i2 0, i2 0, i1 %tmp_user_V, i1 %tmp_7, i1 false, i1 false)" [../mnist_AXI_Stream.cpp:168]   --->   Operation 69 'write' <Predicate = (!tmp_4)> <Delay = 0.00> <Core = "AXI4Stream">   --->   Core 5 'AXI4Stream' <Latency = 0> <II = 1> <Delay = 1.00> <Adapter> <Opcode : >
ST_7 : Operation 70 [1/1] (0.00ns)   --->   "%empty_5 = call i32 (...)* @_ssdm_op_SpecRegionEnd([12 x i8]* @p_str4, i32 %tmp_3)" [../mnist_AXI_Stream.cpp:178]   --->   Operation 70 'specregionend' 'empty_5' <Predicate = (!tmp_4)> <Delay = 0.00>
ST_7 : Operation 71 [1/1] (0.00ns)   --->   "br label %.preheader" [../mnist_AXI_Stream.cpp:162]   --->   Operation 71 'br' <Predicate = (!tmp_4)> <Delay = 0.00>

State 8 <SV = 4> <Delay = 0.00>
ST_8 : Operation 72 [2/2] (0.00ns)   --->   "ret i32 0" [../mnist_AXI_Stream.cpp:179]   --->   Operation 72 'ret' <Predicate = true> <Delay = 0.00>

State 9 <SV = 5> <Delay = 0.00>
ST_9 : Operation 73 [1/2] (0.00ns)   --->   "ret i32 0" [../mnist_AXI_Stream.cpp:179]   --->   Operation 73 'ret' <Predicate = true> <Delay = 0.00>


============================================================
+ Verbose Summary: Binding
============================================================
STG Binding: 
---------------- STG Properties BEGIN ----------------
- Is combinational: 0
- Is one-state seq: 0
- Is datapath-only: 0
- Is pipelined: 0
- Is top level: 1
Port [ Return ] is wired: 0; IO mode=ap_ctrl_hs:ce=0
Port [ input_data_data_V]:  wired=1; compound=1; hidden=0; nouse=0; global=0; static=0; extern=0; dir=0; type=0; pingpong=0; private_global=0; IO mode=axis:ce=0
Port [ input_data_keep_V]:  wired=1; compound=1; hidden=0; nouse=0; global=0; static=0; extern=0; dir=0; type=0; pingpong=0; private_global=0; IO mode=axis:ce=0
Port [ input_data_strb_V]:  wired=1; compound=1; hidden=0; nouse=0; global=0; static=0; extern=0; dir=0; type=0; pingpong=0; private_global=0; IO mode=axis:ce=0
Port [ input_data_user_V]:  wired=1; compound=1; hidden=0; nouse=0; global=0; static=0; extern=0; dir=0; type=0; pingpong=0; private_global=0; IO mode=axis:ce=0
Port [ input_data_last_V]:  wired=1; compound=1; hidden=0; nouse=0; global=0; static=0; extern=0; dir=0; type=0; pingpong=0; private_global=0; IO mode=axis:ce=0
Port [ input_data_id_V]:  wired=1; compound=1; hidden=0; nouse=0; global=0; static=0; extern=0; dir=0; type=0; pingpong=0; private_global=0; IO mode=axis:ce=0
Port [ input_data_dest_V]:  wired=1; compound=1; hidden=0; nouse=0; global=0; static=0; extern=0; dir=0; type=0; pingpong=0; private_global=0; IO mode=axis:ce=0
Port [ output_data_data_V]:  wired=1; compound=1; hidden=0; nouse=0; global=0; static=0; extern=0; dir=1; type=0; pingpong=0; private_global=0; IO mode=axis:ce=0
Port [ output_data_keep_V]:  wired=1; compound=1; hidden=0; nouse=0; global=0; static=0; extern=0; dir=1; type=0; pingpong=0; private_global=0; IO mode=axis:ce=0
Port [ output_data_strb_V]:  wired=1; compound=1; hidden=0; nouse=0; global=0; static=0; extern=0; dir=1; type=0; pingpong=0; private_global=0; IO mode=axis:ce=0
Port [ output_data_user_V]:  wired=1; compound=1; hidden=0; nouse=0; global=0; static=0; extern=0; dir=1; type=0; pingpong=0; private_global=0; IO mode=axis:ce=0
Port [ output_data_last_V]:  wired=1; compound=1; hidden=0; nouse=0; global=0; static=0; extern=0; dir=1; type=0; pingpong=0; private_global=0; IO mode=axis:ce=0
Port [ output_data_id_V]:  wired=1; compound=1; hidden=0; nouse=0; global=0; static=0; extern=0; dir=1; type=0; pingpong=0; private_global=0; IO mode=axis:ce=0
Port [ output_data_dest_V]:  wired=1; compound=1; hidden=0; nouse=0; global=0; static=0; extern=0; dir=1; type=0; pingpong=0; private_global=0; IO mode=axis:ce=0
---------------- STG Properties END ------------------

---------------- Datapath Model BEGIN ----------------

<LifeTime>
<method=bitvector/>
StgValue_10        (specbitsmap      ) [ 0000000000]
StgValue_11        (specbitsmap      ) [ 0000000000]
StgValue_12        (specbitsmap      ) [ 0000000000]
StgValue_13        (specbitsmap      ) [ 0000000000]
StgValue_14        (specbitsmap      ) [ 0000000000]
StgValue_15        (specbitsmap      ) [ 0000000000]
StgValue_16        (specbitsmap      ) [ 0000000000]
StgValue_17        (specbitsmap      ) [ 0000000000]
StgValue_18        (specbitsmap      ) [ 0000000000]
StgValue_19        (specbitsmap      ) [ 0000000000]
StgValue_20        (specbitsmap      ) [ 0000000000]
StgValue_21        (specbitsmap      ) [ 0000000000]
StgValue_22        (specbitsmap      ) [ 0000000000]
StgValue_23        (specbitsmap      ) [ 0000000000]
StgValue_24        (specbitsmap      ) [ 0000000000]
StgValue_25        (spectopmodule    ) [ 0000000000]
MemBank_B          (alloca           ) [ 0011100000]
MemBank_Out        (alloca           ) [ 0011111100]
StgValue_28        (specinterface    ) [ 0000000000]
StgValue_29        (specinterface    ) [ 0000000000]
StgValue_30        (specinterface    ) [ 0000000000]
StgValue_31        (br               ) [ 0110000000]
i                  (phi              ) [ 0010000000]
tmp_1              (sext             ) [ 0000000000]
empty              (read             ) [ 0000000000]
tmp_data_V         (extractvalue     ) [ 0000000000]
tmp_last_V         (extractvalue     ) [ 0010000000]
MemBank_B_addr     (getelementptr    ) [ 0000000000]
StgValue_38        (store            ) [ 0000000000]
i_3                (add              ) [ 0110000000]
StgValue_40        (br               ) [ 0110000000]
StgValue_41        (br               ) [ 0011100000]
i_1                (phi              ) [ 0001000000]
tmp                (icmp             ) [ 0001111100]
empty_3            (speclooptripcount) [ 0000000000]
i_4                (add              ) [ 0011100000]
StgValue_46        (br               ) [ 0000000000]
tmp_2              (zext             ) [ 0000100000]
MemBank_B_addr_1   (getelementptr    ) [ 0000100000]
StgValue_50        (br               ) [ 0001111100]
MemBank_B_load     (load             ) [ 0000000000]
MemBank_Out_addr   (getelementptr    ) [ 0000000000]
StgValue_53        (store            ) [ 0000000000]
StgValue_54        (br               ) [ 0011100000]
i_2                (phi              ) [ 0000010000]
tmp_4              (icmp             ) [ 0000011100]
empty_4            (speclooptripcount) [ 0000000000]
i_5                (add              ) [ 0001011100]
StgValue_59        (br               ) [ 0000000000]
tmp_5              (zext             ) [ 0000000000]
MemBank_Out_addr_1 (getelementptr    ) [ 0000011000]
tmp_user_V         (icmp             ) [ 0000011100]
tmp_7              (icmp             ) [ 0000011100]
tmp_data_V_1       (load             ) [ 0000010100]
tmp_3              (specregionbegin  ) [ 0000000000]
StgValue_68        (specpipeline     ) [ 0000000000]
StgValue_69        (write            ) [ 0000000000]
empty_5            (specregionend    ) [ 0000000000]
StgValue_71        (br               ) [ 0001011100]
StgValue_73        (ret              ) [ 0000000000]
</LifeTime>

<model>

<comp_list>
<comp id="0" class="1000" name="input_data_data_V">
<pin_list>
<pin id="1" dir="1" index="0" bw="1" slack="0"/>
</pin_list>
<bind>
<StgValue><ssdm name="input_data_data_V"/></StgValue>
</bind>
</comp>

<comp id="2" class="1000" name="input_data_keep_V">
<pin_list>
<pin id="3" dir="1" index="0" bw="1" slack="0"/>
</pin_list>
<bind>
<StgValue><ssdm name="input_data_keep_V"/></StgValue>
</bind>
</comp>

<comp id="4" class="1000" name="input_data_strb_V">
<pin_list>
<pin id="5" dir="1" index="0" bw="1" slack="0"/>
</pin_list>
<bind>
<StgValue><ssdm name="input_data_strb_V"/></StgValue>
</bind>
</comp>

<comp id="6" class="1000" name="input_data_user_V">
<pin_list>
<pin id="7" dir="1" index="0" bw="1" slack="0"/>
</pin_list>
<bind>
<StgValue><ssdm name="input_data_user_V"/></StgValue>
</bind>
</comp>

<comp id="8" class="1000" name="input_data_last_V">
<pin_list>
<pin id="9" dir="1" index="0" bw="1" slack="0"/>
</pin_list>
<bind>
<StgValue><ssdm name="input_data_last_V"/></StgValue>
</bind>
</comp>

<comp id="10" class="1000" name="input_data_id_V">
<pin_list>
<pin id="11" dir="1" index="0" bw="1" slack="0"/>
</pin_list>
<bind>
<StgValue><ssdm name="input_data_id_V"/></StgValue>
</bind>
</comp>

<comp id="12" class="1000" name="input_data_dest_V">
<pin_list>
<pin id="13" dir="1" index="0" bw="1" slack="0"/>
</pin_list>
<bind>
<StgValue><ssdm name="input_data_dest_V"/></StgValue>
</bind>
</comp>

<comp id="14" class="1000" name="output_data_data_V">
<pin_list>
<pin id="15" dir="1" index="0" bw="1" slack="0"/>
</pin_list>
<bind>
<StgValue><ssdm name="output_data_data_V"/></StgValue>
</bind>
</comp>

<comp id="16" class="1000" name="output_data_keep_V">
<pin_list>
<pin id="17" dir="1" index="0" bw="1" slack="0"/>
</pin_list>
<bind>
<StgValue><ssdm name="output_data_keep_V"/></StgValue>
</bind>
</comp>

<comp id="18" class="1000" name="output_data_strb_V">
<pin_list>
<pin id="19" dir="1" index="0" bw="1" slack="0"/>
</pin_list>
<bind>
<StgValue><ssdm name="output_data_strb_V"/></StgValue>
</bind>
</comp>

<comp id="20" class="1000" name="output_data_user_V">
<pin_list>
<pin id="21" dir="1" index="0" bw="1" slack="0"/>
</pin_list>
<bind>
<StgValue><ssdm name="output_data_user_V"/></StgValue>
</bind>
</comp>

<comp id="22" class="1000" name="output_data_last_V">
<pin_list>
<pin id="23" dir="1" index="0" bw="1" slack="0"/>
</pin_list>
<bind>
<StgValue><ssdm name="output_data_last_V"/></StgValue>
</bind>
</comp>

<comp id="24" class="1000" name="output_data_id_V">
<pin_list>
<pin id="25" dir="1" index="0" bw="1" slack="0"/>
</pin_list>
<bind>
<StgValue><ssdm name="output_data_id_V"/></StgValue>
</bind>
</comp>

<comp id="26" class="1000" name="output_data_dest_V">
<pin_list>
<pin id="27" dir="1" index="0" bw="1" slack="0"/>
</pin_list>
<bind>
<StgValue><ssdm name="output_data_dest_V"/></StgValue>
</bind>
</comp>

<comp id="28" class="1001" name="const_28">
<pin_list>
<pin id="29" dir="1" index="0" bw="1" slack="2147483647"/>
</pin_list>
<bind>
<StgValue><ssdm name="_ssdm_op_SpecBitsMap"/></StgValue>
</bind>
</comp>

<comp id="30" class="1001" name="const_30">
<pin_list>
<pin id="31" dir="1" index="0" bw="1" slack="1"/>
</pin_list>
<bind>
<StgValue><ssdm name=""/></StgValue>
</bind>
</comp>

<comp id="32" class="1001" name="const_32">
<pin_list>
<pin id="33" dir="1" index="0" bw="1" slack="2147483647"/>
</pin_list>
<bind>
<StgValue><ssdm name="_ssdm_op_SpecTopModule"/></StgValue>
</bind>
</comp>

<comp id="34" class="1001" name="const_34">
<pin_list>
<pin id="35" dir="1" index="0" bw="1" slack="2147483647"/>
</pin_list>
<bind>
<StgValue><ssdm name="network_str"/></StgValue>
</bind>
</comp>

<comp id="36" class="1001" name="const_36">
<pin_list>
<pin id="37" dir="1" index="0" bw="1" slack="0"/>
</pin_list>
<bind>
<StgValue><ssdm name=""/></StgValue>
</bind>
</comp>

<comp id="38" class="1001" name="const_38">
<pin_list>
<pin id="39" dir="1" index="0" bw="1" slack="2147483647"/>
</pin_list>
<bind>
<StgValue><ssdm name="_ssdm_op_SpecInterface"/></StgValue>
</bind>
</comp>

<comp id="40" class="1001" name="const_40">
<pin_list>
<pin id="41" dir="1" index="0" bw="1" slack="2147483647"/>
</pin_list>
<bind>
<StgValue><ssdm name="p_str5"/></StgValue>
</bind>
</comp>

<comp id="42" class="1001" name="const_42">
<pin_list>
<pin id="43" dir="1" index="0" bw="1" slack="0"/>
</pin_list>
<bind>
<StgValue><ssdm name=""/></StgValue>
</bind>
</comp>

<comp id="44" class="1001" name="const_44">
<pin_list>
<pin id="45" dir="1" index="0" bw="1" slack="2147483647"/>
</pin_list>
<bind>
<StgValue><ssdm name="p_str16"/></StgValue>
</bind>
</comp>

<comp id="46" class="1001" name="const_46">
<pin_list>
<pin id="47" dir="1" index="0" bw="1" slack="2147483647"/>
</pin_list>
<bind>
<StgValue><ssdm name="p_str27"/></StgValue>
</bind>
</comp>

<comp id="48" class="1001" name="const_48">
<pin_list>
<pin id="49" dir="1" index="0" bw="1" slack="2147483647"/>
</pin_list>
<bind>
<StgValue><ssdm name="p_str3"/></StgValue>
</bind>
</comp>

<comp id="50" class="1001" name="const_50">
<pin_list>
<pin id="51" dir="1" index="0" bw="1" slack="0"/>
</pin_list>
<bind>
<StgValue><ssdm name="_ssdm_op_Read.axis.volatile.i16P.i2P.i2P.i1P.i1P.i1P.i1P"/></StgValue>
</bind>
</comp>

<comp id="52" class="1001" name="const_52">
<pin_list>
<pin id="53" dir="1" index="0" bw="1" slack="0"/>
</pin_list>
<bind>
<StgValue><ssdm name=""/></StgValue>
</bind>
</comp>

<comp id="54" class="1001" name="const_54">
<pin_list>
<pin id="55" dir="1" index="0" bw="1" slack="0"/>
</pin_list>
<bind>
<StgValue><ssdm name=""/></StgValue>
</bind>
</comp>

<comp id="56" class="1001" name="const_56">
<pin_list>
<pin id="57" dir="1" index="0" bw="1" slack="0"/>
</pin_list>
<bind>
<StgValue><ssdm name=""/></StgValue>
</bind>
</comp>

<comp id="58" class="1001" name="const_58">
<pin_list>
<pin id="59" dir="1" index="0" bw="1" slack="2147483647"/>
</pin_list>
<bind>
<StgValue><ssdm name="_ssdm_op_SpecLoopTripCount"/></StgValue>
</bind>
</comp>

<comp id="60" class="1001" name="const_60">
<pin_list>
<pin id="61" dir="1" index="0" bw="1" slack="2147483647"/>
</pin_list>
<bind>
<StgValue><ssdm name=""/></StgValue>
</bind>
</comp>

<comp id="62" class="1001" name="const_62">
<pin_list>
<pin id="63" dir="1" index="0" bw="1" slack="0"/>
</pin_list>
<bind>
<StgValue><ssdm name=""/></StgValue>
</bind>
</comp>

<comp id="64" class="1001" name="const_64">
<pin_list>
<pin id="65" dir="1" index="0" bw="1" slack="0"/>
</pin_list>
<bind>
<StgValue><ssdm name=""/></StgValue>
</bind>
</comp>

<comp id="66" class="1001" name="const_66">
<pin_list>
<pin id="67" dir="1" index="0" bw="1" slack="0"/>
</pin_list>
<bind>
<StgValue><ssdm name="_ssdm_op_Write.axis.volatile.i16P.i2P.i2P.i1P.i1P.i1P.i1P"/></StgValue>
</bind>
</comp>

<comp id="68" class="1001" name="const_68">
<pin_list>
<pin id="69" dir="1" index="0" bw="1" slack="0"/>
</pin_list>
<bind>
<StgValue><ssdm name=""/></StgValue>
</bind>
</comp>

<comp id="70" class="1001" name="const_70">
<pin_list>
<pin id="71" dir="1" index="0" bw="1" slack="0"/>
</pin_list>
<bind>
<StgValue><ssdm name=""/></StgValue>
</bind>
</comp>

<comp id="72" class="1001" name="const_72">
<pin_list>
<pin id="73" dir="1" index="0" bw="1" slack="2147483647"/>
</pin_list>
<bind>
<StgValue><ssdm name="_ssdm_op_SpecRegionBegin"/></StgValue>
</bind>
</comp>

<comp id="74" class="1001" name="const_74">
<pin_list>
<pin id="75" dir="1" index="0" bw="1" slack="2147483647"/>
</pin_list>
<bind>
<StgValue><ssdm name="p_str4"/></StgValue>
</bind>
</comp>

<comp id="76" class="1001" name="const_76">
<pin_list>
<pin id="77" dir="1" index="0" bw="1" slack="2147483647"/>
</pin_list>
<bind>
<StgValue><ssdm name="_ssdm_op_SpecPipeline"/></StgValue>
</bind>
</comp>

<comp id="78" class="1001" name="const_78">
<pin_list>
<pin id="79" dir="1" index="0" bw="1" slack="2147483647"/>
</pin_list>
<bind>
<StgValue><ssdm name=""/></StgValue>
</bind>
</comp>

<comp id="80" class="1001" name="const_80">
<pin_list>
<pin id="81" dir="1" index="0" bw="1" slack="2147483647"/>
</pin_list>
<bind>
<StgValue><ssdm name="_ssdm_op_SpecRegionEnd"/></StgValue>
</bind>
</comp>

<comp id="82" class="1004" name="MemBank_B_alloca_fu_82">
<pin_list>
<pin id="83" dir="0" index="0" bw="1" slack="0"/>
<pin id="84" dir="1" index="1" bw="16" slack="2147483647"/>
</pin_list>
<bind>
<opcode="alloca(26) " fcode="alloca"/>
<opset="MemBank_B/1 "/>
</bind>
</comp>

<comp id="86" class="1004" name="MemBank_Out_alloca_fu_86">
<pin_list>
<pin id="87" dir="0" index="0" bw="1" slack="0"/>
<pin id="88" dir="1" index="1" bw="16" slack="2147483647"/>
</pin_list>
<bind>
<opcode="alloca(26) " fcode="alloca"/>
<opset="MemBank_Out/1 "/>
</bind>
</comp>

<comp id="90" class="1004" name="empty_read_fu_90">
<pin_list>
<pin id="91" dir="0" index="0" bw="24" slack="0"/>
<pin id="92" dir="0" index="1" bw="16" slack="0"/>
<pin id="93" dir="0" index="2" bw="2" slack="0"/>
<pin id="94" dir="0" index="3" bw="2" slack="0"/>
<pin id="95" dir="0" index="4" bw="1" slack="0"/>
<pin id="96" dir="0" index="5" bw="1" slack="0"/>
<pin id="97" dir="0" index="6" bw="1" slack="0"/>
<pin id="98" dir="0" index="7" bw="1" slack="0"/>
<pin id="99" dir="1" index="8" bw="24" slack="0"/>
</pin_list>
<bind>
<opcode="read(1150) " fcode="read"/>
<opset="empty/2 "/>
</bind>
</comp>

<comp id="108" class="1004" name="grp_write_fu_108">
<pin_list>
<pin id="109" dir="0" index="0" bw="0" slack="0"/>
<pin id="110" dir="0" index="1" bw="16" slack="0"/>
<pin id="111" dir="0" index="2" bw="2" slack="0"/>
<pin id="112" dir="0" index="3" bw="2" slack="0"/>
<pin id="113" dir="0" index="4" bw="1" slack="0"/>
<pin id="114" dir="0" index="5" bw="1" slack="0"/>
<pin id="115" dir="0" index="6" bw="1" slack="0"/>
<pin id="116" dir="0" index="7" bw="1" slack="0"/>
<pin id="117" dir="0" index="8" bw="16" slack="0"/>
<pin id="118" dir="0" index="9" bw="1" slack="0"/>
<pin id="119" dir="0" index="10" bw="1" slack="0"/>
<pin id="120" dir="0" index="11" bw="1" slack="1"/>
<pin id="121" dir="0" index="12" bw="1" slack="1"/>
<pin id="122" dir="0" index="13" bw="1" slack="0"/>
<pin id="123" dir="0" index="14" bw="1" slack="0"/>
<pin id="124" dir="1" index="15" bw="0" slack="2147483647"/>
</pin_list>
<bind>
<opcode="write(1151) " fcode="write"/>
<opset="StgValue_66/6 "/>
</bind>
</comp>

<comp id="137" class="1004" name="MemBank_B_addr_gep_fu_137">
<pin_list>
<pin id="138" dir="0" index="0" bw="16" slack="2147483647"/>
<pin id="139" dir="0" index="1" bw="1" slack="0"/>
<pin id="140" dir="0" index="2" bw="32" slack="0"/>
<pin id="141" dir="1" index="3" bw="14" slack="0"/>
</pin_list>
<bind>
<opcode="getelementptr(29) " fcode="getelementptr"/>
<opset="MemBank_B_addr/2 "/>
</bind>
</comp>

<comp id="143" class="1004" name="grp_access_fu_143">
<pin_list>
<pin id="144" dir="0" index="0" bw="14" slack="0"/>
<pin id="145" dir="0" index="1" bw="16" slack="0"/>
<pin id="146" dir="0" index="2" bw="0" slack="2147483647"/>
<pin id="147" dir="1" index="3" bw="16" slack="0"/>
</pin_list>
<bind>
<opcode="load(27) store(28) " fcode="load"/>
<opset="StgValue_38/2 MemBank_B_load/3 "/>
</bind>
</comp>

<comp id="149" class="1004" name="MemBank_B_addr_1_gep_fu_149">
<pin_list>
<pin id="150" dir="0" index="0" bw="16" slack="2147483647"/>
<pin id="151" dir="0" index="1" bw="1" slack="0"/>
<pin id="152" dir="0" index="2" bw="10" slack="0"/>
<pin id="153" dir="1" index="3" bw="14" slack="0"/>
</pin_list>
<bind>
<opcode="getelementptr(29) " fcode="getelementptr"/>
<opset="MemBank_B_addr_1/3 "/>
</bind>
</comp>

<comp id="156" class="1004" name="MemBank_Out_addr_gep_fu_156">
<pin_list>
<pin id="157" dir="0" index="0" bw="16" slack="2147483647"/>
<pin id="158" dir="0" index="1" bw="1" slack="0"/>
<pin id="159" dir="0" index="2" bw="10" slack="1"/>
<pin id="160" dir="1" index="3" bw="10" slack="0"/>
</pin_list>
<bind>
<opcode="getelementptr(29) " fcode="getelementptr"/>
<opset="MemBank_Out_addr/4 "/>
</bind>
</comp>

<comp id="162" class="1004" name="grp_access_fu_162">
<pin_list>
<pin id="163" dir="0" index="0" bw="10" slack="0"/>
<pin id="164" dir="0" index="1" bw="16" slack="0"/>
<pin id="165" dir="0" index="2" bw="0" slack="2147483647"/>
<pin id="166" dir="1" index="3" bw="16" slack="0"/>
</pin_list>
<bind>
<opcode="load(27) store(28) " fcode="load"/>
<opset="StgValue_53/4 tmp_data_V_1/5 "/>
</bind>
</comp>

<comp id="169" class="1004" name="MemBank_Out_addr_1_gep_fu_169">
<pin_list>
<pin id="170" dir="0" index="0" bw="16" slack="2147483647"/>
<pin id="171" dir="0" index="1" bw="1" slack="0"/>
<pin id="172" dir="0" index="2" bw="10" slack="0"/>
<pin id="173" dir="1" index="3" bw="10" slack="0"/>
</pin_list>
<bind>
<opcode="getelementptr(29) " fcode="getelementptr"/>
<opset="MemBank_Out_addr_1/5 "/>
</bind>
</comp>

<comp id="177" class="1005" name="i_reg_177">
<pin_list>
<pin id="178" dir="0" index="0" bw="32" slack="1"/>
<pin id="179" dir="1" index="1" bw="32" slack="1"/>
</pin_list>
<bind>
<opset="i (phireg) "/>
</bind>
</comp>

<comp id="181" class="1004" name="i_phi_fu_181">
<pin_list>
<pin id="182" dir="0" index="0" bw="1" slack="1"/>
<pin id="183" dir="0" index="1" bw="0" slack="2147483647"/>
<pin id="184" dir="0" index="2" bw="32" slack="0"/>
<pin id="185" dir="0" index="3" bw="0" slack="2147483647"/>
<pin id="186" dir="1" index="4" bw="32" slack="0"/>
</pin_list>
<bind>
<opcode="phi(47) " fcode="phi"/>
<opset="i/2 "/>
</bind>
</comp>

<comp id="188" class="1005" name="i_1_reg_188">
<pin_list>
<pin id="189" dir="0" index="0" bw="10" slack="1"/>
<pin id="190" dir="1" index="1" bw="10" slack="1"/>
</pin_list>
<bind>
<opset="i_1 (phireg) "/>
</bind>
</comp>

<comp id="192" class="1004" name="i_1_phi_fu_192">
<pin_list>
<pin id="193" dir="0" index="0" bw="10" slack="0"/>
<pin id="194" dir="0" index="1" bw="0" slack="2147483647"/>
<pin id="195" dir="0" index="2" bw="1" slack="1"/>
<pin id="196" dir="0" index="3" bw="0" slack="2147483647"/>
<pin id="197" dir="1" index="4" bw="10" slack="0"/>
</pin_list>
<bind>
<opcode="phi(47) " fcode="phi"/>
<opset="i_1/3 "/>
</bind>
</comp>

<comp id="199" class="1005" name="i_2_reg_199">
<pin_list>
<pin id="200" dir="0" index="0" bw="10" slack="1"/>
<pin id="201" dir="1" index="1" bw="10" slack="1"/>
</pin_list>
<bind>
<opset="i_2 (phireg) "/>
</bind>
</comp>

<comp id="203" class="1004" name="i_2_phi_fu_203">
<pin_list>
<pin id="204" dir="0" index="0" bw="10" slack="0"/>
<pin id="205" dir="0" index="1" bw="0" slack="2147483647"/>
<pin id="206" dir="0" index="2" bw="1" slack="1"/>
<pin id="207" dir="0" index="3" bw="0" slack="2147483647"/>
<pin id="208" dir="1" index="4" bw="10" slack="0"/>
</pin_list>
<bind>
<opcode="phi(47) " fcode="phi"/>
<opset="i_2/5 "/>
</bind>
</comp>

<comp id="210" class="1004" name="tmp_1_fu_210">
<pin_list>
<pin id="211" dir="0" index="0" bw="32" slack="0"/>
<pin id="212" dir="1" index="1" bw="64" slack="0"/>
</pin_list>
<bind>
<opcode="sext(35) " fcode="sext"/>
<opset="tmp_1/2 "/>
</bind>
</comp>

<comp id="215" class="1004" name="tmp_data_V_fu_215">
<pin_list>
<pin id="216" dir="0" index="0" bw="24" slack="0"/>
<pin id="217" dir="1" index="1" bw="16" slack="0"/>
</pin_list>
<bind>
<opcode="extractvalue(56) " fcode="extractvalue"/>
<opset="tmp_data_V/2 "/>
</bind>
</comp>

<comp id="220" class="1004" name="tmp_last_V_fu_220">
<pin_list>
<pin id="221" dir="0" index="0" bw="24" slack="0"/>
<pin id="222" dir="1" index="1" bw="1" slack="2147483647"/>
</pin_list>
<bind>
<opcode="extractvalue(56) " fcode="extractvalue"/>
<opset="tmp_last_V/2 "/>
</bind>
</comp>

<comp id="224" class="1004" name="i_3_fu_224">
<pin_list>
<pin id="225" dir="0" index="0" bw="32" slack="0"/>
<pin id="226" dir="0" index="1" bw="1" slack="0"/>
<pin id="227" dir="1" index="2" bw="32" slack="0"/>
</pin_list>
<bind>
<opcode="add(8) " fcode="add"/>
<opset="i_3/2 "/>
</bind>
</comp>

<comp id="230" class="1004" name="tmp_fu_230">
<pin_list>
<pin id="231" dir="0" index="0" bw="10" slack="0"/>
<pin id="232" dir="0" index="1" bw="9" slack="0"/>
<pin id="233" dir="1" index="2" bw="1" slack="1"/>
</pin_list>
<bind>
<opcode="icmp(45) " fcode="icmp"/>
<opset="tmp/3 "/>
</bind>
</comp>

<comp id="236" class="1004" name="i_4_fu_236">
<pin_list>
<pin id="237" dir="0" index="0" bw="10" slack="0"/>
<pin id="238" dir="0" index="1" bw="1" slack="0"/>
<pin id="239" dir="1" index="2" bw="10" slack="0"/>
</pin_list>
<bind>
<opcode="add(8) " fcode="add"/>
<opset="i_4/3 "/>
</bind>
</comp>

<comp id="242" class="1004" name="tmp_2_fu_242">
<pin_list>
<pin id="243" dir="0" index="0" bw="10" slack="0"/>
<pin id="244" dir="1" index="1" bw="64" slack="0"/>
</pin_list>
<bind>
<opcode="zext(34) " fcode="zext"/>
<opset="tmp_2/3 "/>
</bind>
</comp>

<comp id="247" class="1004" name="tmp_4_fu_247">
<pin_list>
<pin id="248" dir="0" index="0" bw="10" slack="0"/>
<pin id="249" dir="0" index="1" bw="9" slack="0"/>
<pin id="250" dir="1" index="2" bw="1" slack="1"/>
</pin_list>
<bind>
<opcode="icmp(45) " fcode="icmp"/>
<opset="tmp_4/5 "/>
</bind>
</comp>

<comp id="253" class="1004" name="i_5_fu_253">
<pin_list>
<pin id="254" dir="0" index="0" bw="10" slack="0"/>
<pin id="255" dir="0" index="1" bw="1" slack="0"/>
<pin id="256" dir="1" index="2" bw="10" slack="0"/>
</pin_list>
<bind>
<opcode="add(8) " fcode="add"/>
<opset="i_5/5 "/>
</bind>
</comp>

<comp id="259" class="1004" name="tmp_5_fu_259">
<pin_list>
<pin id="260" dir="0" index="0" bw="10" slack="0"/>
<pin id="261" dir="1" index="1" bw="64" slack="0"/>
</pin_list>
<bind>
<opcode="zext(34) " fcode="zext"/>
<opset="tmp_5/5 "/>
</bind>
</comp>

<comp id="264" class="1004" name="tmp_user_V_fu_264">
<pin_list>
<pin id="265" dir="0" index="0" bw="10" slack="0"/>
<pin id="266" dir="0" index="1" bw="1" slack="0"/>
<pin id="267" dir="1" index="2" bw="1" slack="1"/>
</pin_list>
<bind>
<opcode="icmp(45) " fcode="icmp"/>
<opset="tmp_user_V/5 "/>
</bind>
</comp>

<comp id="270" class="1004" name="tmp_7_fu_270">
<pin_list>
<pin id="271" dir="0" index="0" bw="10" slack="0"/>
<pin id="272" dir="0" index="1" bw="9" slack="0"/>
<pin id="273" dir="1" index="2" bw="1" slack="1"/>
</pin_list>
<bind>
<opcode="icmp(45) " fcode="icmp"/>
<opset="tmp_7/5 "/>
</bind>
</comp>

<comp id="279" class="1005" name="i_3_reg_279">
<pin_list>
<pin id="280" dir="0" index="0" bw="32" slack="0"/>
<pin id="281" dir="1" index="1" bw="32" slack="0"/>
</pin_list>
<bind>
<opset="i_3 "/>
</bind>
</comp>

<comp id="284" class="1005" name="tmp_reg_284">
<pin_list>
<pin id="285" dir="0" index="0" bw="1" slack="1"/>
<pin id="286" dir="1" index="1" bw="1" slack="2147483647"/>
</pin_list>
<bind>
<opset="tmp "/>
</bind>
</comp>

<comp id="288" class="1005" name="i_4_reg_288">
<pin_list>
<pin id="289" dir="0" index="0" bw="10" slack="0"/>
<pin id="290" dir="1" index="1" bw="10" slack="0"/>
</pin_list>
<bind>
<opset="i_4 "/>
</bind>
</comp>

<comp id="293" class="1005" name="tmp_2_reg_293">
<pin_list>
<pin id="294" dir="0" index="0" bw="64" slack="1"/>
<pin id="295" dir="1" index="1" bw="64" slack="1"/>
</pin_list>
<bind>
<opset="tmp_2 "/>
</bind>
</comp>

<comp id="298" class="1005" name="MemBank_B_addr_1_reg_298">
<pin_list>
<pin id="299" dir="0" index="0" bw="14" slack="1"/>
<pin id="300" dir="1" index="1" bw="14" slack="1"/>
</pin_list>
<bind>
<opset="MemBank_B_addr_1 "/>
</bind>
</comp>

<comp id="303" class="1005" name="tmp_4_reg_303">
<pin_list>
<pin id="304" dir="0" index="0" bw="1" slack="1"/>
<pin id="305" dir="1" index="1" bw="1" slack="2147483647"/>
</pin_list>
<bind>
<opset="tmp_4 "/>
</bind>
</comp>

<comp id="307" class="1005" name="i_5_reg_307">
<pin_list>
<pin id="308" dir="0" index="0" bw="10" slack="0"/>
<pin id="309" dir="1" index="1" bw="10" slack="0"/>
</pin_list>
<bind>
<opset="i_5 "/>
</bind>
</comp>

<comp id="312" class="1005" name="MemBank_Out_addr_1_reg_312">
<pin_list>
<pin id="313" dir="0" index="0" bw="10" slack="1"/>
<pin id="314" dir="1" index="1" bw="10" slack="1"/>
</pin_list>
<bind>
<opset="MemBank_Out_addr_1 "/>
</bind>
</comp>

<comp id="317" class="1005" name="tmp_user_V_reg_317">
<pin_list>
<pin id="318" dir="0" index="0" bw="1" slack="1"/>
<pin id="319" dir="1" index="1" bw="1" slack="1"/>
</pin_list>
<bind>
<opset="tmp_user_V "/>
</bind>
</comp>

<comp id="322" class="1005" name="tmp_7_reg_322">
<pin_list>
<pin id="323" dir="0" index="0" bw="1" slack="1"/>
<pin id="324" dir="1" index="1" bw="1" slack="1"/>
</pin_list>
<bind>
<opset="tmp_7 "/>
</bind>
</comp>

<comp id="327" class="1005" name="tmp_data_V_1_reg_327">
<pin_list>
<pin id="328" dir="0" index="0" bw="16" slack="1"/>
<pin id="329" dir="1" index="1" bw="16" slack="1"/>
</pin_list>
<bind>
<opset="tmp_data_V_1 "/>
</bind>
</comp>

</comp_list>

<net_list>
<net id="85"><net_src comp="36" pin="0"/><net_sink comp="82" pin=0"/></net>

<net id="89"><net_src comp="36" pin="0"/><net_sink comp="86" pin=0"/></net>

<net id="100"><net_src comp="50" pin="0"/><net_sink comp="90" pin=0"/></net>

<net id="101"><net_src comp="0" pin="0"/><net_sink comp="90" pin=1"/></net>

<net id="102"><net_src comp="2" pin="0"/><net_sink comp="90" pin=2"/></net>

<net id="103"><net_src comp="4" pin="0"/><net_sink comp="90" pin=3"/></net>

<net id="104"><net_src comp="6" pin="0"/><net_sink comp="90" pin=4"/></net>

<net id="105"><net_src comp="8" pin="0"/><net_sink comp="90" pin=5"/></net>

<net id="106"><net_src comp="10" pin="0"/><net_sink comp="90" pin=6"/></net>

<net id="107"><net_src comp="12" pin="0"/><net_sink comp="90" pin=7"/></net>

<net id="125"><net_src comp="66" pin="0"/><net_sink comp="108" pin=0"/></net>

<net id="126"><net_src comp="14" pin="0"/><net_sink comp="108" pin=1"/></net>

<net id="127"><net_src comp="16" pin="0"/><net_sink comp="108" pin=2"/></net>

<net id="128"><net_src comp="18" pin="0"/><net_sink comp="108" pin=3"/></net>

<net id="129"><net_src comp="20" pin="0"/><net_sink comp="108" pin=4"/></net>

<net id="130"><net_src comp="22" pin="0"/><net_sink comp="108" pin=5"/></net>

<net id="131"><net_src comp="24" pin="0"/><net_sink comp="108" pin=6"/></net>

<net id="132"><net_src comp="26" pin="0"/><net_sink comp="108" pin=7"/></net>

<net id="133"><net_src comp="68" pin="0"/><net_sink comp="108" pin=9"/></net>

<net id="134"><net_src comp="68" pin="0"/><net_sink comp="108" pin=10"/></net>

<net id="135"><net_src comp="70" pin="0"/><net_sink comp="108" pin=13"/></net>

<net id="136"><net_src comp="70" pin="0"/><net_sink comp="108" pin=14"/></net>

<net id="142"><net_src comp="52" pin="0"/><net_sink comp="137" pin=1"/></net>

<net id="148"><net_src comp="137" pin="3"/><net_sink comp="143" pin=0"/></net>

<net id="154"><net_src comp="52" pin="0"/><net_sink comp="149" pin=1"/></net>

<net id="155"><net_src comp="149" pin="3"/><net_sink comp="143" pin=0"/></net>

<net id="161"><net_src comp="52" pin="0"/><net_sink comp="156" pin=1"/></net>

<net id="167"><net_src comp="143" pin="3"/><net_sink comp="162" pin=1"/></net>

<net id="168"><net_src comp="156" pin="3"/><net_sink comp="162" pin=0"/></net>

<net id="174"><net_src comp="52" pin="0"/><net_sink comp="169" pin=1"/></net>

<net id="175"><net_src comp="162" pin="3"/><net_sink comp="108" pin=8"/></net>

<net id="176"><net_src comp="169" pin="3"/><net_sink comp="162" pin=0"/></net>

<net id="180"><net_src comp="30" pin="0"/><net_sink comp="177" pin=0"/></net>

<net id="187"><net_src comp="177" pin="1"/><net_sink comp="181" pin=0"/></net>

<net id="191"><net_src comp="54" pin="0"/><net_sink comp="188" pin=0"/></net>

<net id="198"><net_src comp="188" pin="1"/><net_sink comp="192" pin=2"/></net>

<net id="202"><net_src comp="54" pin="0"/><net_sink comp="199" pin=0"/></net>

<net id="209"><net_src comp="199" pin="1"/><net_sink comp="203" pin=2"/></net>

<net id="213"><net_src comp="181" pin="4"/><net_sink comp="210" pin=0"/></net>

<net id="214"><net_src comp="210" pin="1"/><net_sink comp="137" pin=2"/></net>

<net id="218"><net_src comp="90" pin="8"/><net_sink comp="215" pin=0"/></net>

<net id="219"><net_src comp="215" pin="1"/><net_sink comp="143" pin=1"/></net>

<net id="223"><net_src comp="90" pin="8"/><net_sink comp="220" pin=0"/></net>

<net id="228"><net_src comp="181" pin="4"/><net_sink comp="224" pin=0"/></net>

<net id="229"><net_src comp="42" pin="0"/><net_sink comp="224" pin=1"/></net>

<net id="234"><net_src comp="192" pin="4"/><net_sink comp="230" pin=0"/></net>

<net id="235"><net_src comp="56" pin="0"/><net_sink comp="230" pin=1"/></net>

<net id="240"><net_src comp="192" pin="4"/><net_sink comp="236" pin=0"/></net>

<net id="241"><net_src comp="62" pin="0"/><net_sink comp="236" pin=1"/></net>

<net id="245"><net_src comp="192" pin="4"/><net_sink comp="242" pin=0"/></net>

<net id="246"><net_src comp="242" pin="1"/><net_sink comp="149" pin=2"/></net>

<net id="251"><net_src comp="203" pin="4"/><net_sink comp="247" pin=0"/></net>

<net id="252"><net_src comp="56" pin="0"/><net_sink comp="247" pin=1"/></net>

<net id="257"><net_src comp="203" pin="4"/><net_sink comp="253" pin=0"/></net>

<net id="258"><net_src comp="62" pin="0"/><net_sink comp="253" pin=1"/></net>

<net id="262"><net_src comp="203" pin="4"/><net_sink comp="259" pin=0"/></net>

<net id="263"><net_src comp="259" pin="1"/><net_sink comp="169" pin=2"/></net>

<net id="268"><net_src comp="203" pin="4"/><net_sink comp="264" pin=0"/></net>

<net id="269"><net_src comp="54" pin="0"/><net_sink comp="264" pin=1"/></net>

<net id="274"><net_src comp="203" pin="4"/><net_sink comp="270" pin=0"/></net>

<net id="275"><net_src comp="64" pin="0"/><net_sink comp="270" pin=1"/></net>

<net id="282"><net_src comp="224" pin="2"/><net_sink comp="279" pin=0"/></net>

<net id="283"><net_src comp="279" pin="1"/><net_sink comp="181" pin=2"/></net>

<net id="287"><net_src comp="230" pin="2"/><net_sink comp="284" pin=0"/></net>

<net id="291"><net_src comp="236" pin="2"/><net_sink comp="288" pin=0"/></net>

<net id="292"><net_src comp="288" pin="1"/><net_sink comp="192" pin=0"/></net>

<net id="296"><net_src comp="242" pin="1"/><net_sink comp="293" pin=0"/></net>

<net id="297"><net_src comp="293" pin="1"/><net_sink comp="156" pin=2"/></net>

<net id="301"><net_src comp="149" pin="3"/><net_sink comp="298" pin=0"/></net>

<net id="302"><net_src comp="298" pin="1"/><net_sink comp="143" pin=0"/></net>

<net id="306"><net_src comp="247" pin="2"/><net_sink comp="303" pin=0"/></net>

<net id="310"><net_src comp="253" pin="2"/><net_sink comp="307" pin=0"/></net>

<net id="311"><net_src comp="307" pin="1"/><net_sink comp="203" pin=0"/></net>

<net id="315"><net_src comp="169" pin="3"/><net_sink comp="312" pin=0"/></net>

<net id="316"><net_src comp="312" pin="1"/><net_sink comp="162" pin=0"/></net>

<net id="320"><net_src comp="264" pin="2"/><net_sink comp="317" pin=0"/></net>

<net id="321"><net_src comp="317" pin="1"/><net_sink comp="108" pin=11"/></net>

<net id="325"><net_src comp="270" pin="2"/><net_sink comp="322" pin=0"/></net>

<net id="326"><net_src comp="322" pin="1"/><net_sink comp="108" pin=12"/></net>

<net id="330"><net_src comp="162" pin="3"/><net_sink comp="327" pin=0"/></net>

<net id="331"><net_src comp="327" pin="1"/><net_sink comp="108" pin=8"/></net>

</net_list>

</model> 
---------------- Datapath Model END ------------------

* FSMD analyzer results:
  - Output states:
	Port: output_data_data_V | {7 }
	Port: output_data_keep_V | {7 }
	Port: output_data_strb_V | {7 }
	Port: output_data_user_V | {7 }
	Port: output_data_last_V | {7 }
	Port: output_data_id_V | {7 }
	Port: output_data_dest_V | {7 }
 - Input state : 
	Port: network : input_data_data_V | {2 }
	Port: network : input_data_keep_V | {2 }
	Port: network : input_data_strb_V | {2 }
	Port: network : input_data_user_V | {2 }
	Port: network : input_data_last_V | {2 }
	Port: network : input_data_id_V | {2 }
	Port: network : input_data_dest_V | {2 }
  - Chain level:
	State 1
	State 2
		tmp_1 : 1
		MemBank_B_addr : 2
		StgValue_38 : 3
		i_3 : 1
		StgValue_40 : 1
	State 3
		tmp : 1
		i_4 : 1
		StgValue_46 : 2
		tmp_2 : 1
		MemBank_B_addr_1 : 2
		MemBank_B_load : 3
	State 4
		StgValue_53 : 1
	State 5
		tmp_4 : 1
		i_5 : 1
		StgValue_59 : 2
		tmp_5 : 1
		MemBank_Out_addr_1 : 2
		tmp_data_V_1 : 3
		tmp_user_V : 1
		tmp_7 : 1
	State 6
		StgValue_66 : 1
	State 7
		empty_5 : 1
	State 8
	State 9


============================================================
+ Verbose Summary: Datapath Resource usage 
============================================================

* Functional unit list:
|----------|-------------------|---------|---------|
| Operation|  Functional Unit  |    FF   |   LUT   |
|----------|-------------------|---------|---------|
|          |     i_3_fu_224    |    0    |    39   |
|    add   |     i_4_fu_236    |    0    |    14   |
|          |     i_5_fu_253    |    0    |    14   |
|----------|-------------------|---------|---------|
|          |     tmp_fu_230    |    0    |    13   |
|   icmp   |    tmp_4_fu_247   |    0    |    13   |
|          | tmp_user_V_fu_264 |    0    |    13   |
|          |    tmp_7_fu_270   |    0    |    13   |
|----------|-------------------|---------|---------|
|   read   |  empty_read_fu_90 |    0    |    0    |
|----------|-------------------|---------|---------|
|   write  |  grp_write_fu_108 |    0    |    0    |
|----------|-------------------|---------|---------|
|   sext   |    tmp_1_fu_210   |    0    |    0    |
|----------|-------------------|---------|---------|
|extractvalue| tmp_data_V_fu_215 |    0    |    0    |
|          | tmp_last_V_fu_220 |    0    |    0    |
|----------|-------------------|---------|---------|
|   zext   |    tmp_2_fu_242   |    0    |    0    |
|          |    tmp_5_fu_259   |    0    |    0    |
|----------|-------------------|---------|---------|
|   Total  |                   |    0    |   119   |
|----------|-------------------|---------|---------|

Memories:
+-----------+--------+--------+--------+
|           |  BRAM  |   FF   |   LUT  |
+-----------+--------+--------+--------+
| MemBank_B |   16   |    0   |    0   |
|MemBank_Out|    1   |    0   |    0   |
+-----------+--------+--------+--------+
|   Total   |   17   |    0   |    0   |
+-----------+--------+--------+--------+

* Register list:
+--------------------------+--------+
|                          |   FF   |
+--------------------------+--------+
| MemBank_B_addr_1_reg_298 |   14   |
|MemBank_Out_addr_1_reg_312|   10   |
|        i_1_reg_188       |   10   |
|        i_2_reg_199       |   10   |
|        i_3_reg_279       |   32   |
|        i_4_reg_288       |   10   |
|        i_5_reg_307       |   10   |
|         i_reg_177        |   32   |
|       tmp_2_reg_293      |   64   |
|       tmp_4_reg_303      |    1   |
|       tmp_7_reg_322      |    1   |
|   tmp_data_V_1_reg_327   |   16   |
|        tmp_reg_284       |    1   |
|    tmp_user_V_reg_317    |    1   |
+--------------------------+--------+
|           Total          |   212  |
+--------------------------+--------+

* Multiplexer (MUX) list: 
|-------------------|------|------|------|--------||---------||---------|
|        Comp       |  Pin | Size |  BW  | S x BW ||  Delay  ||   LUT   |
|-------------------|------|------|------|--------||---------||---------|
|  grp_write_fu_108 |  p8  |   2  |  16  |   32   ||    9    |
| grp_access_fu_143 |  p0  |   3  |  14  |   42   ||    15   |
| grp_access_fu_162 |  p0  |   3  |  10  |   30   ||    15   |
|-------------------|------|------|------|--------||---------||---------|
|       Total       |      |      |      |   104  ||  5.3985 ||    39   |
|-------------------|------|------|------|--------||---------||---------|



* Summary:
+-----------+--------+--------+--------+--------+
|           |  BRAM  |  Delay |   FF   |   LUT  |
+-----------+--------+--------+--------+--------+
|  Function |    -   |    -   |    0   |   119  |
|   Memory  |   17   |    -   |    0   |    0   |
|Multiplexer|    -   |    5   |    -   |   39   |
|  Register |    -   |    -   |   212  |    -   |
+-----------+--------+--------+--------+--------+
|   Total   |   17   |    5   |   212  |   158  |
+-----------+--------+--------+--------+--------+
