

================================================================
== Vivado HLS Report for 'padding2d_fix16'
================================================================
* Date:           Thu Dec 26 20:23:24 2019

* Version:        2019.1 (Build 2552052 on Fri May 24 15:28:33 MDT 2019)
* Project:        HLS
* Solution:       solution1
* Product family: zynq
* Target device:  xc7z020-clg400-1


================================================================
== Performance Estimates
================================================================
+ Timing (ns): 
    * Summary: 
    +--------+-------+----------+------------+
    |  Clock | Target| Estimated| Uncertainty|
    +--------+-------+----------+------------+
    |ap_clk  |  10.00|     6.508|        1.25|
    +--------+-------+----------+------------+

+ Latency (clock cycles): 
    * Summary: 
    +-----+-------+-----+-------+---------+
    |   Latency   |   Interval  | Pipeline|
    | min |  max  | min |  max  |   Type  |
    +-----+-------+-----+-------+---------+
    |  157|  28354|  157|  28354|   none  |
    +-----+-------+-----+-------+---------+

    + Detail: 
        * Instance: 
        N/A

        * Loop: 
        +-----------------+-----+-------+------------+-----------+-----------+---------+----------+
        |                 |   Latency   |  Iteration |  Initiation Interval  |   Trip  |          |
        |    Loop Name    | min |  max  |   Latency  |  achieved |   target  |  Count  | Pipelined|
        +-----------------+-----+-------+------------+-----------+-----------+---------+----------+
        |- Loop 1         |  155|  28352| 155 ~ 1772 |          -|          -|  1 ~ 16 |    no    |
        | + Loop 1.1      |   10|     31|           1|          -|          -| 10 ~ 31 |    no    |
        | + Loop 1.2      |  133|   1708|   19 ~ 61  |          -|          -|  7 ~ 28 |    no    |
        |  ++ Loop 1.2.1  |   14|     56|           2|          -|          -|  7 ~ 28 |    no    |
        |  ++ Loop 1.2.2  |    2|      2|           1|          -|          -|        2|    no    |
        | + Loop 1.3      |    8|     29|           1|          -|          -|  8 ~ 29 |    no    |
        +-----------------+-----+-------+------------+-----------+-----------+---------+----------+

============================================================
+ Verbose Summary: Synthesis Manager
============================================================
InlineROM: 1
ExposeGlobal: 0
============================================================
+ Verbose Summary: CDFG Model
============================================================
IsTopModel: 0
ResetActiveHigh: 1
IsCombinational: 0
IsDatapathOnly: 0
HasWiredReturn: 1
HasMFsm: 0
HasVarLatency: 1
IsPipeline: 0
IsRtlPipelined: 0
IsInstanceOverlapped: 0
IsDontTouch: 0
HasImplIP: 0
IsGatedGlobalClock: 0


============================================================
+ Verbose Summary: Schedule
============================================================
* Number of FSM states : 9
* Pipeline : 0
* Dataflow Pipeline: 0

* FSM state transitions: 
1 --> 2 
2 --> 3 
3 --> 4 
4 --> 4 5 
5 --> 6 9 
6 --> 7 8 
7 --> 6 
8 --> 8 5 
9 --> 9 3 

* FSM state operations: 

State 1 <SV = 0> <Delay = 5.52>
ST_1 : Operation 10 [1/1] (0.00ns)   --->   "%input_width_read = call i6 @_ssdm_op_Read.ap_auto.i6(i6 %input_width)" [../layers_c/padding2d.cpp:5]   --->   Operation 10 'read' 'input_width_read' <Predicate = true> <Delay = 0.00>
ST_1 : Operation 11 [1/1] (0.00ns)   --->   "%input_height_read = call i6 @_ssdm_op_Read.ap_auto.i6(i6 %input_height)" [../layers_c/padding2d.cpp:5]   --->   Operation 11 'read' 'input_height_read' <Predicate = true> <Delay = 0.00>
ST_1 : Operation 12 [1/1] (0.00ns)   --->   "%sext_ln5_1 = sext i6 %input_height_read to i7" [../layers_c/padding2d.cpp:5]   --->   Operation 12 'sext' 'sext_ln5_1' <Predicate = true> <Delay = 0.00>
ST_1 : Operation 13 [1/1] (0.00ns)   --->   "%trunc_ln13 = trunc i6 %input_width_read to i5" [../layers_c/padding2d.cpp:13]   --->   Operation 13 'trunc' 'trunc_ln13' <Predicate = true> <Delay = 0.00>
ST_1 : Operation 14 [1/1] (1.78ns)   --->   "%add_ln13 = add i5 2, %trunc_ln13" [../layers_c/padding2d.cpp:13]   --->   Operation 14 'add' 'add_ln13' <Predicate = true> <Delay = 1.78> <Core = "AddSub">   --->   Core 14 'AddSub' <Latency = 0> <II = 1> <Delay = 1.78> <FuncUnit> <Opcode : 'add' 'sub'> <InPorts = 2> <OutPorts = 1>
ST_1 : Operation 15 [1/1] (0.00ns)   --->   "%zext_ln13_1 = zext i5 %add_ln13 to i12" [../layers_c/padding2d.cpp:13]   --->   Operation 15 'zext' 'zext_ln13_1' <Predicate = true> <Delay = 0.00>
ST_1 : Operation 16 [1/1] (0.00ns)   --->   "%zext_ln13_4 = zext i7 %sext_ln5_1 to i12" [../layers_c/padding2d.cpp:13]   --->   Operation 16 'zext' 'zext_ln13_4' <Predicate = true> <Delay = 0.00>
ST_1 : Operation 17 [1/1] (3.74ns)   --->   "%mul_ln13_1 = mul i12 %zext_ln13_1, %zext_ln13_4" [../layers_c/padding2d.cpp:13]   --->   Operation 17 'mul' 'mul_ln13_1' <Predicate = true> <Delay = 3.74> <Core = "Mul">   --->   Core 16 'Mul' <Latency = 0> <II = 1> <Delay = 3.74> <FuncUnit> <Opcode : 'mul'> <InPorts = 2> <OutPorts = 1>
ST_1 : Operation 18 [1/1] (0.00ns)   --->   "%empty = trunc i12 %mul_ln13_1 to i10" [../layers_c/padding2d.cpp:13]   --->   Operation 18 'trunc' 'empty' <Predicate = true> <Delay = 0.00>
ST_1 : Operation 19 [1/1] (1.78ns)   --->   "%empty_30 = add i5 3, %trunc_ln13" [../layers_c/padding2d.cpp:13]   --->   Operation 19 'add' 'empty_30' <Predicate = true> <Delay = 1.78> <Core = "AddSub">   --->   Core 14 'AddSub' <Latency = 0> <II = 1> <Delay = 1.78> <FuncUnit> <Opcode : 'add' 'sub'> <InPorts = 2> <OutPorts = 1>
ST_1 : Operation 20 [1/1] (0.00ns)   --->   "%trunc_ln13_1 = trunc i12 %mul_ln13_1 to i5" [../layers_c/padding2d.cpp:13]   --->   Operation 20 'trunc' 'trunc_ln13_1' <Predicate = true> <Delay = 0.00>
ST_1 : Operation 21 [1/1] (0.00ns)   --->   "%empty_32 = trunc i6 %input_height_read to i5" [../layers_c/padding2d.cpp:5]   --->   Operation 21 'trunc' 'empty_32' <Predicate = true> <Delay = 0.00>

State 2 <SV = 1> <Delay = 5.34>
ST_2 : Operation 22 [1/1] (0.00ns)   --->   "%input_depth_read = call i7 @_ssdm_op_Read.ap_auto.i7(i7 %input_depth)" [../layers_c/padding2d.cpp:5]   --->   Operation 22 'read' 'input_depth_read' <Predicate = true> <Delay = 0.00>
ST_2 : Operation 23 [1/1] (0.00ns)   --->   "%sext_ln5 = sext i6 %input_width_read to i7" [../layers_c/padding2d.cpp:5]   --->   Operation 23 'sext' 'sext_ln5' <Predicate = true> <Delay = 0.00>
ST_2 : Operation 24 [1/1] (0.00ns)   --->   "call void (...)* @_ssdm_op_SpecResourceLimit(i32 0, [4 x i8]* @p_str11, [1 x i8]* @p_str112, [1 x i8]* @p_str112, [1 x i8]* @p_str112) nounwind" [../layers_c/padding2d.cpp:8]   --->   Operation 24 'specresourcelimit' <Predicate = true> <Delay = 0.00>
ST_2 : Operation 25 [1/1] (0.00ns)   --->   "call void (...)* @_ssdm_op_SpecResourceLimit(i32 0, [4 x i8]* @p_str213, [1 x i8]* @p_str112, [1 x i8]* @p_str112, [1 x i8]* @p_str112) nounwind" [../layers_c/padding2d.cpp:9]   --->   Operation 25 'specresourcelimit' <Predicate = true> <Delay = 0.00>
ST_2 : Operation 26 [1/1] (0.00ns)   --->   "%zext_ln13 = zext i5 %add_ln13 to i14" [../layers_c/padding2d.cpp:13]   --->   Operation 26 'zext' 'zext_ln13' <Predicate = true> <Delay = 0.00>
ST_2 : Operation 27 [1/1] (0.00ns)   --->   "%zext_ln13_2 = zext i7 %sext_ln5 to i14" [../layers_c/padding2d.cpp:13]   --->   Operation 27 'zext' 'zext_ln13_2' <Predicate = true> <Delay = 0.00>
ST_2 : Operation 28 [1/1] (0.00ns)   --->   "%zext_ln13_3 = zext i7 %sext_ln5_1 to i14" [../layers_c/padding2d.cpp:13]   --->   Operation 28 'zext' 'zext_ln13_3' <Predicate = true> <Delay = 0.00>
ST_2 : Operation 29 [1/1] (3.74ns)   --->   "%mul_ln13 = mul i14 %zext_ln13_2, %zext_ln13_3" [../layers_c/padding2d.cpp:13]   --->   Operation 29 'mul' 'mul_ln13' <Predicate = true> <Delay = 3.74> <Core = "Mul">   --->   Core 16 'Mul' <Latency = 0> <II = 1> <Delay = 3.74> <FuncUnit> <Opcode : 'mul'> <InPorts = 2> <OutPorts = 1>
ST_2 : Operation 30 [1/1] (0.00ns)   --->   "%zext_ln13_5 = zext i12 %mul_ln13_1 to i16" [../layers_c/padding2d.cpp:13]   --->   Operation 30 'zext' 'zext_ln13_5' <Predicate = true> <Delay = 0.00>
ST_2 : Operation 31 [1/1] (0.00ns)   --->   "%p_cast8 = zext i5 %empty_30 to i16" [../layers_c/padding2d.cpp:13]   --->   Operation 31 'zext' 'p_cast8' <Predicate = true> <Delay = 0.00>
ST_2 : Operation 32 [1/1] (0.00ns)   --->   "%p_cast7 = zext i5 %empty_30 to i6" [../layers_c/padding2d.cpp:13]   --->   Operation 32 'zext' 'p_cast7' <Predicate = true> <Delay = 0.00>
ST_2 : Operation 33 [1/1] (0.00ns)   --->   "%p_cast6 = zext i5 %empty_30 to i10" [../layers_c/padding2d.cpp:13]   --->   Operation 33 'zext' 'p_cast6' <Predicate = true> <Delay = 0.00>
ST_2 : Operation 34 [1/1] (0.00ns)   --->   "%p_cast5 = zext i5 %empty_30 to i14" [../layers_c/padding2d.cpp:13]   --->   Operation 34 'zext' 'p_cast5' <Predicate = true> <Delay = 0.00>
ST_2 : Operation 35 [1/1] (1.78ns)   --->   "%empty_31 = add i5 1, %trunc_ln13" [../layers_c/padding2d.cpp:13]   --->   Operation 35 'add' 'empty_31' <Predicate = true> <Delay = 1.78> <Core = "AddSub">   --->   Core 14 'AddSub' <Latency = 0> <II = 1> <Delay = 1.78> <FuncUnit> <Opcode : 'add' 'sub'> <InPorts = 2> <OutPorts = 1>
ST_2 : Operation 36 [1/1] (0.00ns)   --->   "%p_cast4 = zext i5 %empty_31 to i16" [../layers_c/padding2d.cpp:13]   --->   Operation 36 'zext' 'p_cast4' <Predicate = true> <Delay = 0.00>
ST_2 : Operation 37 [1/1] (0.00ns)   --->   "%p_cast3 = zext i5 %empty_31 to i10" [../layers_c/padding2d.cpp:13]   --->   Operation 37 'zext' 'p_cast3' <Predicate = true> <Delay = 0.00>
ST_2 : Operation 38 [1/1] (1.73ns)   --->   "%add_ln13_1 = add i10 %p_cast6, %empty" [../layers_c/padding2d.cpp:13]   --->   Operation 38 'add' 'add_ln13_1' <Predicate = true> <Delay = 1.73> <Core = "AddSub">   --->   Core 14 'AddSub' <Latency = 0> <II = 1> <Delay = 1.78> <FuncUnit> <Opcode : 'add' 'sub'> <InPorts = 2> <OutPorts = 1>
ST_2 : Operation 39 [1/1] (1.73ns)   --->   "%add_ln13_2 = add i10 %add_ln13_1, %p_cast3" [../layers_c/padding2d.cpp:13]   --->   Operation 39 'add' 'add_ln13_2' <Predicate = true> <Delay = 1.73> <Core = "AddSub">   --->   Core 14 'AddSub' <Latency = 0> <II = 1> <Delay = 1.78> <FuncUnit> <Opcode : 'add' 'sub'> <InPorts = 2> <OutPorts = 1>
ST_2 : Operation 40 [1/1] (0.00ns)   --->   "%zext_ln13_6 = zext i10 %add_ln13_2 to i14" [../layers_c/padding2d.cpp:13]   --->   Operation 40 'zext' 'zext_ln13_6' <Predicate = true> <Delay = 0.00>
ST_2 : Operation 41 [1/1] (1.82ns)   --->   "%add_ln13_3 = add i6 %p_cast7, %input_width_read" [../layers_c/padding2d.cpp:13]   --->   Operation 41 'add' 'add_ln13_3' <Predicate = true> <Delay = 1.82> <Core = "AddSub">   --->   Core 14 'AddSub' <Latency = 0> <II = 1> <Delay = 1.78> <FuncUnit> <Opcode : 'add' 'sub'> <InPorts = 2> <OutPorts = 1>
ST_2 : Operation 42 [1/1] (0.00ns)   --->   "%zext_ln13_7 = zext i6 %add_ln13_3 to i14" [../layers_c/padding2d.cpp:13]   --->   Operation 42 'zext' 'zext_ln13_7' <Predicate = true> <Delay = 0.00>
ST_2 : Operation 43 [1/1] (0.00ns)   --->   "%shl_ln13 = shl i6 %input_width_read, 1" [../layers_c/padding2d.cpp:13]   --->   Operation 43 'shl' 'shl_ln13' <Predicate = true> <Delay = 0.00>
ST_2 : Operation 44 [1/1] (0.00ns)   --->   "%zext_ln13_8 = zext i6 %shl_ln13 to i10" [../layers_c/padding2d.cpp:13]   --->   Operation 44 'zext' 'zext_ln13_8' <Predicate = true> <Delay = 0.00>
ST_2 : Operation 45 [1/1] (1.82ns)   --->   "%add_ln13_4 = add i6 5, %shl_ln13" [../layers_c/padding2d.cpp:13]   --->   Operation 45 'add' 'add_ln13_4' <Predicate = true> <Delay = 1.82> <Core = "AddSub">   --->   Core 14 'AddSub' <Latency = 0> <II = 1> <Delay = 1.78> <FuncUnit> <Opcode : 'add' 'sub'> <InPorts = 2> <OutPorts = 1>
ST_2 : Operation 46 [1/1] (0.00ns)   --->   "%zext_ln13_9 = zext i6 %add_ln13_4 to i14" [../layers_c/padding2d.cpp:13]   --->   Operation 46 'zext' 'zext_ln13_9' <Predicate = true> <Delay = 0.00>
ST_2 : Operation 47 [1/1] (1.78ns)   --->   "%add_ln13_5 = add i5 %trunc_ln13_1, %empty_30" [../layers_c/padding2d.cpp:13]   --->   Operation 47 'add' 'add_ln13_5' <Predicate = true> <Delay = 1.78> <Core = "AddSub">   --->   Core 14 'AddSub' <Latency = 0> <II = 1> <Delay = 1.78> <FuncUnit> <Opcode : 'add' 'sub'> <InPorts = 2> <OutPorts = 1>
ST_2 : Operation 48 [1/1] (1.78ns)   --->   "%add_ln13_11 = add i5 %trunc_ln13, %add_ln13_5" [../layers_c/padding2d.cpp:13]   --->   Operation 48 'add' 'add_ln13_11' <Predicate = true> <Delay = 1.78> <Core = "AddSub">   --->   Core 14 'AddSub' <Latency = 0> <II = 1> <Delay = 1.78> <FuncUnit> <Opcode : 'add' 'sub'> <InPorts = 2> <OutPorts = 1>
ST_2 : Operation 49 [1/1] (1.78ns)   --->   "%add_ln13_12 = add i5 1, %add_ln13_11" [../layers_c/padding2d.cpp:13]   --->   Operation 49 'add' 'add_ln13_12' <Predicate = true> <Delay = 1.78> <Core = "AddSub">   --->   Core 14 'AddSub' <Latency = 0> <II = 1> <Delay = 1.78> <FuncUnit> <Opcode : 'add' 'sub'> <InPorts = 2> <OutPorts = 1>
ST_2 : Operation 50 [1/1] (1.78ns)   --->   "%add_ln13_13 = add i5 %add_ln13_5, %empty_31" [../layers_c/padding2d.cpp:13]   --->   Operation 50 'add' 'add_ln13_13' <Predicate = true> <Delay = 1.78> <Core = "AddSub">   --->   Core 14 'AddSub' <Latency = 0> <II = 1> <Delay = 1.78> <FuncUnit> <Opcode : 'add' 'sub'> <InPorts = 2> <OutPorts = 1>
ST_2 : Operation 51 [1/1] (0.00ns)   --->   "%empty_33 = trunc i7 %input_depth_read to i5" [../layers_c/padding2d.cpp:5]   --->   Operation 51 'trunc' 'empty_33' <Predicate = true> <Delay = 0.00>
ST_2 : Operation 52 [1/1] (1.73ns)   --->   "%add_ln13_8 = add i10 4, %empty" [../layers_c/padding2d.cpp:13]   --->   Operation 52 'add' 'add_ln13_8' <Predicate = true> <Delay = 1.73> <Core = "AddSub">   --->   Core 14 'AddSub' <Latency = 0> <II = 1> <Delay = 1.78> <FuncUnit> <Opcode : 'add' 'sub'> <InPorts = 2> <OutPorts = 1>
ST_2 : Operation 53 [1/1] (1.73ns)   --->   "%add_ln13_9 = add i10 %zext_ln13_8, %add_ln13_8" [../layers_c/padding2d.cpp:13]   --->   Operation 53 'add' 'add_ln13_9' <Predicate = true> <Delay = 1.73> <Core = "AddSub">   --->   Core 14 'AddSub' <Latency = 0> <II = 1> <Delay = 1.78> <FuncUnit> <Opcode : 'add' 'sub'> <InPorts = 2> <OutPorts = 1>
ST_2 : Operation 54 [1/1] (0.00ns)   --->   "%zext_ln13_10 = zext i10 %add_ln13_9 to i14" [../layers_c/padding2d.cpp:13]   --->   Operation 54 'zext' 'zext_ln13_10' <Predicate = true> <Delay = 0.00>
ST_2 : Operation 55 [1/1] (1.76ns)   --->   "br label %1" [../layers_c/padding2d.cpp:13]   --->   Operation 55 'br' <Predicate = true> <Delay = 1.76>

State 3 <SV = 2> <Delay = 1.78>
ST_3 : Operation 56 [1/1] (0.00ns)   --->   "%indvars_iv2 = phi i5 [ %add_ln13_16, %15 ], [ %empty_30, %0 ]" [../layers_c/padding2d.cpp:13]   --->   Operation 56 'phi' 'indvars_iv2' <Predicate = true> <Delay = 0.00>
ST_3 : Operation 57 [1/1] (0.00ns)   --->   "%indvars_iv = phi i5 [ %add_ln13_15, %15 ], [ %add_ln13_12, %0 ]" [../layers_c/padding2d.cpp:13]   --->   Operation 57 'phi' 'indvars_iv' <Predicate = true> <Delay = 0.00>
ST_3 : Operation 58 [1/1] (0.00ns)   --->   "%indvars_iv1 = phi i14 [ %add_ln13_10, %15 ], [ %zext_ln13_9, %0 ]" [../layers_c/padding2d.cpp:13]   --->   Operation 58 'phi' 'indvars_iv1' <Predicate = true> <Delay = 0.00>
ST_3 : Operation 59 [1/1] (0.00ns)   --->   "%phi_ln13 = phi i14 [ %add_ln13_7, %15 ], [ %zext_ln13_7, %0 ]" [../layers_c/padding2d.cpp:13]   --->   Operation 59 'phi' 'phi_ln13' <Predicate = true> <Delay = 0.00>
ST_3 : Operation 60 [1/1] (0.00ns)   --->   "%indvars_iv10 = phi i14 [ %add_ln13_6, %15 ], [ %p_cast5, %0 ]" [../layers_c/padding2d.cpp:13]   --->   Operation 60 'phi' 'indvars_iv10' <Predicate = true> <Delay = 0.00>
ST_3 : Operation 61 [1/1] (0.00ns)   --->   "%o_count_0 = phi i16 [ %add_ln18_1, %15 ], [ 0, %0 ]" [../layers_c/padding2d.cpp:18]   --->   Operation 61 'phi' 'o_count_0' <Predicate = true> <Delay = 0.00>
ST_3 : Operation 62 [1/1] (0.00ns)   --->   "%i_count_0 = phi i14 [ %i_count, %15 ], [ 0, %0 ]"   --->   Operation 62 'phi' 'i_count_0' <Predicate = true> <Delay = 0.00>
ST_3 : Operation 63 [1/1] (0.00ns)   --->   "%depth_0 = phi i5 [ %depth, %15 ], [ 0, %0 ]"   --->   Operation 63 'phi' 'depth_0' <Predicate = true> <Delay = 0.00>
ST_3 : Operation 64 [1/1] (0.00ns)   --->   "%empty_34 = call i32 (...)* @_ssdm_op_SpecLoopTripCount(i64 1, i64 16, i64 0)"   --->   Operation 64 'speclooptripcount' 'empty_34' <Predicate = true> <Delay = 0.00>
ST_3 : Operation 65 [1/1] (1.36ns)   --->   "%icmp_ln13 = icmp eq i5 %depth_0, %empty_33" [../layers_c/padding2d.cpp:13]   --->   Operation 65 'icmp' 'icmp_ln13' <Predicate = true> <Delay = 1.36> <Core = "Cmp">   --->   Core 25 'Cmp' <Latency = 0> <II = 1> <Delay = 1.36> <FuncUnit> <Opcode : 'icmp'> <InPorts = 2> <OutPorts = 1>
ST_3 : Operation 66 [1/1] (1.78ns)   --->   "%depth = add i5 %depth_0, 1" [../layers_c/padding2d.cpp:13]   --->   Operation 66 'add' 'depth' <Predicate = true> <Delay = 1.78> <Core = "AddSub">   --->   Core 14 'AddSub' <Latency = 0> <II = 1> <Delay = 1.78> <FuncUnit> <Opcode : 'add' 'sub'> <InPorts = 2> <OutPorts = 1>
ST_3 : Operation 67 [1/1] (0.00ns)   --->   "br i1 %icmp_ln13, label %16, label %.preheader.preheader" [../layers_c/padding2d.cpp:13]   --->   Operation 67 'br' <Predicate = true> <Delay = 0.00>
ST_3 : Operation 68 [1/1] (1.76ns)   --->   "br label %.preheader"   --->   Operation 68 'br' <Predicate = (!icmp_ln13)> <Delay = 1.76>
ST_3 : Operation 69 [1/1] (0.00ns)   --->   "ret void"   --->   Operation 69 'ret' <Predicate = (icmp_ln13)> <Delay = 0.00>

State 4 <SV = 3> <Delay = 4.15>
ST_4 : Operation 70 [1/1] (0.00ns)   --->   "%o_count_1 = phi i16 [ %add_ln18, %2 ], [ %o_count_0, %.preheader.preheader ]" [../layers_c/padding2d.cpp:18]   --->   Operation 70 'phi' 'o_count_1' <Predicate = true> <Delay = 0.00>
ST_4 : Operation 71 [1/1] (0.00ns)   --->   "%empty_35 = call i32 (...)* @_ssdm_op_SpecLoopTripCount(i64 10, i64 31, i64 0)"   --->   Operation 71 'speclooptripcount' 'empty_35' <Predicate = true> <Delay = 0.00>
ST_4 : Operation 72 [1/1] (0.00ns)   --->   "%trunc_ln15 = trunc i16 %o_count_1 to i5" [../layers_c/padding2d.cpp:15]   --->   Operation 72 'trunc' 'trunc_ln15' <Predicate = true> <Delay = 0.00>
ST_4 : Operation 73 [1/1] (1.36ns)   --->   "%icmp_ln15 = icmp eq i5 %trunc_ln15, %indvars_iv2" [../layers_c/padding2d.cpp:15]   --->   Operation 73 'icmp' 'icmp_ln15' <Predicate = true> <Delay = 1.36> <Core = "Cmp">   --->   Core 25 'Cmp' <Latency = 0> <II = 1> <Delay = 1.36> <FuncUnit> <Opcode : 'icmp'> <InPorts = 2> <OutPorts = 1>
ST_4 : Operation 74 [1/1] (0.00ns)   --->   "br i1 %icmp_ln15, label %3, label %2" [../layers_c/padding2d.cpp:15]   --->   Operation 74 'br' <Predicate = true> <Delay = 0.00>
ST_4 : Operation 75 [1/1] (0.00ns)   --->   "%zext_ln17 = zext i16 %o_count_1 to i64" [../layers_c/padding2d.cpp:17]   --->   Operation 75 'zext' 'zext_ln17' <Predicate = (!icmp_ln15)> <Delay = 0.00>
ST_4 : Operation 76 [1/1] (0.00ns)   --->   "%output_addr = getelementptr [14400 x i16]* %output_r, i64 0, i64 %zext_ln17" [../layers_c/padding2d.cpp:17]   --->   Operation 76 'getelementptr' 'output_addr' <Predicate = (!icmp_ln15)> <Delay = 0.00>
ST_4 : Operation 77 [1/1] (3.25ns)   --->   "store i16 0, i16* %output_addr, align 2" [../layers_c/padding2d.cpp:17]   --->   Operation 77 'store' <Predicate = (!icmp_ln15)> <Delay = 3.25> <Core = "RAM">   --->   Core 37 'RAM' <Latency = 1> <II = 1> <Delay = 3.25> <Storage> <Opcode : 'load' 'store'> <Ports = 2> <Width = 16> <Depth = 14400> <RAM>
ST_4 : Operation 78 [1/1] (2.07ns)   --->   "%add_ln18 = add i16 %o_count_1, 1" [../layers_c/padding2d.cpp:18]   --->   Operation 78 'add' 'add_ln18' <Predicate = (!icmp_ln15)> <Delay = 2.07> <Core = "AddSub">   --->   Core 14 'AddSub' <Latency = 0> <II = 1> <Delay = 1.78> <FuncUnit> <Opcode : 'add' 'sub'> <InPorts = 2> <OutPorts = 1>
ST_4 : Operation 79 [1/1] (0.00ns)   --->   "br label %.preheader" [../layers_c/padding2d.cpp:15]   --->   Operation 79 'br' <Predicate = (!icmp_ln15)> <Delay = 0.00>
ST_4 : Operation 80 [1/1] (1.81ns)   --->   "%i_count = add i14 %mul_ln13, %i_count_0" [../layers_c/padding2d.cpp:26]   --->   Operation 80 'add' 'i_count' <Predicate = (icmp_ln15)> <Delay = 1.81> <Core = "AddSub">   --->   Core 14 'AddSub' <Latency = 0> <II = 1> <Delay = 1.78> <FuncUnit> <Opcode : 'add' 'sub'> <InPorts = 2> <OutPorts = 1>
ST_4 : Operation 81 [1/1] (2.07ns)   --->   "%add_ln21 = add i16 %p_cast8, %o_count_0" [../layers_c/padding2d.cpp:21]   --->   Operation 81 'add' 'add_ln21' <Predicate = (icmp_ln15)> <Delay = 2.07> <Core = "AddSub">   --->   Core 14 'AddSub' <Latency = 0> <II = 1> <Delay = 1.78> <FuncUnit> <Opcode : 'add' 'sub'> <InPorts = 2> <OutPorts = 1>
ST_4 : Operation 82 [1/1] (2.07ns)   --->   "%add_ln21_1 = add i16 %add_ln21, %zext_ln13_5" [../layers_c/padding2d.cpp:21]   --->   Operation 82 'add' 'add_ln21_1' <Predicate = (icmp_ln15)> <Delay = 2.07> <Core = "AddSub">   --->   Core 14 'AddSub' <Latency = 0> <II = 1> <Delay = 1.78> <FuncUnit> <Opcode : 'add' 'sub'> <InPorts = 2> <OutPorts = 1>
ST_4 : Operation 83 [1/1] (1.76ns)   --->   "br label %4" [../layers_c/padding2d.cpp:21]   --->   Operation 83 'br' <Predicate = (icmp_ln15)> <Delay = 1.76>

State 5 <SV = 4> <Delay = 2.07>
ST_5 : Operation 84 [1/1] (0.00ns)   --->   "%phi_ln13_1 = phi i14 [ %add_ln21_4, %11 ], [ %indvars_iv1, %3 ]" [../layers_c/padding2d.cpp:21]   --->   Operation 84 'phi' 'phi_ln13_1' <Predicate = true> <Delay = 0.00>
ST_5 : Operation 85 [1/1] (0.00ns)   --->   "%o_count = phi i14 [ %add_ln21_3, %11 ], [ %phi_ln13, %3 ]" [../layers_c/padding2d.cpp:21]   --->   Operation 85 'phi' 'o_count' <Predicate = true> <Delay = 0.00>
ST_5 : Operation 86 [1/1] (0.00ns)   --->   "%o_count_2 = phi i14 [ %add_ln18_2, %11 ], [ %indvars_iv10, %3 ]" [../layers_c/padding2d.cpp:18]   --->   Operation 86 'phi' 'o_count_2' <Predicate = true> <Delay = 0.00>
ST_5 : Operation 87 [1/1] (0.00ns)   --->   "%i_count_1 = phi i14 [ %add_ln26, %11 ], [ %i_count_0, %3 ]" [../layers_c/padding2d.cpp:26]   --->   Operation 87 'phi' 'i_count_1' <Predicate = true> <Delay = 0.00>
ST_5 : Operation 88 [1/1] (0.00ns)   --->   "%height_0 = phi i5 [ %height, %11 ], [ 0, %3 ]"   --->   Operation 88 'phi' 'height_0' <Predicate = true> <Delay = 0.00>
ST_5 : Operation 89 [1/1] (0.00ns)   --->   "%empty_36 = call i32 (...)* @_ssdm_op_SpecLoopTripCount(i64 7, i64 28, i64 0)"   --->   Operation 89 'speclooptripcount' 'empty_36' <Predicate = true> <Delay = 0.00>
ST_5 : Operation 90 [1/1] (1.36ns)   --->   "%icmp_ln21 = icmp eq i5 %height_0, %empty_32" [../layers_c/padding2d.cpp:21]   --->   Operation 90 'icmp' 'icmp_ln21' <Predicate = true> <Delay = 1.36> <Core = "Cmp">   --->   Core 25 'Cmp' <Latency = 0> <II = 1> <Delay = 1.36> <FuncUnit> <Opcode : 'icmp'> <InPorts = 2> <OutPorts = 1>
ST_5 : Operation 91 [1/1] (1.78ns)   --->   "%height = add i5 %height_0, 1" [../layers_c/padding2d.cpp:21]   --->   Operation 91 'add' 'height' <Predicate = true> <Delay = 1.78> <Core = "AddSub">   --->   Core 14 'AddSub' <Latency = 0> <II = 1> <Delay = 1.78> <FuncUnit> <Opcode : 'add' 'sub'> <InPorts = 2> <OutPorts = 1>
ST_5 : Operation 92 [1/1] (0.00ns)   --->   "br i1 %icmp_ln21, label %12, label %5" [../layers_c/padding2d.cpp:21]   --->   Operation 92 'br' <Predicate = true> <Delay = 0.00>
ST_5 : Operation 93 [1/1] (1.81ns)   --->   "%add_ln26 = add i14 %zext_ln13_2, %i_count_1" [../layers_c/padding2d.cpp:26]   --->   Operation 93 'add' 'add_ln26' <Predicate = (!icmp_ln21)> <Delay = 1.81> <Core = "AddSub">   --->   Core 14 'AddSub' <Latency = 0> <II = 1> <Delay = 1.78> <FuncUnit> <Opcode : 'add' 'sub'> <InPorts = 2> <OutPorts = 1>
ST_5 : Operation 94 [1/1] (1.76ns)   --->   "br label %6" [../layers_c/padding2d.cpp:23]   --->   Operation 94 'br' <Predicate = (!icmp_ln21)> <Delay = 1.76>
ST_5 : Operation 95 [1/1] (2.07ns)   --->   "%add_ln18_1 = add i16 %add_ln21_1, %p_cast4" [../layers_c/padding2d.cpp:18]   --->   Operation 95 'add' 'add_ln18_1' <Predicate = (icmp_ln21)> <Delay = 2.07> <Core = "AddSub">   --->   Core 14 'AddSub' <Latency = 0> <II = 1> <Delay = 1.78> <FuncUnit> <Opcode : 'add' 'sub'> <InPorts = 2> <OutPorts = 1>
ST_5 : Operation 96 [1/1] (1.76ns)   --->   "br label %13" [../layers_c/padding2d.cpp:37]   --->   Operation 96 'br' <Predicate = (icmp_ln21)> <Delay = 1.76>

State 6 <SV = 5> <Delay = 3.25>
ST_6 : Operation 97 [1/1] (0.00ns)   --->   "%o_count_3 = phi i14 [ %o_count_2, %5 ], [ %o_count_7, %7 ]"   --->   Operation 97 'phi' 'o_count_3' <Predicate = true> <Delay = 0.00>
ST_6 : Operation 98 [1/1] (0.00ns)   --->   "%i_count_2 = phi i14 [ %i_count_1, %5 ], [ %add_ln26_1, %7 ]" [../layers_c/padding2d.cpp:26]   --->   Operation 98 'phi' 'i_count_2' <Predicate = true> <Delay = 0.00>
ST_6 : Operation 99 [1/1] (2.20ns)   --->   "%icmp_ln23 = icmp eq i14 %o_count_3, %o_count" [../layers_c/padding2d.cpp:23]   --->   Operation 99 'icmp' 'icmp_ln23' <Predicate = true> <Delay = 2.20> <Core = "Cmp">   --->   Core 25 'Cmp' <Latency = 0> <II = 1> <Delay = 1.36> <FuncUnit> <Opcode : 'icmp'> <InPorts = 2> <OutPorts = 1>
ST_6 : Operation 100 [1/1] (0.00ns)   --->   "%empty_37 = call i32 (...)* @_ssdm_op_SpecLoopTripCount(i64 7, i64 28, i64 0)"   --->   Operation 100 'speclooptripcount' 'empty_37' <Predicate = true> <Delay = 0.00>
ST_6 : Operation 101 [1/1] (0.00ns)   --->   "br i1 %icmp_ln23, label %8, label %7" [../layers_c/padding2d.cpp:23]   --->   Operation 101 'br' <Predicate = true> <Delay = 0.00>
ST_6 : Operation 102 [1/1] (0.00ns)   --->   "%zext_ln25 = zext i14 %i_count_2 to i64" [../layers_c/padding2d.cpp:25]   --->   Operation 102 'zext' 'zext_ln25' <Predicate = (!icmp_ln23)> <Delay = 0.00>
ST_6 : Operation 103 [1/1] (0.00ns)   --->   "%input_addr = getelementptr [14400 x i16]* %input_r, i64 0, i64 %zext_ln25" [../layers_c/padding2d.cpp:25]   --->   Operation 103 'getelementptr' 'input_addr' <Predicate = (!icmp_ln23)> <Delay = 0.00>
ST_6 : Operation 104 [2/2] (3.25ns)   --->   "%input_load = load i16* %input_addr, align 2" [../layers_c/padding2d.cpp:25]   --->   Operation 104 'load' 'input_load' <Predicate = (!icmp_ln23)> <Delay = 3.25> <Core = "RAM">   --->   Core 37 'RAM' <Latency = 1> <II = 1> <Delay = 3.25> <Storage> <Opcode : 'load' 'store'> <Ports = 2> <Width = 16> <Depth = 14400> <RAM>
ST_6 : Operation 105 [1/1] (1.81ns)   --->   "%add_ln26_1 = add i14 %i_count_2, 1" [../layers_c/padding2d.cpp:26]   --->   Operation 105 'add' 'add_ln26_1' <Predicate = (!icmp_ln23)> <Delay = 1.81> <Core = "AddSub">   --->   Core 14 'AddSub' <Latency = 0> <II = 1> <Delay = 1.78> <FuncUnit> <Opcode : 'add' 'sub'> <InPorts = 2> <OutPorts = 1>
ST_6 : Operation 106 [1/1] (1.81ns)   --->   "%add_ln18_2 = add i14 %zext_ln13, %o_count_2" [../layers_c/padding2d.cpp:18]   --->   Operation 106 'add' 'add_ln18_2' <Predicate = (icmp_ln23)> <Delay = 1.81> <Core = "AddSub">   --->   Core 14 'AddSub' <Latency = 0> <II = 1> <Delay = 1.78> <FuncUnit> <Opcode : 'add' 'sub'> <InPorts = 2> <OutPorts = 1>
ST_6 : Operation 107 [1/1] (1.76ns)   --->   "br label %9" [../layers_c/padding2d.cpp:30]   --->   Operation 107 'br' <Predicate = (icmp_ln23)> <Delay = 1.76>

State 7 <SV = 6> <Delay = 6.50>
ST_7 : Operation 108 [1/2] (3.25ns)   --->   "%input_load = load i16* %input_addr, align 2" [../layers_c/padding2d.cpp:25]   --->   Operation 108 'load' 'input_load' <Predicate = true> <Delay = 3.25> <Core = "RAM">   --->   Core 37 'RAM' <Latency = 1> <II = 1> <Delay = 3.25> <Storage> <Opcode : 'load' 'store'> <Ports = 2> <Width = 16> <Depth = 14400> <RAM>
ST_7 : Operation 109 [1/1] (0.00ns)   --->   "%zext_ln25_1 = zext i14 %o_count_3 to i64" [../layers_c/padding2d.cpp:25]   --->   Operation 109 'zext' 'zext_ln25_1' <Predicate = true> <Delay = 0.00>
ST_7 : Operation 110 [1/1] (0.00ns)   --->   "%output_addr_2 = getelementptr [14400 x i16]* %output_r, i64 0, i64 %zext_ln25_1" [../layers_c/padding2d.cpp:25]   --->   Operation 110 'getelementptr' 'output_addr_2' <Predicate = true> <Delay = 0.00>
ST_7 : Operation 111 [1/1] (3.25ns)   --->   "store i16 %input_load, i16* %output_addr_2, align 2" [../layers_c/padding2d.cpp:25]   --->   Operation 111 'store' <Predicate = true> <Delay = 3.25> <Core = "RAM">   --->   Core 37 'RAM' <Latency = 1> <II = 1> <Delay = 3.25> <Storage> <Opcode : 'load' 'store'> <Ports = 2> <Width = 16> <Depth = 14400> <RAM>
ST_7 : Operation 112 [1/1] (1.81ns)   --->   "%o_count_7 = add i14 %o_count_3, 1" [../layers_c/padding2d.cpp:27]   --->   Operation 112 'add' 'o_count_7' <Predicate = true> <Delay = 1.81> <Core = "AddSub">   --->   Core 14 'AddSub' <Latency = 0> <II = 1> <Delay = 1.78> <FuncUnit> <Opcode : 'add' 'sub'> <InPorts = 2> <OutPorts = 1>
ST_7 : Operation 113 [1/1] (0.00ns)   --->   "br label %6" [../layers_c/padding2d.cpp:23]   --->   Operation 113 'br' <Predicate = true> <Delay = 0.00>

State 8 <SV = 6> <Delay = 3.25>
ST_8 : Operation 114 [1/1] (0.00ns)   --->   "%o_count_4 = phi i14 [ %o_count, %8 ], [ %o_count_8, %10 ]"   --->   Operation 114 'phi' 'o_count_4' <Predicate = true> <Delay = 0.00>
ST_8 : Operation 115 [1/1] (2.20ns)   --->   "%icmp_ln30 = icmp eq i14 %o_count_4, %phi_ln13_1" [../layers_c/padding2d.cpp:30]   --->   Operation 115 'icmp' 'icmp_ln30' <Predicate = true> <Delay = 2.20> <Core = "Cmp">   --->   Core 25 'Cmp' <Latency = 0> <II = 1> <Delay = 1.36> <FuncUnit> <Opcode : 'icmp'> <InPorts = 2> <OutPorts = 1>
ST_8 : Operation 116 [1/1] (0.00ns)   --->   "%empty_38 = call i32 (...)* @_ssdm_op_SpecLoopTripCount(i64 2, i64 2, i64 2)"   --->   Operation 116 'speclooptripcount' 'empty_38' <Predicate = true> <Delay = 0.00>
ST_8 : Operation 117 [1/1] (0.00ns)   --->   "br i1 %icmp_ln30, label %11, label %10" [../layers_c/padding2d.cpp:30]   --->   Operation 117 'br' <Predicate = true> <Delay = 0.00>
ST_8 : Operation 118 [1/1] (0.00ns)   --->   "%zext_ln32 = zext i14 %o_count_4 to i64" [../layers_c/padding2d.cpp:32]   --->   Operation 118 'zext' 'zext_ln32' <Predicate = (!icmp_ln30)> <Delay = 0.00>
ST_8 : Operation 119 [1/1] (0.00ns)   --->   "%output_addr_3 = getelementptr [14400 x i16]* %output_r, i64 0, i64 %zext_ln32" [../layers_c/padding2d.cpp:32]   --->   Operation 119 'getelementptr' 'output_addr_3' <Predicate = (!icmp_ln30)> <Delay = 0.00>
ST_8 : Operation 120 [1/1] (3.25ns)   --->   "store i16 0, i16* %output_addr_3, align 2" [../layers_c/padding2d.cpp:32]   --->   Operation 120 'store' <Predicate = (!icmp_ln30)> <Delay = 3.25> <Core = "RAM">   --->   Core 37 'RAM' <Latency = 1> <II = 1> <Delay = 3.25> <Storage> <Opcode : 'load' 'store'> <Ports = 2> <Width = 16> <Depth = 14400> <RAM>
ST_8 : Operation 121 [1/1] (1.81ns)   --->   "%o_count_8 = add i14 %o_count_4, 1" [../layers_c/padding2d.cpp:33]   --->   Operation 121 'add' 'o_count_8' <Predicate = (!icmp_ln30)> <Delay = 1.81> <Core = "AddSub">   --->   Core 14 'AddSub' <Latency = 0> <II = 1> <Delay = 1.78> <FuncUnit> <Opcode : 'add' 'sub'> <InPorts = 2> <OutPorts = 1>
ST_8 : Operation 122 [1/1] (0.00ns)   --->   "br label %9" [../layers_c/padding2d.cpp:30]   --->   Operation 122 'br' <Predicate = (!icmp_ln30)> <Delay = 0.00>
ST_8 : Operation 123 [1/1] (1.81ns)   --->   "%add_ln21_3 = add i14 %zext_ln13, %o_count" [../layers_c/padding2d.cpp:21]   --->   Operation 123 'add' 'add_ln21_3' <Predicate = (icmp_ln30)> <Delay = 1.81> <Core = "AddSub">   --->   Core 14 'AddSub' <Latency = 0> <II = 1> <Delay = 1.78> <FuncUnit> <Opcode : 'add' 'sub'> <InPorts = 2> <OutPorts = 1>
ST_8 : Operation 124 [1/1] (1.81ns)   --->   "%add_ln21_4 = add i14 %zext_ln13, %phi_ln13_1" [../layers_c/padding2d.cpp:21]   --->   Operation 124 'add' 'add_ln21_4' <Predicate = (icmp_ln30)> <Delay = 1.81> <Core = "AddSub">   --->   Core 14 'AddSub' <Latency = 0> <II = 1> <Delay = 1.78> <FuncUnit> <Opcode : 'add' 'sub'> <InPorts = 2> <OutPorts = 1>
ST_8 : Operation 125 [1/1] (0.00ns)   --->   "br label %4" [../layers_c/padding2d.cpp:21]   --->   Operation 125 'br' <Predicate = (icmp_ln30)> <Delay = 0.00>

State 9 <SV = 5> <Delay = 3.25>
ST_9 : Operation 126 [1/1] (0.00ns)   --->   "%o_count_5 = phi i16 [ %add_ln21_1, %12 ], [ %o_count_6, %14 ]"   --->   Operation 126 'phi' 'o_count_5' <Predicate = true> <Delay = 0.00>
ST_9 : Operation 127 [1/1] (0.00ns)   --->   "%empty_39 = call i32 (...)* @_ssdm_op_SpecLoopTripCount(i64 8, i64 29, i64 0)"   --->   Operation 127 'speclooptripcount' 'empty_39' <Predicate = true> <Delay = 0.00>
ST_9 : Operation 128 [1/1] (0.00ns)   --->   "%trunc_ln37 = trunc i16 %o_count_5 to i5" [../layers_c/padding2d.cpp:37]   --->   Operation 128 'trunc' 'trunc_ln37' <Predicate = true> <Delay = 0.00>
ST_9 : Operation 129 [1/1] (1.36ns)   --->   "%icmp_ln37 = icmp eq i5 %trunc_ln37, %indvars_iv" [../layers_c/padding2d.cpp:37]   --->   Operation 129 'icmp' 'icmp_ln37' <Predicate = true> <Delay = 1.36> <Core = "Cmp">   --->   Core 25 'Cmp' <Latency = 0> <II = 1> <Delay = 1.36> <FuncUnit> <Opcode : 'icmp'> <InPorts = 2> <OutPorts = 1>
ST_9 : Operation 130 [1/1] (0.00ns)   --->   "br i1 %icmp_ln37, label %15, label %14" [../layers_c/padding2d.cpp:37]   --->   Operation 130 'br' <Predicate = true> <Delay = 0.00>
ST_9 : Operation 131 [1/1] (0.00ns)   --->   "%zext_ln39 = zext i16 %o_count_5 to i64" [../layers_c/padding2d.cpp:39]   --->   Operation 131 'zext' 'zext_ln39' <Predicate = (!icmp_ln37)> <Delay = 0.00>
ST_9 : Operation 132 [1/1] (0.00ns)   --->   "%output_addr_1 = getelementptr [14400 x i16]* %output_r, i64 0, i64 %zext_ln39" [../layers_c/padding2d.cpp:39]   --->   Operation 132 'getelementptr' 'output_addr_1' <Predicate = (!icmp_ln37)> <Delay = 0.00>
ST_9 : Operation 133 [1/1] (3.25ns)   --->   "store i16 0, i16* %output_addr_1, align 2" [../layers_c/padding2d.cpp:39]   --->   Operation 133 'store' <Predicate = (!icmp_ln37)> <Delay = 3.25> <Core = "RAM">   --->   Core 37 'RAM' <Latency = 1> <II = 1> <Delay = 3.25> <Storage> <Opcode : 'load' 'store'> <Ports = 2> <Width = 16> <Depth = 14400> <RAM>
ST_9 : Operation 134 [1/1] (2.07ns)   --->   "%o_count_6 = add i16 %o_count_5, 1" [../layers_c/padding2d.cpp:40]   --->   Operation 134 'add' 'o_count_6' <Predicate = (!icmp_ln37)> <Delay = 2.07> <Core = "AddSub">   --->   Core 14 'AddSub' <Latency = 0> <II = 1> <Delay = 1.78> <FuncUnit> <Opcode : 'add' 'sub'> <InPorts = 2> <OutPorts = 1>
ST_9 : Operation 135 [1/1] (0.00ns)   --->   "br label %13" [../layers_c/padding2d.cpp:37]   --->   Operation 135 'br' <Predicate = (!icmp_ln37)> <Delay = 0.00>
ST_9 : Operation 136 [1/1] (1.81ns)   --->   "%add_ln13_6 = add i14 %zext_ln13_6, %indvars_iv10" [../layers_c/padding2d.cpp:13]   --->   Operation 136 'add' 'add_ln13_6' <Predicate = (icmp_ln37)> <Delay = 1.81> <Core = "AddSub">   --->   Core 14 'AddSub' <Latency = 0> <II = 1> <Delay = 1.78> <FuncUnit> <Opcode : 'add' 'sub'> <InPorts = 2> <OutPorts = 1>
ST_9 : Operation 137 [1/1] (1.81ns)   --->   "%add_ln13_7 = add i14 %zext_ln13_6, %phi_ln13" [../layers_c/padding2d.cpp:13]   --->   Operation 137 'add' 'add_ln13_7' <Predicate = (icmp_ln37)> <Delay = 1.81> <Core = "AddSub">   --->   Core 14 'AddSub' <Latency = 0> <II = 1> <Delay = 1.78> <FuncUnit> <Opcode : 'add' 'sub'> <InPorts = 2> <OutPorts = 1>
ST_9 : Operation 138 [1/1] (1.81ns)   --->   "%add_ln13_10 = add i14 %indvars_iv1, %zext_ln13_10" [../layers_c/padding2d.cpp:13]   --->   Operation 138 'add' 'add_ln13_10' <Predicate = (icmp_ln37)> <Delay = 1.81> <Core = "AddSub">   --->   Core 14 'AddSub' <Latency = 0> <II = 1> <Delay = 1.78> <FuncUnit> <Opcode : 'add' 'sub'> <InPorts = 2> <OutPorts = 1>
ST_9 : Operation 139 [1/1] (1.78ns)   --->   "%add_ln13_15 = add i5 %add_ln13_13, %indvars_iv" [../layers_c/padding2d.cpp:13]   --->   Operation 139 'add' 'add_ln13_15' <Predicate = (icmp_ln37)> <Delay = 1.78> <Core = "AddSub">   --->   Core 14 'AddSub' <Latency = 0> <II = 1> <Delay = 1.78> <FuncUnit> <Opcode : 'add' 'sub'> <InPorts = 2> <OutPorts = 1>
ST_9 : Operation 140 [1/1] (1.78ns)   --->   "%add_ln13_16 = add i5 %add_ln13_13, %indvars_iv2" [../layers_c/padding2d.cpp:13]   --->   Operation 140 'add' 'add_ln13_16' <Predicate = (icmp_ln37)> <Delay = 1.78> <Core = "AddSub">   --->   Core 14 'AddSub' <Latency = 0> <II = 1> <Delay = 1.78> <FuncUnit> <Opcode : 'add' 'sub'> <InPorts = 2> <OutPorts = 1>
ST_9 : Operation 141 [1/1] (0.00ns)   --->   "br label %1" [../layers_c/padding2d.cpp:13]   --->   Operation 141 'br' <Predicate = (icmp_ln37)> <Delay = 0.00>


============================================================
+ Verbose Summary: Timing violations
============================================================
Target clock period: 10ns, clock uncertainty: 1.25ns.

 <State 1>: 5.52ns
The critical path consists of the following:
	wire read on port 'input_width' (../layers_c/padding2d.cpp:5) [6]  (0 ns)
	'add' operation ('add_ln13', ../layers_c/padding2d.cpp:13) [14]  (1.78 ns)
	'mul' operation ('mul_ln13_1', ../layers_c/padding2d.cpp:13) [21]  (3.74 ns)

 <State 2>: 5.34ns
The critical path consists of the following:
	'add' operation ('add_ln13_5', ../layers_c/padding2d.cpp:13) [42]  (1.78 ns)
	'add' operation ('add_ln13_11', ../layers_c/padding2d.cpp:13) [43]  (1.78 ns)
	'add' operation ('add_ln13_12', ../layers_c/padding2d.cpp:13) [44]  (1.78 ns)

 <State 3>: 1.78ns
The critical path consists of the following:
	'phi' operation ('depth') with incoming values : ('depth', ../layers_c/padding2d.cpp:13) [60]  (0 ns)
	'add' operation ('depth', ../layers_c/padding2d.cpp:13) [63]  (1.78 ns)

 <State 4>: 4.15ns
The critical path consists of the following:
	'add' operation ('add_ln21', ../layers_c/padding2d.cpp:21) [81]  (2.08 ns)
	'add' operation ('add_ln21_1', ../layers_c/padding2d.cpp:21) [82]  (2.08 ns)

 <State 5>: 2.08ns
The critical path consists of the following:
	'add' operation ('add_ln18_1', ../layers_c/padding2d.cpp:18) [132]  (2.08 ns)

 <State 6>: 3.25ns
The critical path consists of the following:
	'phi' operation ('i_count_2', ../layers_c/padding2d.cpp:26) with incoming values : ('i_count', ../layers_c/padding2d.cpp:26) ('add_ln26', ../layers_c/padding2d.cpp:26) ('add_ln26_1', ../layers_c/padding2d.cpp:26) [99]  (0 ns)
	'getelementptr' operation ('input_addr', ../layers_c/padding2d.cpp:25) [105]  (0 ns)
	'load' operation ('input_load', ../layers_c/padding2d.cpp:25) on array 'input_r' [106]  (3.25 ns)

 <State 7>: 6.51ns
The critical path consists of the following:
	'load' operation ('input_load', ../layers_c/padding2d.cpp:25) on array 'input_r' [106]  (3.25 ns)
	'store' operation ('store_ln25', ../layers_c/padding2d.cpp:25) of variable 'input_load', ../layers_c/padding2d.cpp:25 on array 'output_r' [109]  (3.25 ns)

 <State 8>: 3.25ns
The critical path consists of the following:
	'phi' operation ('o_count') with incoming values : ('zext_ln13_7', ../layers_c/padding2d.cpp:13) ('o_count', ../layers_c/padding2d.cpp:33) ('add_ln21_3', ../layers_c/padding2d.cpp:21) ('add_ln13_7', ../layers_c/padding2d.cpp:13) [117]  (0 ns)
	'getelementptr' operation ('output_addr_3', ../layers_c/padding2d.cpp:32) [123]  (0 ns)
	'store' operation ('store_ln32', ../layers_c/padding2d.cpp:32) of constant 0 on array 'output_r' [124]  (3.25 ns)

 <State 9>: 3.25ns
The critical path consists of the following:
	'phi' operation ('o_count') with incoming values : ('add_ln21_1', ../layers_c/padding2d.cpp:21) ('o_count', ../layers_c/padding2d.cpp:40) [135]  (0 ns)
	'getelementptr' operation ('output_addr_1', ../layers_c/padding2d.cpp:39) [142]  (0 ns)
	'store' operation ('store_ln39', ../layers_c/padding2d.cpp:39) of constant 0 on array 'output_r' [143]  (3.25 ns)


============================================================
+ Verbose Summary: Binding
============================================================
N/A
* FSMD analyzer results:
  - Output states:
 - Input state : 
  - Chain level:
	State 1
	State 2
	State 3
	State 4
	State 5
	State 6
	State 7
	State 8
	State 9


============================================================
+ Verbose Summary: Datapath Resource usage 
============================================================
N/A
