

================================================================
== Vivado HLS Report for 'pointwise_conv2d_fix_3'
================================================================
* Date:           Tue Dec 31 13:49:12 2019

* Version:        2019.1 (Build 2552052 on Fri May 24 15:28:33 MDT 2019)
* Project:        HLS
* Solution:       solution1
* Product family: zynq
* Target device:  xc7z020-clg400-1


================================================================
== Performance Estimates
================================================================
+ Timing (ns): 
    * Summary: 
    +--------+-------+----------+------------+
    |  Clock | Target| Estimated| Uncertainty|
    +--------+-------+----------+------------+
    |ap_clk  |   6.67|     6.380|        1.67|
    +--------+-------+----------+------------+

+ Latency (clock cycles): 
    * Summary: 
    +-------+-------+-------+-------+---------+
    |    Latency    |    Interval   | Pipeline|
    |  min  |  max  |  min  |  max  |   Type  |
    +-------+-------+-------+-------+---------+
    |  25457|  25457|  25457|  25457|   none  |
    +-------+-------+-------+-------+---------+

    + Detail: 
        * Instance: 
        N/A

        * Loop: 
        +-------------+-------+-------+----------+-----------+-----------+------+----------+
        |             |    Latency    | Iteration|  Initiation Interval  | Trip |          |
        |  Loop Name  |  min  |  max  |  Latency |  achieved |   target  | Count| Pipelined|
        +-------------+-------+-------+----------+-----------+-----------+------+----------+
        |- Loop 1     |  25456|  25456|      1591|          -|          -|    16|    no    |
        | + Loop 1.1  |      8|      8|         2|          1|          1|     8|    yes   |
        | + Loop 1.2  |   1578|   1578|        12|          1|          0|  1568|    yes   |
        +-------------+-------+-------+----------+-----------+-----------+------+----------+

============================================================
+ Verbose Summary: Synthesis Manager
============================================================
InlineROM: 1
ExposeGlobal: 0
============================================================
+ Verbose Summary: CDFG Model
============================================================
IsTopModel: 0
ResetActiveHigh: 1
IsCombinational: 0
IsDatapathOnly: 0
HasWiredReturn: 1
HasMFsm: 0
HasVarLatency: 1
IsPipeline: 0
IsRtlPipelined: 0
IsInstanceOverlapped: 0
IsDontTouch: 0
HasImplIP: 0
IsGatedGlobalClock: 0

+ Individual pipeline summary: 
  * Pipeline-0: initiation interval (II) = 1, depth = 2
  * Pipeline-1: initiation interval (II) = 1, depth = 12


============================================================
+ Verbose Summary: Schedule
============================================================
* Number of FSM states : 18
* Pipeline : 2
  Pipeline-0 : II = 1, D = 2, States = { 3 4 }
  Pipeline-1 : II = 1, D = 12, States = { 6 7 8 9 10 11 12 13 14 15 16 17 }
* Dataflow Pipeline: 0

* FSM state transitions: 
1 --> 2 
2 --> 3 
3 --> 5 4 
4 --> 3 
5 --> 6 
6 --> 7 
7 --> 18 8 
8 --> 9 
9 --> 10 
10 --> 11 
11 --> 12 
12 --> 13 
13 --> 14 
14 --> 15 
15 --> 16 
16 --> 17 
17 --> 6 
18 --> 2 

* FSM state operations: 

State 1 <SV = 0> <Delay = 1.76>
ST_1 : Operation 19 [1/1] (0.00ns)   --->   "%kernel_buffer_15 = alloca i32"   --->   Operation 19 'alloca' 'kernel_buffer_15' <Predicate = true> <Delay = 0.00>
ST_1 : Operation 20 [1/1] (0.00ns)   --->   "%kernel_buffer_15_17 = alloca i32"   --->   Operation 20 'alloca' 'kernel_buffer_15_17' <Predicate = true> <Delay = 0.00>
ST_1 : Operation 21 [1/1] (0.00ns)   --->   "%kernel_buffer_15_18 = alloca i32"   --->   Operation 21 'alloca' 'kernel_buffer_15_18' <Predicate = true> <Delay = 0.00>
ST_1 : Operation 22 [1/1] (0.00ns)   --->   "%kernel_buffer_15_19 = alloca i32"   --->   Operation 22 'alloca' 'kernel_buffer_15_19' <Predicate = true> <Delay = 0.00>
ST_1 : Operation 23 [1/1] (0.00ns)   --->   "%kernel_buffer_15_20 = alloca i32"   --->   Operation 23 'alloca' 'kernel_buffer_15_20' <Predicate = true> <Delay = 0.00>
ST_1 : Operation 24 [1/1] (0.00ns)   --->   "%kernel_buffer_15_21 = alloca i32"   --->   Operation 24 'alloca' 'kernel_buffer_15_21' <Predicate = true> <Delay = 0.00>
ST_1 : Operation 25 [1/1] (0.00ns)   --->   "%kernel_buffer_15_22 = alloca i32"   --->   Operation 25 'alloca' 'kernel_buffer_15_22' <Predicate = true> <Delay = 0.00>
ST_1 : Operation 26 [1/1] (0.00ns)   --->   "%kernel_buffer_15_23 = alloca i32"   --->   Operation 26 'alloca' 'kernel_buffer_15_23' <Predicate = true> <Delay = 0.00>
ST_1 : Operation 27 [1/1] (0.00ns)   --->   "%kernel_buffer_15_24 = alloca i32"   --->   Operation 27 'alloca' 'kernel_buffer_15_24' <Predicate = true> <Delay = 0.00>
ST_1 : Operation 28 [1/1] (0.00ns)   --->   "%kernel_buffer_15_25 = alloca i32"   --->   Operation 28 'alloca' 'kernel_buffer_15_25' <Predicate = true> <Delay = 0.00>
ST_1 : Operation 29 [1/1] (0.00ns)   --->   "%kernel_buffer_15_26 = alloca i32"   --->   Operation 29 'alloca' 'kernel_buffer_15_26' <Predicate = true> <Delay = 0.00>
ST_1 : Operation 30 [1/1] (0.00ns)   --->   "%kernel_buffer_15_27 = alloca i32"   --->   Operation 30 'alloca' 'kernel_buffer_15_27' <Predicate = true> <Delay = 0.00>
ST_1 : Operation 31 [1/1] (0.00ns)   --->   "%kernel_buffer_15_28 = alloca i32"   --->   Operation 31 'alloca' 'kernel_buffer_15_28' <Predicate = true> <Delay = 0.00>
ST_1 : Operation 32 [1/1] (0.00ns)   --->   "%kernel_buffer_15_29 = alloca i32"   --->   Operation 32 'alloca' 'kernel_buffer_15_29' <Predicate = true> <Delay = 0.00>
ST_1 : Operation 33 [1/1] (0.00ns)   --->   "%kernel_buffer_15_016 = alloca i32"   --->   Operation 33 'alloca' 'kernel_buffer_15_016' <Predicate = true> <Delay = 0.00>
ST_1 : Operation 34 [1/1] (1.76ns)   --->   "br label %.loopexit" [../layers_c/pointwise_conv2d.cpp:24]   --->   Operation 34 'br' <Predicate = true> <Delay = 1.76>

State 2 <SV = 1> <Delay = 2.06>
ST_2 : Operation 35 [1/1] (0.00ns)   --->   "%out_d_0 = phi i5 [ 0, %0 ], [ %out_d, %.loopexit.loopexit ]"   --->   Operation 35 'phi' 'out_d_0' <Predicate = true> <Delay = 0.00>
ST_2 : Operation 36 [1/1] (0.00ns)   --->   "%phi_mul = phi i12 [ 0, %0 ], [ %add_ln24, %.loopexit.loopexit ]" [../layers_c/pointwise_conv2d.cpp:24]   --->   Operation 36 'phi' 'phi_mul' <Predicate = true> <Delay = 0.00>
ST_2 : Operation 37 [1/1] (0.00ns)   --->   "%zext_ln24 = zext i12 %phi_mul to i13" [../layers_c/pointwise_conv2d.cpp:24]   --->   Operation 37 'zext' 'zext_ln24' <Predicate = true> <Delay = 0.00>
ST_2 : Operation 38 [1/1] (1.54ns)   --->   "%add_ln24 = add i12 %phi_mul, 196" [../layers_c/pointwise_conv2d.cpp:24]   --->   Operation 38 'add' 'add_ln24' <Predicate = true> <Delay = 1.54> <Core = "AddSub">   --->   Core 14 'AddSub' <Latency = 0> <II = 1> <Delay = 1.78> <FuncUnit> <Opcode : 'add' 'sub'> <InPorts = 2> <OutPorts = 1>
ST_2 : Operation 39 [1/1] (1.36ns)   --->   "%icmp_ln24 = icmp eq i5 %out_d_0, -16" [../layers_c/pointwise_conv2d.cpp:24]   --->   Operation 39 'icmp' 'icmp_ln24' <Predicate = true> <Delay = 1.36> <Core = "Cmp">   --->   Core 25 'Cmp' <Latency = 0> <II = 1> <Delay = 1.36> <FuncUnit> <Opcode : 'icmp'> <InPorts = 2> <OutPorts = 1>
ST_2 : Operation 40 [1/1] (0.00ns)   --->   "%empty = call i32 (...)* @_ssdm_op_SpecLoopTripCount(i64 16, i64 16, i64 16)"   --->   Operation 40 'speclooptripcount' 'empty' <Predicate = true> <Delay = 0.00>
ST_2 : Operation 41 [1/1] (1.78ns)   --->   "%out_d = add i5 %out_d_0, 1" [../layers_c/pointwise_conv2d.cpp:24]   --->   Operation 41 'add' 'out_d' <Predicate = true> <Delay = 1.78> <Core = "AddSub">   --->   Core 14 'AddSub' <Latency = 0> <II = 1> <Delay = 1.78> <FuncUnit> <Opcode : 'add' 'sub'> <InPorts = 2> <OutPorts = 1>
ST_2 : Operation 42 [1/1] (0.00ns)   --->   "br i1 %icmp_ln24, label %3, label %1" [../layers_c/pointwise_conv2d.cpp:24]   --->   Operation 42 'br' <Predicate = true> <Delay = 0.00>
ST_2 : Operation 43 [1/1] (0.00ns)   --->   "%trunc_ln25 = trunc i5 %out_d_0 to i4" [../layers_c/pointwise_conv2d.cpp:25]   --->   Operation 43 'trunc' 'trunc_ln25' <Predicate = (!icmp_ln24)> <Delay = 0.00>
ST_2 : Operation 44 [1/1] (2.06ns)   --->   "%tmp_9 = call i16 @_ssdm_op_Mux.ap_auto.16i16.i4(i16 14, i16 -3325, i16 262, i16 1, i16 -56, i16 0, i16 -5, i16 402, i16 -323, i16 -3385, i16 4336, i16 0, i16 -4652, i16 59, i16 76, i16 -1950, i4 %trunc_ln25)" [../layers_c/pointwise_conv2d.cpp:25]   --->   Operation 44 'mux' 'tmp_9' <Predicate = (!icmp_ln24)> <Delay = 2.06> <Core = "MuxnS">   --->   Core 31 'MuxnS' <Latency = 0> <II = 1> <Delay = 2.06> <FuncUnit> <Opcode : 'mux'> <InPorts = 2> <OutPorts = 1>
ST_2 : Operation 45 [1/1] (0.00ns)   --->   "%sext_ln34 = sext i16 %tmp_9 to i22" [../layers_c/pointwise_conv2d.cpp:34]   --->   Operation 45 'sext' 'sext_ln34' <Predicate = (!icmp_ln24)> <Delay = 0.00>
ST_2 : Operation 46 [1/1] (0.00ns)   --->   "%shl_ln = call i7 @_ssdm_op_BitConcatenate.i7.i4.i3(i4 %trunc_ln25, i3 0)" [../layers_c/pointwise_conv2d.cpp:28]   --->   Operation 46 'bitconcatenate' 'shl_ln' <Predicate = (!icmp_ln24)> <Delay = 0.00>
ST_2 : Operation 47 [1/1] (1.76ns)   --->   "br label %2" [../layers_c/pointwise_conv2d.cpp:26]   --->   Operation 47 'br' <Predicate = (!icmp_ln24)> <Delay = 1.76>
ST_2 : Operation 48 [1/1] (0.00ns)   --->   "ret void"   --->   Operation 48 'ret' <Predicate = (icmp_ln24)> <Delay = 0.00>

State 3 <SV = 2> <Delay = 1.87>
ST_3 : Operation 49 [1/1] (0.00ns)   --->   "%i_0 = phi i4 [ 0, %1 ], [ %i, %hls_label_0_end ]"   --->   Operation 49 'phi' 'i_0' <Predicate = true> <Delay = 0.00>
ST_3 : Operation 50 [1/1] (1.30ns)   --->   "%icmp_ln26 = icmp eq i4 %i_0, -8" [../layers_c/pointwise_conv2d.cpp:26]   --->   Operation 50 'icmp' 'icmp_ln26' <Predicate = true> <Delay = 1.30> <Core = "Cmp">   --->   Core 25 'Cmp' <Latency = 0> <II = 1> <Delay = 1.36> <FuncUnit> <Opcode : 'icmp'> <InPorts = 2> <OutPorts = 1>
ST_3 : Operation 51 [1/1] (0.00ns)   --->   "%empty_19 = call i32 (...)* @_ssdm_op_SpecLoopTripCount(i64 8, i64 8, i64 8)"   --->   Operation 51 'speclooptripcount' 'empty_19' <Predicate = true> <Delay = 0.00>
ST_3 : Operation 52 [1/1] (1.73ns)   --->   "%i = add i4 %i_0, 1" [../layers_c/pointwise_conv2d.cpp:26]   --->   Operation 52 'add' 'i' <Predicate = true> <Delay = 1.73> <Core = "AddSub">   --->   Core 14 'AddSub' <Latency = 0> <II = 1> <Delay = 1.78> <FuncUnit> <Opcode : 'add' 'sub'> <InPorts = 2> <OutPorts = 1>
ST_3 : Operation 53 [1/1] (0.00ns)   --->   "br i1 %icmp_ln26, label %.preheader.preheader, label %hls_label_0_begin" [../layers_c/pointwise_conv2d.cpp:26]   --->   Operation 53 'br' <Predicate = true> <Delay = 0.00>
ST_3 : Operation 54 [1/1] (0.00ns)   --->   "%zext_ln28 = zext i4 %i_0 to i7" [../layers_c/pointwise_conv2d.cpp:28]   --->   Operation 54 'zext' 'zext_ln28' <Predicate = (!icmp_ln26)> <Delay = 0.00>
ST_3 : Operation 55 [1/1] (1.87ns)   --->   "%add_ln28 = add i7 %shl_ln, %zext_ln28" [../layers_c/pointwise_conv2d.cpp:28]   --->   Operation 55 'add' 'add_ln28' <Predicate = (!icmp_ln26)> <Delay = 1.87> <Core = "AddSub">   --->   Core 14 'AddSub' <Latency = 0> <II = 1> <Delay = 1.78> <FuncUnit> <Opcode : 'add' 'sub'> <InPorts = 2> <OutPorts = 1>
ST_3 : Operation 56 [1/1] (1.36ns)   --->   "switch i4 %i_0, label %branch15 [
    i4 0, label %hls_label_0_begin.hls_label_0_end_crit_edge
    i4 1, label %branch1
    i4 2, label %branch2
    i4 3, label %branch3
    i4 4, label %branch4
    i4 5, label %branch5
    i4 6, label %branch6
    i4 7, label %branch7
    i4 -2, label %branch14
    i4 -7, label %branch9
    i4 -6, label %branch10
    i4 -5, label %branch11
    i4 -4, label %branch12
    i4 -3, label %branch13
  ]" [../layers_c/pointwise_conv2d.cpp:28]   --->   Operation 56 'switch' <Predicate = (!icmp_ln26)> <Delay = 1.36>
ST_3 : Operation 57 [1/1] (0.00ns)   --->   "br label %hls_label_0_end" [../layers_c/pointwise_conv2d.cpp:28]   --->   Operation 57 'br' <Predicate = (!icmp_ln26 & i_0 == 13)> <Delay = 0.00>
ST_3 : Operation 58 [1/1] (0.00ns)   --->   "br label %hls_label_0_end" [../layers_c/pointwise_conv2d.cpp:28]   --->   Operation 58 'br' <Predicate = (!icmp_ln26 & i_0 == 12)> <Delay = 0.00>
ST_3 : Operation 59 [1/1] (0.00ns)   --->   "br label %hls_label_0_end" [../layers_c/pointwise_conv2d.cpp:28]   --->   Operation 59 'br' <Predicate = (!icmp_ln26 & i_0 == 11)> <Delay = 0.00>
ST_3 : Operation 60 [1/1] (0.00ns)   --->   "br label %hls_label_0_end" [../layers_c/pointwise_conv2d.cpp:28]   --->   Operation 60 'br' <Predicate = (!icmp_ln26 & i_0 == 10)> <Delay = 0.00>
ST_3 : Operation 61 [1/1] (0.00ns)   --->   "br label %hls_label_0_end" [../layers_c/pointwise_conv2d.cpp:28]   --->   Operation 61 'br' <Predicate = (!icmp_ln26 & i_0 == 9)> <Delay = 0.00>
ST_3 : Operation 62 [1/1] (0.00ns)   --->   "br label %hls_label_0_end" [../layers_c/pointwise_conv2d.cpp:28]   --->   Operation 62 'br' <Predicate = (!icmp_ln26 & i_0 == 14)> <Delay = 0.00>
ST_3 : Operation 63 [1/1] (0.00ns)   --->   "br label %hls_label_0_end" [../layers_c/pointwise_conv2d.cpp:28]   --->   Operation 63 'br' <Predicate = (!icmp_ln26 & i_0 == 7)> <Delay = 0.00>
ST_3 : Operation 64 [1/1] (0.00ns)   --->   "br label %hls_label_0_end" [../layers_c/pointwise_conv2d.cpp:28]   --->   Operation 64 'br' <Predicate = (!icmp_ln26 & i_0 == 6)> <Delay = 0.00>
ST_3 : Operation 65 [1/1] (0.00ns)   --->   "br label %hls_label_0_end" [../layers_c/pointwise_conv2d.cpp:28]   --->   Operation 65 'br' <Predicate = (!icmp_ln26 & i_0 == 5)> <Delay = 0.00>
ST_3 : Operation 66 [1/1] (0.00ns)   --->   "br label %hls_label_0_end" [../layers_c/pointwise_conv2d.cpp:28]   --->   Operation 66 'br' <Predicate = (!icmp_ln26 & i_0 == 4)> <Delay = 0.00>
ST_3 : Operation 67 [1/1] (0.00ns)   --->   "br label %hls_label_0_end" [../layers_c/pointwise_conv2d.cpp:28]   --->   Operation 67 'br' <Predicate = (!icmp_ln26 & i_0 == 3)> <Delay = 0.00>
ST_3 : Operation 68 [1/1] (0.00ns)   --->   "br label %hls_label_0_end" [../layers_c/pointwise_conv2d.cpp:28]   --->   Operation 68 'br' <Predicate = (!icmp_ln26 & i_0 == 2)> <Delay = 0.00>
ST_3 : Operation 69 [1/1] (0.00ns)   --->   "br label %hls_label_0_end" [../layers_c/pointwise_conv2d.cpp:28]   --->   Operation 69 'br' <Predicate = (!icmp_ln26 & i_0 == 1)> <Delay = 0.00>
ST_3 : Operation 70 [1/1] (0.00ns)   --->   "br label %hls_label_0_end" [../layers_c/pointwise_conv2d.cpp:28]   --->   Operation 70 'br' <Predicate = (!icmp_ln26 & i_0 == 0)> <Delay = 0.00>
ST_3 : Operation 71 [1/1] (0.00ns)   --->   "br label %hls_label_0_end" [../layers_c/pointwise_conv2d.cpp:28]   --->   Operation 71 'br' <Predicate = (!icmp_ln26 & i_0 == 15) | (!icmp_ln26 & i_0 == 8)> <Delay = 0.00>

State 4 <SV = 3> <Delay = 4.23>
ST_4 : Operation 72 [1/1] (0.00ns)   --->   "%tmp_s = call i32 (...)* @_ssdm_op_SpecRegionBegin([12 x i8]* @p_str24)" [../layers_c/pointwise_conv2d.cpp:26]   --->   Operation 72 'specregionbegin' 'tmp_s' <Predicate = true> <Delay = 0.00>
ST_4 : Operation 73 [1/1] (0.00ns)   --->   "call void (...)* @_ssdm_op_SpecPipeline(i32 -1, i32 1, i32 1, i32 0, [1 x i8]* @p_str13) nounwind" [../layers_c/pointwise_conv2d.cpp:27]   --->   Operation 73 'specpipeline' <Predicate = true> <Delay = 0.00>
ST_4 : Operation 74 [1/1] (4.23ns)   --->   "%tmp_3 = call i16 @_ssdm_op_Mux.ap_auto.128i16.i7(i16 -2651, i16 2073, i16 1156, i16 3349, i16 604, i16 -8156, i16 -5028, i16 6387, i16 -10026, i16 5920, i16 1322, i16 -7540, i16 3993, i16 8863, i16 10066, i16 6497, i16 -5839, i16 4141, i16 -5493, i16 7347, i16 -1488, i16 -2148, i16 -8023, i16 6361, i16 2258, i16 -967, i16 -946, i16 -7367, i16 6947, i16 -7301, i16 1582, i16 -5886, i16 3762, i16 -5238, i16 4505, i16 -7039, i16 -1746, i16 953, i16 5991, i16 -7318, i16 -4192, i16 7946, i16 -6801, i16 -6934, i16 6251, i16 -7325, i16 -4293, i16 -7732, i16 6991, i16 -2587, i16 1501, i16 -4347, i16 -6826, i16 535, i16 7485, i16 -99, i16 -4407, i16 6362, i16 -4718, i16 -4734, i16 2770, i16 -1312, i16 2669, i16 -2859, i16 -4441, i16 -5484, i16 6676, i16 -4288, i16 -7260, i16 669, i16 -6517, i16 -2572, i16 -6350, i16 2136, i16 4793, i16 7198, i16 -6744, i16 8508, i16 -5838, i16 6660, i16 8779, i16 7883, i16 -1167, i16 -1243, i16 3744, i16 2181, i16 4585, i16 -2179, i16 738, i16 -7926, i16 4738, i16 2494, i16 2931, i16 -7453, i16 7364, i16 -767, i16 -4640, i16 -6124, i16 -4374, i16 -1684, i16 9249, i16 9727, i16 -67, i16 1304, i16 -6983, i16 788, i16 5068, i16 -2722, i16 -5044, i16 -8187, i16 -1037, i16 7848, i16 -2065, i16 -7293, i16 2987, i16 -5070, i16 -260, i16 -7630, i16 -228, i16 -2840, i16 -2855, i16 -8214, i16 -2709, i16 -5582, i16 -4899, i16 4232, i16 5145, i16 1740, i7 %add_ln28)" [../layers_c/pointwise_conv2d.cpp:28]   --->   Operation 74 'mux' 'tmp_3' <Predicate = true> <Delay = 4.23> <Core = "MuxnS">   --->   Core 31 'MuxnS' <Latency = 0> <II = 1> <Delay = 2.06> <FuncUnit> <Opcode : 'mux'> <InPorts = 2> <OutPorts = 1>
ST_4 : Operation 75 [1/1] (0.00ns)   --->   "%kernel_buffer_0 = sext i16 %tmp_3 to i32" [../layers_c/pointwise_conv2d.cpp:28]   --->   Operation 75 'sext' 'kernel_buffer_0' <Predicate = true> <Delay = 0.00>
ST_4 : Operation 76 [1/1] (0.00ns)   --->   "store i32 %kernel_buffer_0, i32* %kernel_buffer_15_28" [../layers_c/pointwise_conv2d.cpp:28]   --->   Operation 76 'store' <Predicate = (i_0 == 13)> <Delay = 0.00>
ST_4 : Operation 77 [1/1] (0.00ns)   --->   "store i32 %kernel_buffer_0, i32* %kernel_buffer_15_27" [../layers_c/pointwise_conv2d.cpp:28]   --->   Operation 77 'store' <Predicate = (i_0 == 12)> <Delay = 0.00>
ST_4 : Operation 78 [1/1] (0.00ns)   --->   "store i32 %kernel_buffer_0, i32* %kernel_buffer_15_26" [../layers_c/pointwise_conv2d.cpp:28]   --->   Operation 78 'store' <Predicate = (i_0 == 11)> <Delay = 0.00>
ST_4 : Operation 79 [1/1] (0.00ns)   --->   "store i32 %kernel_buffer_0, i32* %kernel_buffer_15_25" [../layers_c/pointwise_conv2d.cpp:28]   --->   Operation 79 'store' <Predicate = (i_0 == 10)> <Delay = 0.00>
ST_4 : Operation 80 [1/1] (0.00ns)   --->   "store i32 %kernel_buffer_0, i32* %kernel_buffer_15_24" [../layers_c/pointwise_conv2d.cpp:28]   --->   Operation 80 'store' <Predicate = (i_0 == 9)> <Delay = 0.00>
ST_4 : Operation 81 [1/1] (0.00ns)   --->   "store i32 %kernel_buffer_0, i32* %kernel_buffer_15_29" [../layers_c/pointwise_conv2d.cpp:28]   --->   Operation 81 'store' <Predicate = (i_0 == 14)> <Delay = 0.00>
ST_4 : Operation 82 [1/1] (0.00ns)   --->   "store i32 %kernel_buffer_0, i32* %kernel_buffer_15_23" [../layers_c/pointwise_conv2d.cpp:28]   --->   Operation 82 'store' <Predicate = (i_0 == 7)> <Delay = 0.00>
ST_4 : Operation 83 [1/1] (0.00ns)   --->   "store i32 %kernel_buffer_0, i32* %kernel_buffer_15_22" [../layers_c/pointwise_conv2d.cpp:28]   --->   Operation 83 'store' <Predicate = (i_0 == 6)> <Delay = 0.00>
ST_4 : Operation 84 [1/1] (0.00ns)   --->   "store i32 %kernel_buffer_0, i32* %kernel_buffer_15_21" [../layers_c/pointwise_conv2d.cpp:28]   --->   Operation 84 'store' <Predicate = (i_0 == 5)> <Delay = 0.00>
ST_4 : Operation 85 [1/1] (0.00ns)   --->   "store i32 %kernel_buffer_0, i32* %kernel_buffer_15_20" [../layers_c/pointwise_conv2d.cpp:28]   --->   Operation 85 'store' <Predicate = (i_0 == 4)> <Delay = 0.00>
ST_4 : Operation 86 [1/1] (0.00ns)   --->   "store i32 %kernel_buffer_0, i32* %kernel_buffer_15_19" [../layers_c/pointwise_conv2d.cpp:28]   --->   Operation 86 'store' <Predicate = (i_0 == 3)> <Delay = 0.00>
ST_4 : Operation 87 [1/1] (0.00ns)   --->   "store i32 %kernel_buffer_0, i32* %kernel_buffer_15_18" [../layers_c/pointwise_conv2d.cpp:28]   --->   Operation 87 'store' <Predicate = (i_0 == 2)> <Delay = 0.00>
ST_4 : Operation 88 [1/1] (0.00ns)   --->   "store i32 %kernel_buffer_0, i32* %kernel_buffer_15_17" [../layers_c/pointwise_conv2d.cpp:28]   --->   Operation 88 'store' <Predicate = (i_0 == 1)> <Delay = 0.00>
ST_4 : Operation 89 [1/1] (0.00ns)   --->   "store i32 %kernel_buffer_0, i32* %kernel_buffer_15" [../layers_c/pointwise_conv2d.cpp:28]   --->   Operation 89 'store' <Predicate = (i_0 == 0)> <Delay = 0.00>
ST_4 : Operation 90 [1/1] (0.00ns)   --->   "store i32 %kernel_buffer_0, i32* %kernel_buffer_15_016" [../layers_c/pointwise_conv2d.cpp:28]   --->   Operation 90 'store' <Predicate = (i_0 == 15) | (i_0 == 8)> <Delay = 0.00>
ST_4 : Operation 91 [1/1] (0.00ns)   --->   "%empty_20 = call i32 (...)* @_ssdm_op_SpecRegionEnd([12 x i8]* @p_str24, i32 %tmp_s)" [../layers_c/pointwise_conv2d.cpp:29]   --->   Operation 91 'specregionend' 'empty_20' <Predicate = (!icmp_ln26)> <Delay = 0.00>
ST_4 : Operation 92 [1/1] (0.00ns)   --->   "br label %2" [../layers_c/pointwise_conv2d.cpp:26]   --->   Operation 92 'br' <Predicate = (!icmp_ln26)> <Delay = 0.00>

State 5 <SV = 3> <Delay = 1.76>
ST_5 : Operation 93 [1/1] (1.76ns)   --->   "br label %.preheader" [../layers_c/pointwise_conv2d.cpp:32]   --->   Operation 93 'br' <Predicate = true> <Delay = 1.76>

State 6 <SV = 4> <Delay = 3.16>
ST_6 : Operation 94 [1/1] (0.00ns)   --->   "%indvar_flatten18 = phi i11 [ %add_ln31, %ifFalse ], [ 0, %.preheader.preheader ]" [../layers_c/pointwise_conv2d.cpp:31]   --->   Operation 94 'phi' 'indvar_flatten18' <Predicate = true> <Delay = 0.00>
ST_6 : Operation 95 [1/1] (0.00ns)   --->   "%out_h_0 = phi i4 [ %select_ln31, %ifFalse ], [ 0, %.preheader.preheader ]" [../layers_c/pointwise_conv2d.cpp:31]   --->   Operation 95 'phi' 'out_h_0' <Predicate = true> <Delay = 0.00>
ST_6 : Operation 96 [1/1] (0.00ns)   --->   "%indvar_flatten = phi i8 [ %select_ln33, %ifFalse ], [ 0, %.preheader.preheader ]" [../layers_c/pointwise_conv2d.cpp:33]   --->   Operation 96 'phi' 'indvar_flatten' <Predicate = true> <Delay = 0.00>
ST_6 : Operation 97 [1/1] (1.88ns)   --->   "%icmp_ln31 = icmp eq i11 %indvar_flatten18, -480" [../layers_c/pointwise_conv2d.cpp:31]   --->   Operation 97 'icmp' 'icmp_ln31' <Predicate = true> <Delay = 1.88> <Core = "Cmp">   --->   Core 25 'Cmp' <Latency = 0> <II = 1> <Delay = 1.36> <FuncUnit> <Opcode : 'icmp'> <InPorts = 2> <OutPorts = 1>
ST_6 : Operation 98 [1/1] (1.63ns)   --->   "%add_ln31 = add i11 %indvar_flatten18, 1" [../layers_c/pointwise_conv2d.cpp:31]   --->   Operation 98 'add' 'add_ln31' <Predicate = true> <Delay = 1.63> <Core = "AddSub">   --->   Core 14 'AddSub' <Latency = 0> <II = 1> <Delay = 1.78> <FuncUnit> <Opcode : 'add' 'sub'> <InPorts = 2> <OutPorts = 1>
ST_6 : Operation 99 [1/1] (1.73ns)   --->   "%out_h = add i4 %out_h_0, 1" [../layers_c/pointwise_conv2d.cpp:31]   --->   Operation 99 'add' 'out_h' <Predicate = (!icmp_ln31)> <Delay = 1.73> <Core = "AddSub">   --->   Core 14 'AddSub' <Latency = 0> <II = 1> <Delay = 1.78> <FuncUnit> <Opcode : 'add' 'sub'> <InPorts = 2> <OutPorts = 1>
ST_6 : Operation 100 [1/1] (1.55ns)   --->   "%icmp_ln33 = icmp eq i8 %indvar_flatten, 112" [../layers_c/pointwise_conv2d.cpp:33]   --->   Operation 100 'icmp' 'icmp_ln33' <Predicate = (!icmp_ln31)> <Delay = 1.55> <Core = "Cmp">   --->   Core 25 'Cmp' <Latency = 0> <II = 1> <Delay = 1.36> <FuncUnit> <Opcode : 'icmp'> <InPorts = 2> <OutPorts = 1>
ST_6 : Operation 101 [1/1] (1.02ns)   --->   "%select_ln31 = select i1 %icmp_ln33, i4 %out_h, i4 %out_h_0" [../layers_c/pointwise_conv2d.cpp:31]   --->   Operation 101 'select' 'select_ln31' <Predicate = (!icmp_ln31)> <Delay = 1.02> <Core = "Sel">   --->   Core 26 'Sel' <Latency = 0> <II = 1> <Delay = 1.24> <FuncUnit> <Opcode : 'select'> <InPorts = 3> <OutPorts = 1>
ST_6 : Operation 102 [1/1] (1.91ns)   --->   "%add_ln33 = add i8 %indvar_flatten, 1" [../layers_c/pointwise_conv2d.cpp:33]   --->   Operation 102 'add' 'add_ln33' <Predicate = (!icmp_ln31)> <Delay = 1.91> <Core = "AddSub">   --->   Core 14 'AddSub' <Latency = 0> <II = 1> <Delay = 1.78> <FuncUnit> <Opcode : 'add' 'sub'> <InPorts = 2> <OutPorts = 1>
ST_6 : Operation 103 [1/1] (1.24ns)   --->   "%select_ln33 = select i1 %icmp_ln33, i8 1, i8 %add_ln33" [../layers_c/pointwise_conv2d.cpp:33]   --->   Operation 103 'select' 'select_ln33' <Predicate = (!icmp_ln31)> <Delay = 1.24> <Core = "Sel">   --->   Core 26 'Sel' <Latency = 0> <II = 1> <Delay = 1.24> <FuncUnit> <Opcode : 'select'> <InPorts = 3> <OutPorts = 1>
ST_6 : Operation 104 [1/1] (0.00ns)   --->   "br label %.preheader"   --->   Operation 104 'br' <Predicate = (!icmp_ln31)> <Delay = 0.00>

State 7 <SV = 5> <Delay = 4.70>
ST_7 : Operation 105 [1/1] (0.00ns)   --->   "%out_w_0 = phi i4 [ %select_ln36_5, %ifFalse ], [ 0, %.preheader.preheader ]" [../layers_c/pointwise_conv2d.cpp:36]   --->   Operation 105 'phi' 'out_w_0' <Predicate = true> <Delay = 0.00>
ST_7 : Operation 106 [1/1] (0.00ns)   --->   "%buffer_0 = phi i22 [ %buffer, %ifFalse ], [ %sext_ln34, %.preheader.preheader ]"   --->   Operation 106 'phi' 'buffer_0' <Predicate = (!icmp_ln33)> <Delay = 0.00>
ST_7 : Operation 107 [1/1] (0.00ns)   --->   "%in_d_0 = phi i4 [ %in_d, %ifFalse ], [ 0, %.preheader.preheader ]"   --->   Operation 107 'phi' 'in_d_0' <Predicate = true> <Delay = 0.00>
ST_7 : Operation 108 [1/1] (0.00ns)   --->   "call void (...)* @_ssdm_op_SpecPipeline(i32 -1, i32 1, i32 1, i32 0, [1 x i8]* @p_str13) nounwind" [../layers_c/pointwise_conv2d.cpp:32]   --->   Operation 108 'specpipeline' <Predicate = true> <Delay = 0.00>
ST_7 : Operation 109 [1/1] (0.00ns)   --->   "%shl_ln1 = call i8 @_ssdm_op_BitConcatenate.i8.i4.i4(i4 %out_h_0, i4 0)" [../layers_c/pointwise_conv2d.cpp:39]   --->   Operation 109 'bitconcatenate' 'shl_ln1' <Predicate = true> <Delay = 0.00>
ST_7 : Operation 110 [1/1] (0.00ns)   --->   "%zext_ln39 = zext i8 %shl_ln1 to i9" [../layers_c/pointwise_conv2d.cpp:39]   --->   Operation 110 'zext' 'zext_ln39' <Predicate = true> <Delay = 0.00>
ST_7 : Operation 111 [1/1] (0.00ns)   --->   "%shl_ln39_3 = call i5 @_ssdm_op_BitConcatenate.i5.i4.i1(i4 %out_h_0, i1 false)" [../layers_c/pointwise_conv2d.cpp:39]   --->   Operation 111 'bitconcatenate' 'shl_ln39_3' <Predicate = true> <Delay = 0.00>
ST_7 : Operation 112 [1/1] (0.00ns)   --->   "%zext_ln39_7 = zext i5 %shl_ln39_3 to i9" [../layers_c/pointwise_conv2d.cpp:39]   --->   Operation 112 'zext' 'zext_ln39_7' <Predicate = true> <Delay = 0.00>
ST_7 : Operation 113 [1/1] (1.91ns)   --->   "%sub_ln39 = sub i9 %zext_ln39, %zext_ln39_7" [../layers_c/pointwise_conv2d.cpp:39]   --->   Operation 113 'sub' 'sub_ln39' <Predicate = true> <Delay = 1.91> <Core = "AddSub">   --->   Core 14 'AddSub' <Latency = 0> <II = 1> <Delay = 1.78> <FuncUnit> <Opcode : 'add' 'sub'> <InPorts = 2> <OutPorts = 1>
ST_7 : Operation 114 [1/1] (0.00ns)   --->   "%zext_ln36 = zext i4 %out_w_0 to i9" [../layers_c/pointwise_conv2d.cpp:36]   --->   Operation 114 'zext' 'zext_ln36' <Predicate = (!icmp_ln33)> <Delay = 0.00>
ST_7 : Operation 115 [1/1] (1.82ns)   --->   "%add_ln39 = add i9 %sub_ln39, %zext_ln36" [../layers_c/pointwise_conv2d.cpp:39]   --->   Operation 115 'add' 'add_ln39' <Predicate = (!icmp_ln33)> <Delay = 1.82> <Core = "AddSub">   --->   Core 14 'AddSub' <Latency = 0> <II = 1> <Delay = 1.78> <FuncUnit> <Opcode : 'add' 'sub'> <InPorts = 2> <OutPorts = 1>
ST_7 : Operation 116 [1/1] (0.00ns)   --->   "br i1 %icmp_ln31, label %.loopexit.loopexit, label %hls_label_2" [../layers_c/pointwise_conv2d.cpp:31]   --->   Operation 116 'br' <Predicate = true> <Delay = 0.00>
ST_7 : Operation 117 [1/1] (1.02ns)   --->   "%select_ln32 = select i1 %icmp_ln33, i4 0, i4 %out_w_0" [../layers_c/pointwise_conv2d.cpp:32]   --->   Operation 117 'select' 'select_ln32' <Predicate = (!icmp_ln31)> <Delay = 1.02> <Core = "Sel">   --->   Core 26 'Sel' <Latency = 0> <II = 1> <Delay = 1.24> <FuncUnit> <Opcode : 'select'> <InPorts = 3> <OutPorts = 1>
ST_7 : Operation 118 [1/1] (0.00ns)   --->   "%shl_ln39_mid1 = call i8 @_ssdm_op_BitConcatenate.i8.i4.i4(i4 %out_h, i4 0)" [../layers_c/pointwise_conv2d.cpp:39]   --->   Operation 118 'bitconcatenate' 'shl_ln39_mid1' <Predicate = (!icmp_ln31)> <Delay = 0.00>
ST_7 : Operation 119 [1/1] (0.00ns)   --->   "%zext_ln39_8 = zext i8 %shl_ln39_mid1 to i9" [../layers_c/pointwise_conv2d.cpp:39]   --->   Operation 119 'zext' 'zext_ln39_8' <Predicate = (!icmp_ln31)> <Delay = 0.00>
ST_7 : Operation 120 [1/1] (0.00ns)   --->   "%shl_ln39_3_mid1 = call i5 @_ssdm_op_BitConcatenate.i5.i4.i1(i4 %out_h, i1 false)" [../layers_c/pointwise_conv2d.cpp:39]   --->   Operation 120 'bitconcatenate' 'shl_ln39_3_mid1' <Predicate = (!icmp_ln31)> <Delay = 0.00>
ST_7 : Operation 121 [1/1] (0.00ns)   --->   "%zext_ln39_9 = zext i5 %shl_ln39_3_mid1 to i9" [../layers_c/pointwise_conv2d.cpp:39]   --->   Operation 121 'zext' 'zext_ln39_9' <Predicate = (!icmp_ln31)> <Delay = 0.00>
ST_7 : Operation 122 [1/1] (1.91ns)   --->   "%sub_ln39_2 = sub i9 %zext_ln39_8, %zext_ln39_9" [../layers_c/pointwise_conv2d.cpp:39]   --->   Operation 122 'sub' 'sub_ln39_2' <Predicate = (!icmp_ln31)> <Delay = 1.91> <Core = "AddSub">   --->   Core 14 'AddSub' <Latency = 0> <II = 1> <Delay = 1.78> <FuncUnit> <Opcode : 'add' 'sub'> <InPorts = 2> <OutPorts = 1>
ST_7 : Operation 123 [1/1] (0.96ns)   --->   "%select_ln32_4 = select i1 %icmp_ln33, i9 %sub_ln39_2, i9 %sub_ln39" [../layers_c/pointwise_conv2d.cpp:32]   --->   Operation 123 'select' 'select_ln32_4' <Predicate = (!icmp_ln31)> <Delay = 0.96> <Core = "Sel">   --->   Core 26 'Sel' <Latency = 0> <II = 1> <Delay = 1.24> <FuncUnit> <Opcode : 'select'> <InPorts = 3> <OutPorts = 1>
ST_7 : Operation 124 [1/1] (0.00ns) (grouped into LUT with out node and_ln32)   --->   "%xor_ln32 = xor i1 %icmp_ln33, true" [../layers_c/pointwise_conv2d.cpp:32]   --->   Operation 124 'xor' 'xor_ln32' <Predicate = (!icmp_ln31)> <Delay = 0.00> <Core = "LogicGate">   --->   Core 27 'LogicGate' <Latency = 0> <II = 1> <Delay = 0.99> <FuncUnit> <Opcode : 'and' 'or' 'xor'> <InPorts = 2> <OutPorts = 1>
ST_7 : Operation 125 [1/1] (1.30ns)   --->   "%icmp_ln36 = icmp eq i4 %in_d_0, -8" [../layers_c/pointwise_conv2d.cpp:36]   --->   Operation 125 'icmp' 'icmp_ln36' <Predicate = (!icmp_ln31)> <Delay = 1.30> <Core = "Cmp">   --->   Core 25 'Cmp' <Latency = 0> <II = 1> <Delay = 1.36> <FuncUnit> <Opcode : 'icmp'> <InPorts = 2> <OutPorts = 1>
ST_7 : Operation 126 [1/1] (0.97ns) (out node of the LUT)   --->   "%and_ln32 = and i1 %icmp_ln36, %xor_ln32" [../layers_c/pointwise_conv2d.cpp:32]   --->   Operation 126 'and' 'and_ln32' <Predicate = (!icmp_ln31)> <Delay = 0.97> <Core = "LogicGate">   --->   Core 27 'LogicGate' <Latency = 0> <II = 1> <Delay = 0.99> <FuncUnit> <Opcode : 'and' 'or' 'xor'> <InPorts = 2> <OutPorts = 1>
ST_7 : Operation 127 [1/1] (1.73ns)   --->   "%out_w = add i4 %select_ln32, 1" [../layers_c/pointwise_conv2d.cpp:33]   --->   Operation 127 'add' 'out_w' <Predicate = (!icmp_ln31)> <Delay = 1.73> <Core = "AddSub">   --->   Core 14 'AddSub' <Latency = 0> <II = 1> <Delay = 1.78> <FuncUnit> <Opcode : 'add' 'sub'> <InPorts = 2> <OutPorts = 1>
ST_7 : Operation 128 [1/1] (0.00ns) (grouped into LUT with out node select_ln36_4)   --->   "%or_ln36 = or i1 %and_ln32, %icmp_ln33" [../layers_c/pointwise_conv2d.cpp:36]   --->   Operation 128 'or' 'or_ln36' <Predicate = (!icmp_ln31)> <Delay = 0.00> <Core = "LogicGate">   --->   Core 27 'LogicGate' <Latency = 0> <II = 1> <Delay = 0.99> <FuncUnit> <Opcode : 'and' 'or' 'xor'> <InPorts = 2> <OutPorts = 1>
ST_7 : Operation 129 [1/1] (1.02ns) (out node of the LUT)   --->   "%select_ln36_4 = select i1 %or_ln36, i4 0, i4 %in_d_0" [../layers_c/pointwise_conv2d.cpp:36]   --->   Operation 129 'select' 'select_ln36_4' <Predicate = (!icmp_ln31)> <Delay = 1.02> <Core = "Sel">   --->   Core 26 'Sel' <Latency = 0> <II = 1> <Delay = 1.24> <FuncUnit> <Opcode : 'select'> <InPorts = 3> <OutPorts = 1>
ST_7 : Operation 130 [1/1] (0.00ns)   --->   "%zext_ln36_2 = zext i4 %out_w to i9" [../layers_c/pointwise_conv2d.cpp:36]   --->   Operation 130 'zext' 'zext_ln36_2' <Predicate = (!icmp_ln31)> <Delay = 0.00>
ST_7 : Operation 131 [1/1] (1.02ns)   --->   "%select_ln36_5 = select i1 %and_ln32, i4 %out_w, i4 %select_ln32" [../layers_c/pointwise_conv2d.cpp:36]   --->   Operation 131 'select' 'select_ln36_5' <Predicate = (!icmp_ln31)> <Delay = 1.02> <Core = "Sel">   --->   Core 26 'Sel' <Latency = 0> <II = 1> <Delay = 1.24> <FuncUnit> <Opcode : 'select'> <InPorts = 3> <OutPorts = 1>
ST_7 : Operation 132 [1/1] (1.82ns)   --->   "%add_ln39_4 = add i9 %select_ln32_4, %zext_ln36_2" [../layers_c/pointwise_conv2d.cpp:39]   --->   Operation 132 'add' 'add_ln39_4' <Predicate = (!icmp_ln31)> <Delay = 1.82> <Core = "AddSub">   --->   Core 14 'AddSub' <Latency = 0> <II = 1> <Delay = 1.78> <FuncUnit> <Opcode : 'add' 'sub'> <InPorts = 2> <OutPorts = 1>

State 8 <SV = 6> <Delay = 6.38>
ST_8 : Operation 133 [1/1] (0.00ns) (grouped into LUT with out node select_ln36_6)   --->   "%select_ln32_5 = select i1 %icmp_ln33, i9 %sub_ln39_2, i9 %add_ln39" [../layers_c/pointwise_conv2d.cpp:32]   --->   Operation 133 'select' 'select_ln32_5' <Predicate = (!icmp_ln31 & !and_ln32)> <Delay = 0.00> <Core = "Sel">   --->   Core 26 'Sel' <Latency = 0> <II = 1> <Delay = 1.24> <FuncUnit> <Opcode : 'select'> <InPorts = 3> <OutPorts = 1>
ST_8 : Operation 134 [1/1] (0.00ns)   --->   "%zext_ln36_3 = zext i4 %select_ln36_5 to i9" [../layers_c/pointwise_conv2d.cpp:36]   --->   Operation 134 'zext' 'zext_ln36_3' <Predicate = (!icmp_ln31)> <Delay = 0.00>
ST_8 : Operation 135 [1/1] (0.96ns) (out node of the LUT)   --->   "%select_ln36_6 = select i1 %and_ln32, i9 %add_ln39_4, i9 %select_ln32_5" [../layers_c/pointwise_conv2d.cpp:36]   --->   Operation 135 'select' 'select_ln36_6' <Predicate = (!icmp_ln31)> <Delay = 0.96> <Core = "Sel">   --->   Core 26 'Sel' <Latency = 0> <II = 1> <Delay = 1.24> <FuncUnit> <Opcode : 'select'> <InPorts = 3> <OutPorts = 1>
ST_8 : Operation 136 [1/1] (0.00ns)   --->   "%sext_ln36 = sext i9 %select_ln36_6 to i12" [../layers_c/pointwise_conv2d.cpp:36]   --->   Operation 136 'sext' 'sext_ln36' <Predicate = (!icmp_ln31)> <Delay = 0.00>
ST_8 : Operation 137 [1/1] (0.00ns)   --->   "%zext_ln39_10 = zext i4 %select_ln36_4 to i12" [../layers_c/pointwise_conv2d.cpp:39]   --->   Operation 137 'zext' 'zext_ln39_10' <Predicate = (!icmp_ln31)> <Delay = 0.00>
ST_8 : Operation 138 [1/1] (3.36ns) (grouped into DSP with root node add_ln39_1)   --->   "%mul_ln39_2 = mul i12 %zext_ln39_10, 196" [../layers_c/pointwise_conv2d.cpp:39]   --->   Operation 138 'mul' 'mul_ln39_2' <Predicate = (!icmp_ln31)> <Delay = 3.36> <Core = "DSP48">   --->   Core 88 'DSP48' <Latency = 0> <II = 1> <Delay = 6.38> <IPBlock> <Opcode : 'mul' 'add' 'sub' 'select'> <InPorts = 0> <OutPorts = 1> <Sync> <CReg>
ST_8 : Operation 139 [1/1] (3.02ns) (root node of the DSP)   --->   "%add_ln39_1 = add i12 %sext_ln36, %mul_ln39_2" [../layers_c/pointwise_conv2d.cpp:39]   --->   Operation 139 'add' 'add_ln39_1' <Predicate = (!icmp_ln31)> <Delay = 3.02> <Core = "DSP48">   --->   Core 88 'DSP48' <Latency = 0> <II = 1> <Delay = 6.38> <IPBlock> <Opcode : 'mul' 'add' 'sub' 'select'> <InPorts = 0> <OutPorts = 1> <Sync> <CReg>
ST_8 : Operation 140 [1/1] (1.73ns)   --->   "%in_d = add i4 %select_ln36_4, 1" [../layers_c/pointwise_conv2d.cpp:36]   --->   Operation 140 'add' 'in_d' <Predicate = (!icmp_ln31)> <Delay = 1.73> <Core = "AddSub">   --->   Core 14 'AddSub' <Latency = 0> <II = 1> <Delay = 1.78> <FuncUnit> <Opcode : 'add' 'sub'> <InPorts = 2> <OutPorts = 1>
ST_8 : Operation 141 [1/1] (1.30ns)   --->   "%icmp_ln36_2 = icmp eq i4 %in_d, -8" [../layers_c/pointwise_conv2d.cpp:36]   --->   Operation 141 'icmp' 'icmp_ln36_2' <Predicate = (!icmp_ln31)> <Delay = 1.30> <Core = "Cmp">   --->   Core 25 'Cmp' <Latency = 0> <II = 1> <Delay = 1.36> <FuncUnit> <Opcode : 'icmp'> <InPorts = 2> <OutPorts = 1>
ST_8 : Operation 142 [1/1] (0.00ns)   --->   "br i1 %icmp_ln36_2, label %ifTrue, label %ifFalse" [../layers_c/pointwise_conv2d.cpp:36]   --->   Operation 142 'br' <Predicate = (!icmp_ln31)> <Delay = 0.00>
ST_8 : Operation 143 [1/1] (1.82ns)   --->   "%add_ln47 = add i9 %zext_ln36_3, %select_ln32_4" [../layers_c/pointwise_conv2d.cpp:47]   --->   Operation 143 'add' 'add_ln47' <Predicate = (icmp_ln36_2)> <Delay = 1.82> <Core = "AddSub">   --->   Core 14 'AddSub' <Latency = 0> <II = 1> <Delay = 1.78> <FuncUnit> <Opcode : 'add' 'sub'> <InPorts = 2> <OutPorts = 1>

State 9 <SV = 7> <Delay = 3.25>
ST_9 : Operation 144 [1/1] (0.00ns)   --->   "%sext_ln39 = sext i12 %add_ln39_1 to i32" [../layers_c/pointwise_conv2d.cpp:39]   --->   Operation 144 'sext' 'sext_ln39' <Predicate = (!icmp_ln31)> <Delay = 0.00>
ST_9 : Operation 145 [1/1] (0.00ns)   --->   "%zext_ln39_6 = zext i32 %sext_ln39 to i64" [../layers_c/pointwise_conv2d.cpp:39]   --->   Operation 145 'zext' 'zext_ln39_6' <Predicate = (!icmp_ln31)> <Delay = 0.00>
ST_9 : Operation 146 [1/1] (0.00ns)   --->   "%input_addr = getelementptr [14400 x i16]* %input_r, i64 0, i64 %zext_ln39_6" [../layers_c/pointwise_conv2d.cpp:39]   --->   Operation 146 'getelementptr' 'input_addr' <Predicate = (!icmp_ln31)> <Delay = 0.00>
ST_9 : Operation 147 [2/2] (3.25ns)   --->   "%input_load = load i16* %input_addr, align 2" [../layers_c/pointwise_conv2d.cpp:39]   --->   Operation 147 'load' 'input_load' <Predicate = (!icmp_ln31)> <Delay = 3.25> <Core = "RAM">   --->   Core 37 'RAM' <Latency = 1> <II = 1> <Delay = 3.25> <Storage> <Opcode : 'load' 'store'> <Ports = 2> <Width = 16> <Depth = 14400> <RAM>

State 10 <SV = 8> <Delay = 3.25>
ST_10 : Operation 148 [1/1] (0.00ns)   --->   "%kernel_buffer_15_lo = load i32* %kernel_buffer_15" [../layers_c/pointwise_conv2d.cpp:39]   --->   Operation 148 'load' 'kernel_buffer_15_lo' <Predicate = (!icmp_ln31)> <Delay = 0.00>
ST_10 : Operation 149 [1/1] (0.00ns)   --->   "%kernel_buffer_15_17_1 = load i32* %kernel_buffer_15_17" [../layers_c/pointwise_conv2d.cpp:39]   --->   Operation 149 'load' 'kernel_buffer_15_17_1' <Predicate = (!icmp_ln31)> <Delay = 0.00>
ST_10 : Operation 150 [1/1] (0.00ns)   --->   "%kernel_buffer_15_18_1 = load i32* %kernel_buffer_15_18" [../layers_c/pointwise_conv2d.cpp:39]   --->   Operation 150 'load' 'kernel_buffer_15_18_1' <Predicate = (!icmp_ln31)> <Delay = 0.00>
ST_10 : Operation 151 [1/1] (0.00ns)   --->   "%kernel_buffer_15_19_1 = load i32* %kernel_buffer_15_19" [../layers_c/pointwise_conv2d.cpp:39]   --->   Operation 151 'load' 'kernel_buffer_15_19_1' <Predicate = (!icmp_ln31)> <Delay = 0.00>
ST_10 : Operation 152 [1/1] (0.00ns)   --->   "%kernel_buffer_15_20_1 = load i32* %kernel_buffer_15_20" [../layers_c/pointwise_conv2d.cpp:39]   --->   Operation 152 'load' 'kernel_buffer_15_20_1' <Predicate = (!icmp_ln31)> <Delay = 0.00>
ST_10 : Operation 153 [1/1] (0.00ns)   --->   "%kernel_buffer_15_21_1 = load i32* %kernel_buffer_15_21" [../layers_c/pointwise_conv2d.cpp:39]   --->   Operation 153 'load' 'kernel_buffer_15_21_1' <Predicate = (!icmp_ln31)> <Delay = 0.00>
ST_10 : Operation 154 [1/1] (0.00ns)   --->   "%kernel_buffer_15_22_1 = load i32* %kernel_buffer_15_22" [../layers_c/pointwise_conv2d.cpp:39]   --->   Operation 154 'load' 'kernel_buffer_15_22_1' <Predicate = (!icmp_ln31)> <Delay = 0.00>
ST_10 : Operation 155 [1/1] (0.00ns)   --->   "%kernel_buffer_15_23_1 = load i32* %kernel_buffer_15_23" [../layers_c/pointwise_conv2d.cpp:39]   --->   Operation 155 'load' 'kernel_buffer_15_23_1' <Predicate = (!icmp_ln31)> <Delay = 0.00>
ST_10 : Operation 156 [1/1] (0.00ns)   --->   "%kernel_buffer_15_24_1 = load i32* %kernel_buffer_15_24" [../layers_c/pointwise_conv2d.cpp:39]   --->   Operation 156 'load' 'kernel_buffer_15_24_1' <Predicate = (!icmp_ln31)> <Delay = 0.00>
ST_10 : Operation 157 [1/1] (0.00ns)   --->   "%kernel_buffer_15_25_1 = load i32* %kernel_buffer_15_25" [../layers_c/pointwise_conv2d.cpp:39]   --->   Operation 157 'load' 'kernel_buffer_15_25_1' <Predicate = (!icmp_ln31)> <Delay = 0.00>
ST_10 : Operation 158 [1/1] (0.00ns)   --->   "%kernel_buffer_15_26_1 = load i32* %kernel_buffer_15_26" [../layers_c/pointwise_conv2d.cpp:39]   --->   Operation 158 'load' 'kernel_buffer_15_26_1' <Predicate = (!icmp_ln31)> <Delay = 0.00>
ST_10 : Operation 159 [1/1] (0.00ns)   --->   "%kernel_buffer_15_27_1 = load i32* %kernel_buffer_15_27" [../layers_c/pointwise_conv2d.cpp:39]   --->   Operation 159 'load' 'kernel_buffer_15_27_1' <Predicate = (!icmp_ln31)> <Delay = 0.00>
ST_10 : Operation 160 [1/1] (0.00ns)   --->   "%kernel_buffer_15_28_1 = load i32* %kernel_buffer_15_28" [../layers_c/pointwise_conv2d.cpp:39]   --->   Operation 160 'load' 'kernel_buffer_15_28_1' <Predicate = (!icmp_ln31)> <Delay = 0.00>
ST_10 : Operation 161 [1/1] (0.00ns)   --->   "%kernel_buffer_15_29_1 = load i32* %kernel_buffer_15_29" [../layers_c/pointwise_conv2d.cpp:39]   --->   Operation 161 'load' 'kernel_buffer_15_29_1' <Predicate = (!icmp_ln31)> <Delay = 0.00>
ST_10 : Operation 162 [1/1] (0.00ns)   --->   "%kernel_buffer_15_01 = load i32* %kernel_buffer_15_016" [../layers_c/pointwise_conv2d.cpp:39]   --->   Operation 162 'load' 'kernel_buffer_15_01' <Predicate = (!icmp_ln31)> <Delay = 0.00>
ST_10 : Operation 163 [1/2] (3.25ns)   --->   "%input_load = load i16* %input_addr, align 2" [../layers_c/pointwise_conv2d.cpp:39]   --->   Operation 163 'load' 'input_load' <Predicate = (!icmp_ln31)> <Delay = 3.25> <Core = "RAM">   --->   Core 37 'RAM' <Latency = 1> <II = 1> <Delay = 3.25> <Storage> <Opcode : 'load' 'store'> <Ports = 2> <Width = 16> <Depth = 14400> <RAM>
ST_10 : Operation 164 [1/1] (2.06ns)   --->   "%tmp = call i32 @_ssdm_op_Mux.ap_auto.16i32.i4(i32 %kernel_buffer_15_lo, i32 %kernel_buffer_15_17_1, i32 %kernel_buffer_15_18_1, i32 %kernel_buffer_15_19_1, i32 %kernel_buffer_15_20_1, i32 %kernel_buffer_15_21_1, i32 %kernel_buffer_15_22_1, i32 %kernel_buffer_15_23_1, i32 undef, i32 %kernel_buffer_15_24_1, i32 %kernel_buffer_15_25_1, i32 %kernel_buffer_15_26_1, i32 %kernel_buffer_15_27_1, i32 %kernel_buffer_15_28_1, i32 %kernel_buffer_15_29_1, i32 %kernel_buffer_15_01, i4 %select_ln36_4)" [../layers_c/pointwise_conv2d.cpp:39]   --->   Operation 164 'mux' 'tmp' <Predicate = (!icmp_ln31)> <Delay = 2.06> <Core = "MuxnS">   --->   Core 31 'MuxnS' <Latency = 0> <II = 1> <Delay = 2.06> <FuncUnit> <Opcode : 'mux'> <InPorts = 2> <OutPorts = 1>

State 11 <SV = 9> <Delay = 3.95>
ST_11 : Operation 165 [1/1] (0.00ns)   --->   "%sext_ln39_1 = sext i16 %input_load to i32" [../layers_c/pointwise_conv2d.cpp:39]   --->   Operation 165 'sext' 'sext_ln39_1' <Predicate = (!icmp_ln31)> <Delay = 0.00>
ST_11 : Operation 166 [5/5] (3.95ns)   --->   "%mul_ln39 = mul nsw i32 %tmp, %sext_ln39_1" [../layers_c/pointwise_conv2d.cpp:39]   --->   Operation 166 'mul' 'mul_ln39' <Predicate = (!icmp_ln31)> <Delay = 3.95> <Core = "MulnS">   --->   Core 17 'MulnS' <Latency = 4> <II = 1> <Delay = 3.95> <FuncUnit> <Opcode : 'mul'> <InPorts = 2> <OutPorts = 1>

State 12 <SV = 10> <Delay = 3.95>
ST_12 : Operation 167 [4/5] (3.95ns)   --->   "%mul_ln39 = mul nsw i32 %tmp, %sext_ln39_1" [../layers_c/pointwise_conv2d.cpp:39]   --->   Operation 167 'mul' 'mul_ln39' <Predicate = (!icmp_ln31)> <Delay = 3.95> <Core = "MulnS">   --->   Core 17 'MulnS' <Latency = 4> <II = 1> <Delay = 3.95> <FuncUnit> <Opcode : 'mul'> <InPorts = 2> <OutPorts = 1>

State 13 <SV = 11> <Delay = 3.95>
ST_13 : Operation 168 [3/5] (3.95ns)   --->   "%mul_ln39 = mul nsw i32 %tmp, %sext_ln39_1" [../layers_c/pointwise_conv2d.cpp:39]   --->   Operation 168 'mul' 'mul_ln39' <Predicate = (!icmp_ln31)> <Delay = 3.95> <Core = "MulnS">   --->   Core 17 'MulnS' <Latency = 4> <II = 1> <Delay = 3.95> <FuncUnit> <Opcode : 'mul'> <InPorts = 2> <OutPorts = 1>

State 14 <SV = 12> <Delay = 3.95>
ST_14 : Operation 169 [2/5] (3.95ns)   --->   "%mul_ln39 = mul nsw i32 %tmp, %sext_ln39_1" [../layers_c/pointwise_conv2d.cpp:39]   --->   Operation 169 'mul' 'mul_ln39' <Predicate = (!icmp_ln31)> <Delay = 3.95> <Core = "MulnS">   --->   Core 17 'MulnS' <Latency = 4> <II = 1> <Delay = 3.95> <FuncUnit> <Opcode : 'mul'> <InPorts = 2> <OutPorts = 1>

State 15 <SV = 13> <Delay = 3.95>
ST_15 : Operation 170 [1/5] (3.95ns)   --->   "%mul_ln39 = mul nsw i32 %tmp, %sext_ln39_1" [../layers_c/pointwise_conv2d.cpp:39]   --->   Operation 170 'mul' 'mul_ln39' <Predicate = (!icmp_ln31)> <Delay = 3.95> <Core = "MulnS">   --->   Core 17 'MulnS' <Latency = 4> <II = 1> <Delay = 3.95> <FuncUnit> <Opcode : 'mul'> <InPorts = 2> <OutPorts = 1>

State 16 <SV = 14> <Delay = 2.25>
ST_16 : Operation 171 [1/1] (0.00ns) (grouped into LUT with out node buffer)   --->   "%select_ln32_3 = select i1 %icmp_ln33, i22 %sext_ln34, i22 %buffer_0" [../layers_c/pointwise_conv2d.cpp:32]   --->   Operation 171 'select' 'select_ln32_3' <Predicate = (!icmp_ln31 & !and_ln32)> <Delay = 0.00> <Core = "Sel">   --->   Core 26 'Sel' <Latency = 0> <II = 1> <Delay = 1.24> <FuncUnit> <Opcode : 'select'> <InPorts = 3> <OutPorts = 1>
ST_16 : Operation 172 [1/1] (0.00ns) (grouped into LUT with out node buffer)   --->   "%select_ln36 = select i1 %and_ln32, i22 %sext_ln34, i22 %select_ln32_3" [../layers_c/pointwise_conv2d.cpp:36]   --->   Operation 172 'select' 'select_ln36' <Predicate = (!icmp_ln31)> <Delay = 0.00> <Core = "Sel">   --->   Core 26 'Sel' <Latency = 0> <II = 1> <Delay = 1.24> <FuncUnit> <Opcode : 'select'> <InPorts = 3> <OutPorts = 1>
ST_16 : Operation 173 [1/1] (0.00ns) (grouped into LUT with out node buffer)   --->   "%trunc_ln3 = call i18 @_ssdm_op_PartSelect.i18.i32.i32.i32(i32 %mul_ln39, i32 14, i32 31)" [../layers_c/pointwise_conv2d.cpp:39]   --->   Operation 173 'partselect' 'trunc_ln3' <Predicate = (!icmp_ln31)> <Delay = 0.00>
ST_16 : Operation 174 [1/1] (0.00ns) (grouped into LUT with out node buffer)   --->   "%sext_ln39_3 = sext i18 %trunc_ln3 to i22" [../layers_c/pointwise_conv2d.cpp:39]   --->   Operation 174 'sext' 'sext_ln39_3' <Predicate = (!icmp_ln31)> <Delay = 0.00>
ST_16 : Operation 175 [1/1] (2.25ns) (out node of the LUT)   --->   "%buffer = add i22 %sext_ln39_3, %select_ln36" [../layers_c/pointwise_conv2d.cpp:39]   --->   Operation 175 'add' 'buffer' <Predicate = (!icmp_ln31)> <Delay = 2.25> <Core = "AddSub">   --->   Core 14 'AddSub' <Latency = 0> <II = 1> <Delay = 1.78> <FuncUnit> <Opcode : 'add' 'sub'> <InPorts = 2> <OutPorts = 1>

State 17 <SV = 15> <Delay = 4.80>
ST_17 : Operation 176 [1/1] (0.00ns)   --->   "call void (...)* @_ssdm_op_SpecPipeline(i32 -1, i32 1, i32 1, i32 0, [1 x i8]* @p_str13) nounwind" [../layers_c/pointwise_conv2d.cpp:32]   --->   Operation 176 'specpipeline' <Predicate = (!icmp_ln31)> <Delay = 0.00>
ST_17 : Operation 177 [1/1] (0.00ns)   --->   "%empty_21 = call i32 (...)* @_ssdm_op_SpecLoopTripCount(i64 1568, i64 1568, i64 1568)"   --->   Operation 177 'speclooptripcount' 'empty_21' <Predicate = (!icmp_ln31)> <Delay = 0.00>
ST_17 : Operation 178 [1/1] (0.00ns)   --->   "call void (...)* @_ssdm_op_SpecPipeline(i32 -1, i32 1, i32 1, i32 0, [1 x i8]* @p_str13) nounwind" [../layers_c/pointwise_conv2d.cpp:32]   --->   Operation 178 'specpipeline' <Predicate = (!icmp_ln31)> <Delay = 0.00>
ST_17 : Operation 179 [1/1] (0.00ns)   --->   "%tmp_8 = call i32 (...)* @_ssdm_op_SpecRegionBegin([12 x i8]* @p_str4)" [../layers_c/pointwise_conv2d.cpp:36]   --->   Operation 179 'specregionbegin' 'tmp_8' <Predicate = (!icmp_ln31)> <Delay = 0.00>
ST_17 : Operation 180 [1/1] (0.00ns)   --->   "call void (...)* @_ssdm_op_SpecPipeline(i32 0, i32 1, i32 1, i32 0, [1 x i8]* @p_str13) nounwind" [../layers_c/pointwise_conv2d.cpp:38]   --->   Operation 180 'specpipeline' <Predicate = (!icmp_ln31)> <Delay = 0.00>
ST_17 : Operation 181 [1/1] (0.00ns)   --->   "%empty_22 = call i32 (...)* @_ssdm_op_SpecRegionEnd([12 x i8]* @p_str4, i32 %tmp_8)" [../layers_c/pointwise_conv2d.cpp:45]   --->   Operation 181 'specregionend' 'empty_22' <Predicate = (!icmp_ln31)> <Delay = 0.00>
ST_17 : Operation 182 [1/1] (0.00ns) (grouped into LUT with out node and_ln47)   --->   "%tmp_4 = call i1 @_ssdm_op_BitSelect.i1.i22.i32(i22 %buffer, i32 21)" [../layers_c/pointwise_conv2d.cpp:46]   --->   Operation 182 'bitselect' 'tmp_4' <Predicate = (icmp_ln36_2)> <Delay = 0.00>
ST_17 : Operation 183 [1/1] (0.00ns) (grouped into LUT with out node and_ln47)   --->   "%trunc_ln46 = trunc i22 %buffer to i16" [../layers_c/pointwise_conv2d.cpp:46]   --->   Operation 183 'trunc' 'trunc_ln46' <Predicate = (icmp_ln36_2)> <Delay = 0.00>
ST_17 : Operation 184 [1/1] (0.00ns) (grouped into LUT with out node and_ln47)   --->   "%xor_ln46 = xor i1 %tmp_4, true" [../layers_c/pointwise_conv2d.cpp:46]   --->   Operation 184 'xor' 'xor_ln46' <Predicate = (icmp_ln36_2)> <Delay = 0.00> <Core = "LogicGate">   --->   Core 27 'LogicGate' <Latency = 0> <II = 1> <Delay = 0.99> <FuncUnit> <Opcode : 'and' 'or' 'xor'> <InPorts = 2> <OutPorts = 1>
ST_17 : Operation 185 [1/1] (0.00ns) (grouped into LUT with out node and_ln47)   --->   "%select_ln46 = select i1 %xor_ln46, i16 -1, i16 0" [../layers_c/pointwise_conv2d.cpp:46]   --->   Operation 185 'select' 'select_ln46' <Predicate = (icmp_ln36_2)> <Delay = 0.00> <Core = "Sel">   --->   Core 26 'Sel' <Latency = 0> <II = 1> <Delay = 1.24> <FuncUnit> <Opcode : 'select'> <InPorts = 3> <OutPorts = 1>
ST_17 : Operation 186 [1/1] (0.99ns) (out node of the LUT)   --->   "%and_ln47 = and i16 %select_ln46, %trunc_ln46" [../layers_c/pointwise_conv2d.cpp:47]   --->   Operation 186 'and' 'and_ln47' <Predicate = (icmp_ln36_2)> <Delay = 0.99> <Core = "LogicGate">   --->   Core 27 'LogicGate' <Latency = 0> <II = 1> <Delay = 0.99> <FuncUnit> <Opcode : 'and' 'or' 'xor'> <InPorts = 2> <OutPorts = 1>
ST_17 : Operation 187 [1/1] (0.00ns)   --->   "%sext_ln47 = sext i9 %add_ln47 to i13" [../layers_c/pointwise_conv2d.cpp:47]   --->   Operation 187 'sext' 'sext_ln47' <Predicate = (icmp_ln36_2)> <Delay = 0.00>
ST_17 : Operation 188 [1/1] (1.54ns)   --->   "%add_ln47_1 = add i13 %zext_ln24, %sext_ln47" [../layers_c/pointwise_conv2d.cpp:47]   --->   Operation 188 'add' 'add_ln47_1' <Predicate = (icmp_ln36_2)> <Delay = 1.54> <Core = "AddSub">   --->   Core 14 'AddSub' <Latency = 0> <II = 1> <Delay = 1.78> <FuncUnit> <Opcode : 'add' 'sub'> <InPorts = 2> <OutPorts = 1>
ST_17 : Operation 189 [1/1] (0.00ns)   --->   "%sext_ln47_1 = sext i13 %add_ln47_1 to i32" [../layers_c/pointwise_conv2d.cpp:47]   --->   Operation 189 'sext' 'sext_ln47_1' <Predicate = (icmp_ln36_2)> <Delay = 0.00>
ST_17 : Operation 190 [1/1] (0.00ns)   --->   "%zext_ln47 = zext i32 %sext_ln47_1 to i64" [../layers_c/pointwise_conv2d.cpp:47]   --->   Operation 190 'zext' 'zext_ln47' <Predicate = (icmp_ln36_2)> <Delay = 0.00>
ST_17 : Operation 191 [1/1] (0.00ns)   --->   "%output_addr = getelementptr [14400 x i16]* %output_r, i64 0, i64 %zext_ln47" [../layers_c/pointwise_conv2d.cpp:47]   --->   Operation 191 'getelementptr' 'output_addr' <Predicate = (icmp_ln36_2)> <Delay = 0.00>
ST_17 : Operation 192 [1/1] (3.25ns)   --->   "store i16 %and_ln47, i16* %output_addr, align 2" [../layers_c/pointwise_conv2d.cpp:47]   --->   Operation 192 'store' <Predicate = (icmp_ln36_2)> <Delay = 3.25> <Core = "RAM">   --->   Core 37 'RAM' <Latency = 1> <II = 1> <Delay = 3.25> <Storage> <Opcode : 'load' 'store'> <Ports = 2> <Width = 16> <Depth = 14400> <RAM>
ST_17 : Operation 193 [1/1] (0.00ns)   --->   "br label %ifFalse"   --->   Operation 193 'br' <Predicate = (icmp_ln36_2)> <Delay = 0.00>

State 18 <SV = 6> <Delay = 0.00>
ST_18 : Operation 194 [1/1] (0.00ns)   --->   "br label %.loopexit"   --->   Operation 194 'br' <Predicate = true> <Delay = 0.00>


============================================================
+ Verbose Summary: Timing violations
============================================================
Target clock period: 6.67ns, clock uncertainty: 1.67ns.

 <State 1>: 1.77ns
The critical path consists of the following:
	multiplexor before 'phi' operation ('out_d') with incoming values : ('out_d', ../layers_c/pointwise_conv2d.cpp:24) [20]  (1.77 ns)

 <State 2>: 2.06ns
The critical path consists of the following:
	'phi' operation ('out_d') with incoming values : ('out_d', ../layers_c/pointwise_conv2d.cpp:24) [20]  (0 ns)
	'mux' operation ('tmp_9', ../layers_c/pointwise_conv2d.cpp:25) [30]  (2.06 ns)

 <State 3>: 1.87ns
The critical path consists of the following:
	'phi' operation ('i') with incoming values : ('i', ../layers_c/pointwise_conv2d.cpp:26) [35]  (0 ns)
	'add' operation ('add_ln28', ../layers_c/pointwise_conv2d.cpp:28) [44]  (1.87 ns)

 <State 4>: 4.23ns
The critical path consists of the following:
	'mux' operation ('tmp_3', ../layers_c/pointwise_conv2d.cpp:28) [45]  (4.23 ns)
	'store' operation ('store_ln28', ../layers_c/pointwise_conv2d.cpp:28) of variable 'kernel_buffer[0]', ../layers_c/pointwise_conv2d.cpp:28 on local variable 'kernel_buffer[15]' [61]  (0 ns)

 <State 5>: 1.77ns
The critical path consists of the following:
	multiplexor before 'phi' operation ('indvar_flatten18', ../layers_c/pointwise_conv2d.cpp:31) with incoming values : ('add_ln31', ../layers_c/pointwise_conv2d.cpp:31) [99]  (1.77 ns)

 <State 6>: 3.16ns
The critical path consists of the following:
	'phi' operation ('indvar_flatten', ../layers_c/pointwise_conv2d.cpp:33) with incoming values : ('select_ln33', ../layers_c/pointwise_conv2d.cpp:33) [101]  (0 ns)
	'add' operation ('add_ln33', ../layers_c/pointwise_conv2d.cpp:33) [194]  (1.92 ns)
	'select' operation ('select_ln33', ../layers_c/pointwise_conv2d.cpp:33) [195]  (1.25 ns)

 <State 7>: 4.71ns
The critical path consists of the following:
	'sub' operation ('sub_ln39', ../layers_c/pointwise_conv2d.cpp:39) [110]  (1.92 ns)
	'select' operation ('select_ln32_4', ../layers_c/pointwise_conv2d.cpp:32) [144]  (0.968 ns)
	'add' operation ('add_ln39_4', ../layers_c/pointwise_conv2d.cpp:39) [157]  (1.82 ns)

 <State 8>: 6.38ns
The critical path consists of the following:
	'mul' operation of DSP[164] ('mul_ln39_2', ../layers_c/pointwise_conv2d.cpp:39) [163]  (3.36 ns)
	'add' operation of DSP[164] ('add_ln39_1', ../layers_c/pointwise_conv2d.cpp:39) [164]  (3.02 ns)

 <State 9>: 3.25ns
The critical path consists of the following:
	'getelementptr' operation ('input_addr', ../layers_c/pointwise_conv2d.cpp:39) [167]  (0 ns)
	'load' operation ('input_load', ../layers_c/pointwise_conv2d.cpp:39) on array 'input_r' [168]  (3.25 ns)

 <State 10>: 3.25ns
The critical path consists of the following:
	'load' operation ('input_load', ../layers_c/pointwise_conv2d.cpp:39) on array 'input_r' [168]  (3.25 ns)

 <State 11>: 3.95ns
The critical path consists of the following:
	'mul' operation ('mul_ln39', ../layers_c/pointwise_conv2d.cpp:39) [171]  (3.95 ns)

 <State 12>: 3.95ns
The critical path consists of the following:
	'mul' operation ('mul_ln39', ../layers_c/pointwise_conv2d.cpp:39) [171]  (3.95 ns)

 <State 13>: 3.95ns
The critical path consists of the following:
	'mul' operation ('mul_ln39', ../layers_c/pointwise_conv2d.cpp:39) [171]  (3.95 ns)

 <State 14>: 3.95ns
The critical path consists of the following:
	'mul' operation ('mul_ln39', ../layers_c/pointwise_conv2d.cpp:39) [171]  (3.95 ns)

 <State 15>: 3.95ns
The critical path consists of the following:
	'mul' operation ('mul_ln39', ../layers_c/pointwise_conv2d.cpp:39) [171]  (3.95 ns)

 <State 16>: 2.26ns
The critical path consists of the following:
	'select' operation ('select_ln32_3', ../layers_c/pointwise_conv2d.cpp:32) [137]  (0 ns)
	'select' operation ('select_ln36', ../layers_c/pointwise_conv2d.cpp:36) [151]  (0 ns)
	'add' operation ('buffer', ../layers_c/pointwise_conv2d.cpp:39) [174]  (2.26 ns)

 <State 17>: 4.8ns
The critical path consists of the following:
	'add' operation ('add_ln47_1', ../layers_c/pointwise_conv2d.cpp:47) [187]  (1.55 ns)
	'getelementptr' operation ('output_addr', ../layers_c/pointwise_conv2d.cpp:47) [190]  (0 ns)
	'store' operation ('store_ln47', ../layers_c/pointwise_conv2d.cpp:47) of variable 'and_ln47', ../layers_c/pointwise_conv2d.cpp:47 on array 'output_r' [191]  (3.25 ns)

 <State 18>: 0ns
The critical path consists of the following:


============================================================
+ Verbose Summary: Binding
============================================================
N/A
* FSMD analyzer results:
  - Output states:
 - Input state : 
  - Chain level:
	State 1
	State 2
	State 3
	State 4
	State 5
	State 6
	State 7
	State 8
	State 9
	State 10
	State 11
	State 12
	State 13
	State 14
	State 15
	State 16
	State 17
	State 18


============================================================
+ Verbose Summary: Datapath Resource usage 
============================================================
N/A
