

================================================================
== Vivado HLS Report for 'pointwise_conv2d_fix'
================================================================
* Date:           Sun Dec 29 16:52:22 2019

* Version:        2019.1 (Build 2552052 on Fri May 24 15:28:33 MDT 2019)
* Project:        HLS
* Solution:       solution1
* Product family: zynq
* Target device:  xc7z020-clg400-1


================================================================
== Performance Estimates
================================================================
+ Timing (ns): 
    * Summary: 
    +--------+-------+----------+------------+
    |  Clock | Target| Estimated| Uncertainty|
    +--------+-------+----------+------------+
    |ap_clk  |  10.00|     6.380|        1.25|
    +--------+-------+----------+------------+

+ Latency (clock cycles): 
    * Summary: 
    +-------+-------+-------+-------+---------+
    |    Latency    |    Interval   | Pipeline|
    |  min  |  max  |  min  |  max  |   Type  |
    +-------+-------+-------+-------+---------+
    |  75313|  75313|  75313|  75313|   none  |
    +-------+-------+-------+-------+---------+

    + Detail: 
        * Instance: 
        N/A

        * Loop: 
        +-----------------+-------+-------+----------+-----------+-----------+------+----------+
        |                 |    Latency    | Iteration|  Initiation Interval  | Trip |          |
        |    Loop Name    |  min  |  max  |  Latency |  achieved |   target  | Count| Pipelined|
        +-----------------+-------+-------+----------+-----------+-----------+------+----------+
        |- Loop 1         |  75312|  75312|      4707|          -|          -|    16|    no    |
        | + Loop 1.1      |   4704|   4704|         6|          -|          -|   784|    no    |
        |  ++ Loop 1.1.1  |      4|      4|         4|          -|          -|     1|    no    |
        +-----------------+-------+-------+----------+-----------+-----------+------+----------+

============================================================
+ Verbose Summary: Synthesis Manager
============================================================
InlineROM: 1
ExposeGlobal: 0
============================================================
+ Verbose Summary: CDFG Model
============================================================
IsTopModel: 0
ResetActiveHigh: 1
IsCombinational: 0
IsDatapathOnly: 0
HasWiredReturn: 1
HasMFsm: 0
HasVarLatency: 1
IsPipeline: 0
IsRtlPipelined: 0
IsInstanceOverlapped: 0
IsDontTouch: 0
HasImplIP: 0
IsGatedGlobalClock: 0


============================================================
+ Verbose Summary: Schedule
============================================================
* Number of FSM states : 8
* Pipeline : 0
* Dataflow Pipeline: 0

* FSM state transitions: 
1 --> 2 
2 --> 3 
3 --> 4 
4 --> 5 2 
5 --> 6 4 
6 --> 7 
7 --> 8 
8 --> 5 

* FSM state operations: 

State 1 <SV = 0> <Delay = 1.76>
ST_1 : Operation 9 [1/1] (1.76ns)   --->   "br label %.loopexit" [../layers_c/pointwise_conv2d.cpp:22]   --->   Operation 9 'br' <Predicate = true> <Delay = 1.76>

State 2 <SV = 1> <Delay = 3.25>
ST_2 : Operation 10 [1/1] (0.00ns)   --->   "%out_d_0 = phi i5 [ 0, %0 ], [ %out_d, %.loopexit.loopexit ]"   --->   Operation 10 'phi' 'out_d_0' <Predicate = true> <Delay = 0.00>
ST_2 : Operation 11 [1/1] (0.00ns)   --->   "%phi_mul = phi i14 [ 0, %0 ], [ %add_ln22, %.loopexit.loopexit ]" [../layers_c/pointwise_conv2d.cpp:22]   --->   Operation 11 'phi' 'phi_mul' <Predicate = true> <Delay = 0.00>
ST_2 : Operation 12 [1/1] (0.00ns)   --->   "%zext_ln22 = zext i14 %phi_mul to i15" [../layers_c/pointwise_conv2d.cpp:22]   --->   Operation 12 'zext' 'zext_ln22' <Predicate = true> <Delay = 0.00>
ST_2 : Operation 13 [1/1] (1.81ns)   --->   "%add_ln22 = add i14 %phi_mul, 784" [../layers_c/pointwise_conv2d.cpp:22]   --->   Operation 13 'add' 'add_ln22' <Predicate = true> <Delay = 1.81> <Core = "AddSub">   --->   Core 14 'AddSub' <Latency = 0> <II = 1> <Delay = 1.78> <FuncUnit> <Opcode : 'add' 'sub'> <InPorts = 2> <OutPorts = 1>
ST_2 : Operation 14 [1/1] (1.36ns)   --->   "%icmp_ln22 = icmp eq i5 %out_d_0, -16" [../layers_c/pointwise_conv2d.cpp:22]   --->   Operation 14 'icmp' 'icmp_ln22' <Predicate = true> <Delay = 1.36> <Core = "Cmp">   --->   Core 25 'Cmp' <Latency = 0> <II = 1> <Delay = 1.36> <FuncUnit> <Opcode : 'icmp'> <InPorts = 2> <OutPorts = 1>
ST_2 : Operation 15 [1/1] (0.00ns)   --->   "%empty = call i32 (...)* @_ssdm_op_SpecLoopTripCount(i64 16, i64 16, i64 16)"   --->   Operation 15 'speclooptripcount' 'empty' <Predicate = true> <Delay = 0.00>
ST_2 : Operation 16 [1/1] (1.78ns)   --->   "%out_d = add i5 %out_d_0, 1" [../layers_c/pointwise_conv2d.cpp:22]   --->   Operation 16 'add' 'out_d' <Predicate = true> <Delay = 1.78> <Core = "AddSub">   --->   Core 14 'AddSub' <Latency = 0> <II = 1> <Delay = 1.78> <FuncUnit> <Opcode : 'add' 'sub'> <InPorts = 2> <OutPorts = 1>
ST_2 : Operation 17 [1/1] (0.00ns)   --->   "br i1 %icmp_ln22, label %3, label %hls_label_0" [../layers_c/pointwise_conv2d.cpp:22]   --->   Operation 17 'br' <Predicate = true> <Delay = 0.00>
ST_2 : Operation 18 [1/1] (0.00ns)   --->   "%trunc_ln26 = trunc i5 %out_d_0 to i4" [../layers_c/pointwise_conv2d.cpp:26]   --->   Operation 18 'trunc' 'trunc_ln26' <Predicate = (!icmp_ln22)> <Delay = 0.00>
ST_2 : Operation 19 [1/1] (0.00ns)   --->   "%zext_ln28 = zext i5 %out_d_0 to i64" [../layers_c/pointwise_conv2d.cpp:28]   --->   Operation 19 'zext' 'zext_ln28' <Predicate = (!icmp_ln22)> <Delay = 0.00>
ST_2 : Operation 20 [1/1] (0.00ns)   --->   "%SeparableConv2D_0_b_1 = getelementptr [16 x i13]* @SeparableConv2D_0_b_s, i64 0, i64 %zext_ln28" [../layers_c/pointwise_conv2d.cpp:28]   --->   Operation 20 'getelementptr' 'SeparableConv2D_0_b_1' <Predicate = (!icmp_ln22)> <Delay = 0.00>
ST_2 : Operation 21 [2/2] (3.25ns)   --->   "%SeparableConv2D_0_b_2 = load i13* %SeparableConv2D_0_b_1, align 2" [../layers_c/pointwise_conv2d.cpp:28]   --->   Operation 21 'load' 'SeparableConv2D_0_b_2' <Predicate = (!icmp_ln22)> <Delay = 3.25> <Core = "ROM_nP">   --->   Core 52 'ROM_nP' <Latency = 1> <II = 1> <Delay = 3.25> <Storage> <Opcode : 'load'> <Ports = 0> <Width = 13> <Depth = 16> <ROM>
ST_2 : Operation 22 [1/1] (0.00ns)   --->   "ret void"   --->   Operation 22 'ret' <Predicate = (icmp_ln22)> <Delay = 0.00>

State 3 <SV = 2> <Delay = 3.25>
ST_3 : Operation 23 [1/1] (0.00ns)   --->   "%tmp = call i32 (...)* @_ssdm_op_SpecRegionBegin([12 x i8]* @p_str24)" [../layers_c/pointwise_conv2d.cpp:24]   --->   Operation 23 'specregionbegin' 'tmp' <Predicate = true> <Delay = 0.00>
ST_3 : Operation 24 [1/1] (0.00ns)   --->   "call void (...)* @_ssdm_op_SpecPipeline(i32 -1, i32 1, i32 1, i32 0, [1 x i8]* @p_str13) nounwind" [../layers_c/pointwise_conv2d.cpp:25]   --->   Operation 24 'specpipeline' <Predicate = true> <Delay = 0.00>
ST_3 : Operation 25 [1/1] (2.06ns)   --->   "%tmp_1 = call i16 @_ssdm_op_Mux.ap_auto.16i16.i4(i16 -1770, i16 6639, i16 8093, i16 -628, i16 4920, i16 9618, i16 -9253, i16 1545, i16 -10856, i16 2733, i16 1194, i16 6035, i16 3956, i16 -6935, i16 5414, i16 6639, i4 %trunc_ln26)" [../layers_c/pointwise_conv2d.cpp:26]   --->   Operation 25 'mux' 'tmp_1' <Predicate = true> <Delay = 2.06> <Core = "MuxnS">   --->   Core 31 'MuxnS' <Latency = 0> <II = 1> <Delay = 2.06> <FuncUnit> <Opcode : 'mux'> <InPorts = 2> <OutPorts = 1>
ST_3 : Operation 26 [1/1] (0.00ns)   --->   "%kernel_buffer_0 = sext i16 %tmp_1 to i32" [../layers_c/pointwise_conv2d.cpp:26]   --->   Operation 26 'sext' 'kernel_buffer_0' <Predicate = true> <Delay = 0.00>
ST_3 : Operation 27 [1/1] (0.00ns)   --->   "%empty_27 = call i32 (...)* @_ssdm_op_SpecRegionEnd([12 x i8]* @p_str24, i32 %tmp)" [../layers_c/pointwise_conv2d.cpp:27]   --->   Operation 27 'specregionend' 'empty_27' <Predicate = true> <Delay = 0.00>
ST_3 : Operation 28 [1/2] (3.25ns)   --->   "%SeparableConv2D_0_b_2 = load i13* %SeparableConv2D_0_b_1, align 2" [../layers_c/pointwise_conv2d.cpp:28]   --->   Operation 28 'load' 'SeparableConv2D_0_b_2' <Predicate = true> <Delay = 3.25> <Core = "ROM_nP">   --->   Core 52 'ROM_nP' <Latency = 1> <II = 1> <Delay = 3.25> <Storage> <Opcode : 'load'> <Ports = 0> <Width = 13> <Depth = 16> <ROM>
ST_3 : Operation 29 [1/1] (0.00ns)   --->   "%sext_ln28 = sext i13 %SeparableConv2D_0_b_2 to i19" [../layers_c/pointwise_conv2d.cpp:28]   --->   Operation 29 'sext' 'sext_ln28' <Predicate = true> <Delay = 0.00>
ST_3 : Operation 30 [1/1] (1.76ns)   --->   "br label %.preheader" [../layers_c/pointwise_conv2d.cpp:30]   --->   Operation 30 'br' <Predicate = true> <Delay = 1.76>

State 4 <SV = 3> <Delay = 5.15>
ST_4 : Operation 31 [1/1] (0.00ns)   --->   "%indvar_flatten = phi i10 [ 0, %hls_label_0 ], [ %add_ln30, %hls_label_1_end ]" [../layers_c/pointwise_conv2d.cpp:30]   --->   Operation 31 'phi' 'indvar_flatten' <Predicate = true> <Delay = 0.00>
ST_4 : Operation 32 [1/1] (0.00ns)   --->   "%out_h_0 = phi i5 [ 0, %hls_label_0 ], [ %select_ln30, %hls_label_1_end ]" [../layers_c/pointwise_conv2d.cpp:30]   --->   Operation 32 'phi' 'out_h_0' <Predicate = true> <Delay = 0.00>
ST_4 : Operation 33 [1/1] (0.00ns)   --->   "%out_w_0 = phi i5 [ 0, %hls_label_0 ], [ %out_w, %hls_label_1_end ]"   --->   Operation 33 'phi' 'out_w_0' <Predicate = true> <Delay = 0.00>
ST_4 : Operation 34 [1/1] (0.00ns)   --->   "%shl_ln = call i10 @_ssdm_op_BitConcatenate.i10.i5.i5(i5 %out_h_0, i5 0)" [../layers_c/pointwise_conv2d.cpp:37]   --->   Operation 34 'bitconcatenate' 'shl_ln' <Predicate = true> <Delay = 0.00>
ST_4 : Operation 35 [1/1] (0.00ns)   --->   "%zext_ln37_2 = zext i10 %shl_ln to i11" [../layers_c/pointwise_conv2d.cpp:37]   --->   Operation 35 'zext' 'zext_ln37_2' <Predicate = true> <Delay = 0.00>
ST_4 : Operation 36 [1/1] (0.00ns)   --->   "%shl_ln37_1 = call i7 @_ssdm_op_BitConcatenate.i7.i5.i2(i5 %out_h_0, i2 0)" [../layers_c/pointwise_conv2d.cpp:37]   --->   Operation 36 'bitconcatenate' 'shl_ln37_1' <Predicate = true> <Delay = 0.00>
ST_4 : Operation 37 [1/1] (0.00ns)   --->   "%zext_ln37_4 = zext i7 %shl_ln37_1 to i11" [../layers_c/pointwise_conv2d.cpp:37]   --->   Operation 37 'zext' 'zext_ln37_4' <Predicate = true> <Delay = 0.00>
ST_4 : Operation 38 [1/1] (1.73ns)   --->   "%sub_ln37 = sub i11 %zext_ln37_2, %zext_ln37_4" [../layers_c/pointwise_conv2d.cpp:37]   --->   Operation 38 'sub' 'sub_ln37' <Predicate = true> <Delay = 1.73> <Core = "AddSub">   --->   Core 14 'AddSub' <Latency = 0> <II = 1> <Delay = 1.78> <FuncUnit> <Opcode : 'add' 'sub'> <InPorts = 2> <OutPorts = 1>
ST_4 : Operation 39 [1/1] (1.77ns)   --->   "%icmp_ln30 = icmp eq i10 %indvar_flatten, -240" [../layers_c/pointwise_conv2d.cpp:30]   --->   Operation 39 'icmp' 'icmp_ln30' <Predicate = true> <Delay = 1.77> <Core = "Cmp">   --->   Core 25 'Cmp' <Latency = 0> <II = 1> <Delay = 1.36> <FuncUnit> <Opcode : 'icmp'> <InPorts = 2> <OutPorts = 1>
ST_4 : Operation 40 [1/1] (1.73ns)   --->   "%add_ln30 = add i10 %indvar_flatten, 1" [../layers_c/pointwise_conv2d.cpp:30]   --->   Operation 40 'add' 'add_ln30' <Predicate = true> <Delay = 1.73> <Core = "AddSub">   --->   Core 14 'AddSub' <Latency = 0> <II = 1> <Delay = 1.78> <FuncUnit> <Opcode : 'add' 'sub'> <InPorts = 2> <OutPorts = 1>
ST_4 : Operation 41 [1/1] (0.00ns)   --->   "br i1 %icmp_ln30, label %.loopexit.loopexit, label %hls_label_1_begin" [../layers_c/pointwise_conv2d.cpp:30]   --->   Operation 41 'br' <Predicate = true> <Delay = 0.00>
ST_4 : Operation 42 [1/1] (1.78ns)   --->   "%out_h = add i5 %out_h_0, 1" [../layers_c/pointwise_conv2d.cpp:30]   --->   Operation 42 'add' 'out_h' <Predicate = (!icmp_ln30)> <Delay = 1.78> <Core = "AddSub">   --->   Core 14 'AddSub' <Latency = 0> <II = 1> <Delay = 1.78> <FuncUnit> <Opcode : 'add' 'sub'> <InPorts = 2> <OutPorts = 1>
ST_4 : Operation 43 [1/1] (0.00ns)   --->   "%empty_30 = call i32 (...)* @_ssdm_op_SpecLoopTripCount(i64 784, i64 784, i64 784)"   --->   Operation 43 'speclooptripcount' 'empty_30' <Predicate = (!icmp_ln30)> <Delay = 0.00>
ST_4 : Operation 44 [1/1] (1.36ns)   --->   "%icmp_ln31 = icmp eq i5 %out_w_0, -4" [../layers_c/pointwise_conv2d.cpp:31]   --->   Operation 44 'icmp' 'icmp_ln31' <Predicate = (!icmp_ln30)> <Delay = 1.36> <Core = "Cmp">   --->   Core 25 'Cmp' <Latency = 0> <II = 1> <Delay = 1.36> <FuncUnit> <Opcode : 'icmp'> <InPorts = 2> <OutPorts = 1>
ST_4 : Operation 45 [1/1] (1.21ns)   --->   "%select_ln37 = select i1 %icmp_ln31, i5 0, i5 %out_w_0" [../layers_c/pointwise_conv2d.cpp:37]   --->   Operation 45 'select' 'select_ln37' <Predicate = (!icmp_ln30)> <Delay = 1.21> <Core = "Sel">   --->   Core 26 'Sel' <Latency = 0> <II = 1> <Delay = 0.99> <FuncUnit> <Opcode : 'select'> <InPorts = 3> <OutPorts = 1>
ST_4 : Operation 46 [1/1] (0.00ns)   --->   "%shl_ln37_mid1 = call i10 @_ssdm_op_BitConcatenate.i10.i5.i5(i5 %out_h, i5 0)" [../layers_c/pointwise_conv2d.cpp:37]   --->   Operation 46 'bitconcatenate' 'shl_ln37_mid1' <Predicate = (!icmp_ln30)> <Delay = 0.00>
ST_4 : Operation 47 [1/1] (0.00ns)   --->   "%zext_ln37 = zext i10 %shl_ln37_mid1 to i11" [../layers_c/pointwise_conv2d.cpp:37]   --->   Operation 47 'zext' 'zext_ln37' <Predicate = (!icmp_ln30)> <Delay = 0.00>
ST_4 : Operation 48 [1/1] (0.00ns)   --->   "%shl_ln37_1_mid1 = call i7 @_ssdm_op_BitConcatenate.i7.i5.i2(i5 %out_h, i2 0)" [../layers_c/pointwise_conv2d.cpp:37]   --->   Operation 48 'bitconcatenate' 'shl_ln37_1_mid1' <Predicate = (!icmp_ln30)> <Delay = 0.00>
ST_4 : Operation 49 [1/1] (0.00ns)   --->   "%zext_ln37_16 = zext i7 %shl_ln37_1_mid1 to i11" [../layers_c/pointwise_conv2d.cpp:37]   --->   Operation 49 'zext' 'zext_ln37_16' <Predicate = (!icmp_ln30)> <Delay = 0.00>
ST_4 : Operation 50 [1/1] (1.73ns)   --->   "%sub_ln37_5 = sub i11 %zext_ln37, %zext_ln37_16" [../layers_c/pointwise_conv2d.cpp:37]   --->   Operation 50 'sub' 'sub_ln37_5' <Predicate = (!icmp_ln30)> <Delay = 1.73> <Core = "AddSub">   --->   Core 14 'AddSub' <Latency = 0> <II = 1> <Delay = 1.78> <FuncUnit> <Opcode : 'add' 'sub'> <InPorts = 2> <OutPorts = 1>
ST_4 : Operation 51 [1/1] (0.00ns) (grouped into LUT with out node add_ln37)   --->   "%select_ln37_12 = select i1 %icmp_ln31, i11 %sub_ln37_5, i11 %sub_ln37" [../layers_c/pointwise_conv2d.cpp:37]   --->   Operation 51 'select' 'select_ln37_12' <Predicate = (!icmp_ln30)> <Delay = 0.00> <Core = "Sel">   --->   Core 26 'Sel' <Latency = 0> <II = 1> <Delay = 0.99> <FuncUnit> <Opcode : 'select'> <InPorts = 3> <OutPorts = 1>
ST_4 : Operation 52 [1/1] (1.21ns)   --->   "%select_ln30 = select i1 %icmp_ln31, i5 %out_h, i5 %out_h_0" [../layers_c/pointwise_conv2d.cpp:30]   --->   Operation 52 'select' 'select_ln30' <Predicate = (!icmp_ln30)> <Delay = 1.21> <Core = "Sel">   --->   Core 26 'Sel' <Latency = 0> <II = 1> <Delay = 0.99> <FuncUnit> <Opcode : 'select'> <InPorts = 3> <OutPorts = 1>
ST_4 : Operation 53 [1/1] (0.00ns)   --->   "%tmp_3 = call i32 (...)* @_ssdm_op_SpecRegionBegin([12 x i8]* @p_str3)" [../layers_c/pointwise_conv2d.cpp:31]   --->   Operation 53 'specregionbegin' 'tmp_3' <Predicate = (!icmp_ln30)> <Delay = 0.00>
ST_4 : Operation 54 [1/1] (0.00ns)   --->   "call void (...)* @_ssdm_op_SpecPipeline(i32 -1, i32 1, i32 1, i32 0, [1 x i8]* @p_str13) nounwind" [../layers_c/pointwise_conv2d.cpp:32]   --->   Operation 54 'specpipeline' <Predicate = (!icmp_ln30)> <Delay = 0.00>
ST_4 : Operation 55 [1/1] (0.00ns) (grouped into LUT with out node add_ln37)   --->   "%zext_ln34 = zext i5 %select_ln37 to i11" [../layers_c/pointwise_conv2d.cpp:34]   --->   Operation 55 'zext' 'zext_ln34' <Predicate = (!icmp_ln30)> <Delay = 0.00>
ST_4 : Operation 56 [1/1] (1.63ns) (out node of the LUT)   --->   "%add_ln37 = add i11 %zext_ln34, %select_ln37_12" [../layers_c/pointwise_conv2d.cpp:37]   --->   Operation 56 'add' 'add_ln37' <Predicate = (!icmp_ln30)> <Delay = 1.63> <Core = "AddSub">   --->   Core 14 'AddSub' <Latency = 0> <II = 1> <Delay = 1.78> <FuncUnit> <Opcode : 'add' 'sub'> <InPorts = 2> <OutPorts = 1>
ST_4 : Operation 57 [1/1] (0.00ns)   --->   "%sext_ln37_1 = sext i11 %add_ln37 to i32" [../layers_c/pointwise_conv2d.cpp:37]   --->   Operation 57 'sext' 'sext_ln37_1' <Predicate = (!icmp_ln30)> <Delay = 0.00>
ST_4 : Operation 58 [1/1] (0.00ns)   --->   "%zext_ln37_3 = zext i32 %sext_ln37_1 to i64" [../layers_c/pointwise_conv2d.cpp:37]   --->   Operation 58 'zext' 'zext_ln37_3' <Predicate = (!icmp_ln30)> <Delay = 0.00>
ST_4 : Operation 59 [1/1] (0.00ns)   --->   "%input_addr = getelementptr [14400 x i16]* %input_r, i64 0, i64 %zext_ln37_3" [../layers_c/pointwise_conv2d.cpp:37]   --->   Operation 59 'getelementptr' 'input_addr' <Predicate = (!icmp_ln30)> <Delay = 0.00>
ST_4 : Operation 60 [1/1] (1.76ns)   --->   "br label %1" [../layers_c/pointwise_conv2d.cpp:34]   --->   Operation 60 'br' <Predicate = (!icmp_ln30)> <Delay = 1.76>
ST_4 : Operation 61 [1/1] (0.00ns)   --->   "br label %.loopexit"   --->   Operation 61 'br' <Predicate = (icmp_ln30)> <Delay = 0.00>

State 5 <SV = 4> <Delay = 5.06>
ST_5 : Operation 62 [1/1] (0.00ns)   --->   "%buffer_0 = phi i19 [ %sext_ln28, %hls_label_1_begin ], [ %buffer, %2 ]"   --->   Operation 62 'phi' 'buffer_0' <Predicate = true> <Delay = 0.00>
ST_5 : Operation 63 [1/1] (0.00ns)   --->   "%in_d_0 = phi i1 [ false, %hls_label_1_begin ], [ true, %2 ]"   --->   Operation 63 'phi' 'in_d_0' <Predicate = true> <Delay = 0.00>
ST_5 : Operation 64 [1/1] (0.00ns)   --->   "%empty_28 = call i32 (...)* @_ssdm_op_SpecLoopTripCount(i64 1, i64 1, i64 1)"   --->   Operation 64 'speclooptripcount' 'empty_28' <Predicate = true> <Delay = 0.00>
ST_5 : Operation 65 [1/1] (0.00ns)   --->   "br i1 %in_d_0, label %hls_label_1_end, label %2" [../layers_c/pointwise_conv2d.cpp:34]   --->   Operation 65 'br' <Predicate = true> <Delay = 0.00>
ST_5 : Operation 66 [2/2] (3.25ns)   --->   "%input_load = load i16* %input_addr, align 2" [../layers_c/pointwise_conv2d.cpp:37]   --->   Operation 66 'load' 'input_load' <Predicate = (!in_d_0)> <Delay = 3.25> <Core = "RAM">   --->   Core 37 'RAM' <Latency = 1> <II = 1> <Delay = 3.25> <Storage> <Opcode : 'load' 'store'> <Ports = 2> <Width = 16> <Depth = 14400> <RAM>
ST_5 : Operation 67 [1/1] (0.00ns) (grouped into LUT with out node and_ln44)   --->   "%tmp_6 = call i1 @_ssdm_op_BitSelect.i1.i19.i32(i19 %buffer_0, i32 18)" [../layers_c/pointwise_conv2d.cpp:43]   --->   Operation 67 'bitselect' 'tmp_6' <Predicate = (in_d_0)> <Delay = 0.00>
ST_5 : Operation 68 [1/1] (0.00ns) (grouped into LUT with out node and_ln44)   --->   "%trunc_ln43 = trunc i19 %buffer_0 to i16" [../layers_c/pointwise_conv2d.cpp:43]   --->   Operation 68 'trunc' 'trunc_ln43' <Predicate = (in_d_0)> <Delay = 0.00>
ST_5 : Operation 69 [1/1] (0.00ns) (grouped into LUT with out node and_ln44)   --->   "%xor_ln43 = xor i1 %tmp_6, true" [../layers_c/pointwise_conv2d.cpp:43]   --->   Operation 69 'xor' 'xor_ln43' <Predicate = (in_d_0)> <Delay = 0.00> <Core = "LogicGate">   --->   Core 27 'LogicGate' <Latency = 0> <II = 1> <Delay = 0.99> <FuncUnit> <Opcode : 'and' 'or' 'xor'> <InPorts = 2> <OutPorts = 1>
ST_5 : Operation 70 [1/1] (0.00ns) (grouped into LUT with out node and_ln44)   --->   "%select_ln43 = select i1 %xor_ln43, i16 -1, i16 0" [../layers_c/pointwise_conv2d.cpp:43]   --->   Operation 70 'select' 'select_ln43' <Predicate = (in_d_0)> <Delay = 0.00> <Core = "Sel">   --->   Core 26 'Sel' <Latency = 0> <II = 1> <Delay = 0.99> <FuncUnit> <Opcode : 'select'> <InPorts = 3> <OutPorts = 1>
ST_5 : Operation 71 [1/1] (0.99ns) (out node of the LUT)   --->   "%and_ln44 = and i16 %select_ln43, %trunc_ln43" [../layers_c/pointwise_conv2d.cpp:44]   --->   Operation 71 'and' 'and_ln44' <Predicate = (in_d_0)> <Delay = 0.99> <Core = "LogicGate">   --->   Core 27 'LogicGate' <Latency = 0> <II = 1> <Delay = 0.99> <FuncUnit> <Opcode : 'and' 'or' 'xor'> <InPorts = 2> <OutPorts = 1>
ST_5 : Operation 72 [1/1] (0.00ns)   --->   "%sext_ln44 = sext i11 %add_ln37 to i15" [../layers_c/pointwise_conv2d.cpp:44]   --->   Operation 72 'sext' 'sext_ln44' <Predicate = (in_d_0)> <Delay = 0.00>
ST_5 : Operation 73 [1/1] (1.81ns)   --->   "%add_ln44_1 = add i15 %zext_ln22, %sext_ln44" [../layers_c/pointwise_conv2d.cpp:44]   --->   Operation 73 'add' 'add_ln44_1' <Predicate = (in_d_0)> <Delay = 1.81> <Core = "AddSub">   --->   Core 14 'AddSub' <Latency = 0> <II = 1> <Delay = 1.78> <FuncUnit> <Opcode : 'add' 'sub'> <InPorts = 2> <OutPorts = 1>
ST_5 : Operation 74 [1/1] (0.00ns)   --->   "%sext_ln44_1 = sext i15 %add_ln44_1 to i32" [../layers_c/pointwise_conv2d.cpp:44]   --->   Operation 74 'sext' 'sext_ln44_1' <Predicate = (in_d_0)> <Delay = 0.00>
ST_5 : Operation 75 [1/1] (0.00ns)   --->   "%zext_ln44 = zext i32 %sext_ln44_1 to i64" [../layers_c/pointwise_conv2d.cpp:44]   --->   Operation 75 'zext' 'zext_ln44' <Predicate = (in_d_0)> <Delay = 0.00>
ST_5 : Operation 76 [1/1] (0.00ns)   --->   "%output_addr = getelementptr [14400 x i16]* %output_r, i64 0, i64 %zext_ln44" [../layers_c/pointwise_conv2d.cpp:44]   --->   Operation 76 'getelementptr' 'output_addr' <Predicate = (in_d_0)> <Delay = 0.00>
ST_5 : Operation 77 [1/1] (3.25ns)   --->   "store i16 %and_ln44, i16* %output_addr, align 2" [../layers_c/pointwise_conv2d.cpp:44]   --->   Operation 77 'store' <Predicate = (in_d_0)> <Delay = 3.25> <Core = "RAM">   --->   Core 37 'RAM' <Latency = 1> <II = 1> <Delay = 3.25> <Storage> <Opcode : 'load' 'store'> <Ports = 2> <Width = 16> <Depth = 14400> <RAM>
ST_5 : Operation 78 [1/1] (0.00ns)   --->   "%empty_29 = call i32 (...)* @_ssdm_op_SpecRegionEnd([12 x i8]* @p_str3, i32 %tmp_3)" [../layers_c/pointwise_conv2d.cpp:46]   --->   Operation 78 'specregionend' 'empty_29' <Predicate = (in_d_0)> <Delay = 0.00>
ST_5 : Operation 79 [1/1] (1.78ns)   --->   "%out_w = add i5 1, %select_ln37" [../layers_c/pointwise_conv2d.cpp:31]   --->   Operation 79 'add' 'out_w' <Predicate = (in_d_0)> <Delay = 1.78> <Core = "AddSub">   --->   Core 14 'AddSub' <Latency = 0> <II = 1> <Delay = 1.78> <FuncUnit> <Opcode : 'add' 'sub'> <InPorts = 2> <OutPorts = 1>
ST_5 : Operation 80 [1/1] (0.00ns)   --->   "br label %.preheader" [../layers_c/pointwise_conv2d.cpp:31]   --->   Operation 80 'br' <Predicate = (in_d_0)> <Delay = 0.00>

State 6 <SV = 5> <Delay = 3.25>
ST_6 : Operation 81 [1/2] (3.25ns)   --->   "%input_load = load i16* %input_addr, align 2" [../layers_c/pointwise_conv2d.cpp:37]   --->   Operation 81 'load' 'input_load' <Predicate = true> <Delay = 3.25> <Core = "RAM">   --->   Core 37 'RAM' <Latency = 1> <II = 1> <Delay = 3.25> <Storage> <Opcode : 'load' 'store'> <Ports = 2> <Width = 16> <Depth = 14400> <RAM>

State 7 <SV = 6> <Delay = 6.38>
ST_7 : Operation 82 [1/1] (0.00ns)   --->   "%sext_ln37 = sext i16 %input_load to i32" [../layers_c/pointwise_conv2d.cpp:37]   --->   Operation 82 'sext' 'sext_ln37' <Predicate = true> <Delay = 0.00>
ST_7 : Operation 83 [1/1] (6.38ns) (root node of the DSP)   --->   "%mul_ln37 = mul nsw i32 %kernel_buffer_0, %sext_ln37" [../layers_c/pointwise_conv2d.cpp:37]   --->   Operation 83 'mul' 'mul_ln37' <Predicate = true> <Delay = 6.38> <Core = "DSP48">   --->   Core 88 'DSP48' <Latency = 0> <II = 1> <Delay = 6.38> <IPBlock> <Opcode : 'mul' 'add' 'sub' 'select'> <InPorts = 0> <OutPorts = 1> <Sync> <CReg>
ST_7 : Operation 84 [1/1] (0.00ns)   --->   "%trunc_ln8 = call i18 @_ssdm_op_PartSelect.i18.i32.i32.i32(i32 %mul_ln37, i32 14, i32 31)" [../layers_c/pointwise_conv2d.cpp:37]   --->   Operation 84 'partselect' 'trunc_ln8' <Predicate = true> <Delay = 0.00>

State 8 <SV = 7> <Delay = 2.16>
ST_8 : Operation 85 [1/1] (0.00ns)   --->   "%sext_ln37_2 = sext i18 %trunc_ln8 to i19" [../layers_c/pointwise_conv2d.cpp:37]   --->   Operation 85 'sext' 'sext_ln37_2' <Predicate = true> <Delay = 0.00>
ST_8 : Operation 86 [1/1] (2.16ns)   --->   "%buffer = add i19 %sext_ln37_2, %buffer_0" [../layers_c/pointwise_conv2d.cpp:37]   --->   Operation 86 'add' 'buffer' <Predicate = true> <Delay = 2.16> <Core = "AddSub">   --->   Core 14 'AddSub' <Latency = 0> <II = 1> <Delay = 1.78> <FuncUnit> <Opcode : 'add' 'sub'> <InPorts = 2> <OutPorts = 1>
ST_8 : Operation 87 [1/1] (0.00ns)   --->   "br label %1" [../layers_c/pointwise_conv2d.cpp:34]   --->   Operation 87 'br' <Predicate = true> <Delay = 0.00>


============================================================
+ Verbose Summary: Timing violations
============================================================
Target clock period: 10ns, clock uncertainty: 1.25ns.

 <State 1>: 1.77ns
The critical path consists of the following:
	multiplexor before 'phi' operation ('out_d') with incoming values : ('out_d', ../layers_c/pointwise_conv2d.cpp:22) [6]  (1.77 ns)

 <State 2>: 3.25ns
The critical path consists of the following:
	'phi' operation ('out_d') with incoming values : ('out_d', ../layers_c/pointwise_conv2d.cpp:22) [6]  (0 ns)
	'getelementptr' operation ('SeparableConv2D_0_b_1', ../layers_c/pointwise_conv2d.cpp:28) [22]  (0 ns)
	'load' operation ('SeparableConv2D_0_b_2', ../layers_c/pointwise_conv2d.cpp:28) on array 'SeparableConv2D_0_b_s' [23]  (3.25 ns)

 <State 3>: 3.25ns
The critical path consists of the following:
	'load' operation ('SeparableConv2D_0_b_2', ../layers_c/pointwise_conv2d.cpp:28) on array 'SeparableConv2D_0_b_s' [23]  (3.25 ns)

 <State 4>: 5.15ns
The critical path consists of the following:
	'phi' operation ('out_h_0', ../layers_c/pointwise_conv2d.cpp:30) with incoming values : ('select_ln30', ../layers_c/pointwise_conv2d.cpp:30) [28]  (0 ns)
	'add' operation ('out_h', ../layers_c/pointwise_conv2d.cpp:30) [39]  (1.78 ns)
	'sub' operation ('sub_ln37_5', ../layers_c/pointwise_conv2d.cpp:37) [47]  (1.73 ns)
	'select' operation ('select_ln37_12', ../layers_c/pointwise_conv2d.cpp:37) [48]  (0 ns)
	'add' operation ('add_ln37', ../layers_c/pointwise_conv2d.cpp:37) [53]  (1.64 ns)

 <State 5>: 5.07ns
The critical path consists of the following:
	'add' operation ('add_ln44_1', ../layers_c/pointwise_conv2d.cpp:44) [78]  (1.81 ns)
	'getelementptr' operation ('output_addr', ../layers_c/pointwise_conv2d.cpp:44) [81]  (0 ns)
	'store' operation ('store_ln44', ../layers_c/pointwise_conv2d.cpp:44) of variable 'and_ln44', ../layers_c/pointwise_conv2d.cpp:44 on array 'output_r' [82]  (3.25 ns)

 <State 6>: 3.25ns
The critical path consists of the following:
	'load' operation ('input_load', ../layers_c/pointwise_conv2d.cpp:37) on array 'input_r' [64]  (3.25 ns)

 <State 7>: 6.38ns
The critical path consists of the following:
	'mul' operation of DSP[66] ('mul_ln37', ../layers_c/pointwise_conv2d.cpp:37) [66]  (6.38 ns)

 <State 8>: 2.17ns
The critical path consists of the following:
	'add' operation ('buffer', ../layers_c/pointwise_conv2d.cpp:37) [69]  (2.17 ns)


============================================================
+ Verbose Summary: Binding
============================================================
N/A
* FSMD analyzer results:
  - Output states:
 - Input state : 
  - Chain level:
	State 1
	State 2
	State 3
	State 4
	State 5
	State 6
	State 7
	State 8


============================================================
+ Verbose Summary: Datapath Resource usage 
============================================================
N/A
