

================================================================
== Vivado HLS Report for 'pointwise_conv2d_fix_2'
================================================================
* Date:           Sat Dec 28 21:58:56 2019

* Version:        2019.1 (Build 2552052 on Fri May 24 15:28:33 MDT 2019)
* Project:        HLS
* Solution:       solution1
* Product family: zynq
* Target device:  xc7z020-clg400-1


================================================================
== Performance Estimates
================================================================
+ Timing (ns): 
    * Summary: 
    +--------+-------+----------+------------+
    |  Clock | Target| Estimated| Uncertainty|
    +--------+-------+----------+------------+
    |ap_clk  |   6.67|     6.380|        3.33|
    +--------+-------+----------+------------+

+ Latency (clock cycles): 
    * Summary: 
    +-------+-------+-------+-------+---------+
    |    Latency    |    Interval   | Pipeline|
    |  min  |  max  |  min  |  max  |   Type  |
    +-------+-------+-------+-------+---------+
    |  16993|  16993|  16993|  16993|   none  |
    +-------+-------+-------+-------+---------+

    + Detail: 
        * Instance: 
        N/A

        * Loop: 
        +---------------------+-------+-------+----------+-----------+-----------+------+----------+
        |                     |    Latency    | Iteration|  Initiation Interval  | Trip |          |
        |      Loop Name      |  min  |  max  |  Latency |  achieved |   target  | Count| Pipelined|
        +---------------------+-------+-------+----------+-----------+-----------+------+----------+
        |- Loop 1             |  16992|  16992|      2124|          -|          -|     8|    no    |
        | + Loop 1.1          |   2121|   2121|       303|          -|          -|     7|    no    |
        |  ++ Loop 1.1.1      |    301|    301|        43|          -|          -|     7|    no    |
        |   +++ Loop 1.1.1.1  |     40|     40|         5|          -|          -|     8|    no    |
        +---------------------+-------+-------+----------+-----------+-----------+------+----------+

============================================================
+ Verbose Summary: Synthesis Manager
============================================================
InlineROM: 1
ExposeGlobal: 0
============================================================
+ Verbose Summary: CDFG Model
============================================================
IsTopModel: 0
ResetActiveHigh: 1
IsCombinational: 0
IsDatapathOnly: 0
HasWiredReturn: 1
HasMFsm: 0
HasVarLatency: 1
IsPipeline: 0
IsRtlPipelined: 0
IsInstanceOverlapped: 0
IsDontTouch: 0
HasImplIP: 0
IsGatedGlobalClock: 0


============================================================
+ Verbose Summary: Schedule
============================================================
* Number of FSM states : 11
* Pipeline : 0
* Dataflow Pipeline: 0

* FSM state transitions: 
1 --> 2 
2 --> 3 
3 --> 4 
4 --> 5 2 
5 --> 6 4 
6 --> 7 11 
7 --> 8 
8 --> 9 
9 --> 10 
10 --> 6 
11 --> 5 

* FSM state operations: 

State 1 <SV = 0> <Delay = 1.76>
ST_1 : Operation 12 [1/1] (1.76ns)   --->   "br label %.loopexit" [../layers_c/pointwise_conv2d.cpp:18]   --->   Operation 12 'br' <Predicate = true> <Delay = 1.76>

State 2 <SV = 1> <Delay = 3.25>
ST_2 : Operation 13 [1/1] (0.00ns)   --->   "%out_d_0 = phi i4 [ 0, %0 ], [ %out_d, %.loopexit.loopexit ]"   --->   Operation 13 'phi' 'out_d_0' <Predicate = true> <Delay = 0.00>
ST_2 : Operation 14 [1/1] (0.00ns)   --->   "%phi_mul1 = phi i9 [ 0, %0 ], [ %add_ln18, %.loopexit.loopexit ]" [../layers_c/pointwise_conv2d.cpp:18]   --->   Operation 14 'phi' 'phi_mul1' <Predicate = true> <Delay = 0.00>
ST_2 : Operation 15 [1/1] (0.00ns)   --->   "%zext_ln18 = zext i9 %phi_mul1 to i10" [../layers_c/pointwise_conv2d.cpp:18]   --->   Operation 15 'zext' 'zext_ln18' <Predicate = true> <Delay = 0.00>
ST_2 : Operation 16 [1/1] (1.82ns)   --->   "%add_ln18 = add i9 %phi_mul1, 49" [../layers_c/pointwise_conv2d.cpp:18]   --->   Operation 16 'add' 'add_ln18' <Predicate = true> <Delay = 1.82> <Core = "AddSub">   --->   Core 14 'AddSub' <Latency = 0> <II = 1> <Delay = 1.82> <FuncUnit> <Opcode : 'add' 'sub'> <InPorts = 2> <OutPorts = 1>
ST_2 : Operation 17 [1/1] (1.30ns)   --->   "%icmp_ln18 = icmp eq i4 %out_d_0, -8" [../layers_c/pointwise_conv2d.cpp:18]   --->   Operation 17 'icmp' 'icmp_ln18' <Predicate = true> <Delay = 1.30> <Core = "Cmp">   --->   Core 25 'Cmp' <Latency = 0> <II = 1> <Delay = 1.30> <FuncUnit> <Opcode : 'icmp'> <InPorts = 2> <OutPorts = 1>
ST_2 : Operation 18 [1/1] (0.00ns)   --->   "%empty = call i32 (...)* @_ssdm_op_SpecLoopTripCount(i64 8, i64 8, i64 8)"   --->   Operation 18 'speclooptripcount' 'empty' <Predicate = true> <Delay = 0.00>
ST_2 : Operation 19 [1/1] (1.73ns)   --->   "%out_d = add i4 %out_d_0, 1" [../layers_c/pointwise_conv2d.cpp:18]   --->   Operation 19 'add' 'out_d' <Predicate = true> <Delay = 1.73> <Core = "AddSub">   --->   Core 14 'AddSub' <Latency = 0> <II = 1> <Delay = 1.82> <FuncUnit> <Opcode : 'add' 'sub'> <InPorts = 2> <OutPorts = 1>
ST_2 : Operation 20 [1/1] (0.00ns)   --->   "br i1 %icmp_ln18, label %5, label %.preheader4.preheader" [../layers_c/pointwise_conv2d.cpp:18]   --->   Operation 20 'br' <Predicate = true> <Delay = 0.00>
ST_2 : Operation 21 [1/1] (0.00ns)   --->   "%zext_ln21 = zext i4 %out_d_0 to i64" [../layers_c/pointwise_conv2d.cpp:21]   --->   Operation 21 'zext' 'zext_ln21' <Predicate = (!icmp_ln18)> <Delay = 0.00>
ST_2 : Operation 22 [1/1] (0.00ns)   --->   "%SeparableConv2D_2_b_1 = getelementptr [8 x i13]* @SeparableConv2D_2_b_s, i64 0, i64 %zext_ln21" [../layers_c/pointwise_conv2d.cpp:21]   --->   Operation 22 'getelementptr' 'SeparableConv2D_2_b_1' <Predicate = (!icmp_ln18)> <Delay = 0.00>
ST_2 : Operation 23 [2/2] (3.25ns)   --->   "%SeparableConv2D_2_b_2 = load i13* %SeparableConv2D_2_b_1, align 2" [../layers_c/pointwise_conv2d.cpp:21]   --->   Operation 23 'load' 'SeparableConv2D_2_b_2' <Predicate = (!icmp_ln18)> <Delay = 3.25> <Core = "ROM_nP">   --->   Core 52 'ROM_nP' <Latency = 1> <II = 1> <Delay = 3.25> <Storage> <Opcode : 'load'> <Ports = 0> <Width = 13> <Depth = 8> <ROM>
ST_2 : Operation 24 [1/1] (0.00ns)   --->   "%trunc_ln27 = trunc i4 %out_d_0 to i3" [../layers_c/pointwise_conv2d.cpp:27]   --->   Operation 24 'trunc' 'trunc_ln27' <Predicate = (!icmp_ln18)> <Delay = 0.00>
ST_2 : Operation 25 [1/1] (0.00ns)   --->   "ret void"   --->   Operation 25 'ret' <Predicate = (icmp_ln18)> <Delay = 0.00>

State 3 <SV = 2> <Delay = 3.25>
ST_3 : Operation 26 [1/2] (3.25ns)   --->   "%SeparableConv2D_2_b_2 = load i13* %SeparableConv2D_2_b_1, align 2" [../layers_c/pointwise_conv2d.cpp:21]   --->   Operation 26 'load' 'SeparableConv2D_2_b_2' <Predicate = true> <Delay = 3.25> <Core = "ROM_nP">   --->   Core 52 'ROM_nP' <Latency = 1> <II = 1> <Delay = 3.25> <Storage> <Opcode : 'load'> <Ports = 0> <Width = 13> <Depth = 8> <ROM>
ST_3 : Operation 27 [1/1] (0.00ns)   --->   "%sext_ln27 = sext i13 %SeparableConv2D_2_b_2 to i22" [../layers_c/pointwise_conv2d.cpp:27]   --->   Operation 27 'sext' 'sext_ln27' <Predicate = true> <Delay = 0.00>
ST_3 : Operation 28 [1/1] (0.00ns)   --->   "%shl_ln = call i6 @_ssdm_op_BitConcatenate.i6.i3.i3(i3 %trunc_ln27, i3 0)" [../layers_c/pointwise_conv2d.cpp:27]   --->   Operation 28 'bitconcatenate' 'shl_ln' <Predicate = true> <Delay = 0.00>
ST_3 : Operation 29 [1/1] (1.76ns)   --->   "br label %.preheader4" [../layers_c/pointwise_conv2d.cpp:19]   --->   Operation 29 'br' <Predicate = true> <Delay = 1.76>

State 4 <SV = 3> <Delay = 1.82>
ST_4 : Operation 30 [1/1] (0.00ns)   --->   "%out_h_0 = phi i3 [ 0, %.preheader4.preheader ], [ %out_h, %.preheader4.loopexit ]"   --->   Operation 30 'phi' 'out_h_0' <Predicate = true> <Delay = 0.00>
ST_4 : Operation 31 [1/1] (1.13ns)   --->   "%icmp_ln19 = icmp eq i3 %out_h_0, -1" [../layers_c/pointwise_conv2d.cpp:19]   --->   Operation 31 'icmp' 'icmp_ln19' <Predicate = true> <Delay = 1.13> <Core = "Cmp">   --->   Core 25 'Cmp' <Latency = 0> <II = 1> <Delay = 1.30> <FuncUnit> <Opcode : 'icmp'> <InPorts = 2> <OutPorts = 1>
ST_4 : Operation 32 [1/1] (0.00ns)   --->   "%empty_25 = call i32 (...)* @_ssdm_op_SpecLoopTripCount(i64 7, i64 7, i64 7)"   --->   Operation 32 'speclooptripcount' 'empty_25' <Predicate = true> <Delay = 0.00>
ST_4 : Operation 33 [1/1] (1.65ns)   --->   "%out_h = add i3 %out_h_0, 1" [../layers_c/pointwise_conv2d.cpp:19]   --->   Operation 33 'add' 'out_h' <Predicate = true> <Delay = 1.65> <Core = "AddSub">   --->   Core 14 'AddSub' <Latency = 0> <II = 1> <Delay = 1.82> <FuncUnit> <Opcode : 'add' 'sub'> <InPorts = 2> <OutPorts = 1>
ST_4 : Operation 34 [1/1] (0.00ns)   --->   "br i1 %icmp_ln19, label %.loopexit.loopexit, label %.preheader.preheader" [../layers_c/pointwise_conv2d.cpp:19]   --->   Operation 34 'br' <Predicate = true> <Delay = 0.00>
ST_4 : Operation 35 [1/1] (0.00ns)   --->   "%zext_ln27 = zext i3 %out_h_0 to i7" [../layers_c/pointwise_conv2d.cpp:27]   --->   Operation 35 'zext' 'zext_ln27' <Predicate = (!icmp_ln19)> <Delay = 0.00>
ST_4 : Operation 36 [1/1] (0.00ns)   --->   "%shl_ln27_4 = call i6 @_ssdm_op_BitConcatenate.i6.i3.i3(i3 %out_h_0, i3 0)" [../layers_c/pointwise_conv2d.cpp:27]   --->   Operation 36 'bitconcatenate' 'shl_ln27_4' <Predicate = (!icmp_ln19)> <Delay = 0.00>
ST_4 : Operation 37 [1/1] (0.00ns)   --->   "%zext_ln27_6 = zext i6 %shl_ln27_4 to i7" [../layers_c/pointwise_conv2d.cpp:27]   --->   Operation 37 'zext' 'zext_ln27_6' <Predicate = (!icmp_ln19)> <Delay = 0.00>
ST_4 : Operation 38 [1/1] (1.82ns)   --->   "%sub_ln27 = sub i7 %zext_ln27_6, %zext_ln27" [../layers_c/pointwise_conv2d.cpp:27]   --->   Operation 38 'sub' 'sub_ln27' <Predicate = (!icmp_ln19)> <Delay = 1.82> <Core = "AddSub">   --->   Core 14 'AddSub' <Latency = 0> <II = 1> <Delay = 1.82> <FuncUnit> <Opcode : 'add' 'sub'> <InPorts = 2> <OutPorts = 1>
ST_4 : Operation 39 [1/1] (1.76ns)   --->   "br label %.preheader" [../layers_c/pointwise_conv2d.cpp:20]   --->   Operation 39 'br' <Predicate = (!icmp_ln19)> <Delay = 1.76>
ST_4 : Operation 40 [1/1] (0.00ns)   --->   "br label %.loopexit"   --->   Operation 40 'br' <Predicate = (icmp_ln19)> <Delay = 0.00>

State 5 <SV = 4> <Delay = 1.87>
ST_5 : Operation 41 [1/1] (0.00ns)   --->   "%out_w_0 = phi i3 [ %out_w, %4 ], [ 0, %.preheader.preheader ]"   --->   Operation 41 'phi' 'out_w_0' <Predicate = true> <Delay = 0.00>
ST_5 : Operation 42 [1/1] (1.13ns)   --->   "%icmp_ln20 = icmp eq i3 %out_w_0, -1" [../layers_c/pointwise_conv2d.cpp:20]   --->   Operation 42 'icmp' 'icmp_ln20' <Predicate = true> <Delay = 1.13> <Core = "Cmp">   --->   Core 25 'Cmp' <Latency = 0> <II = 1> <Delay = 1.30> <FuncUnit> <Opcode : 'icmp'> <InPorts = 2> <OutPorts = 1>
ST_5 : Operation 43 [1/1] (0.00ns)   --->   "%empty_26 = call i32 (...)* @_ssdm_op_SpecLoopTripCount(i64 7, i64 7, i64 7)"   --->   Operation 43 'speclooptripcount' 'empty_26' <Predicate = true> <Delay = 0.00>
ST_5 : Operation 44 [1/1] (1.65ns)   --->   "%out_w = add i3 %out_w_0, 1" [../layers_c/pointwise_conv2d.cpp:20]   --->   Operation 44 'add' 'out_w' <Predicate = true> <Delay = 1.65> <Core = "AddSub">   --->   Core 14 'AddSub' <Latency = 0> <II = 1> <Delay = 1.82> <FuncUnit> <Opcode : 'add' 'sub'> <InPorts = 2> <OutPorts = 1>
ST_5 : Operation 45 [1/1] (0.00ns)   --->   "br i1 %icmp_ln20, label %.preheader4.loopexit, label %1" [../layers_c/pointwise_conv2d.cpp:20]   --->   Operation 45 'br' <Predicate = true> <Delay = 0.00>
ST_5 : Operation 46 [1/1] (0.00ns)   --->   "%zext_ln22 = zext i3 %out_w_0 to i7" [../layers_c/pointwise_conv2d.cpp:22]   --->   Operation 46 'zext' 'zext_ln22' <Predicate = (!icmp_ln20)> <Delay = 0.00>
ST_5 : Operation 47 [1/1] (1.87ns)   --->   "%add_ln27 = add i7 %sub_ln27, %zext_ln22" [../layers_c/pointwise_conv2d.cpp:27]   --->   Operation 47 'add' 'add_ln27' <Predicate = (!icmp_ln20)> <Delay = 1.87> <Core = "AddSub">   --->   Core 14 'AddSub' <Latency = 0> <II = 1> <Delay = 1.82> <FuncUnit> <Opcode : 'add' 'sub'> <InPorts = 2> <OutPorts = 1>
ST_5 : Operation 48 [1/1] (0.00ns)   --->   "%sext_ln27_8 = sext i7 %add_ln27 to i10" [../layers_c/pointwise_conv2d.cpp:27]   --->   Operation 48 'sext' 'sext_ln27_8' <Predicate = (!icmp_ln20)> <Delay = 0.00>
ST_5 : Operation 49 [1/1] (1.76ns)   --->   "br label %2" [../layers_c/pointwise_conv2d.cpp:22]   --->   Operation 49 'br' <Predicate = (!icmp_ln20)> <Delay = 1.76>
ST_5 : Operation 50 [1/1] (0.00ns)   --->   "br label %.preheader4"   --->   Operation 50 'br' <Predicate = (icmp_ln20)> <Delay = 0.00>

State 6 <SV = 5> <Delay = 1.82>
ST_6 : Operation 51 [1/1] (0.00ns)   --->   "%buffer_0 = phi i22 [ %sext_ln27, %1 ], [ %buffer, %3 ]"   --->   Operation 51 'phi' 'buffer_0' <Predicate = true> <Delay = 0.00>
ST_6 : Operation 52 [1/1] (0.00ns)   --->   "%in_d_0 = phi i4 [ 0, %1 ], [ %in_d, %3 ]"   --->   Operation 52 'phi' 'in_d_0' <Predicate = true> <Delay = 0.00>
ST_6 : Operation 53 [1/1] (0.00ns)   --->   "%phi_mul = phi i9 [ 0, %1 ], [ %add_ln27_6, %3 ]" [../layers_c/pointwise_conv2d.cpp:27]   --->   Operation 53 'phi' 'phi_mul' <Predicate = true> <Delay = 0.00>
ST_6 : Operation 54 [1/1] (0.00ns)   --->   "%zext_ln22_3 = zext i9 %phi_mul to i10" [../layers_c/pointwise_conv2d.cpp:22]   --->   Operation 54 'zext' 'zext_ln22_3' <Predicate = true> <Delay = 0.00>
ST_6 : Operation 55 [1/1] (1.30ns)   --->   "%icmp_ln22 = icmp eq i4 %in_d_0, -8" [../layers_c/pointwise_conv2d.cpp:22]   --->   Operation 55 'icmp' 'icmp_ln22' <Predicate = true> <Delay = 1.30> <Core = "Cmp">   --->   Core 25 'Cmp' <Latency = 0> <II = 1> <Delay = 1.30> <FuncUnit> <Opcode : 'icmp'> <InPorts = 2> <OutPorts = 1>
ST_6 : Operation 56 [1/1] (0.00ns)   --->   "%empty_27 = call i32 (...)* @_ssdm_op_SpecLoopTripCount(i64 8, i64 8, i64 8)"   --->   Operation 56 'speclooptripcount' 'empty_27' <Predicate = true> <Delay = 0.00>
ST_6 : Operation 57 [1/1] (1.73ns)   --->   "%in_d = add i4 %in_d_0, 1" [../layers_c/pointwise_conv2d.cpp:22]   --->   Operation 57 'add' 'in_d' <Predicate = true> <Delay = 1.73> <Core = "AddSub">   --->   Core 14 'AddSub' <Latency = 0> <II = 1> <Delay = 1.82> <FuncUnit> <Opcode : 'add' 'sub'> <InPorts = 2> <OutPorts = 1>
ST_6 : Operation 58 [1/1] (0.00ns)   --->   "br i1 %icmp_ln22, label %4, label %3" [../layers_c/pointwise_conv2d.cpp:22]   --->   Operation 58 'br' <Predicate = true> <Delay = 0.00>
ST_6 : Operation 59 [1/1] (1.82ns)   --->   "%add_ln27_6 = add i9 %phi_mul, 49" [../layers_c/pointwise_conv2d.cpp:27]   --->   Operation 59 'add' 'add_ln27_6' <Predicate = (!icmp_ln22)> <Delay = 1.82> <Core = "AddSub">   --->   Core 14 'AddSub' <Latency = 0> <II = 1> <Delay = 1.82> <FuncUnit> <Opcode : 'add' 'sub'> <InPorts = 2> <OutPorts = 1>
ST_6 : Operation 60 [1/1] (1.82ns)   --->   "%add_ln27_1 = add i10 %sext_ln27_8, %zext_ln22_3" [../layers_c/pointwise_conv2d.cpp:27]   --->   Operation 60 'add' 'add_ln27_1' <Predicate = (!icmp_ln22)> <Delay = 1.82> <Core = "AddSub">   --->   Core 14 'AddSub' <Latency = 0> <II = 1> <Delay = 1.82> <FuncUnit> <Opcode : 'add' 'sub'> <InPorts = 2> <OutPorts = 1>
ST_6 : Operation 61 [1/1] (0.00ns)   --->   "%zext_ln27_8 = zext i4 %in_d_0 to i6" [../layers_c/pointwise_conv2d.cpp:27]   --->   Operation 61 'zext' 'zext_ln27_8' <Predicate = (!icmp_ln22)> <Delay = 0.00>
ST_6 : Operation 62 [1/1] (1.82ns)   --->   "%add_ln27_5 = add i6 %zext_ln27_8, %shl_ln" [../layers_c/pointwise_conv2d.cpp:27]   --->   Operation 62 'add' 'add_ln27_5' <Predicate = (!icmp_ln22)> <Delay = 1.82> <Core = "AddSub">   --->   Core 14 'AddSub' <Latency = 0> <II = 1> <Delay = 1.82> <FuncUnit> <Opcode : 'add' 'sub'> <InPorts = 2> <OutPorts = 1>
ST_6 : Operation 63 [1/1] (0.00ns) (grouped into LUT with out node and_ln32)   --->   "%tmp = call i1 @_ssdm_op_BitSelect.i1.i22.i32(i22 %buffer_0, i32 21)" [../layers_c/pointwise_conv2d.cpp:31]   --->   Operation 63 'bitselect' 'tmp' <Predicate = (icmp_ln22)> <Delay = 0.00>
ST_6 : Operation 64 [1/1] (0.00ns) (grouped into LUT with out node and_ln32)   --->   "%trunc_ln31 = trunc i22 %buffer_0 to i16" [../layers_c/pointwise_conv2d.cpp:31]   --->   Operation 64 'trunc' 'trunc_ln31' <Predicate = (icmp_ln22)> <Delay = 0.00>
ST_6 : Operation 65 [1/1] (0.00ns) (grouped into LUT with out node and_ln32)   --->   "%xor_ln31 = xor i1 %tmp, true" [../layers_c/pointwise_conv2d.cpp:31]   --->   Operation 65 'xor' 'xor_ln31' <Predicate = (icmp_ln22)> <Delay = 0.00> <Core = "LogicGate">   --->   Core 27 'LogicGate' <Latency = 0> <II = 1> <Delay = 0.99> <FuncUnit> <Opcode : 'and' 'or' 'xor'> <InPorts = 2> <OutPorts = 1>
ST_6 : Operation 66 [1/1] (0.00ns) (grouped into LUT with out node and_ln32)   --->   "%select_ln31 = select i1 %xor_ln31, i16 -1, i16 0" [../layers_c/pointwise_conv2d.cpp:31]   --->   Operation 66 'select' 'select_ln31' <Predicate = (icmp_ln22)> <Delay = 0.00> <Core = "Sel">   --->   Core 26 'Sel' <Latency = 0> <II = 1> <Delay = 0.99> <FuncUnit> <Opcode : 'select'> <InPorts = 3> <OutPorts = 1>
ST_6 : Operation 67 [1/1] (0.99ns) (out node of the LUT)   --->   "%and_ln32 = and i16 %select_ln31, %trunc_ln31" [../layers_c/pointwise_conv2d.cpp:32]   --->   Operation 67 'and' 'and_ln32' <Predicate = (icmp_ln22)> <Delay = 0.99> <Core = "LogicGate">   --->   Core 27 'LogicGate' <Latency = 0> <II = 1> <Delay = 0.99> <FuncUnit> <Opcode : 'and' 'or' 'xor'> <InPorts = 2> <OutPorts = 1>
ST_6 : Operation 68 [1/1] (1.82ns)   --->   "%add_ln32 = add i10 %zext_ln18, %sext_ln27_8" [../layers_c/pointwise_conv2d.cpp:32]   --->   Operation 68 'add' 'add_ln32' <Predicate = (icmp_ln22)> <Delay = 1.82> <Core = "AddSub">   --->   Core 14 'AddSub' <Latency = 0> <II = 1> <Delay = 1.82> <FuncUnit> <Opcode : 'add' 'sub'> <InPorts = 2> <OutPorts = 1>

State 7 <SV = 6> <Delay = 3.25>
ST_7 : Operation 69 [1/1] (0.00ns)   --->   "%sext_ln27_9 = sext i10 %add_ln27_1 to i32" [../layers_c/pointwise_conv2d.cpp:27]   --->   Operation 69 'sext' 'sext_ln27_9' <Predicate = true> <Delay = 0.00>
ST_7 : Operation 70 [1/1] (0.00ns)   --->   "%zext_ln27_7 = zext i32 %sext_ln27_9 to i64" [../layers_c/pointwise_conv2d.cpp:27]   --->   Operation 70 'zext' 'zext_ln27_7' <Predicate = true> <Delay = 0.00>
ST_7 : Operation 71 [1/1] (0.00ns)   --->   "%input_addr = getelementptr [14400 x i16]* %input_r, i64 0, i64 %zext_ln27_7" [../layers_c/pointwise_conv2d.cpp:27]   --->   Operation 71 'getelementptr' 'input_addr' <Predicate = true> <Delay = 0.00>
ST_7 : Operation 72 [2/2] (3.25ns)   --->   "%input_load = load i16* %input_addr, align 2" [../layers_c/pointwise_conv2d.cpp:27]   --->   Operation 72 'load' 'input_load' <Predicate = true> <Delay = 3.25> <Core = "RAM">   --->   Core 37 'RAM' <Latency = 1> <II = 1> <Delay = 3.25> <Storage> <Opcode : 'load' 'store'> <Ports = 2> <Width = 16> <Depth = 14400> <RAM>

State 8 <SV = 7> <Delay = 3.25>
ST_8 : Operation 73 [1/2] (3.25ns)   --->   "%input_load = load i16* %input_addr, align 2" [../layers_c/pointwise_conv2d.cpp:27]   --->   Operation 73 'load' 'input_load' <Predicate = true> <Delay = 3.25> <Core = "RAM">   --->   Core 37 'RAM' <Latency = 1> <II = 1> <Delay = 3.25> <Storage> <Opcode : 'load' 'store'> <Ports = 2> <Width = 16> <Depth = 14400> <RAM>
ST_8 : Operation 74 [1/1] (3.13ns)   --->   "%merge_i = call i16 @_ssdm_op_Mux.ap_auto.64i16.i6(i16 10898, i16 6361, i16 -3520, i16 3573, i16 -7765, i16 -153, i16 10043, i16 6976, i16 573, i16 -7188, i16 6348, i16 -9376, i16 -9190, i16 -5413, i16 -876, i16 -40, i16 -8324, i16 2097, i16 -9487, i16 -6635, i16 607, i16 -8081, i16 7867, i16 -5466, i16 11547, i16 8413, i16 -1735, i16 8485, i16 2665, i16 3423, i16 -914, i16 4560, i16 -6048, i16 7028, i16 -5818, i16 9405, i16 6586, i16 4944, i16 7540, i16 8629, i16 6564, i16 -10620, i16 -1783, i16 5899, i16 -8276, i16 12149, i16 2883, i16 -4728, i16 9628, i16 8093, i16 733, i16 9047, i16 -4274, i16 -1225, i16 -6631, i16 -3726, i16 1720, i16 2151, i16 -1930, i16 5081, i16 -409, i16 -5892, i16 -4037, i16 1956, i6 %add_ln27_5)" [../layers_c/pointwise_conv2d.cpp:27]   --->   Operation 74 'mux' 'merge_i' <Predicate = true> <Delay = 3.13> <Core = "MuxnS">   --->   Core 31 'MuxnS' <Latency = 0> <II = 1> <Delay = 3.13> <FuncUnit> <Opcode : 'mux'> <InPorts = 2> <OutPorts = 1>

State 9 <SV = 8> <Delay = 6.38>
ST_9 : Operation 75 [1/1] (0.00ns)   --->   "%sext_ln27_1 = sext i16 %input_load to i32" [../layers_c/pointwise_conv2d.cpp:27]   --->   Operation 75 'sext' 'sext_ln27_1' <Predicate = true> <Delay = 0.00>
ST_9 : Operation 76 [1/1] (0.00ns)   --->   "%sext_ln27_3 = sext i16 %merge_i to i32" [../layers_c/pointwise_conv2d.cpp:27]   --->   Operation 76 'sext' 'sext_ln27_3' <Predicate = true> <Delay = 0.00>
ST_9 : Operation 77 [1/1] (6.38ns) (root node of the DSP)   --->   "%mul_ln27 = mul nsw i32 %sext_ln27_3, %sext_ln27_1" [../layers_c/pointwise_conv2d.cpp:27]   --->   Operation 77 'mul' 'mul_ln27' <Predicate = true> <Delay = 6.38> <Core = "DSP48">   --->   Core 88 'DSP48' <Latency = 0> <II = 1> <Delay = 6.38> <IPBlock> <Opcode : 'mul' 'add' 'sub' 'select'> <InPorts = 0> <OutPorts = 1> <Sync> <CReg>

State 10 <SV = 9> <Delay = 2.25>
ST_10 : Operation 78 [1/1] (0.00ns)   --->   "%trunc_ln3 = call i18 @_ssdm_op_PartSelect.i18.i32.i32.i32(i32 %mul_ln27, i32 14, i32 31)" [../layers_c/pointwise_conv2d.cpp:27]   --->   Operation 78 'partselect' 'trunc_ln3' <Predicate = true> <Delay = 0.00>
ST_10 : Operation 79 [1/1] (0.00ns)   --->   "%sext_ln27_10 = sext i18 %trunc_ln3 to i22" [../layers_c/pointwise_conv2d.cpp:27]   --->   Operation 79 'sext' 'sext_ln27_10' <Predicate = true> <Delay = 0.00>
ST_10 : Operation 80 [1/1] (2.25ns)   --->   "%buffer = add i22 %sext_ln27_10, %buffer_0" [../layers_c/pointwise_conv2d.cpp:27]   --->   Operation 80 'add' 'buffer' <Predicate = true> <Delay = 2.25> <Core = "AddSub">   --->   Core 14 'AddSub' <Latency = 0> <II = 1> <Delay = 1.82> <FuncUnit> <Opcode : 'add' 'sub'> <InPorts = 2> <OutPorts = 1>
ST_10 : Operation 81 [1/1] (0.00ns)   --->   "br label %2" [../layers_c/pointwise_conv2d.cpp:22]   --->   Operation 81 'br' <Predicate = true> <Delay = 0.00>

State 11 <SV = 6> <Delay = 3.25>
ST_11 : Operation 82 [1/1] (0.00ns)   --->   "%sext_ln32 = sext i10 %add_ln32 to i32" [../layers_c/pointwise_conv2d.cpp:32]   --->   Operation 82 'sext' 'sext_ln32' <Predicate = true> <Delay = 0.00>
ST_11 : Operation 83 [1/1] (0.00ns)   --->   "%zext_ln32 = zext i32 %sext_ln32 to i64" [../layers_c/pointwise_conv2d.cpp:32]   --->   Operation 83 'zext' 'zext_ln32' <Predicate = true> <Delay = 0.00>
ST_11 : Operation 84 [1/1] (0.00ns)   --->   "%output_addr = getelementptr [14400 x i16]* %output_r, i64 0, i64 %zext_ln32" [../layers_c/pointwise_conv2d.cpp:32]   --->   Operation 84 'getelementptr' 'output_addr' <Predicate = true> <Delay = 0.00>
ST_11 : Operation 85 [1/1] (3.25ns)   --->   "store i16 %and_ln32, i16* %output_addr, align 2" [../layers_c/pointwise_conv2d.cpp:32]   --->   Operation 85 'store' <Predicate = true> <Delay = 3.25> <Core = "RAM">   --->   Core 37 'RAM' <Latency = 1> <II = 1> <Delay = 3.25> <Storage> <Opcode : 'load' 'store'> <Ports = 2> <Width = 16> <Depth = 14400> <RAM>
ST_11 : Operation 86 [1/1] (0.00ns)   --->   "br label %.preheader" [../layers_c/pointwise_conv2d.cpp:20]   --->   Operation 86 'br' <Predicate = true> <Delay = 0.00>


============================================================
+ Verbose Summary: Timing violations
============================================================
Target clock period: 6.67ns, clock uncertainty: 3.33ns.

 <State 1>: 1.77ns
The critical path consists of the following:
	multiplexor before 'phi' operation ('out_d') with incoming values : ('out_d', ../layers_c/pointwise_conv2d.cpp:18) [6]  (1.77 ns)

 <State 2>: 3.25ns
The critical path consists of the following:
	'phi' operation ('out_d') with incoming values : ('out_d', ../layers_c/pointwise_conv2d.cpp:18) [6]  (0 ns)
	'getelementptr' operation ('SeparableConv2D_2_b_1', ../layers_c/pointwise_conv2d.cpp:21) [16]  (0 ns)
	'load' operation ('SeparableConv2D_2_b_2', ../layers_c/pointwise_conv2d.cpp:21) on array 'SeparableConv2D_2_b_s' [17]  (3.25 ns)

 <State 3>: 3.25ns
The critical path consists of the following:
	'load' operation ('SeparableConv2D_2_b_2', ../layers_c/pointwise_conv2d.cpp:21) on array 'SeparableConv2D_2_b_s' [17]  (3.25 ns)

 <State 4>: 1.83ns
The critical path consists of the following:
	'phi' operation ('out_h') with incoming values : ('out_h', ../layers_c/pointwise_conv2d.cpp:19) [23]  (0 ns)
	'sub' operation ('sub_ln27', ../layers_c/pointwise_conv2d.cpp:27) [32]  (1.83 ns)

 <State 5>: 1.87ns
The critical path consists of the following:
	'phi' operation ('out_w') with incoming values : ('out_w', ../layers_c/pointwise_conv2d.cpp:20) [35]  (0 ns)
	'add' operation ('add_ln27', ../layers_c/pointwise_conv2d.cpp:27) [42]  (1.87 ns)

 <State 6>: 1.83ns
The critical path consists of the following:
	'phi' operation ('in_d') with incoming values : ('in_d', ../layers_c/pointwise_conv2d.cpp:22) [47]  (0 ns)
	'add' operation ('add_ln27_5', ../layers_c/pointwise_conv2d.cpp:27) [63]  (1.83 ns)

 <State 7>: 3.25ns
The critical path consists of the following:
	'getelementptr' operation ('input_addr', ../layers_c/pointwise_conv2d.cpp:27) [59]  (0 ns)
	'load' operation ('input_load', ../layers_c/pointwise_conv2d.cpp:27) on array 'input_r' [60]  (3.25 ns)

 <State 8>: 3.25ns
The critical path consists of the following:
	'load' operation ('input_load', ../layers_c/pointwise_conv2d.cpp:27) on array 'input_r' [60]  (3.25 ns)

 <State 9>: 6.38ns
The critical path consists of the following:
	'mul' operation of DSP[66] ('mul_ln27', ../layers_c/pointwise_conv2d.cpp:27) [66]  (6.38 ns)

 <State 10>: 2.26ns
The critical path consists of the following:
	'add' operation ('buffer', ../layers_c/pointwise_conv2d.cpp:27) [69]  (2.26 ns)

 <State 11>: 3.25ns
The critical path consists of the following:
	'getelementptr' operation ('output_addr', ../layers_c/pointwise_conv2d.cpp:32) [80]  (0 ns)
	'store' operation ('store_ln32', ../layers_c/pointwise_conv2d.cpp:32) of variable 'and_ln32', ../layers_c/pointwise_conv2d.cpp:32 on array 'output_r' [81]  (3.25 ns)


============================================================
+ Verbose Summary: Binding
============================================================
N/A
* FSMD analyzer results:
  - Output states:
 - Input state : 
  - Chain level:
	State 1
	State 2
	State 3
	State 4
	State 5
	State 6
	State 7
	State 8
	State 9
	State 10
	State 11


============================================================
+ Verbose Summary: Datapath Resource usage 
============================================================
N/A
