

================================================================
== Vivado HLS Report for 'max_pooling2d_fix16'
================================================================
* Date:           Tue Dec  3 18:18:21 2019

* Version:        2018.3.1 (Build 2489210 on Tue Mar 26 04:40:43 MDT 2019)
* Project:        HLS
* Solution:       network
* Product family: zynq
* Target device:  xc7z020clg400-1


================================================================
== Performance Estimates
================================================================
+ Timing (ns): 
    * Summary: 
    +--------+-------+----------+------------+
    |  Clock | Target| Estimated| Uncertainty|
    +--------+-------+----------+------------+
    |ap_clk  |  10.00|     8.048|        1.25|
    +--------+-------+----------+------------+

+ Latency (clock cycles): 
    * Summary: 
    +------+-------+------+-------+---------+
    |    Latency   |   Interval   | Pipeline|
    |  min |  max  |  min |  max  |   Type  |
    +------+-------+------+-------+---------+
    |  5617|  44385|  5617|  44385|   none  |
    +------+-------+------+-------+---------+

    + Detail: 
        * Instance: 
        N/A

        * Loop: 
        +-------------------------+------+-------+------------+-----------+-----------+--------+----------+
        |                         |    Latency   |  Iteration |  Initiation Interval  |  Trip  |          |
        |        Loop Name        |  min |  max  |   Latency  |  achieved |   target  |  Count | Pipelined|
        +-------------------------+------+-------+------------+-----------+-----------+--------+----------+
        |- Loop 1                 |  5616|  44384| 702 ~ 2774 |          -|          -| 8 ~ 16 |    no    |
        | + Loop 1.1              |   700|   2772|  100 ~ 198 |          -|          -| 7 ~ 14 |    no    |
        |  ++ Loop 1.1.1          |    98|    196|          14|          -|          -| 7 ~ 14 |    no    |
        |   +++ Loop 1.1.1.1      |    12|     12|           6|          -|          -|       2|    no    |
        |    ++++ Loop 1.1.1.1.1  |     4|      4|           2|          -|          -|       2|    no    |
        +-------------------------+------+-------+------------+-----------+-----------+--------+----------+



================================================================
== Utilization Estimates
================================================================
* Summary: 
+-----------------+---------+-------+--------+-------+
|       Name      | BRAM_18K| DSP48E|   FF   |  LUT  |
+-----------------+---------+-------+--------+-------+
|DSP              |        -|      -|       -|      -|
|Expression       |        -|      0|       0|    360|
|FIFO             |        -|      -|       -|      -|
|Instance         |        -|      -|       -|      -|
|Memory           |        -|      -|       -|      -|
|Multiplexer      |        -|      -|       -|    104|
|Register         |        -|      -|     157|      -|
+-----------------+---------+-------+--------+-------+
|Total            |        0|      0|     157|    464|
+-----------------+---------+-------+--------+-------+
|Available        |      280|    220|  106400|  53200|
+-----------------+---------+-------+--------+-------+
|Utilization (%)  |        0|      0|   ~0   |   ~0  |
+-----------------+---------+-------+--------+-------+

+ Detail: 
    * Instance: 
    N/A

    * DSP48: 
    N/A

    * Memory: 
    N/A

    * FIFO: 
    N/A

    * Expression: 
    +-----------------------------+----------+-------+---+----+------------+------------+
    |        Variable Name        | Operation| DSP48E| FF| LUT| Bitwidth P0| Bitwidth P1|
    +-----------------------------+----------+-------+---+----+------------+------------+
    |tmp1_fu_362_p2               |     *    |      0|  0|  51|           9|           7|
    |tmp3_fu_295_p2               |     *    |      0|  0|  41|           6|           8|
    |in_h_1_fu_337_p2             |     +    |      0|  0|  10|           1|           2|
    |in_w_1_fu_386_p2             |     +    |      0|  0|  10|           1|           2|
    |next_mul3_fu_229_p2          |     +    |      0|  0|  15|           8|           8|
    |next_mul_fu_234_p2           |     +    |      0|  0|  15|           9|           9|
    |out_d_3_fu_248_p2            |     +    |      0|  0|  15|           5|           1|
    |out_h_3_fu_263_p2            |     +    |      0|  0|  13|           4|           1|
    |out_w_3_fu_309_p2            |     +    |      0|  0|  13|           4|           1|
    |tmp2_fu_285_p2               |     +    |      0|  0|  15|           8|           8|
    |tmp4_fu_347_p2               |     +    |      0|  0|   9|           9|           9|
    |tmp5_fu_396_p2               |     +    |      0|  0|  15|           5|           5|
    |tmp_54_fu_367_p2             |     +    |      0|  0|  12|          12|          12|
    |tmp_58_fu_405_p2             |     +    |      0|  0|  19|          14|          14|
    |tmp_fu_353_p2                |     +    |      0|  0|   9|           9|           9|
    |exitcond1_fu_331_p2          |   icmp   |      0|  0|   9|           2|           3|
    |exitcond2_fu_304_p2          |   icmp   |      0|  0|  11|           5|           5|
    |exitcond3_fu_258_p2          |   icmp   |      0|  0|  11|           5|           5|
    |exitcond4_fu_243_p2          |   icmp   |      0|  0|  11|           6|           6|
    |exitcond_fu_380_p2           |   icmp   |      0|  0|   9|           2|           3|
    |tmp_60_fu_419_p2             |   icmp   |      0|  0|  13|          16|          16|
    |tmp_57_fu_415_p2             |    or    |      0|  0|   2|           1|           1|
    |buffer_5_buffer_4_fu_425_p3  |  select  |      0|  0|  16|           1|          16|
    |buffer_6_fu_433_p3           |  select  |      0|  0|  16|           1|          16|
    +-----------------------------+----------+-------+---+----+------------+------------+
    |Total                        |          |      0|  0| 360|         143|         167|
    +-----------------------------+----------+-------+---+----+------------+------------+

    * Multiplexer: 
    +------------------+----+-----------+-----+-----------+
    |       Name       | LUT| Input Size| Bits| Total Bits|
    +------------------+----+-----------+-----+-----------+
    |ap_NS_fsm         |  41|          8|    1|          8|
    |in_h_reg_175      |   9|          2|    2|          4|
    |in_w_reg_186      |   9|          2|    2|          4|
    |out_d_reg_118     |   9|          2|    5|         10|
    |out_h_reg_153     |   9|          2|    4|          8|
    |out_w_reg_164     |   9|          2|    4|          8|
    |phi_mul2_reg_141  |   9|          2|    8|         16|
    |phi_mul_reg_129   |   9|          2|    9|         18|
    +------------------+----+-----------+-----+-----------+
    |Total             | 104|         22|   35|         76|
    +------------------+----+-----------+-----+-----------+

    * Register: 
    +----------------------+----+----+-----+-----------+
    |         Name         | FF | LUT| Bits| Const Bits|
    +----------------------+----+----+-----+-----------+
    |ap_CS_fsm             |   7|   0|    7|          0|
    |buffer_fu_58          |  16|   0|   16|          0|
    |in_h_1_reg_549        |   2|   0|    2|          0|
    |in_h_reg_175          |   2|   0|    2|          0|
    |in_w_1_reg_567        |   2|   0|    2|          0|
    |in_w_reg_186          |   2|   0|    2|          0|
    |next_mul3_reg_487     |   8|   0|    8|          0|
    |next_mul_reg_492      |   9|   0|    9|          0|
    |out_d_3_reg_500       |   5|   0|    5|          0|
    |out_d_reg_118         |   5|   0|    5|          0|
    |out_h_3_reg_508       |   4|   0|    4|          0|
    |out_h_reg_153         |   4|   0|    4|          0|
    |out_w_3_reg_526       |   4|   0|    4|          0|
    |out_w_reg_164         |   4|   0|    4|          0|
    |phi_mul2_reg_141      |   8|   0|    8|          0|
    |phi_mul_reg_129       |   9|   0|    9|          0|
    |tmp1_reg_554          |  14|   0|   14|          0|
    |tmp3_reg_518          |  12|   0|   12|          0|
    |tmp_52_reg_541        |   1|   0|    1|          0|
    |tmp_53_reg_536        |   4|   0|    5|          1|
    |tmp_56_reg_559        |   1|   0|    1|          0|
    |tmp_71_cast_reg_472   |   7|   0|   14|          7|
    |tmp_72_cast_reg_477   |   6|   0|    8|          2|
    |tmp_73_cast_reg_482   |   6|   0|   12|          6|
    |tmp_78_cast_reg_513   |   4|   0|    9|          5|
    |tmp_80_cast1_reg_531  |   4|   0|   12|          8|
    |tmp_cast_reg_467      |   7|   0|    9|          2|
    +----------------------+----+----+-----+-----------+
    |Total                 | 157|   0|  188|         31|
    +----------------------+----+----+-----+-----------+



================================================================
== Interface
================================================================
* Summary: 
+-------------------+-----+-----+------------+---------------------+--------------+
|     RTL Ports     | Dir | Bits|  Protocol  |    Source Object    |    C Type    |
+-------------------+-----+-----+------------+---------------------+--------------+
|ap_clk             |  in |    1| ap_ctrl_hs | max_pooling2d_fix16 | return value |
|ap_rst             |  in |    1| ap_ctrl_hs | max_pooling2d_fix16 | return value |
|ap_start           |  in |    1| ap_ctrl_hs | max_pooling2d_fix16 | return value |
|ap_done            | out |    1| ap_ctrl_hs | max_pooling2d_fix16 | return value |
|ap_idle            | out |    1| ap_ctrl_hs | max_pooling2d_fix16 | return value |
|ap_ready           | out |    1| ap_ctrl_hs | max_pooling2d_fix16 | return value |
|input_height       |  in |    7|   ap_none  |     input_height    |    scalar    |
|input_width        |  in |    6|   ap_none  |     input_width     |    scalar    |
|input_r_address0   | out |   14|  ap_memory |       input_r       |     array    |
|input_r_ce0        | out |    1|  ap_memory |       input_r       |     array    |
|input_r_q0         |  in |   16|  ap_memory |       input_r       |     array    |
|output_depth       |  in |    6|   ap_none  |     output_depth    |    scalar    |
|output_height      |  in |    5|   ap_none  |    output_height    |    scalar    |
|output_width       |  in |    5|   ap_none  |     output_width    |    scalar    |
|output_r_address0  | out |   14|  ap_memory |       output_r      |     array    |
|output_r_ce0       | out |    1|  ap_memory |       output_r      |     array    |
|output_r_we0       | out |    1|  ap_memory |       output_r      |     array    |
|output_r_d0        | out |   16|  ap_memory |       output_r      |     array    |
+-------------------+-----+-----+------------+---------------------+--------------+

