

================================================================
== Vivado HLS Report for 'padding2d_fix16_3'
================================================================
* Date:           Thu Nov  7 15:54:48 2019

* Version:        2018.3 (Build 2405991 on Thu Dec 06 23:56:15 MST 2018)
* Project:        HLS
* Solution:       network
* Product family: zynq
* Target device:  xc7z020clg400-1


================================================================
== Performance Estimates
================================================================
+ Timing (ns): 
    * Summary: 
    +--------+-------+----------+------------+
    |  Clock | Target| Estimated| Uncertainty|
    +--------+-------+----------+------------+
    |ap_clk  |  10.00|     8.457|        1.25|
    +--------+-------+----------+------------+

+ Latency (clock cycles): 
    * Summary: 
    +-----+-----+-----+-----+---------+
    |  Latency  |  Interval | Pipeline|
    | min | max | min | max |   Type  |
    +-----+-----+-----+-----+---------+
    |    ?|    ?|    ?|    ?|   none  |
    +-----+-----+-----+-----+---------+

    + Detail: 
        * Instance: 
        N/A

        * Loop: 
        +-----------------+-----+-------+----------+-----------+-----------+-----------+----------+
        |                 |   Latency   | Iteration|  Initiation Interval  |    Trip   |          |
        |    Loop Name    | min |  max  |  Latency |  achieved |   target  |   Count   | Pipelined|
        +-----------------+-----+-------+----------+-----------+-----------+-----------+----------+
        |- Loop 1         |    ?|      ?|         ?|          -|          -|          ?|    no    |
        | + Loop 1.1      |    1|  65536|         1|          -|          -| 1 ~ 65536 |    no    |
        | + Loop 1.2      |    ?|      ?|         ?|          -|          -|          ?|    no    |
        |  ++ Loop 1.2.1  |    2|      2|         1|          -|          -|          2|    no    |
        |  ++ Loop 1.2.2  |    ?|      ?|         2|          -|          -|          ?|    no    |
        | + Loop 1.3      |    3|  65538|         1|          -|          -| 3 ~ 65538 |    no    |
        +-----------------+-----+-------+----------+-----------+-----------+-----------+----------+



================================================================
== Utilization Estimates
================================================================
* Summary: 
+-----------------+---------+-------+--------+-------+
|       Name      | BRAM_18K| DSP48E|   FF   |  LUT  |
+-----------------+---------+-------+--------+-------+
|DSP              |        -|      2|       -|      -|
|Expression       |        -|      -|       0|    724|
|FIFO             |        -|      -|       -|      -|
|Instance         |        -|      -|       -|      -|
|Memory           |        -|      -|       -|      -|
|Multiplexer      |        -|      -|       -|    242|
|Register         |        -|      -|     570|      -|
+-----------------+---------+-------+--------+-------+
|Total            |        0|      2|     570|    966|
+-----------------+---------+-------+--------+-------+
|Available        |      280|    220|  106400|  53200|
+-----------------+---------+-------+--------+-------+
|Utilization (%)  |        0|   ~0  |   ~0   |      1|
+-----------------+---------+-------+--------+-------+

+ Detail: 
    * Instance: 
    N/A

    * DSP48: 
    +------------------------------------+--------------------------------+-----------+
    |              Instance              |             Module             | Expression|
    +------------------------------------+--------------------------------+-----------+
    |network_mul_mul_16s_16s_16_1_1_U29  |network_mul_mul_16s_16s_16_1_1  |  i0 * i1  |
    |network_mul_mul_16s_16s_16_1_1_U30  |network_mul_mul_16s_16s_16_1_1  |  i0 * i1  |
    +------------------------------------+--------------------------------+-----------+

    * Memory: 
    N/A

    * FIFO: 
    N/A

    * Expression: 
    +----------------------------+----------+-------+---+----+------------+------------+
    |        Variable Name       | Operation| DSP48E| FF| LUT| Bitwidth P0| Bitwidth P1|
    +----------------------------+----------+-------+---+----+------------+------------+
    |depth_1_fu_354_p2           |     +    |      0|  0|  23|          16|           1|
    |height_1_fu_417_p2          |     +    |      0|  0|  23|          16|           1|
    |i_1_fu_369_p2               |     +    |      0|  0|  23|          16|           1|
    |i_2_fu_501_p2               |     +    |      0|  0|  23|          16|           1|
    |i_count_3_fu_397_p2         |     +    |      0|  0|  23|          16|          16|
    |indvars_iv_next1_fu_518_p2  |     +    |      0|  0|  23|          16|          16|
    |indvars_iv_next2_fu_471_p2  |     +    |      0|  0|  23|          16|          16|
    |indvars_iv_next9_fu_476_p2  |     +    |      0|  0|  23|          16|          16|
    |indvars_iv_next_fu_523_p2   |     +    |      0|  0|  23|          16|          16|
    |o_count_7_fu_512_p2         |     +    |      0|  0|  23|          16|           1|
    |o_count_8_fu_438_p2         |     +    |      0|  0|  23|          16|           1|
    |o_count_9_fu_486_p2         |     +    |      0|  0|  23|          16|           1|
    |tmp1_fu_386_p2              |     +    |      0|  0|  16|          16|           2|
    |tmp2_fu_402_p2              |     +    |      0|  0|  16|          16|          16|
    |tmp3_fu_327_p2              |     +    |      0|  0|  16|          16|          16|
    |tmp4_fu_338_p2              |     +    |      0|  0|  16|           3|          16|
    |tmp_13_fu_332_p2            |     +    |      0|  0|  16|          16|          16|
    |tmp_14_fu_343_p2            |     +    |      0|  0|  16|          16|          16|
    |tmp_42_fu_528_p1            |     +    |      0|  0|  23|           2|          16|
    |tmp_43_fu_302_p2            |     +    |      0|  0|  23|           1|          16|
    |tmp_45_fu_310_p2            |     +    |      0|  0|  24|           1|          17|
    |tmp_46_fu_316_p2            |     +    |      0|  0|  23|           2|          16|
    |tmp_47_fu_321_p2            |     +    |      0|  0|  24|           2|          17|
    |tmp_49_fu_380_p2            |     +    |      0|  0|  23|          16|           1|
    |tmp_50_fu_392_p2            |     +    |      0|  0|  16|          16|          16|
    |tmp_51_fu_407_p2            |     +    |      0|  0|  16|          16|          16|
    |tmp_52_fu_423_p2            |     +    |      0|  0|  23|          16|          16|
    |tmp_55_fu_444_p2            |     +    |      0|  0|  23|          16|          16|
    |tmp_56_fu_449_p2            |     +    |      0|  0|  23|          16|          16|
    |tmp_60_fu_465_p2            |     +    |      0|  0|  23|          16|           1|
    |exitcond1_fu_349_p2         |   icmp   |      0|  0|  13|          16|          16|
    |exitcond2_fu_412_p2         |   icmp   |      0|  0|  13|          16|          16|
    |exitcond3_fu_427_p2         |   icmp   |      0|  0|  13|          16|          16|
    |exitcond_fu_454_p2          |   icmp   |      0|  0|  13|          16|          16|
    |tmp_53_fu_496_p2            |   icmp   |      0|  0|  18|          17|          17|
    |tmp_s_fu_364_p2             |   icmp   |      0|  0|  18|          17|          17|
    +----------------------------+----------+-------+---+----+------------+------------+
    |Total                       |          |      0|  0| 724|         493|         431|
    +----------------------------+----------+-------+---+----+------------+------------+

    * Multiplexer: 
    +---------------------+----+-----------+-----+-----------+
    |         Name        | LUT| Input Size| Bits| Total Bits|
    +---------------------+----+-----------+-----+-----------+
    |ap_NS_fsm            |  47|         10|    1|         10|
    |depth_reg_154        |   9|          2|   16|         32|
    |height_reg_229       |   9|          2|   16|         32|
    |i2_reg_280           |   9|          2|   16|         32|
    |i_count_1_reg_218    |   9|          2|   16|         32|
    |i_count_2_reg_261    |   9|          2|   16|         32|
    |i_count_reg_142      |   9|          2|   16|         32|
    |i_reg_175            |   9|          2|   16|         32|
    |indvars_iv2_reg_120  |   9|          2|   16|         32|
    |indvars_iv8_reg_197  |   9|          2|   16|         32|
    |indvars_iv_reg_110   |   9|          2|   16|         32|
    |o_count_1_reg_165    |   9|          2|   16|         32|
    |o_count_2_reg_207    |   9|          2|   16|         32|
    |o_count_3_reg_240    |   9|          2|   16|         32|
    |o_count_4_reg_250    |   9|          2|   16|         32|
    |o_count_5_reg_271    |   9|          2|   16|         32|
    |o_count_6_reg_186    |   9|          2|   16|         32|
    |o_count_reg_130      |   9|          2|   16|         32|
    |output_r_address0    |  27|          5|   12|         60|
    |output_r_d0          |  15|          3|   16|         48|
    +---------------------+----+-----------+-----+-----------+
    |Total                | 242|         52|  301|        662|
    +---------------------+----+-----------+-----+-----------+

    * Register: 
    +---------------------+----+----+-----+-----------+
    |         Name        | FF | LUT| Bits| Const Bits|
    +---------------------+----+----+-----+-----------+
    |ap_CS_fsm            |   9|   0|    9|          0|
    |depth_1_reg_618      |  16|   0|   16|          0|
    |depth_reg_154        |  16|   0|   16|          0|
    |height_1_reg_655     |  16|   0|   16|          0|
    |height_reg_229       |  16|   0|   16|          0|
    |i2_reg_280           |  16|   0|   16|          0|
    |i_count_1_reg_218    |  16|   0|   16|          0|
    |i_count_2_reg_261    |  16|   0|   16|          0|
    |i_count_3_reg_641    |  16|   0|   16|          0|
    |i_count_reg_142      |  16|   0|   16|          0|
    |i_reg_175            |  16|   0|   16|          0|
    |indvars_iv2_reg_120  |  16|   0|   16|          0|
    |indvars_iv8_reg_197  |  16|   0|   16|          0|
    |indvars_iv_reg_110   |  16|   0|   16|          0|
    |o_count_1_reg_165    |  16|   0|   16|          0|
    |o_count_2_reg_207    |  16|   0|   16|          0|
    |o_count_3_reg_240    |  16|   0|   16|          0|
    |o_count_4_reg_250    |  16|   0|   16|          0|
    |o_count_5_reg_271    |  16|   0|   16|          0|
    |o_count_6_reg_186    |  16|   0|   16|          0|
    |o_count_reg_130      |  16|   0|   16|          0|
    |tmp_11_reg_573       |  15|   0|   16|          1|
    |tmp_13_reg_605       |  16|   0|   16|          0|
    |tmp_14_reg_610       |  16|   0|   16|          0|
    |tmp_41_reg_578       |  16|   0|   16|          0|
    |tmp_42_reg_561       |  16|   0|   16|          0|
    |tmp_43_reg_583       |  16|   0|   16|          0|
    |tmp_45_reg_589       |  17|   0|   17|          0|
    |tmp_46_reg_594       |  16|   0|   16|          0|
    |tmp_47_reg_600       |  17|   0|   17|          0|
    |tmp_51_reg_646       |  16|   0|   16|          0|
    |tmp_52_reg_660       |  16|   0|   16|          0|
    |tmp_55_reg_673       |  16|   0|   16|          0|
    |tmp_56_reg_678       |  16|   0|   16|          0|
    |tmp_60_reg_691       |  16|   0|   16|          0|
    |tmp_reg_554          |  16|   0|   16|          0|
    +---------------------+----+----+-----+-----------+
    |Total                | 570|   0|  571|          1|
    +---------------------+----+----+-----+-----------+



================================================================
== Interface
================================================================
* Summary: 
+-------------------+-----+-----+------------+-------------------+--------------+
|     RTL Ports     | Dir | Bits|  Protocol  |   Source Object   |    C Type    |
+-------------------+-----+-----+------------+-------------------+--------------+
|ap_clk             |  in |    1| ap_ctrl_hs | padding2d_fix16.3 | return value |
|ap_rst             |  in |    1| ap_ctrl_hs | padding2d_fix16.3 | return value |
|ap_start           |  in |    1| ap_ctrl_hs | padding2d_fix16.3 | return value |
|ap_done            | out |    1| ap_ctrl_hs | padding2d_fix16.3 | return value |
|ap_idle            | out |    1| ap_ctrl_hs | padding2d_fix16.3 | return value |
|ap_ready           | out |    1| ap_ctrl_hs | padding2d_fix16.3 | return value |
|input_depth        |  in |   16|   ap_none  |    input_depth    |    scalar    |
|input_height       |  in |   16|   ap_none  |    input_height   |    scalar    |
|input_width        |  in |   16|   ap_none  |    input_width    |    scalar    |
|input_r_address0   | out |   12|  ap_memory |      input_r      |     array    |
|input_r_ce0        | out |    1|  ap_memory |      input_r      |     array    |
|input_r_q0         |  in |   16|  ap_memory |      input_r      |     array    |
|output_r_address0  | out |   12|  ap_memory |      output_r     |     array    |
|output_r_ce0       | out |    1|  ap_memory |      output_r     |     array    |
|output_r_we0       | out |    1|  ap_memory |      output_r     |     array    |
|output_r_d0        | out |   16|  ap_memory |      output_r     |     array    |
+-------------------+-----+-----+------------+-------------------+--------------+

