

================================================================
== Vivado HLS Report for 'pointwise_conv2d_fix_1'
================================================================
* Date:           Sun Dec  1 11:47:01 2019

* Version:        2018.3 (Build 2405991 on Thu Dec 06 23:56:15 MST 2018)
* Project:        HLS
* Solution:       network
* Product family: zynq
* Target device:  xc7z020clg400-1


================================================================
== Performance Estimates
================================================================
+ Timing (ns): 
    * Summary: 
    +--------+-------+----------+------------+
    |  Clock | Target| Estimated| Uncertainty|
    +--------+-------+----------+------------+
    |ap_clk  |  10.00|     6.380|        1.25|
    +--------+-------+----------+------------+

+ Latency (clock cycles): 
    * Summary: 
    +--------+--------+--------+--------+---------+
    |     Latency     |     Interval    | Pipeline|
    |   min  |   max  |   min  |   max  |   Type  |
    +--------+--------+--------+--------+---------+
    |  105305|  105305|  105305|  105305|   none  |
    +--------+--------+--------+--------+---------+

    + Detail: 
        * Instance: 
        N/A

        * Loop: 
        +---------------------+--------+--------+----------+-----------+-----------+------+----------+
        |                     |     Latency     | Iteration|  Initiation Interval  | Trip |          |
        |      Loop Name      |   min  |   max  |  Latency |  achieved |   target  | Count| Pipelined|
        +---------------------+--------+--------+----------+-----------+-----------+------+----------+
        |- Loop 1             |  105304|  105304|     13163|          -|          -|     8|    no    |
        | + Loop 1.1          |   13160|   13160|       940|          -|          -|    14|    no    |
        |  ++ Loop 1.1.1      |     938|     938|        67|          -|          -|    14|    no    |
        |   +++ Loop 1.1.1.1  |      64|      64|         4|          -|          -|    16|    no    |
        +---------------------+--------+--------+----------+-----------+-----------+------+----------+



================================================================
== Utilization Estimates
================================================================
* Summary: 
+-----------------+---------+-------+--------+-------+
|       Name      | BRAM_18K| DSP48E|   FF   |  LUT  |
+-----------------+---------+-------+--------+-------+
|DSP              |        -|      1|       -|      -|
|Expression       |        -|      -|       0|    287|
|FIFO             |        -|      -|       -|      -|
|Instance         |        -|      -|       -|      -|
|Memory           |        1|      -|      13|      2|
|Multiplexer      |        -|      -|       -|    128|
|Register         |        -|      -|     254|      -|
+-----------------+---------+-------+--------+-------+
|Total            |        1|      1|     267|    417|
+-----------------+---------+-------+--------+-------+
|Available        |      280|    220|  106400|  53200|
+-----------------+---------+-------+--------+-------+
|Utilization (%)  |    ~0   |   ~0  |   ~0   |   ~0  |
+-----------------+---------+-------+--------+-------+

+ Detail: 
    * Instance: 
    N/A

    * DSP48: 
    +------------------------------------+--------------------------------+-----------+
    |              Instance              |             Module             | Expression|
    +------------------------------------+--------------------------------+-----------+
    |network_mul_mul_16s_15s_30_1_1_U34  |network_mul_mul_16s_15s_30_1_1  |  i0 * i1  |
    +------------------------------------+--------------------------------+-----------+

    * Memory: 
    +-------------------------+----------------------------------------------+---------+----+----+------+-----+------+-------------+
    |          Memory         |                    Module                    | BRAM_18K| FF | LUT| Words| Bits| Banks| W*Bits*Banks|
    +-------------------------+----------------------------------------------+---------+----+----+------+-----+------+-------------+
    |SeparableConv2D_1_b_s_U  |pointwise_conv2d_fix_1_SeparableConv2D_1_b_s  |        0|  13|   2|     8|   13|     1|          104|
    |SeparableConv2D_1_w_s_U  |pointwise_conv2d_fix_1_SeparableConv2D_1_w_s  |        1|   0|   0|   128|   15|     1|         1920|
    +-------------------------+----------------------------------------------+---------+----+----+------+-----+------+-------------+
    |Total                    |                                              |        1|  13|   2|   136|   28|     2|         2024|
    +-------------------------+----------------------------------------------+---------+----+----+------+-----+------+-------------+

    * FIFO: 
    N/A

    * Expression: 
    +-----------------------+----------+-------+---+----+------------+------------+
    |     Variable Name     | Operation| DSP48E| FF| LUT| Bitwidth P0| Bitwidth P1|
    +-----------------------+----------+-------+---+----+------------+------------+
    |in_d_1_fu_333_p2       |     +    |      0|  0|  15|           5|           1|
    |next_mul2_fu_196_p2    |     +    |      0|  0|  13|          11|           8|
    |next_mul_fu_343_p2     |     +    |      0|  0|  12|          12|           8|
    |out_d_2_fu_208_p2      |     +    |      0|  0|  13|           4|           1|
    |out_h_2_fu_244_p2      |     +    |      0|  0|  13|           4|           1|
    |out_w_2_fu_290_p2      |     +    |      0|  0|  13|           4|           1|
    |tmp1_fu_349_p2         |     +    |      0|  0|  12|          12|          12|
    |tmp_22_fu_313_p2       |     +    |      0|  0|  12|          12|          12|
    |tmp_24_fu_386_p2       |     +    |      0|  0|  23|          16|          16|
    |tmp_27_cast_fu_391_p2  |     +    |      0|  0|  21|          15|          15|
    |tmp_27_fu_358_p2       |     +    |      0|  0|  17|          13|          13|
    |tmp_29_fu_372_p2       |     +    |      0|  0|  15|           7|           7|
    |tmp_33_fu_427_p2       |     +    |      0|  0|  23|          16|          16|
    |tmp_fu_304_p2          |     +    |      0|  0|  15|           9|           9|
    |tmp_21_fu_274_p2       |     -    |      0|  0|  15|           9|           9|
    |exitcond1_fu_284_p2    |   icmp   |      0|  0|   9|           4|           3|
    |exitcond2_fu_238_p2    |   icmp   |      0|  0|   9|           4|           3|
    |exitcond3_fu_202_p2    |   icmp   |      0|  0|  11|           4|           5|
    |exitcond_fu_327_p2     |   icmp   |      0|  0|  11|           5|           6|
    |p_tmp_s_fu_404_p3      |  select  |      0|  0|  15|           1|           1|
    +-----------------------+----------+-------+---+----+------------+------------+
    |Total                  |          |      0|  0| 287|         167|         147|
    +-----------------------+----------+-------+---+----+------------+------------+

    * Multiplexer: 
    +-----------------------+----+-----------+-----+-----------+
    |          Name         | LUT| Input Size| Bits| Total Bits|
    +-----------------------+----+-----------+-----+-----------+
    |ap_NS_fsm              |  50|         11|    1|         11|
    |in_d_reg_170           |   9|          2|    5|         10|
    |out_d_reg_113          |   9|          2|    4|          8|
    |out_h_reg_135          |   9|          2|    4|          8|
    |out_w_reg_146          |   9|          2|    4|          8|
    |output_load_1_reg_157  |   9|          2|   16|         32|
    |output_r_d0            |  15|          3|   16|         48|
    |phi_mul1_reg_124       |   9|          2|   11|         22|
    |phi_mul_reg_181        |   9|          2|   12|         24|
    +-----------------------+----+-----------+-----+-----------+
    |Total                  | 128|         28|   73|        171|
    +-----------------------+----+-----------+-----+-----------+

    * Register: 
    +-------------------------------+----+----+-----+-----------+
    |              Name             | FF | LUT| Bits| Const Bits|
    +-------------------------------+----+----+-----+-----------+
    |SeparableConv2D_1_b_5_reg_476  |  16|   0|   16|          0|
    |SeparableConv2D_1_w_3_reg_555  |  15|   0|   15|          0|
    |ap_CS_fsm                      |  10|   0|   10|          0|
    |in_d_1_reg_525                 |   5|   0|    5|          0|
    |in_d_reg_170                   |   5|   0|    5|          0|
    |input_load_reg_550             |  16|   0|   16|          0|
    |next_mul2_reg_448              |  11|   0|   11|          0|
    |next_mul_reg_530               |  12|   0|   12|          0|
    |out_d_2_reg_456                |   4|   0|    4|          0|
    |out_d_reg_113                  |   4|   0|    4|          0|
    |out_h_2_reg_489                |   4|   0|    4|          0|
    |out_h_reg_135                  |   4|   0|    4|          0|
    |out_w_2_reg_507                |   4|   0|    4|          0|
    |out_w_reg_146                  |   4|   0|    4|          0|
    |output_addr_reg_517            |  14|   0|   14|          0|
    |output_load_1_reg_157          |  16|   0|   16|          0|
    |p_tmp_s_reg_545                |  15|   0|   15|          0|
    |phi_mul1_cast_reg_443          |  11|   0|   12|          1|
    |phi_mul1_reg_124               |  11|   0|   11|          0|
    |phi_mul_reg_181                |  12|   0|   12|          0|
    |tmp_14_reg_461                 |   3|   0|    3|          0|
    |tmp_19_reg_471                 |   3|   0|    7|          4|
    |tmp_21_reg_494                 |   8|   0|    9|          1|
    |tmp_22_cast_reg_499            |  12|   0|   13|          1|
    |tmp_23_cast4_reg_512           |   4|   0|   12|          8|
    |tmp_32_reg_560                 |  16|   0|   16|          0|
    |tmp_5_reg_481                  |  15|   0|   15|          0|
    +-------------------------------+----+----+-----+-----------+
    |Total                          | 254|   0|  269|         15|
    +-------------------------------+----+----+-----+-----------+



================================================================
== Interface
================================================================
* Summary: 
+-------------------+-----+-----+------------+------------------------+--------------+
|     RTL Ports     | Dir | Bits|  Protocol  |      Source Object     |    C Type    |
+-------------------+-----+-----+------------+------------------------+--------------+
|ap_clk             |  in |    1| ap_ctrl_hs | pointwise_conv2d_fix.1 | return value |
|ap_rst             |  in |    1| ap_ctrl_hs | pointwise_conv2d_fix.1 | return value |
|ap_start           |  in |    1| ap_ctrl_hs | pointwise_conv2d_fix.1 | return value |
|ap_done            | out |    1| ap_ctrl_hs | pointwise_conv2d_fix.1 | return value |
|ap_idle            | out |    1| ap_ctrl_hs | pointwise_conv2d_fix.1 | return value |
|ap_ready           | out |    1| ap_ctrl_hs | pointwise_conv2d_fix.1 | return value |
|input_r_address0   | out |   14|  ap_memory |         input_r        |     array    |
|input_r_ce0        | out |    1|  ap_memory |         input_r        |     array    |
|input_r_q0         |  in |   16|  ap_memory |         input_r        |     array    |
|output_r_address0  | out |   14|  ap_memory |        output_r        |     array    |
|output_r_ce0       | out |    1|  ap_memory |        output_r        |     array    |
|output_r_we0       | out |    1|  ap_memory |        output_r        |     array    |
|output_r_d0        | out |   16|  ap_memory |        output_r        |     array    |
+-------------------+-----+-----+------------+------------------------+--------------+

