

================================================================
== Vivado HLS Report for 'pointwise_conv2d_fix_3'
================================================================
* Date:           Thu Dec 12 12:28:22 2019

* Version:        2018.3.1 (Build 2489210 on Tue Mar 26 04:40:43 MDT 2019)
* Project:        HLS
* Solution:       network
* Product family: zynq
* Target device:  xc7z020clg400-1


================================================================
== Performance Estimates
================================================================
+ Timing (ns): 
    * Summary: 
    +--------+-------+----------+------------+
    |  Clock | Target| Estimated| Uncertainty|
    +--------+-------+----------+------------+
    |ap_clk  |   4.40|     3.890|        1.27|
    +--------+-------+----------+------------+

+ Latency (clock cycles): 
    * Summary: 
    +--------+--------+--------+--------+---------+
    |     Latency     |     Interval    | Pipeline|
    |   min  |   max  |   min  |   max  |   Type  |
    +--------+--------+--------+--------+---------+
    |  213745|  213745|  213745|  213745|   none  |
    +--------+--------+--------+--------+---------+

    + Detail: 
        * Instance: 
        N/A

        * Loop: 
        +---------------------+--------+--------+----------+-----------+-----------+------+----------+
        |                     |     Latency     | Iteration|  Initiation Interval  | Trip |          |
        |      Loop Name      |   min  |   max  |  Latency |  achieved |   target  | Count| Pipelined|
        +---------------------+--------+--------+----------+-----------+-----------+------+----------+
        |- Loop 1             |  213744|  213744|     13359|          -|          -|    16|    no    |
        | + Loop 1.1          |   13356|   13356|       954|          -|          -|    14|    no    |
        |  ++ Loop 1.1.1      |     952|     952|        68|          -|          -|    14|    no    |
        |   +++ Loop 1.1.1.1  |      64|      64|         8|          -|          -|     8|    no    |
        +---------------------+--------+--------+----------+-----------+-----------+------+----------+



================================================================
== Utilization Estimates
================================================================
* Summary: 
+-----------------+---------+-------+--------+-------+
|       Name      | BRAM_18K| DSP48E|   FF   |  LUT  |
+-----------------+---------+-------+--------+-------+
|DSP              |        -|      1|       -|      -|
|Expression       |        -|      -|       0|    244|
|FIFO             |        -|      -|       -|      -|
|Instance         |        -|      -|       -|      -|
|Memory           |        1|      -|      14|      4|
|Multiplexer      |        -|      -|       -|    128|
|Register         |        -|      -|     287|      -|
+-----------------+---------+-------+--------+-------+
|Total            |        1|      1|     301|    376|
+-----------------+---------+-------+--------+-------+
|Available        |      280|    220|  106400|  53200|
+-----------------+---------+-------+--------+-------+
|Utilization (%)  |    ~0   |   ~0  |   ~0   |   ~0  |
+-----------------+---------+-------+--------+-------+

+ Detail: 
    * Instance: 
    N/A

    * DSP48: 
    +------------------------------------+--------------------------------+-----------+
    |              Instance              |             Module             | Expression|
    +------------------------------------+--------------------------------+-----------+
    |network_mul_mul_16s_15s_30_3_1_U60  |network_mul_mul_16s_15s_30_3_1  |  i0 * i1  |
    +------------------------------------+--------------------------------+-----------+

    * Memory: 
    +-------------------------+----------------------------------------------+---------+----+----+------+-----+------+-------------+
    |          Memory         |                    Module                    | BRAM_18K| FF | LUT| Words| Bits| Banks| W*Bits*Banks|
    +-------------------------+----------------------------------------------+---------+----+----+------+-----+------+-------------+
    |SeparableConv2D_3_b_s_U  |pointwise_conv2d_fix_3_SeparableConv2D_3_b_s  |        0|  14|   4|    16|   14|     1|          224|
    |SeparableConv2D_3_w_s_U  |pointwise_conv2d_fix_3_SeparableConv2D_3_w_s  |        1|   0|   0|   128|   15|     1|         1920|
    +-------------------------+----------------------------------------------+---------+----+----+------+-----+------+-------------+
    |Total                    |                                              |        1|  14|   4|   144|   29|     2|         2144|
    +-------------------------+----------------------------------------------+---------+----+----+------+-----+------+-------------+

    * FIFO: 
    N/A

    * Expression: 
    +---------------------+----------+-------+---+----+------------+------------+
    |    Variable Name    | Operation| DSP48E| FF| LUT| Bitwidth P0| Bitwidth P1|
    +---------------------+----------+-------+---+----+------------+------------+
    |buffer_2_fu_369_p2   |     +    |      0|  0|  23|          16|          16|
    |in_d_1_fu_304_p2     |     +    |      0|  0|  13|           4|           1|
    |next_mul2_fu_194_p2  |     +    |      0|  0|  12|          12|           8|
    |next_mul_fu_314_p2   |     +    |      0|  0|  13|          11|           8|
    |out_d_2_fu_206_p2    |     +    |      0|  0|  15|           5|           1|
    |out_h_2_fu_238_p2    |     +    |      0|  0|  13|           4|           1|
    |out_w_2_fu_284_p2    |     +    |      0|  0|  13|           4|           1|
    |tmp1_fu_330_p2       |     +    |      0|  0|  15|           9|           9|
    |tmp_3_fu_378_p2      |     +    |      0|  0|  17|          13|          13|
    |tmp_5_fu_337_p2      |     +    |      0|  0|  12|          12|          12|
    |tmp_7_fu_325_p2      |     +    |      0|  0|  15|           7|           7|
    |tmp_fu_320_p2        |     +    |      0|  0|  13|          11|          11|
    |tmp_2_fu_268_p2      |     -    |      0|  0|  15|           9|           9|
    |exitcond1_fu_278_p2  |   icmp   |      0|  0|   9|           4|           3|
    |exitcond2_fu_232_p2  |   icmp   |      0|  0|   9|           4|           3|
    |exitcond3_fu_200_p2  |   icmp   |      0|  0|  11|           5|           6|
    |exitcond_fu_298_p2   |   icmp   |      0|  0|  11|           4|           5|
    |buffer_1_fu_395_p3   |  select  |      0|  0|  15|           1|           1|
    +---------------------+----------+-------+---+----+------------+------------+
    |Total                |          |      0|  0| 244|         135|         115|
    +---------------------+----------+-------+---+----+------------+------------+

    * Multiplexer: 
    +------------------+----+-----------+-----+-----------+
    |       Name       | LUT| Input Size| Bits| Total Bits|
    +------------------+----+-----------+-----+-----------+
    |ap_NS_fsm         |  65|         16|    1|         16|
    |buffer1_reg_158   |   9|          2|   16|         32|
    |in_d_reg_168      |   9|          2|    4|          8|
    |out_d_reg_114     |   9|          2|    5|         10|
    |out_h_reg_136     |   9|          2|    4|          8|
    |out_w_reg_147     |   9|          2|    4|          8|
    |phi_mul1_reg_125  |   9|          2|   12|         24|
    |phi_mul_reg_179   |   9|          2|   11|         22|
    +------------------+----+-----------+-----+-----------+
    |Total             | 128|         30|   57|        128|
    +------------------+----+-----------+-----+-----------+

    * Register: 
    +-------------------------------+----+----+-----+-----------+
    |              Name             | FF | LUT| Bits| Const Bits|
    +-------------------------------+----+----+-----+-----------+
    |SeparableConv2D_3_w_3_reg_544  |  15|   0|   15|          0|
    |ap_CS_fsm                      |  15|   0|   15|          0|
    |buffer1_reg_158                |  16|   0|   16|          0|
    |buffer_cast_reg_455            |  16|   0|   16|          0|
    |in_d_1_reg_499                 |   4|   0|    4|          0|
    |in_d_reg_168                   |   4|   0|    4|          0|
    |input_load_reg_539             |  16|   0|   16|          0|
    |next_mul2_reg_427              |  12|   0|   12|          0|
    |next_mul_reg_504               |  11|   0|   11|          0|
    |out_d_2_reg_435                |   5|   0|    5|          0|
    |out_d_reg_114                  |   5|   0|    5|          0|
    |out_h_2_reg_463                |   4|   0|    4|          0|
    |out_h_reg_136                  |   4|   0|    4|          0|
    |out_w_2_reg_481                |   4|   0|    4|          0|
    |out_w_reg_147                  |   4|   0|    4|          0|
    |phi_mul1_cast_reg_422          |  12|   0|   13|          1|
    |phi_mul1_reg_125               |  12|   0|   12|          0|
    |phi_mul_reg_179                |  11|   0|   11|          0|
    |tmp1_reg_519                   |   9|   0|    9|          0|
    |tmp_10_reg_559                 |  30|   0|   30|          0|
    |tmp_11_reg_445                 |   4|   0|    4|          0|
    |tmp_1_reg_450                  |   4|   0|    7|          3|
    |tmp_22_cast_reg_473            |  11|   0|   12|          1|
    |tmp_23_cast4_reg_486           |   4|   0|    9|          5|
    |tmp_23_cast_reg_491            |   4|   0|   11|          7|
    |tmp_2_reg_468                  |   8|   0|    9|          1|
    |tmp_3_reg_569                  |  13|   0|   13|          0|
    |tmp_5_reg_524                  |  12|   0|   12|          0|
    |tmp_7_reg_514                  |   7|   0|    7|          0|
    |tmp_reg_509                    |  11|   0|   11|          0|
    +-------------------------------+----+----+-----+-----------+
    |Total                          | 287|   0|  305|         18|
    +-------------------------------+----+----+-----+-----------+



================================================================
== Interface
================================================================
* Summary: 
+-------------------+-----+-----+------------+------------------------+--------------+
|     RTL Ports     | Dir | Bits|  Protocol  |      Source Object     |    C Type    |
+-------------------+-----+-----+------------+------------------------+--------------+
|ap_clk             |  in |    1| ap_ctrl_hs | pointwise_conv2d_fix.3 | return value |
|ap_rst             |  in |    1| ap_ctrl_hs | pointwise_conv2d_fix.3 | return value |
|ap_start           |  in |    1| ap_ctrl_hs | pointwise_conv2d_fix.3 | return value |
|ap_done            | out |    1| ap_ctrl_hs | pointwise_conv2d_fix.3 | return value |
|ap_idle            | out |    1| ap_ctrl_hs | pointwise_conv2d_fix.3 | return value |
|ap_ready           | out |    1| ap_ctrl_hs | pointwise_conv2d_fix.3 | return value |
|input_r_address0   | out |   14|  ap_memory |         input_r        |     array    |
|input_r_ce0        | out |    1|  ap_memory |         input_r        |     array    |
|input_r_q0         |  in |   16|  ap_memory |         input_r        |     array    |
|output_r_address0  | out |   14|  ap_memory |        output_r        |     array    |
|output_r_ce0       | out |    1|  ap_memory |        output_r        |     array    |
|output_r_we0       | out |    1|  ap_memory |        output_r        |     array    |
|output_r_d0        | out |   16|  ap_memory |        output_r        |     array    |
+-------------------+-----+-----+------------+------------------------+--------------+

