#-----------------------------------------------------------
# Vivado v2018.3.1 (64-bit)
# SW Build 2489853 on Tue Mar 26 04:18:30 MDT 2019
# IP Build 2486929 on Tue Mar 26 06:44:21 MDT 2019
# Start of session at: Wed Nov 27 19:34:51 2019
# Process ID: 26820
# Current directory: /home/masudalab/DeepCAEonFPGA/HLS/network/sim/verilog
# Command line: vivado -source open_wave.tcl
# Log file: /home/masudalab/DeepCAEonFPGA/HLS/network/sim/verilog/vivado.log
# Journal file: /home/masudalab/DeepCAEonFPGA/HLS/network/sim/verilog/vivado.jou
#-----------------------------------------------------------
start_gui
source open_wave.tcl
# current_fileset
INFO: [IP_Flow 19-234] Refreshing IP repositories
INFO: [IP_Flow 19-1704] No user IP repositories specified
INFO: [IP_Flow 19-2313] Loaded Vivado IP repository '/tools/Xilinx/Vivado/2018.3/data/ip'.
current_fileset: Time (s): cpu = 00:00:09 ; elapsed = 00:00:08 . Memory (MB): peak = 6408.328 ; gain = 157.676 ; free physical = 890 ; free virtual = 4526
# open_wave_database network.wdb
open_wave_config /home/masudalab/DeepCAEonFPGA/HLS/network/sim/verilog/network.wcfg
close_sim
INFO: [Simtcl 6-16] Simulation closed
exit
INFO: [Common 17-206] Exiting Vivado at Wed Nov 27 19:35:39 2019...
