Copyright 1986-2019 Xilinx, Inc. All Rights Reserved.
-----------------------------------------------------------------------------------------
| Tool Version : Vivado v.2019.1 (lin64) Build 2552052 Fri May 24 14:47:09 MDT 2019
| Date         : Tue Dec 31 20:38:27 2019
| Host         : shts-server running 64-bit Ubuntu 18.04.3 LTS
| Command      : report_control_sets -verbose -file bd_0_wrapper_control_sets_placed.rpt
| Design       : bd_0_wrapper
| Device       : xc7z020
-----------------------------------------------------------------------------------------

Control Set Information

Table of Contents
-----------------
1. Summary
2. Histogram
3. Flip-Flop Distribution
4. Detailed Control Set Information

1. Summary
----------

+----------------------------------------------------------+-------+
|                          Status                          | Count |
+----------------------------------------------------------+-------+
| Total control sets                                       |   220 |
|    Minimum number of control sets                        |   220 |
|    Addition due to synthesis replication                 |     0 |
|    Addition due to physical synthesis replication        |     0 |
| Unused register locations in slices containing registers |   532 |
+----------------------------------------------------------+-------+
* Control sets can be merged at opt_design using control_set_merge or merge_equivalent_drivers
** Run report_qor_suggestions for automated merging and remapping suggestions


2. Histogram
------------

+--------------------+-------+
|       Fanout       | Count |
+--------------------+-------+
| Total control sets |   220 |
| >= 0 to < 4        |     4 |
| >= 4 to < 6        |    27 |
| >= 6 to < 8        |     5 |
| >= 8 to < 10       |    18 |
| >= 10 to < 12      |    17 |
| >= 12 to < 14      |     9 |
| >= 14 to < 16      |    77 |
| >= 16              |    63 |
+--------------------+-------+
* Control sets can be remapped at either synth_design or opt_design


3. Flip-Flop Distribution
-------------------------

+--------------+-----------------------+------------------------+-----------------+--------------+
| Clock Enable | Synchronous Set/Reset | Asynchronous Set/Reset | Total Registers | Total Slices |
+--------------+-----------------------+------------------------+-----------------+--------------+
| No           | No                    | No                     |             208 |          111 |
| No           | No                    | Yes                    |               0 |            0 |
| No           | Yes                   | No                     |             220 |           92 |
| Yes          | No                    | No                     |            2797 |         1451 |
| Yes          | No                    | Yes                    |               0 |            0 |
| Yes          | Yes                   | No                     |             579 |          202 |
+--------------+-----------------------+------------------------+-----------------+--------------+


4. Detailed Control Set Information
-----------------------------------

+--------------+----------------------------------------------------------------------------------------------------------------------------------------------------------------------------+---------------------------------------------------------------------------------------------+------------------+----------------+
| Clock Signal |                                                                                Enable Signal                                                                               |                                       Set/Reset Signal                                      | Slice Load Count | Bel Load Count |
+--------------+----------------------------------------------------------------------------------------------------------------------------------------------------------------------------+---------------------------------------------------------------------------------------------+------------------+----------------+
|  ap_clk      | bd_0_i/hls_inst/inst/output_data_keep_V_1_load_B                                                                                                                           |                                                                                             |                1 |              2 |
|  ap_clk      | bd_0_i/hls_inst/inst/output_data_strb_V_1_load_B                                                                                                                           |                                                                                             |                1 |              2 |
|  ap_clk      | bd_0_i/hls_inst/inst/output_data_strb_V_1_payload_A[1]_i_1_n_5                                                                                                             |                                                                                             |                1 |              2 |
|  ap_clk      | bd_0_i/hls_inst/inst/output_data_keep_V_1_payload_A[1]_i_1_n_5                                                                                                             |                                                                                             |                1 |              2 |
|  ap_clk      | bd_0_i/hls_inst/inst/grp_pointwise_conv2d_fix_1_fu_483/network_mac_muladd_9ns_5ns_9s_13_1_1_U57/network_mac_muladd_9ns_5ns_9s_13_1_1_DSP48_4_U/E[0]                        | bd_0_i/hls_inst/inst/grp_pointwise_conv2d_fix_1_fu_483/trunc_ln39_reg_1614[3]_i_1_n_5       |                1 |              4 |
|  ap_clk      | bd_0_i/hls_inst/inst/grp_depthwise_conv2d_fix_fu_475/and_ln24_reg_14490                                                                                                    |                                                                                             |                2 |              4 |
|  ap_clk      | bd_0_i/hls_inst/inst/grp_depthwise_conv2d_fix_1_fu_451/add_ln32_4_reg_12950                                                                                                | bd_0_i/hls_inst/inst/grp_depthwise_conv2d_fix_1_fu_451/out_w_0_mid2_reg_1276                |                1 |              4 |
|  ap_clk      | bd_0_i/hls_inst/inst/grp_depthwise_conv2d_fix_1_fu_451/reg_3550                                                                                                            |                                                                                             |                2 |              4 |
|  ap_clk      | bd_0_i/hls_inst/inst/grp_pointwise_conv2d_fix_3_fu_489/out_h_0_reg_532                                                                                                     | bd_0_i/hls_inst/inst/grp_pointwise_conv2d_fix_3_fu_489/ap_CS_fsm_state4                     |                1 |              4 |
|  ap_clk      | bd_0_i/hls_inst/inst/grp_pointwise_conv2d_fix_1_fu_483/out_h_0_reg_522                                                                                                     | bd_0_i/hls_inst/inst/grp_pointwise_conv2d_fix_1_fu_483/ap_CS_fsm_state4                     |                2 |              4 |
|  ap_clk      | bd_0_i/hls_inst/inst/grp_pointwise_conv2d_fix_2_fu_495/ap_NS_fsm1                                                                                                          | bd_0_i/hls_inst/inst/grp_pointwise_conv2d_fix_2_fu_495/i_0_reg_358                          |                1 |              4 |
|  ap_clk      | bd_0_i/hls_inst/inst/sig_buffer_dest_V_U/network_sig_buffer_user_V_ram_U/sig_buffer_dest_V_ce0                                                                             |                                                                                             |                4 |              4 |
|  ap_clk      | bd_0_i/hls_inst/inst/sig_buffer_last_V_U/network_sig_buffer_user_V_ram_U/ap_enable_reg_pp2_iter0_reg                                                                       |                                                                                             |                1 |              4 |
|  ap_clk      | bd_0_i/hls_inst/inst/grp_pointwise_conv2d_fix_3_fu_489/network_mac_muladd_4ns_9ns_9s_12_1_1_U108/network_mac_muladd_4ns_9ns_9s_12_1_1_DSP48_10_U/E[0]                      | bd_0_i/hls_inst/inst/grp_pointwise_conv2d_fix_3_fu_489/select_ln36_4_reg_1599[3]_i_1_n_5    |                1 |              4 |
|  ap_clk      | bd_0_i/hls_inst/inst/grp_max_pooling2d_fix16_fu_525/add_ln26_1_reg_7980                                                                                                    | bd_0_i/hls_inst/inst/grp_max_pooling2d_fix16_fu_525/select_ln26_reg_782[3]_i_1_n_5          |                1 |              4 |
|  ap_clk      | bd_0_i/hls_inst/inst/grp_pointwise_conv2d_fix_3_fu_489/ap_NS_fsm1                                                                                                          | bd_0_i/hls_inst/inst/grp_pointwise_conv2d_fix_3_fu_489/i_0_reg_510                          |                1 |              4 |
|  ap_clk      | bd_0_i/hls_inst/inst/grp_depthwise_conv2d_fix_2_fu_427/out_w_reg_1375[4]_i_1_n_5                                                                                           |                                                                                             |                2 |              5 |
|  ap_clk      | bd_0_i/hls_inst/inst/grp_pointwise_conv2d_fix_4_fu_501/i_0_reg_232[4]_i_2_n_5                                                                                              | bd_0_i/hls_inst/inst/grp_pointwise_conv2d_fix_4_fu_501/ap_NS_fsm1                           |                2 |              5 |
|  ap_clk      | bd_0_i/hls_inst/inst/grp_pointwise_conv2d_fix_4_fu_501/out_h_0_reg_254[4]_i_1_n_5                                                                                          | bd_0_i/hls_inst/inst/grp_pointwise_conv2d_fix_4_fu_501/clear                                |                1 |              5 |
|  ap_clk      | bd_0_i/hls_inst/inst/grp_pointwise_conv2d_fix_1_fu_483/ap_NS_fsm1                                                                                                          | bd_0_i/hls_inst/inst/grp_pointwise_conv2d_fix_1_fu_483/i_0_reg_500                          |                2 |              5 |
|  ap_clk      | bd_0_i/hls_inst/inst/grp_pointwise_conv2d_fix_fu_546/load                                                                                                                  | bd_0_i/hls_inst/inst/grp_pointwise_conv2d_fix_fu_546/select_ln32_reg_609[4]_i_1_n_5         |                2 |              5 |
|  ap_clk      | bd_0_i/hls_inst/inst/grp_depthwise_conv2d_fix_fu_475/out_w_reg_15160                                                                                                       |                                                                                             |                1 |              5 |
|  ap_clk      | bd_0_i/hls_inst/inst/network_AXILiteS_s_axi_U/ar_hs                                                                                                                        |                                                                                             |                3 |              5 |
|  ap_clk      | bd_0_i/hls_inst/inst/network_AXILiteS_s_axi_U/waddr                                                                                                                        |                                                                                             |                2 |              5 |
|  ap_clk      | bd_0_i/hls_inst/inst/grp_up_sampling2d_fix16_fu_552/CEC                                                                                                                    | bd_0_i/hls_inst/inst/grp_up_sampling2d_fix16_fu_552/indvar_flatten31_reg_115                |                3 |              5 |
|  ap_clk      | bd_0_i/hls_inst/inst/grp_depthwise_conv2d_fix_fu_475/reg_339210_out                                                                                                        |                                                                                             |                2 |              5 |
|  ap_clk      | bd_0_i/hls_inst/inst/grp_padding2d_fix16_fu_507/ap_CS_fsm_state9                                                                                                           | bd_0_i/hls_inst/inst/grp_padding2d_fix16_fu_507/ap_CS_fsm_state5                            |                2 |              5 |
|  ap_clk      | bd_0_i/hls_inst/inst/grp_padding2d_fix16_fu_507/ap_CS_fsm_state6                                                                                                           |                                                                                             |                2 |              5 |
|  ap_clk      | bd_0_i/hls_inst/inst/grp_up_sampling2d_fix16_fu_552/out_d_0_reg_126                                                                                                        | bd_0_i/hls_inst/inst/grp_up_sampling2d_fix16_fu_552/indvar_flatten31_reg_115                |                3 |              5 |
|  ap_clk      | bd_0_i/hls_inst/inst/grp_depthwise_conv2d_fix_2_fu_427/add_ln32_3_reg_13170                                                                                                | bd_0_i/hls_inst/inst/grp_depthwise_conv2d_fix_2_fu_427/out_w_0_mid2_reg_1298                |                4 |              5 |
|  ap_clk      | bd_0_i/hls_inst/inst/grp_padding2d_fix16_fu_507/ap_CS_fsm_state3                                                                                                           |                                                                                             |                2 |              5 |
|  ap_clk      | bd_0_i/hls_inst/inst/grp_depthwise_conv2d_fix_1_fu_451/ap_CS_fsm_pp0_stage2                                                                                                |                                                                                             |                2 |              7 |
|  ap_clk      | bd_0_i/hls_inst/inst/grp_pointwise_conv2d_fix_2_fu_495/add_ln47_reg_13240                                                                                                  |                                                                                             |                2 |              7 |
|  ap_clk      | bd_0_i/hls_inst/inst/grp_pointwise_conv2d_fix_2_fu_495/indvar_flatten18_reg_3690                                                                                           |                                                                                             |                2 |              7 |
|  ap_clk      | bd_0_i/hls_inst/inst/grp_pointwise_conv2d_fix_4_fu_501/ap_CS_fsm_pp1_stage0                                                                                                |                                                                                             |                4 |              7 |
|  ap_clk      | bd_0_i/hls_inst/inst/grp_depthwise_conv2d_fix_1_fu_451/tmp11_reg_13650                                                                                                     |                                                                                             |                2 |              7 |
|  ap_clk      | bd_0_i/hls_inst/inst/grp_max_pooling2d_fix16_fu_525/out_w_reg_8460                                                                                                         | bd_0_i/hls_inst/inst/grp_max_pooling2d_fix16_fu_525/select_ln21_1_reg_851                   |                3 |              8 |
|  ap_clk      | bd_0_i/hls_inst/inst/grp_depthwise_conv2d_fix_1_fu_451/reg_3552                                                                                                            | bd_0_i/hls_inst/inst/grp_depthwise_conv2d_fix_1_fu_451/select_ln32_14_reg_1489              |                3 |              8 |
|  ap_clk      | bd_0_i/hls_inst/inst/grp_depthwise_conv2d_fix_fu_475/and_ln24_reg_14490                                                                                                    | bd_0_i/hls_inst/inst/grp_depthwise_conv2d_fix_fu_475/select_ln24_reg_1432[4]_i_1_n_5        |                4 |              8 |
|  ap_clk      | bd_0_i/hls_inst/inst/grp_pointwise_conv2d_fix_3_fu_489/indvar_flatten18_reg_5210                                                                                           |                                                                                             |                5 |              8 |
|  ap_clk      | bd_0_i/hls_inst/inst/grp_pointwise_conv2d_fix_3_fu_489/ap_CS_fsm_pp1_stage0                                                                                                |                                                                                             |                5 |              8 |
|  ap_clk      | bd_0_i/hls_inst/inst/grp_pointwise_conv2d_fix_3_fu_489/network_mac_muladd_4ns_9ns_9s_12_1_1_U108/network_mac_muladd_4ns_9ns_9s_12_1_1_DSP48_10_U/icmp_ln31_reg_1570_reg[0] | bd_0_i/hls_inst/inst/grp_pointwise_conv2d_fix_3_fu_489/ap_CS_fsm_state4                     |                5 |              8 |
|  ap_clk      | bd_0_i/hls_inst/inst/grp_pointwise_conv2d_fix_2_fu_495/ap_CS_fsm_pp1_stage0                                                                                                |                                                                                             |                2 |              8 |
|  ap_clk      | bd_0_i/hls_inst/inst/grp_pointwise_conv2d_fix_1_fu_483/ap_CS_fsm_pp1_stage0                                                                                                |                                                                                             |                5 |              8 |
|  ap_clk      | bd_0_i/hls_inst/inst/grp_depthwise_conv2d_fix_1_fu_451/reg_3552                                                                                                            |                                                                                             |                3 |              8 |
|  ap_clk      | bd_0_i/hls_inst/inst/grp_pointwise_conv2d_fix_1_fu_483/network_mac_muladd_9ns_5ns_9s_13_1_1_U57/network_mac_muladd_9ns_5ns_9s_13_1_1_DSP48_4_U/icmp_ln31_reg_1569_reg[0]   | bd_0_i/hls_inst/inst/grp_pointwise_conv2d_fix_1_fu_483/ap_CS_fsm_state4                     |                8 |              9 |
|  ap_clk      | bd_0_i/hls_inst/inst/grp_depthwise_conv2d_fix_fu_475/out_w_0_mid2_reg_14870                                                                                                | bd_0_i/hls_inst/inst/grp_depthwise_conv2d_fix_fu_475/tmp10_1_0_mid2_reg_1498[9]_i_1_n_5     |                3 |              9 |
|  ap_clk      | bd_0_i/hls_inst/inst/grp_pointwise_conv2d_fix_1_fu_483/network_mac_muladd_9ns_5ns_9s_13_1_1_U57/network_mac_muladd_9ns_5ns_9s_13_1_1_DSP48_4_U/E[0]                        |                                                                                             |                3 |              9 |
|  ap_clk      | bd_0_i/hls_inst/inst/grp_depthwise_conv2d_fix_fu_475/p_11_in                                                                                                               | bd_0_i/hls_inst/inst/grp_depthwise_conv2d_fix_fu_475/tmp10_2_0_mid2_reg_1592[9]_i_1_n_5     |                2 |              9 |
|  ap_clk      | bd_0_i/hls_inst/inst/grp_up_sampling2d_fix16_fu_552/indvar_flatten31_reg_1150                                                                                              | bd_0_i/hls_inst/inst/grp_up_sampling2d_fix16_fu_552/indvar_flatten_reg_137[9]               |                2 |              9 |
|  ap_clk      | bd_0_i/hls_inst/inst/grp_pointwise_conv2d_fix_1_fu_483/indvar_flatten18_reg_5110                                                                                           |                                                                                             |                5 |              9 |
|  ap_clk      | bd_0_i/hls_inst/inst/grp_pointwise_conv2d_fix_3_fu_489/network_mac_muladd_4ns_9ns_9s_12_1_1_U108/network_mac_muladd_4ns_9ns_9s_12_1_1_DSP48_10_U/E[0]                      |                                                                                             |                4 |              9 |
|  ap_clk      | bd_0_i/hls_inst/inst/grp_pointwise_conv2d_fix_3_fu_489/add_ln47_reg_16360                                                                                                  |                                                                                             |                4 |              9 |
|  ap_clk      | bd_0_i/hls_inst/inst/grp_pointwise_conv2d_fix_1_fu_483/add_ln47_reg_16390                                                                                                  |                                                                                             |                3 |              9 |
|  ap_clk      | bd_0_i/hls_inst/inst/grp_pointwise_conv2d_fix_fu_546/ap_CS_fsm_state3                                                                                                      |                                                                                             |                2 |             10 |
|  ap_clk      | bd_0_i/hls_inst/inst/i_1_reg_405[9]_i_2_n_5                                                                                                                                | bd_0_i/hls_inst/inst/grp_pointwise_conv2d_fix_4_fu_501/SR[0]                                |                2 |             10 |
|  ap_clk      | bd_0_i/hls_inst/inst/grp_pointwise_conv2d_fix_4_fu_501/indvar_flatten18_reg_2430                                                                                           |                                                                                             |                6 |             10 |
|  ap_clk      | bd_0_i/hls_inst/inst/grp_depthwise_conv2d_fix_2_fu_427/reg_3792                                                                                                            |                                                                                             |                4 |             10 |
|  ap_clk      | bd_0_i/hls_inst/inst/grp_depthwise_conv2d_fix_2_fu_427/tmp10_2_0_mid2_reg_13560                                                                                            |                                                                                             |                6 |             10 |
|  ap_clk      | bd_0_i/hls_inst/inst/grp_depthwise_conv2d_fix_fu_475/ce04                                                                                                                  |                                                                                             |                5 |             10 |
|  ap_clk      | bd_0_i/hls_inst/inst/grp_depthwise_conv2d_fix_1_fu_451/ap_CS_fsm_pp0_stage0                                                                                                |                                                                                             |                5 |             10 |
|  ap_clk      |                                                                                                                                                                            | bd_0_i/hls_inst/inst/grp_pointwise_conv2d_fix_4_fu_501/clear                                |                6 |             10 |
|  ap_clk      | bd_0_i/hls_inst/inst/zext_ln176_reg_682[9]_i_1_n_5                                                                                                                         |                                                                                             |                4 |             10 |
|  ap_clk      |                                                                                                                                                                            | bd_0_i/hls_inst/inst/grp_pointwise_conv2d_fix_2_fu_495/ap_CS_fsm_state4                     |                5 |             10 |
|  ap_clk      | bd_0_i/hls_inst/inst/sel                                                                                                                                                   | bd_0_i/hls_inst/inst/ap_CS_fsm_state43                                                      |                2 |             10 |
|  ap_clk      | bd_0_i/hls_inst/inst/grp_depthwise_conv2d_fix_fu_475/add_ln32_5_reg_15770                                                                                                  |                                                                                             |                3 |             10 |
|  ap_clk      | bd_0_i/hls_inst/inst/grp_depthwise_conv2d_fix_2_fu_427/reg_3792                                                                                                            | bd_0_i/hls_inst/inst/grp_depthwise_conv2d_fix_2_fu_427/select_ln32_13_reg_1474              |                3 |             10 |
|  ap_clk      | bd_0_i/hls_inst/inst/grp_depthwise_conv2d_fix_fu_475/reg_339210_out                                                                                                        | bd_0_i/hls_inst/inst/grp_depthwise_conv2d_fix_fu_475/select_ln32_15_reg_1659                |                2 |             10 |
|  ap_clk      | bd_0_i/hls_inst/inst/grp_pointwise_conv2d_fix_4_fu_501/add_ln47_reg_10300                                                                                                  |                                                                                             |                4 |             11 |
|  ap_clk      | bd_0_i/hls_inst/inst/grp_depthwise_conv2d_fix_fu_475/ap_CS_fsm_pp0_stage2                                                                                                  |                                                                                             |                6 |             11 |
|  ap_clk      | bd_0_i/hls_inst/inst/grp_depthwise_conv2d_fix_1_fu_451/add_ln23_reg_13700                                                                                                  |                                                                                             |                3 |             11 |
|  ap_clk      | bd_0_i/hls_inst/inst/grp_pointwise_conv2d_fix_2_fu_495/network_mac_muladd_4ns_7ns_7s_10_1_1_U86/network_mac_muladd_4ns_7ns_7s_10_1_1_DSP48_6_U/ap_CS_fsm_reg[4]            |                                                                                             |                4 |             12 |
|  ap_clk      | bd_0_i/hls_inst/inst/grp_pointwise_conv2d_fix_fu_546/CEA2                                                                                                                  |                                                                                             |                3 |             13 |
|  ap_clk      | bd_0_i/hls_inst/inst/grp_pointwise_conv2d_fix_4_fu_501/network_mac_muladd_11ns_5ns_11s_15_1_1_U116/network_mac_muladd_11ns_5ns_11s_15_1_1_DSP48_11_U/or_ln36_reg_9840      |                                                                                             |                5 |             13 |
|  ap_clk      | bd_0_i/hls_inst/inst/grp_max_pooling2d_fix16_fu_525/add_ln19_reg_8200                                                                                                      |                                                                                             |                4 |             13 |
|  ap_clk      | bd_0_i/hls_inst/inst/grp_pointwise_conv2d_fix_2_fu_495/ap_CS_fsm_state10                                                                                                   | bd_0_i/hls_inst/inst/grp_pointwise_conv2d_fix_2_fu_495/out_d_0_reg_336                      |                3 |             13 |
|  ap_clk      | bd_0_i/hls_inst/inst/grp_pointwise_conv2d_fix_1_fu_483/ap_CS_fsm_state10                                                                                                   | bd_0_i/hls_inst/inst/grp_pointwise_conv2d_fix_1_fu_483/out_d_0_reg_478                      |                5 |             13 |
|  ap_clk      | bd_0_i/hls_inst/inst/grp_pointwise_conv2d_fix_2_fu_495/i_0_reg_3580                                                                                                        |                                                                                             |                5 |             13 |
|  ap_clk      | bd_0_i/hls_inst/inst/grp_max_pooling2d_fix16_fu_525/out_w_reg_8460                                                                                                         |                                                                                             |                5 |             13 |
|  ap_clk      | bd_0_i/hls_inst/inst/grp_depthwise_conv2d_fix_2_fu_427/mul_ln48_1_reg_14060                                                                                                |                                                                                             |                5 |             13 |
|  ap_clk      | bd_0_i/hls_inst/inst/grp_max_pooling2d_fix16_fu_525/ap_CS_fsm_pp0_stage1                                                                                                   |                                                                                             |                4 |             14 |
|  ap_clk      | bd_0_i/hls_inst/inst/grp_padding2d_fix16_fu_507/add_ln32_reg_772[13]_i_1_n_5                                                                                               |                                                                                             |                4 |             14 |
|  ap_clk      | bd_0_i/hls_inst/inst/grp_max_pooling2d_fix16_fu_525/select_ln29_2_reg_8870                                                                                                 |                                                                                             |                5 |             14 |
|  ap_clk      | bd_0_i/hls_inst/inst/grp_padding2d_fix16_fu_507/ap_NS_fsm11_out                                                                                                            |                                                                                             |                4 |             14 |
|  ap_clk      | bd_0_i/hls_inst/inst/grp_padding2d_fix16_fu_507/i_count_2_reg_2971                                                                                                         |                                                                                             |                4 |             14 |
|  ap_clk      | bd_0_i/hls_inst/inst/grp_padding2d_fix16_fu_507/i_count_2_reg_297[13]_i_1_n_5                                                                                              |                                                                                             |                4 |             14 |
|  ap_clk      | bd_0_i/hls_inst/inst/grp_padding2d_fix16_fu_507/o_count_1_reg_232[0]_i_1_n_5                                                                                               |                                                                                             |                4 |             14 |
|  ap_clk      | bd_0_i/hls_inst/inst/grp_padding2d_fix16_fu_507/o_count_3_reg_286[13]_i_1_n_5                                                                                              |                                                                                             |                7 |             14 |
|  ap_clk      | bd_0_i/hls_inst/inst/grp_padding2d_fix16_fu_507/o_count_5_reg_307[0]_i_1_n_5                                                                                               |                                                                                             |                4 |             14 |
|  ap_clk      | bd_0_i/hls_inst/inst/grp_depthwise_conv2d_fix_2_fu_427/add_ln23_reg_14280                                                                                                  |                                                                                             |                5 |             14 |
|  ap_clk      | bd_0_i/hls_inst/inst/grp_pointwise_conv2d_fix_fu_546/load                                                                                                                  |                                                                                             |                5 |             14 |
|  ap_clk      | bd_0_i/hls_inst/inst/grp_max_pooling2d_fix16_fu_525/select_ln29_reg_8350                                                                                                   |                                                                                             |                4 |             14 |
|  ap_clk      | bd_0_i/hls_inst/inst/i_0_reg_394[0]_i_2_n_5                                                                                                                                | bd_0_i/hls_inst/inst/network_AXILiteS_s_axi_U/clear                                         |                4 |             14 |
|  ap_clk      | bd_0_i/hls_inst/inst/grp_max_pooling2d_fix16_fu_525/select_ln29_1_reg_8610                                                                                                 |                                                                                             |                3 |             14 |
|  ap_clk      | bd_0_i/hls_inst/inst/grp_pointwise_conv2d_fix_3_fu_489/kernel_buffer_15_24_fu_4340                                                                                         |                                                                                             |               13 |             15 |
|  ap_clk      | bd_0_i/hls_inst/inst/grp_pointwise_conv2d_fix_3_fu_489/kernel_buffer_15_23_fu_4300                                                                                         |                                                                                             |               10 |             15 |
|  ap_clk      | bd_0_i/hls_inst/inst/grp_pointwise_conv2d_fix_3_fu_489/kernel_buffer_15_016_fu_4580                                                                                        |                                                                                             |               14 |             15 |
|  ap_clk      | bd_0_i/hls_inst/inst/grp_pointwise_conv2d_fix_3_fu_489/kernel_buffer_15_25_fu_4380                                                                                         |                                                                                             |               13 |             15 |
|  ap_clk      | bd_0_i/hls_inst/inst/grp_pointwise_conv2d_fix_3_fu_489/kernel_buffer_15_22_fu_4260                                                                                         |                                                                                             |               12 |             15 |
|  ap_clk      | bd_0_i/hls_inst/inst/grp_pointwise_conv2d_fix_2_fu_495/kernel_buffer_15_016_fu_3060                                                                                        |                                                                                             |               11 |             15 |
|  ap_clk      | bd_0_i/hls_inst/inst/grp_pointwise_conv2d_fix_2_fu_495/kernel_buffer_15_41_fu_2940                                                                                         |                                                                                             |               14 |             15 |
|  ap_clk      | bd_0_i/hls_inst/inst/grp_pointwise_conv2d_fix_3_fu_489/kernel_buffer_15_17_fu_4060                                                                                         |                                                                                             |               13 |             15 |
|  ap_clk      | bd_0_i/hls_inst/inst/grp_pointwise_conv2d_fix_3_fu_489/kernel_buffer_15_18_fu_4100                                                                                         |                                                                                             |               14 |             15 |
|  ap_clk      | bd_0_i/hls_inst/inst/grp_pointwise_conv2d_fix_3_fu_489/kernel_buffer_15_19_fu_4140                                                                                         |                                                                                             |               13 |             15 |
|  ap_clk      | bd_0_i/hls_inst/inst/grp_pointwise_conv2d_fix_3_fu_489/kernel_buffer_15_20_fu_4180                                                                                         |                                                                                             |               14 |             15 |
|  ap_clk      | bd_0_i/hls_inst/inst/grp_pointwise_conv2d_fix_3_fu_489/kernel_buffer_15_21_fu_4220                                                                                         |                                                                                             |               11 |             15 |
|  ap_clk      | bd_0_i/hls_inst/inst/grp_depthwise_conv2d_fix_1_fu_451/tmp10_2_0_mid2_reg_13850                                                                                            |                                                                                             |                6 |             15 |
|  ap_clk      | bd_0_i/hls_inst/inst/grp_pointwise_conv2d_fix_2_fu_495/kernel_buffer_15_fu_2500                                                                                            |                                                                                             |               13 |             15 |
|  ap_clk      | bd_0_i/hls_inst/inst/grp_pointwise_conv2d_fix_2_fu_495/kernel_buffer_15_43_fu_3020                                                                                         |                                                                                             |               14 |             15 |
|  ap_clk      | bd_0_i/hls_inst/inst/grp_pointwise_conv2d_fix_2_fu_495/kernel_buffer_15_42_fu_2980                                                                                         |                                                                                             |               11 |             15 |
|  ap_clk      | bd_0_i/hls_inst/inst/grp_pointwise_conv2d_fix_2_fu_495/kernel_buffer_15_31_fu_2540                                                                                         |                                                                                             |               14 |             15 |
|  ap_clk      | bd_0_i/hls_inst/inst/grp_pointwise_conv2d_fix_2_fu_495/kernel_buffer_15_40_fu_2900                                                                                         |                                                                                             |               13 |             15 |
|  ap_clk      | bd_0_i/hls_inst/inst/grp_pointwise_conv2d_fix_2_fu_495/kernel_buffer_15_39_fu_2860                                                                                         |                                                                                             |               13 |             15 |
|  ap_clk      | bd_0_i/hls_inst/inst/grp_pointwise_conv2d_fix_2_fu_495/kernel_buffer_15_38_fu_2820                                                                                         |                                                                                             |               13 |             15 |
|  ap_clk      | bd_0_i/hls_inst/inst/grp_pointwise_conv2d_fix_2_fu_495/kernel_buffer_15_37_fu_2780                                                                                         |                                                                                             |               13 |             15 |
|  ap_clk      | bd_0_i/hls_inst/inst/grp_pointwise_conv2d_fix_2_fu_495/kernel_buffer_15_36_fu_2740                                                                                         |                                                                                             |               11 |             15 |
|  ap_clk      | bd_0_i/hls_inst/inst/grp_pointwise_conv2d_fix_2_fu_495/kernel_buffer_15_35_fu_2700                                                                                         |                                                                                             |               13 |             15 |
|  ap_clk      | bd_0_i/hls_inst/inst/grp_pointwise_conv2d_fix_2_fu_495/kernel_buffer_15_34_fu_2660                                                                                         |                                                                                             |               15 |             15 |
|  ap_clk      | bd_0_i/hls_inst/inst/grp_pointwise_conv2d_fix_2_fu_495/kernel_buffer_15_33_fu_2620                                                                                         |                                                                                             |               14 |             15 |
|  ap_clk      | bd_0_i/hls_inst/inst/grp_pointwise_conv2d_fix_2_fu_495/kernel_buffer_15_32_fu_2580                                                                                         |                                                                                             |               15 |             15 |
|  ap_clk      | bd_0_i/hls_inst/inst/grp_pointwise_conv2d_fix_4_fu_501/trunc_ln28_fu_322_p1[1]                                                                                             |                                                                                             |               14 |             15 |
|  ap_clk      | bd_0_i/hls_inst/inst/grp_pointwise_conv2d_fix_3_fu_489/kernel_buffer_15_26_fu_4420                                                                                         |                                                                                             |               12 |             15 |
|  ap_clk      | bd_0_i/hls_inst/inst/grp_pointwise_conv2d_fix_1_fu_483/kernel_buffer_15_45_fu_3920                                                                                         |                                                                                             |               15 |             15 |
|  ap_clk      | bd_0_i/hls_inst/inst/grp_pointwise_conv2d_fix_1_fu_483/kernel_buffer_15_016_fu_4480                                                                                        |                                                                                             |               12 |             15 |
|  ap_clk      | bd_0_i/hls_inst/inst/grp_pointwise_conv2d_fix_4_fu_501/trunc_ln28_fu_322_p1[14]                                                                                            |                                                                                             |               14 |             15 |
|  ap_clk      | bd_0_i/hls_inst/inst/grp_pointwise_conv2d_fix_4_fu_501/trunc_ln28_fu_322_p1[13]                                                                                            |                                                                                             |               15 |             15 |
|  ap_clk      | bd_0_i/hls_inst/inst/grp_pointwise_conv2d_fix_4_fu_501/trunc_ln28_fu_322_p1[12]                                                                                            |                                                                                             |               13 |             15 |
|  ap_clk      | bd_0_i/hls_inst/inst/grp_pointwise_conv2d_fix_4_fu_501/trunc_ln28_fu_322_p1[11]                                                                                            |                                                                                             |               15 |             15 |
|  ap_clk      | bd_0_i/hls_inst/inst/grp_pointwise_conv2d_fix_4_fu_501/trunc_ln28_fu_322_p1[10]                                                                                            |                                                                                             |               14 |             15 |
|  ap_clk      | bd_0_i/hls_inst/inst/grp_pointwise_conv2d_fix_4_fu_501/trunc_ln28_fu_322_p1[0]                                                                                             |                                                                                             |               14 |             15 |
|  ap_clk      | bd_0_i/hls_inst/inst/grp_pointwise_conv2d_fix_1_fu_483/kernel_buffer_15_46_fu_3960                                                                                         |                                                                                             |               13 |             15 |
|  ap_clk      | bd_0_i/hls_inst/inst/grp_pointwise_conv2d_fix_4_fu_501/trunc_ln28_fu_322_p1[8]                                                                                             |                                                                                             |               15 |             15 |
|  ap_clk      | bd_0_i/hls_inst/inst/grp_pointwise_conv2d_fix_4_fu_501/trunc_ln28_fu_322_p1[2]                                                                                             |                                                                                             |               15 |             15 |
|  ap_clk      | bd_0_i/hls_inst/inst/grp_pointwise_conv2d_fix_4_fu_501/trunc_ln28_fu_322_p1[3]                                                                                             |                                                                                             |               13 |             15 |
|  ap_clk      | bd_0_i/hls_inst/inst/grp_pointwise_conv2d_fix_4_fu_501/trunc_ln28_fu_322_p1[4]                                                                                             |                                                                                             |               13 |             15 |
|  ap_clk      | bd_0_i/hls_inst/inst/grp_pointwise_conv2d_fix_4_fu_501/trunc_ln28_fu_322_p1[5]                                                                                             |                                                                                             |               15 |             15 |
|  ap_clk      | bd_0_i/hls_inst/inst/grp_pointwise_conv2d_fix_4_fu_501/trunc_ln28_fu_322_p1[7]                                                                                             |                                                                                             |               12 |             15 |
|  ap_clk      | bd_0_i/hls_inst/inst/grp_pointwise_conv2d_fix_4_fu_501/trunc_ln28_fu_322_p1[9]                                                                                             |                                                                                             |               14 |             15 |
|  ap_clk      | bd_0_i/hls_inst/inst/grp_pointwise_conv2d_fix_4_fu_501/trunc_ln28_fu_322_p1[6]                                                                                             |                                                                                             |               14 |             15 |
|  ap_clk      | bd_0_i/hls_inst/inst/grp_pointwise_conv2d_fix_1_fu_483/kernel_buffer_15_56_fu_4360                                                                                         |                                                                                             |               14 |             15 |
|  ap_clk      | bd_0_i/hls_inst/inst/grp_pointwise_conv2d_fix_3_fu_489/kernel_buffer_15_27_fu_4460                                                                                         |                                                                                             |               13 |             15 |
|  ap_clk      | bd_0_i/hls_inst/inst/grp_pointwise_conv2d_fix_3_fu_489/kernel_buffer_15_28_fu_4500                                                                                         |                                                                                             |               12 |             15 |
|  ap_clk      | bd_0_i/hls_inst/inst/grp_pointwise_conv2d_fix_3_fu_489/kernel_buffer_15_29_fu_4540                                                                                         |                                                                                             |               11 |             15 |
|  ap_clk      | bd_0_i/hls_inst/inst/grp_pointwise_conv2d_fix_3_fu_489/kernel_buffer_15_fu_4020                                                                                            |                                                                                             |               12 |             15 |
|  ap_clk      | bd_0_i/hls_inst/inst/grp_pointwise_conv2d_fix_4_fu_501/trunc_ln28_fu_322_p1[15]                                                                                            |                                                                                             |               15 |             15 |
|  ap_clk      | bd_0_i/hls_inst/inst/grp_pointwise_conv2d_fix_1_fu_483/kernel_buffer_15_fu_3880                                                                                            |                                                                                             |               12 |             15 |
|  ap_clk      | bd_0_i/hls_inst/inst/grp_pointwise_conv2d_fix_1_fu_483/kernel_buffer_15_58_fu_4440                                                                                         |                                                                                             |               14 |             15 |
|  ap_clk      | bd_0_i/hls_inst/inst/grp_pointwise_conv2d_fix_1_fu_483/kernel_buffer_15_57_fu_4400                                                                                         |                                                                                             |               13 |             15 |
|  ap_clk      | bd_0_i/hls_inst/inst/grp_pointwise_conv2d_fix_1_fu_483/kernel_buffer_15_47_fu_4000                                                                                         |                                                                                             |               14 |             15 |
|  ap_clk      | bd_0_i/hls_inst/inst/grp_pointwise_conv2d_fix_1_fu_483/kernel_buffer_15_55_fu_4320                                                                                         |                                                                                             |               13 |             15 |
|  ap_clk      | bd_0_i/hls_inst/inst/grp_pointwise_conv2d_fix_1_fu_483/kernel_buffer_15_54_fu_4280                                                                                         |                                                                                             |               12 |             15 |
|  ap_clk      | bd_0_i/hls_inst/inst/grp_pointwise_conv2d_fix_1_fu_483/kernel_buffer_15_53_fu_4240                                                                                         |                                                                                             |               12 |             15 |
|  ap_clk      | bd_0_i/hls_inst/inst/grp_pointwise_conv2d_fix_1_fu_483/kernel_buffer_15_52_fu_4200                                                                                         |                                                                                             |               11 |             15 |
|  ap_clk      | bd_0_i/hls_inst/inst/grp_pointwise_conv2d_fix_1_fu_483/kernel_buffer_15_51_fu_4160                                                                                         |                                                                                             |               13 |             15 |
|  ap_clk      | bd_0_i/hls_inst/inst/grp_pointwise_conv2d_fix_1_fu_483/kernel_buffer_15_50_fu_4120                                                                                         |                                                                                             |               14 |             15 |
|  ap_clk      | bd_0_i/hls_inst/inst/grp_pointwise_conv2d_fix_1_fu_483/kernel_buffer_15_49_fu_4080                                                                                         |                                                                                             |               12 |             15 |
|  ap_clk      | bd_0_i/hls_inst/inst/grp_pointwise_conv2d_fix_1_fu_483/kernel_buffer_15_48_fu_4040                                                                                         |                                                                                             |               10 |             15 |
|  ap_clk      | bd_0_i/hls_inst/inst/input_data_data_V_0_payload_A[15]_i_1_n_5                                                                                                             |                                                                                             |                6 |             16 |
|  ap_clk      | bd_0_i/hls_inst/inst/input_data_data_V_0_payload_B[15]_i_1_n_5                                                                                                             |                                                                                             |                7 |             16 |
|  ap_clk      | bd_0_i/hls_inst/inst/grp_pointwise_conv2d_fix_1_fu_483/i_0_reg_5000                                                                                                        |                                                                                             |                5 |             16 |
|  ap_clk      | bd_0_i/hls_inst/inst/output_data_data_V_1_payload_A[15]_i_1_n_5                                                                                                            |                                                                                             |                6 |             16 |
|  ap_clk      | bd_0_i/hls_inst/inst/output_data_data_V_1_load_B                                                                                                                           |                                                                                             |                5 |             16 |
|  ap_clk      | bd_0_i/hls_inst/inst/sig_buffer_dest_V_U/network_sig_buffer_user_V_ram_U/ap_enable_reg_pp2_iter0_reg_1                                                                     |                                                                                             |                4 |             16 |
|  ap_clk      | bd_0_i/hls_inst/inst/sig_buffer_dest_V_U/network_sig_buffer_user_V_ram_U/ap_enable_reg_pp2_iter0_reg_0                                                                     |                                                                                             |                4 |             16 |
|  ap_clk      | bd_0_i/hls_inst/inst/sig_buffer_dest_V_U/network_sig_buffer_user_V_ram_U/ap_enable_reg_pp2_iter0_reg                                                                       |                                                                                             |                4 |             16 |
|  ap_clk      | bd_0_i/hls_inst/inst/grp_max_pooling2d_fix16_fu_525/reg_235[15]_i_1_n_5                                                                                                    |                                                                                             |                4 |             16 |
|  ap_clk      | bd_0_i/hls_inst/inst/grp_depthwise_conv2d_fix_2_fu_427/network_mul_mul_16s_16s_30_1_1_U40/network_mul_mul_16s_16s_30_1_1_DSP48_2_U/add_ln48_5_reg_15440                    |                                                                                             |                4 |             16 |
|  ap_clk      | bd_0_i/hls_inst/inst/grp_depthwise_conv2d_fix_fu_475/add_ln48_8_reg_17090                                                                                                  |                                                                                             |                4 |             16 |
|  ap_clk      | bd_0_i/hls_inst/inst/grp_depthwise_conv2d_fix_2_fu_427/network_mul_mul_16s_16s_30_1_1_U39/network_mul_mul_16s_16s_30_1_1_DSP48_2_U/E[0]                                    |                                                                                             |                4 |             16 |
|  ap_clk      | bd_0_i/hls_inst/inst/grp_depthwise_conv2d_fix_1_fu_451/add_ln48_17_reg_15490                                                                                               |                                                                                             |                4 |             16 |
|  ap_clk      | bd_0_i/hls_inst/inst/grp_pointwise_conv2d_fix_2_fu_495/indvar_flatten18_reg_3690                                                                                           | bd_0_i/hls_inst/inst/grp_pointwise_conv2d_fix_2_fu_495/ap_CS_fsm_state4                     |                3 |             16 |
|  ap_clk      | bd_0_i/hls_inst/inst/grp_pointwise_conv2d_fix_3_fu_489/ap_CS_fsm_state10                                                                                                   | bd_0_i/hls_inst/inst/grp_pointwise_conv2d_fix_3_fu_489/out_d_0_reg_488                      |                3 |             16 |
|  ap_clk      | bd_0_i/hls_inst/inst/grp_depthwise_conv2d_fix_2_fu_427/add_ln48_9_reg_15590                                                                                                |                                                                                             |                4 |             16 |
|  ap_clk      | bd_0_i/hls_inst/inst/grp_depthwise_conv2d_fix_1_fu_451/trunc_ln48_5_reg_1539[15]_i_1_n_5                                                                                   |                                                                                             |                4 |             16 |
|  ap_clk      | bd_0_i/hls_inst/inst/grp_pointwise_conv2d_fix_fu_546/ap_NS_fsm1                                                                                                            | bd_0_i/hls_inst/inst/grp_pointwise_conv2d_fix_fu_546/out_d_0_reg_165                        |                5 |             16 |
|  ap_clk      | bd_0_i/hls_inst/inst/grp_pointwise_conv2d_fix_3_fu_489/i_0_reg_5100                                                                                                        |                                                                                             |                4 |             18 |
|  ap_clk      | bd_0_i/hls_inst/inst/grp_padding2d_fix16_fu_507/ap_NS_fsm12_out                                                                                                            |                                                                                             |                8 |             18 |
|  ap_clk      | bd_0_i/hls_inst/inst/grp_pointwise_conv2d_fix_fu_546/sel                                                                                                                   |                                                                                             |                5 |             19 |
|  ap_clk      | bd_0_i/hls_inst/inst/grp_pointwise_conv2d_fix_3_fu_489/indvar_flatten18_reg_5210                                                                                           | bd_0_i/hls_inst/inst/grp_pointwise_conv2d_fix_3_fu_489/ap_CS_fsm_state4                     |                7 |             19 |
|  ap_clk      | bd_0_i/hls_inst/inst/grp_pointwise_conv2d_fix_fu_546/ap_CS_fsm_reg[4]_0[0]                                                                                                 | bd_0_i/hls_inst/inst/grp_pointwise_conv2d_fix_fu_546/CEA2                                   |                6 |             20 |
|  ap_clk      | bd_0_i/hls_inst/inst/grp_up_sampling2d_fix16_fu_552/indvar_flatten31_reg_1150                                                                                              | bd_0_i/hls_inst/inst/grp_up_sampling2d_fix16_fu_552/indvar_flatten31_reg_115                |                7 |             20 |
|  ap_clk      | bd_0_i/hls_inst/inst/grp_depthwise_conv2d_fix_fu_475/out_w_0_mid2_reg_14870                                                                                                |                                                                                             |               12 |             21 |
|  ap_clk      | bd_0_i/hls_inst/inst/grp_pointwise_conv2d_fix_1_fu_483/indvar_flatten18_reg_5110                                                                                           | bd_0_i/hls_inst/inst/grp_pointwise_conv2d_fix_1_fu_483/ap_CS_fsm_state4                     |                6 |             21 |
|  ap_clk      | bd_0_i/hls_inst/inst/grp_padding2d_fix16_fu_507/ap_NS_fsm[2]                                                                                                               |                                                                                             |               12 |             21 |
|  ap_clk      | bd_0_i/hls_inst/inst/grp_pointwise_conv2d_fix_3_fu_489/buffer_0_reg_565[21]_i_1_n_5                                                                                        |                                                                                             |                6 |             22 |
|  ap_clk      | bd_0_i/hls_inst/inst/grp_pointwise_conv2d_fix_2_fu_495/buffer_0_reg_413[21]_i_1_n_5                                                                                        |                                                                                             |                6 |             22 |
|  ap_clk      | bd_0_i/hls_inst/inst/grp_pointwise_conv2d_fix_1_fu_483/ap_CS_fsm_state2                                                                                                    |                                                                                             |                6 |             22 |
|  ap_clk      | bd_0_i/hls_inst/inst/grp_pointwise_conv2d_fix_2_fu_495/ap_CS_fsm_state2                                                                                                    |                                                                                             |                6 |             22 |
|  ap_clk      | bd_0_i/hls_inst/inst/grp_pointwise_conv2d_fix_1_fu_483/buffer_0_reg_555[22]_i_1_n_5                                                                                        |                                                                                             |                6 |             23 |
|  ap_clk      | bd_0_i/hls_inst/inst/grp_pointwise_conv2d_fix_4_fu_501/buffer_0_reg_2870                                                                                                   | bd_0_i/hls_inst/inst/grp_pointwise_conv2d_fix_4_fu_501/clear                                |                6 |             23 |
|  ap_clk      | bd_0_i/hls_inst/inst/grp_pointwise_conv2d_fix_4_fu_501/indvar_flatten18_reg_2430                                                                                           | bd_0_i/hls_inst/inst/grp_pointwise_conv2d_fix_4_fu_501/clear                                |                7 |             24 |
|  ap_clk      | bd_0_i/hls_inst/inst/grp_pointwise_conv2d_fix_fu_546/ap_CS_fsm_state2                                                                                                      |                                                                                             |               11 |             27 |
|  ap_clk      | bd_0_i/hls_inst/inst/grp_pointwise_conv2d_fix_3_fu_489/ap_CS_fsm_state2                                                                                                    |                                                                                             |                7 |             27 |
|  ap_clk      | bd_0_i/hls_inst/inst/grp_max_pooling2d_fix16_fu_525/add_ln26_1_reg_7980                                                                                                    |                                                                                             |                7 |             28 |
|  ap_clk      | bd_0_i/hls_inst/inst/grp_padding2d_fix16_fu_507/ap_CS_fsm_state5                                                                                                           |                                                                                             |                8 |             28 |
|  ap_clk      | bd_0_i/hls_inst/inst/grp_depthwise_conv2d_fix_2_fu_427/ap_CS_fsm_pp0_stage0                                                                                                |                                                                                             |               15 |             29 |
|  ap_clk      | bd_0_i/hls_inst/inst/grp_depthwise_conv2d_fix_fu_475/network_mul_mul_16s_15s_30_1_1_U14/network_mul_mul_16s_15s_30_1_1_DSP48_0_U/E[0]                                      | bd_0_i/hls_inst/inst/grp_depthwise_conv2d_fix_fu_475/indvar_flatten80_reg_265               |                9 |             30 |
|  ap_clk      | bd_0_i/hls_inst/inst/grp_depthwise_conv2d_fix_1_fu_451/network_mul_mul_16s_16s_30_1_1_U65/network_mul_mul_16s_16s_30_1_1_DSP48_2_U/indvar_flatten48_reg_2980               | bd_0_i/hls_inst/inst/grp_depthwise_conv2d_fix_1_fu_451/indvar_flatten48_reg_298             |               18 |             31 |
|  ap_clk      | bd_0_i/hls_inst/inst/grp_max_pooling2d_fix16_fu_525/ap_CS_fsm_pp0_stage2                                                                                                   |                                                                                             |               10 |             32 |
|  ap_clk      | bd_0_i/hls_inst/inst/grp_depthwise_conv2d_fix_fu_475/p_11_in                                                                                                               |                                                                                             |                8 |             32 |
|  ap_clk      | bd_0_i/hls_inst/inst/grp_max_pooling2d_fix16_fu_525/indvar_flatten39_reg_1750                                                                                              | bd_0_i/hls_inst/inst/grp_max_pooling2d_fix16_fu_525/indvar_flatten39_reg_175[12]_i_1_n_5    |               13 |             34 |
|  ap_clk      | bd_0_i/hls_inst/inst/grp_depthwise_conv2d_fix_1_fu_451/add_ln32_4_reg_12950                                                                                                |                                                                                             |               18 |             35 |
|  ap_clk      | bd_0_i/hls_inst/inst/grp_depthwise_conv2d_fix_1_fu_451/tmp10_0_0_mid2_reg_13200                                                                                            |                                                                                             |               16 |             36 |
|  ap_clk      | bd_0_i/hls_inst/inst/grp_depthwise_conv2d_fix_fu_475/add_ln40_3_reg_15470                                                                                                  |                                                                                             |               14 |             37 |
|  ap_clk      | bd_0_i/hls_inst/inst/grp_depthwise_conv2d_fix_fu_475/ap_CS_fsm_pp0_stage0                                                                                                  |                                                                                             |               10 |             37 |
|  ap_clk      | bd_0_i/hls_inst/inst/grp_max_pooling2d_fix16_fu_525/icmp_ln21_reg_7370                                                                                                     |                                                                                             |               15 |             39 |
|  ap_clk      | bd_0_i/hls_inst/inst/grp_depthwise_conv2d_fix_2_fu_427/indvar_flatten48_reg_3040                                                                                           | bd_0_i/hls_inst/inst/grp_depthwise_conv2d_fix_2_fu_427/indvar_flatten48_reg_304[13]_i_1_n_5 |               18 |             39 |
|  ap_clk      | bd_0_i/hls_inst/inst/grp_padding2d_fix16_fu_507/ap_NS_fsm[5]                                                                                                               |                                                                                             |               10 |             42 |
|  ap_clk      | bd_0_i/hls_inst/inst/grp_depthwise_conv2d_fix_1_fu_451/add_ln40_20_reg_14840                                                                                               |                                                                                             |                9 |             43 |
|  ap_clk      | bd_0_i/hls_inst/inst/grp_max_pooling2d_fix16_fu_525/ap_CS_fsm_pp0_stage0                                                                                                   |                                                                                             |               21 |             44 |
|  ap_clk      | bd_0_i/hls_inst/inst/grp_depthwise_conv2d_fix_fu_475/p_7_in                                                                                                                |                                                                                             |               14 |             48 |
|  ap_clk      | bd_0_i/hls_inst/inst/grp_depthwise_conv2d_fix_fu_475/add_ln48_3_reg_16840                                                                                                  |                                                                                             |               16 |             48 |
|  ap_clk      | bd_0_i/hls_inst/inst/grp_depthwise_conv2d_fix_1_fu_451/add_ln48_10_reg_15140                                                                                               |                                                                                             |                9 |             48 |
|  ap_clk      | bd_0_i/hls_inst/inst/grp_padding2d_fix16_fu_507/ap_CS_fsm_state11                                                                                                          | bd_0_i/hls_inst/inst/grp_padding2d_fix16_fu_507/ap_CS_fsm_state2                            |               15 |             50 |
|  ap_clk      | bd_0_i/hls_inst/inst/grp_depthwise_conv2d_fix_2_fu_427/add_ln32_3_reg_13170                                                                                                |                                                                                             |               22 |             53 |
|  ap_clk      | bd_0_i/hls_inst/inst/grp_padding2d_fix16_fu_507/ap_CS_fsm_state2                                                                                                           |                                                                                             |               20 |             57 |
|  ap_clk      | bd_0_i/hls_inst/inst/grp_depthwise_conv2d_fix_fu_475/add_ln40_10_reg_16490                                                                                                 |                                                                                             |               15 |             58 |
|  ap_clk      | bd_0_i/hls_inst/inst/grp_depthwise_conv2d_fix_1_fu_451/p_7_in                                                                                                              |                                                                                             |               16 |             64 |
|  ap_clk      |                                                                                                                                                                            | bd_0_i/hls_inst/inst/network_AXILiteS_s_axi_U/SS[0]                                         |               81 |            200 |
|  ap_clk      |                                                                                                                                                                            |                                                                                             |              111 |            208 |
+--------------+----------------------------------------------------------------------------------------------------------------------------------------------------------------------------+---------------------------------------------------------------------------------------------+------------------+----------------+


