Copyright 1986-2019 Xilinx, Inc. All Rights Reserved.
---------------------------------------------------------------------------------------------------------------------------
| Tool Version : Vivado v.2019.1 (lin64) Build 2552052 Fri May 24 14:47:09 MDT 2019
| Date         : Mon Dec 30 21:27:17 2019
| Host         : shts-server running 64-bit Ubuntu 18.04.3 LTS
| Command      : report_drc -file bd_0_wrapper_drc_opted.rpt -pb bd_0_wrapper_drc_opted.pb -rpx bd_0_wrapper_drc_opted.rpx
| Design       : bd_0_wrapper
| Device       : xc7z020clg400-1
| Speed File   : -1
| Design State : Synthesized
---------------------------------------------------------------------------------------------------------------------------

Report DRC

Table of Contents
-----------------
1. REPORT SUMMARY
2. REPORT DETAILS

1. REPORT SUMMARY
-----------------
            Netlist: netlist
          Floorplan: checkpoint_bd_0_wrapper
      Design limits: <entire design considered>
           Ruledeck: default
             Max violations: <unlimited>
             Violations found: 73
+--------+----------+------------------------+------------+
| Rule   | Severity | Description            | Violations |
+--------+----------+------------------------+------------+
| DPIP-1 | Warning  | Input pipelining       | 12         |
| DPOP-1 | Warning  | PREG Output pipelining | 18         |
| DPOP-2 | Warning  | MREG Output pipelining | 42         |
| ZPS7-1 | Warning  | PS7 block required     | 1          |
+--------+----------+------------------------+------------+

2. REPORT DETAILS
-----------------
DPIP-1#1 Warning
Input pipelining  
DSP bd_0_i/hls_inst/inst/grp_depthwise_conv2d_fix_2_fu_427/add_ln40_10_reg_1504_reg input bd_0_i/hls_inst/inst/grp_depthwise_conv2d_fix_2_fu_427/add_ln40_10_reg_1504_reg/A[29:0] is not pipelined. Pipelining DSP48 input will improve performance.
Related violations: <none>

DPIP-1#2 Warning
Input pipelining  
DSP bd_0_i/hls_inst/inst/grp_depthwise_conv2d_fix_2_fu_427/tmp10_1_0_mid2_reg_1339_reg input bd_0_i/hls_inst/inst/grp_depthwise_conv2d_fix_2_fu_427/tmp10_1_0_mid2_reg_1339_reg/A[29:0] is not pipelined. Pipelining DSP48 input will improve performance.
Related violations: <none>

DPIP-1#3 Warning
Input pipelining  
DSP bd_0_i/hls_inst/inst/grp_depthwise_conv2d_fix_2_fu_427/tmp10_2_0_mid2_reg_1356_reg input bd_0_i/hls_inst/inst/grp_depthwise_conv2d_fix_2_fu_427/tmp10_2_0_mid2_reg_1356_reg/A[29:0] is not pipelined. Pipelining DSP48 input will improve performance.
Related violations: <none>

DPIP-1#4 Warning
Input pipelining  
DSP bd_0_i/hls_inst/inst/grp_max_pooling2d_fix16_fu_525/add_ln26_1_fu_499_p2 input bd_0_i/hls_inst/inst/grp_max_pooling2d_fix16_fu_525/add_ln26_1_fu_499_p2/C[47:0] is not pipelined. Pipelining DSP48 input will improve performance.
Related violations: <none>

DPIP-1#5 Warning
Input pipelining  
DSP bd_0_i/hls_inst/inst/grp_max_pooling2d_fix16_fu_525/add_ln26_2_reg_808_reg input bd_0_i/hls_inst/inst/grp_max_pooling2d_fix16_fu_525/add_ln26_2_reg_808_reg/A[29:0] is not pipelined. Pipelining DSP48 input will improve performance.
Related violations: <none>

DPIP-1#6 Warning
Input pipelining  
DSP bd_0_i/hls_inst/inst/grp_max_pooling2d_fix16_fu_525/add_ln26_2_reg_808_reg input bd_0_i/hls_inst/inst/grp_max_pooling2d_fix16_fu_525/add_ln26_2_reg_808_reg/C[47:0] is not pipelined. Pipelining DSP48 input will improve performance.
Related violations: <none>

DPIP-1#7 Warning
Input pipelining  
DSP bd_0_i/hls_inst/inst/grp_max_pooling2d_fix16_fu_525/add_ln26_3_reg_814_reg input bd_0_i/hls_inst/inst/grp_max_pooling2d_fix16_fu_525/add_ln26_3_reg_814_reg/A[29:0] is not pipelined. Pipelining DSP48 input will improve performance.
Related violations: <none>

DPIP-1#8 Warning
Input pipelining  
DSP bd_0_i/hls_inst/inst/grp_max_pooling2d_fix16_fu_525/add_ln26_3_reg_814_reg input bd_0_i/hls_inst/inst/grp_max_pooling2d_fix16_fu_525/add_ln26_3_reg_814_reg/C[47:0] is not pipelined. Pipelining DSP48 input will improve performance.
Related violations: <none>

DPIP-1#9 Warning
Input pipelining  
DSP bd_0_i/hls_inst/inst/grp_max_pooling2d_fix16_fu_525/add_ln26_fu_479_p2 input bd_0_i/hls_inst/inst/grp_max_pooling2d_fix16_fu_525/add_ln26_fu_479_p2/C[47:0] is not pipelined. Pipelining DSP48 input will improve performance.
Related violations: <none>

DPIP-1#10 Warning
Input pipelining  
DSP bd_0_i/hls_inst/inst/grp_max_pooling2d_fix16_fu_525/mul_ln9_1_reg_717_reg input bd_0_i/hls_inst/inst/grp_max_pooling2d_fix16_fu_525/mul_ln9_1_reg_717_reg/A[29:0] is not pipelined. Pipelining DSP48 input will improve performance.
Related violations: <none>

DPIP-1#11 Warning
Input pipelining  
DSP bd_0_i/hls_inst/inst/grp_max_pooling2d_fix16_fu_525/mul_ln9_1_reg_717_reg input bd_0_i/hls_inst/inst/grp_max_pooling2d_fix16_fu_525/mul_ln9_1_reg_717_reg/B[17:0] is not pipelined. Pipelining DSP48 input will improve performance.
Related violations: <none>

DPIP-1#12 Warning
Input pipelining  
DSP bd_0_i/hls_inst/inst/grp_up_sampling2d_fix16_fu_552/mul_ln6_1_reg_559_reg input bd_0_i/hls_inst/inst/grp_up_sampling2d_fix16_fu_552/mul_ln6_1_reg_559_reg/B[17:0] is not pipelined. Pipelining DSP48 input will improve performance.
Related violations: <none>

DPOP-1#1 Warning
PREG Output pipelining  
DSP bd_0_i/hls_inst/inst/grp_depthwise_conv2d_fix_1_fu_451/network_mul_mul_16s_16s_30_1_1_U66/network_mul_mul_16s_16s_30_1_1_DSP48_2_U/p output bd_0_i/hls_inst/inst/grp_depthwise_conv2d_fix_1_fu_451/network_mul_mul_16s_16s_30_1_1_U66/network_mul_mul_16s_16s_30_1_1_DSP48_2_U/p/P[47:0] is not pipelined (PREG=0). Pipelining the DSP48 output will improve performance and often saves power so it is suggested whenever possible to fully pipeline this function.  If this DSP48 function was inferred, it is suggested to describe an additional register stage after this function.  If the DSP48 was instantiated in the design, it is suggested to set the PREG attribute to 1.
Related violations: <none>

DPOP-1#2 Warning
PREG Output pipelining  
DSP bd_0_i/hls_inst/inst/grp_depthwise_conv2d_fix_1_fu_451/network_mul_mul_16s_16s_30_1_1_U67/network_mul_mul_16s_16s_30_1_1_DSP48_2_U/p output bd_0_i/hls_inst/inst/grp_depthwise_conv2d_fix_1_fu_451/network_mul_mul_16s_16s_30_1_1_U67/network_mul_mul_16s_16s_30_1_1_DSP48_2_U/p/P[47:0] is not pipelined (PREG=0). Pipelining the DSP48 output will improve performance and often saves power so it is suggested whenever possible to fully pipeline this function.  If this DSP48 function was inferred, it is suggested to describe an additional register stage after this function.  If the DSP48 was instantiated in the design, it is suggested to set the PREG attribute to 1.
Related violations: <none>

DPOP-1#3 Warning
PREG Output pipelining  
DSP bd_0_i/hls_inst/inst/grp_depthwise_conv2d_fix_1_fu_451/network_mul_mul_16s_16s_30_1_1_U68/network_mul_mul_16s_16s_30_1_1_DSP48_2_U/p output bd_0_i/hls_inst/inst/grp_depthwise_conv2d_fix_1_fu_451/network_mul_mul_16s_16s_30_1_1_U68/network_mul_mul_16s_16s_30_1_1_DSP48_2_U/p/P[47:0] is not pipelined (PREG=0). Pipelining the DSP48 output will improve performance and often saves power so it is suggested whenever possible to fully pipeline this function.  If this DSP48 function was inferred, it is suggested to describe an additional register stage after this function.  If the DSP48 was instantiated in the design, it is suggested to set the PREG attribute to 1.
Related violations: <none>

DPOP-1#4 Warning
PREG Output pipelining  
DSP bd_0_i/hls_inst/inst/grp_depthwise_conv2d_fix_fu_475/network_mul_mul_16s_15s_30_1_1_U6/network_mul_mul_16s_15s_30_1_1_DSP48_0_U/p output bd_0_i/hls_inst/inst/grp_depthwise_conv2d_fix_fu_475/network_mul_mul_16s_15s_30_1_1_U6/network_mul_mul_16s_15s_30_1_1_DSP48_0_U/p/P[47:0] is not pipelined (PREG=0). Pipelining the DSP48 output will improve performance and often saves power so it is suggested whenever possible to fully pipeline this function.  If this DSP48 function was inferred, it is suggested to describe an additional register stage after this function.  If the DSP48 was instantiated in the design, it is suggested to set the PREG attribute to 1.
Related violations: <none>

DPOP-1#5 Warning
PREG Output pipelining  
DSP bd_0_i/hls_inst/inst/grp_depthwise_conv2d_fix_fu_475/network_mul_mul_16s_15s_30_1_1_U7/network_mul_mul_16s_15s_30_1_1_DSP48_0_U/p output bd_0_i/hls_inst/inst/grp_depthwise_conv2d_fix_fu_475/network_mul_mul_16s_15s_30_1_1_U7/network_mul_mul_16s_15s_30_1_1_DSP48_0_U/p/P[47:0] is not pipelined (PREG=0). Pipelining the DSP48 output will improve performance and often saves power so it is suggested whenever possible to fully pipeline this function.  If this DSP48 function was inferred, it is suggested to describe an additional register stage after this function.  If the DSP48 was instantiated in the design, it is suggested to set the PREG attribute to 1.
Related violations: <none>

DPOP-1#6 Warning
PREG Output pipelining  
DSP bd_0_i/hls_inst/inst/grp_depthwise_conv2d_fix_fu_475/network_mul_mul_16s_15s_30_1_1_U8/network_mul_mul_16s_15s_30_1_1_DSP48_0_U/p output bd_0_i/hls_inst/inst/grp_depthwise_conv2d_fix_fu_475/network_mul_mul_16s_15s_30_1_1_U8/network_mul_mul_16s_15s_30_1_1_DSP48_0_U/p/P[47:0] is not pipelined (PREG=0). Pipelining the DSP48 output will improve performance and often saves power so it is suggested whenever possible to fully pipeline this function.  If this DSP48 function was inferred, it is suggested to describe an additional register stage after this function.  If the DSP48 was instantiated in the design, it is suggested to set the PREG attribute to 1.
Related violations: <none>

DPOP-1#7 Warning
PREG Output pipelining  
DSP bd_0_i/hls_inst/inst/grp_depthwise_conv2d_fix_fu_475/network_mul_mul_16s_15s_30_1_1_U9/network_mul_mul_16s_15s_30_1_1_DSP48_0_U/p output bd_0_i/hls_inst/inst/grp_depthwise_conv2d_fix_fu_475/network_mul_mul_16s_15s_30_1_1_U9/network_mul_mul_16s_15s_30_1_1_DSP48_0_U/p/P[47:0] is not pipelined (PREG=0). Pipelining the DSP48 output will improve performance and often saves power so it is suggested whenever possible to fully pipeline this function.  If this DSP48 function was inferred, it is suggested to describe an additional register stage after this function.  If the DSP48 was instantiated in the design, it is suggested to set the PREG attribute to 1.
Related violations: <none>

DPOP-1#8 Warning
PREG Output pipelining  
DSP bd_0_i/hls_inst/inst/grp_max_pooling2d_fix16_fu_525/add_ln26_1_fu_499_p2 output bd_0_i/hls_inst/inst/grp_max_pooling2d_fix16_fu_525/add_ln26_1_fu_499_p2/P[47:0] is not pipelined (PREG=0). Pipelining the DSP48 output will improve performance and often saves power so it is suggested whenever possible to fully pipeline this function.  If this DSP48 function was inferred, it is suggested to describe an additional register stage after this function.  If the DSP48 was instantiated in the design, it is suggested to set the PREG attribute to 1.
Related violations: <none>

DPOP-1#9 Warning
PREG Output pipelining  
DSP bd_0_i/hls_inst/inst/grp_max_pooling2d_fix16_fu_525/add_ln26_fu_479_p2 output bd_0_i/hls_inst/inst/grp_max_pooling2d_fix16_fu_525/add_ln26_fu_479_p2/P[47:0] is not pipelined (PREG=0). Pipelining the DSP48 output will improve performance and often saves power so it is suggested whenever possible to fully pipeline this function.  If this DSP48 function was inferred, it is suggested to describe an additional register stage after this function.  If the DSP48 was instantiated in the design, it is suggested to set the PREG attribute to 1.
Related violations: <none>

DPOP-1#10 Warning
PREG Output pipelining  
DSP bd_0_i/hls_inst/inst/grp_pointwise_conv2d_fix_1_fu_483/mul_ln39_fu_1336_p2 output bd_0_i/hls_inst/inst/grp_pointwise_conv2d_fix_1_fu_483/mul_ln39_fu_1336_p2/P[47:0] is not pipelined (PREG=0). Pipelining the DSP48 output will improve performance and often saves power so it is suggested whenever possible to fully pipeline this function.  If this DSP48 function was inferred, it is suggested to describe an additional register stage after this function.  If the DSP48 was instantiated in the design, it is suggested to set the PREG attribute to 1.
Related violations: <none>

DPOP-1#11 Warning
PREG Output pipelining  
DSP bd_0_i/hls_inst/inst/grp_pointwise_conv2d_fix_1_fu_483/network_mac_muladd_9ns_5ns_9s_13_1_1_U57/network_mac_muladd_9ns_5ns_9s_13_1_1_DSP48_4_U/p output bd_0_i/hls_inst/inst/grp_pointwise_conv2d_fix_1_fu_483/network_mac_muladd_9ns_5ns_9s_13_1_1_U57/network_mac_muladd_9ns_5ns_9s_13_1_1_DSP48_4_U/p/P[47:0] is not pipelined (PREG=0). Pipelining the DSP48 output will improve performance and often saves power so it is suggested whenever possible to fully pipeline this function.  If this DSP48 function was inferred, it is suggested to describe an additional register stage after this function.  If the DSP48 was instantiated in the design, it is suggested to set the PREG attribute to 1.
Related violations: <none>

DPOP-1#12 Warning
PREG Output pipelining  
DSP bd_0_i/hls_inst/inst/grp_pointwise_conv2d_fix_2_fu_513/mul_ln39_fu_1034_p2 output bd_0_i/hls_inst/inst/grp_pointwise_conv2d_fix_2_fu_513/mul_ln39_fu_1034_p2/P[47:0] is not pipelined (PREG=0). Pipelining the DSP48 output will improve performance and often saves power so it is suggested whenever possible to fully pipeline this function.  If this DSP48 function was inferred, it is suggested to describe an additional register stage after this function.  If the DSP48 was instantiated in the design, it is suggested to set the PREG attribute to 1.
Related violations: <none>

DPOP-1#13 Warning
PREG Output pipelining  
DSP bd_0_i/hls_inst/inst/grp_pointwise_conv2d_fix_2_fu_513/network_mac_muladd_4ns_7ns_7s_10_1_1_U86/network_mac_muladd_4ns_7ns_7s_10_1_1_DSP48_6_U/p output bd_0_i/hls_inst/inst/grp_pointwise_conv2d_fix_2_fu_513/network_mac_muladd_4ns_7ns_7s_10_1_1_U86/network_mac_muladd_4ns_7ns_7s_10_1_1_DSP48_6_U/p/P[47:0] is not pipelined (PREG=0). Pipelining the DSP48 output will improve performance and often saves power so it is suggested whenever possible to fully pipeline this function.  If this DSP48 function was inferred, it is suggested to describe an additional register stage after this function.  If the DSP48 was instantiated in the design, it is suggested to set the PREG attribute to 1.
Related violations: <none>

DPOP-1#14 Warning
PREG Output pipelining  
DSP bd_0_i/hls_inst/inst/grp_pointwise_conv2d_fix_3_fu_489/mul_ln39_fu_1346_p2 output bd_0_i/hls_inst/inst/grp_pointwise_conv2d_fix_3_fu_489/mul_ln39_fu_1346_p2/P[47:0] is not pipelined (PREG=0). Pipelining the DSP48 output will improve performance and often saves power so it is suggested whenever possible to fully pipeline this function.  If this DSP48 function was inferred, it is suggested to describe an additional register stage after this function.  If the DSP48 was instantiated in the design, it is suggested to set the PREG attribute to 1.
Related violations: <none>

DPOP-1#15 Warning
PREG Output pipelining  
DSP bd_0_i/hls_inst/inst/grp_pointwise_conv2d_fix_3_fu_489/network_mac_muladd_4ns_9ns_9s_12_1_1_U108/network_mac_muladd_4ns_9ns_9s_12_1_1_DSP48_10_U/p output bd_0_i/hls_inst/inst/grp_pointwise_conv2d_fix_3_fu_489/network_mac_muladd_4ns_9ns_9s_12_1_1_U108/network_mac_muladd_4ns_9ns_9s_12_1_1_DSP48_10_U/p/P[47:0] is not pipelined (PREG=0). Pipelining the DSP48 output will improve performance and often saves power so it is suggested whenever possible to fully pipeline this function.  If this DSP48 function was inferred, it is suggested to describe an additional register stage after this function.  If the DSP48 was instantiated in the design, it is suggested to set the PREG attribute to 1.
Related violations: <none>

DPOP-1#16 Warning
PREG Output pipelining  
DSP bd_0_i/hls_inst/inst/grp_pointwise_conv2d_fix_4_fu_519/mul_ln39_fu_777_p2 output bd_0_i/hls_inst/inst/grp_pointwise_conv2d_fix_4_fu_519/mul_ln39_fu_777_p2/P[47:0] is not pipelined (PREG=0). Pipelining the DSP48 output will improve performance and often saves power so it is suggested whenever possible to fully pipeline this function.  If this DSP48 function was inferred, it is suggested to describe an additional register stage after this function.  If the DSP48 was instantiated in the design, it is suggested to set the PREG attribute to 1.
Related violations: <none>

DPOP-1#17 Warning
PREG Output pipelining  
DSP bd_0_i/hls_inst/inst/grp_pointwise_conv2d_fix_4_fu_519/network_mac_muladd_11ns_5ns_11s_15_1_1_U116/network_mac_muladd_11ns_5ns_11s_15_1_1_DSP48_11_U/p output bd_0_i/hls_inst/inst/grp_pointwise_conv2d_fix_4_fu_519/network_mac_muladd_11ns_5ns_11s_15_1_1_U116/network_mac_muladd_11ns_5ns_11s_15_1_1_DSP48_11_U/p/P[47:0] is not pipelined (PREG=0). Pipelining the DSP48 output will improve performance and often saves power so it is suggested whenever possible to fully pipeline this function.  If this DSP48 function was inferred, it is suggested to describe an additional register stage after this function.  If the DSP48 was instantiated in the design, it is suggested to set the PREG attribute to 1.
Related violations: <none>

DPOP-1#18 Warning
PREG Output pipelining  
DSP bd_0_i/hls_inst/inst/grp_up_sampling2d_fix16_fu_552/network_mac_muladd_8ns_5ns_4ns_12_1_1_U93/network_mac_muladd_8ns_5ns_4ns_12_1_1_DSP48_8_U/p output bd_0_i/hls_inst/inst/grp_up_sampling2d_fix16_fu_552/network_mac_muladd_8ns_5ns_4ns_12_1_1_U93/network_mac_muladd_8ns_5ns_4ns_12_1_1_DSP48_8_U/p/P[47:0] is not pipelined (PREG=0). Pipelining the DSP48 output will improve performance and often saves power so it is suggested whenever possible to fully pipeline this function.  If this DSP48 function was inferred, it is suggested to describe an additional register stage after this function.  If the DSP48 was instantiated in the design, it is suggested to set the PREG attribute to 1.
Related violations: <none>

DPOP-2#1 Warning
MREG Output pipelining  
DSP bd_0_i/hls_inst/inst/grp_depthwise_conv2d_fix_1_fu_451/add_ln48_reg_1544_reg multiplier stage bd_0_i/hls_inst/inst/grp_depthwise_conv2d_fix_1_fu_451/add_ln48_reg_1544_reg/P[47:0] is not pipelined (MREG=0). Pipelining the multiplier function will improve performance and will save significant power so it is suggested whenever possible to fully pipeline this function.  If this multiplier was inferred, it is suggested to describe an additional register stage after this function.  If there is no registered adder/accumulator following the multiply function, two pipeline stages are suggested to allow both the MREG and PREG registers to be used.  If the DSP48 was instantiated in the design, it is suggested to set both the MREG and PREG attributes to 1 when performing multiply functions.
Related violations: <none>

DPOP-2#2 Warning
MREG Output pipelining  
DSP bd_0_i/hls_inst/inst/grp_depthwise_conv2d_fix_1_fu_451/network_mul_mul_16s_16s_30_1_1_U64/network_mul_mul_16s_16s_30_1_1_DSP48_2_U/p multiplier stage bd_0_i/hls_inst/inst/grp_depthwise_conv2d_fix_1_fu_451/network_mul_mul_16s_16s_30_1_1_U64/network_mul_mul_16s_16s_30_1_1_DSP48_2_U/p/P[47:0] is not pipelined (MREG=0). Pipelining the multiplier function will improve performance and will save significant power so it is suggested whenever possible to fully pipeline this function.  If this multiplier was inferred, it is suggested to describe an additional register stage after this function.  If there is no registered adder/accumulator following the multiply function, two pipeline stages are suggested to allow both the MREG and PREG registers to be used.  If the DSP48 was instantiated in the design, it is suggested to set both the MREG and PREG attributes to 1 when performing multiply functions.
Related violations: <none>

DPOP-2#3 Warning
MREG Output pipelining  
DSP bd_0_i/hls_inst/inst/grp_depthwise_conv2d_fix_1_fu_451/network_mul_mul_16s_16s_30_1_1_U65/network_mul_mul_16s_16s_30_1_1_DSP48_2_U/p multiplier stage bd_0_i/hls_inst/inst/grp_depthwise_conv2d_fix_1_fu_451/network_mul_mul_16s_16s_30_1_1_U65/network_mul_mul_16s_16s_30_1_1_DSP48_2_U/p/P[47:0] is not pipelined (MREG=0). Pipelining the multiplier function will improve performance and will save significant power so it is suggested whenever possible to fully pipeline this function.  If this multiplier was inferred, it is suggested to describe an additional register stage after this function.  If there is no registered adder/accumulator following the multiply function, two pipeline stages are suggested to allow both the MREG and PREG registers to be used.  If the DSP48 was instantiated in the design, it is suggested to set both the MREG and PREG attributes to 1 when performing multiply functions.
Related violations: <none>

DPOP-2#4 Warning
MREG Output pipelining  
DSP bd_0_i/hls_inst/inst/grp_depthwise_conv2d_fix_1_fu_451/network_mul_mul_16s_16s_30_1_1_U66/network_mul_mul_16s_16s_30_1_1_DSP48_2_U/p multiplier stage bd_0_i/hls_inst/inst/grp_depthwise_conv2d_fix_1_fu_451/network_mul_mul_16s_16s_30_1_1_U66/network_mul_mul_16s_16s_30_1_1_DSP48_2_U/p/P[47:0] is not pipelined (MREG=0). Pipelining the multiplier function will improve performance and will save significant power so it is suggested whenever possible to fully pipeline this function.  If this multiplier was inferred, it is suggested to describe an additional register stage after this function.  If there is no registered adder/accumulator following the multiply function, two pipeline stages are suggested to allow both the MREG and PREG registers to be used.  If the DSP48 was instantiated in the design, it is suggested to set both the MREG and PREG attributes to 1 when performing multiply functions.
Related violations: <none>

DPOP-2#5 Warning
MREG Output pipelining  
DSP bd_0_i/hls_inst/inst/grp_depthwise_conv2d_fix_1_fu_451/network_mul_mul_16s_16s_30_1_1_U67/network_mul_mul_16s_16s_30_1_1_DSP48_2_U/p multiplier stage bd_0_i/hls_inst/inst/grp_depthwise_conv2d_fix_1_fu_451/network_mul_mul_16s_16s_30_1_1_U67/network_mul_mul_16s_16s_30_1_1_DSP48_2_U/p/P[47:0] is not pipelined (MREG=0). Pipelining the multiplier function will improve performance and will save significant power so it is suggested whenever possible to fully pipeline this function.  If this multiplier was inferred, it is suggested to describe an additional register stage after this function.  If there is no registered adder/accumulator following the multiply function, two pipeline stages are suggested to allow both the MREG and PREG registers to be used.  If the DSP48 was instantiated in the design, it is suggested to set both the MREG and PREG attributes to 1 when performing multiply functions.
Related violations: <none>

DPOP-2#6 Warning
MREG Output pipelining  
DSP bd_0_i/hls_inst/inst/grp_depthwise_conv2d_fix_1_fu_451/network_mul_mul_16s_16s_30_1_1_U68/network_mul_mul_16s_16s_30_1_1_DSP48_2_U/p multiplier stage bd_0_i/hls_inst/inst/grp_depthwise_conv2d_fix_1_fu_451/network_mul_mul_16s_16s_30_1_1_U68/network_mul_mul_16s_16s_30_1_1_DSP48_2_U/p/P[47:0] is not pipelined (MREG=0). Pipelining the multiplier function will improve performance and will save significant power so it is suggested whenever possible to fully pipeline this function.  If this multiplier was inferred, it is suggested to describe an additional register stage after this function.  If there is no registered adder/accumulator following the multiply function, two pipeline stages are suggested to allow both the MREG and PREG registers to be used.  If the DSP48 was instantiated in the design, it is suggested to set both the MREG and PREG attributes to 1 when performing multiply functions.
Related violations: <none>

DPOP-2#7 Warning
MREG Output pipelining  
DSP bd_0_i/hls_inst/inst/grp_depthwise_conv2d_fix_2_fu_427/add_ln48_reg_1554_reg multiplier stage bd_0_i/hls_inst/inst/grp_depthwise_conv2d_fix_2_fu_427/add_ln48_reg_1554_reg/P[47:0] is not pipelined (MREG=0). Pipelining the multiplier function will improve performance and will save significant power so it is suggested whenever possible to fully pipeline this function.  If this multiplier was inferred, it is suggested to describe an additional register stage after this function.  If there is no registered adder/accumulator following the multiply function, two pipeline stages are suggested to allow both the MREG and PREG registers to be used.  If the DSP48 was instantiated in the design, it is suggested to set both the MREG and PREG attributes to 1 when performing multiply functions.
Related violations: <none>

DPOP-2#8 Warning
MREG Output pipelining  
DSP bd_0_i/hls_inst/inst/grp_depthwise_conv2d_fix_2_fu_427/network_mul_mul_16s_16s_30_1_1_U34/network_mul_mul_16s_16s_30_1_1_DSP48_2_U/p multiplier stage bd_0_i/hls_inst/inst/grp_depthwise_conv2d_fix_2_fu_427/network_mul_mul_16s_16s_30_1_1_U34/network_mul_mul_16s_16s_30_1_1_DSP48_2_U/p/P[47:0] is not pipelined (MREG=0). Pipelining the multiplier function will improve performance and will save significant power so it is suggested whenever possible to fully pipeline this function.  If this multiplier was inferred, it is suggested to describe an additional register stage after this function.  If there is no registered adder/accumulator following the multiply function, two pipeline stages are suggested to allow both the MREG and PREG registers to be used.  If the DSP48 was instantiated in the design, it is suggested to set both the MREG and PREG attributes to 1 when performing multiply functions.
Related violations: <none>

DPOP-2#9 Warning
MREG Output pipelining  
DSP bd_0_i/hls_inst/inst/grp_depthwise_conv2d_fix_2_fu_427/network_mul_mul_16s_16s_30_1_1_U35/network_mul_mul_16s_16s_30_1_1_DSP48_2_U/p multiplier stage bd_0_i/hls_inst/inst/grp_depthwise_conv2d_fix_2_fu_427/network_mul_mul_16s_16s_30_1_1_U35/network_mul_mul_16s_16s_30_1_1_DSP48_2_U/p/P[47:0] is not pipelined (MREG=0). Pipelining the multiplier function will improve performance and will save significant power so it is suggested whenever possible to fully pipeline this function.  If this multiplier was inferred, it is suggested to describe an additional register stage after this function.  If there is no registered adder/accumulator following the multiply function, two pipeline stages are suggested to allow both the MREG and PREG registers to be used.  If the DSP48 was instantiated in the design, it is suggested to set both the MREG and PREG attributes to 1 when performing multiply functions.
Related violations: <none>

DPOP-2#10 Warning
MREG Output pipelining  
DSP bd_0_i/hls_inst/inst/grp_depthwise_conv2d_fix_2_fu_427/network_mul_mul_16s_16s_30_1_1_U36/network_mul_mul_16s_16s_30_1_1_DSP48_2_U/p multiplier stage bd_0_i/hls_inst/inst/grp_depthwise_conv2d_fix_2_fu_427/network_mul_mul_16s_16s_30_1_1_U36/network_mul_mul_16s_16s_30_1_1_DSP48_2_U/p/P[47:0] is not pipelined (MREG=0). Pipelining the multiplier function will improve performance and will save significant power so it is suggested whenever possible to fully pipeline this function.  If this multiplier was inferred, it is suggested to describe an additional register stage after this function.  If there is no registered adder/accumulator following the multiply function, two pipeline stages are suggested to allow both the MREG and PREG registers to be used.  If the DSP48 was instantiated in the design, it is suggested to set both the MREG and PREG attributes to 1 when performing multiply functions.
Related violations: <none>

DPOP-2#11 Warning
MREG Output pipelining  
DSP bd_0_i/hls_inst/inst/grp_depthwise_conv2d_fix_2_fu_427/network_mul_mul_16s_16s_30_1_1_U37/network_mul_mul_16s_16s_30_1_1_DSP48_2_U/p multiplier stage bd_0_i/hls_inst/inst/grp_depthwise_conv2d_fix_2_fu_427/network_mul_mul_16s_16s_30_1_1_U37/network_mul_mul_16s_16s_30_1_1_DSP48_2_U/p/P[47:0] is not pipelined (MREG=0). Pipelining the multiplier function will improve performance and will save significant power so it is suggested whenever possible to fully pipeline this function.  If this multiplier was inferred, it is suggested to describe an additional register stage after this function.  If there is no registered adder/accumulator following the multiply function, two pipeline stages are suggested to allow both the MREG and PREG registers to be used.  If the DSP48 was instantiated in the design, it is suggested to set both the MREG and PREG attributes to 1 when performing multiply functions.
Related violations: <none>

DPOP-2#12 Warning
MREG Output pipelining  
DSP bd_0_i/hls_inst/inst/grp_depthwise_conv2d_fix_2_fu_427/network_mul_mul_16s_16s_30_1_1_U38/network_mul_mul_16s_16s_30_1_1_DSP48_2_U/p multiplier stage bd_0_i/hls_inst/inst/grp_depthwise_conv2d_fix_2_fu_427/network_mul_mul_16s_16s_30_1_1_U38/network_mul_mul_16s_16s_30_1_1_DSP48_2_U/p/P[47:0] is not pipelined (MREG=0). Pipelining the multiplier function will improve performance and will save significant power so it is suggested whenever possible to fully pipeline this function.  If this multiplier was inferred, it is suggested to describe an additional register stage after this function.  If there is no registered adder/accumulator following the multiply function, two pipeline stages are suggested to allow both the MREG and PREG registers to be used.  If the DSP48 was instantiated in the design, it is suggested to set both the MREG and PREG attributes to 1 when performing multiply functions.
Related violations: <none>

DPOP-2#13 Warning
MREG Output pipelining  
DSP bd_0_i/hls_inst/inst/grp_depthwise_conv2d_fix_2_fu_427/network_mul_mul_16s_16s_30_1_1_U39/network_mul_mul_16s_16s_30_1_1_DSP48_2_U/p multiplier stage bd_0_i/hls_inst/inst/grp_depthwise_conv2d_fix_2_fu_427/network_mul_mul_16s_16s_30_1_1_U39/network_mul_mul_16s_16s_30_1_1_DSP48_2_U/p/P[47:0] is not pipelined (MREG=0). Pipelining the multiplier function will improve performance and will save significant power so it is suggested whenever possible to fully pipeline this function.  If this multiplier was inferred, it is suggested to describe an additional register stage after this function.  If there is no registered adder/accumulator following the multiply function, two pipeline stages are suggested to allow both the MREG and PREG registers to be used.  If the DSP48 was instantiated in the design, it is suggested to set both the MREG and PREG attributes to 1 when performing multiply functions.
Related violations: <none>

DPOP-2#14 Warning
MREG Output pipelining  
DSP bd_0_i/hls_inst/inst/grp_depthwise_conv2d_fix_2_fu_427/network_mul_mul_16s_16s_30_1_1_U40/network_mul_mul_16s_16s_30_1_1_DSP48_2_U/p multiplier stage bd_0_i/hls_inst/inst/grp_depthwise_conv2d_fix_2_fu_427/network_mul_mul_16s_16s_30_1_1_U40/network_mul_mul_16s_16s_30_1_1_DSP48_2_U/p/P[47:0] is not pipelined (MREG=0). Pipelining the multiplier function will improve performance and will save significant power so it is suggested whenever possible to fully pipeline this function.  If this multiplier was inferred, it is suggested to describe an additional register stage after this function.  If there is no registered adder/accumulator following the multiply function, two pipeline stages are suggested to allow both the MREG and PREG registers to be used.  If the DSP48 was instantiated in the design, it is suggested to set both the MREG and PREG attributes to 1 when performing multiply functions.
Related violations: <none>

DPOP-2#15 Warning
MREG Output pipelining  
DSP bd_0_i/hls_inst/inst/grp_depthwise_conv2d_fix_2_fu_427/network_mul_mul_16s_16s_30_1_1_U41/network_mul_mul_16s_16s_30_1_1_DSP48_2_U/p multiplier stage bd_0_i/hls_inst/inst/grp_depthwise_conv2d_fix_2_fu_427/network_mul_mul_16s_16s_30_1_1_U41/network_mul_mul_16s_16s_30_1_1_DSP48_2_U/p/P[47:0] is not pipelined (MREG=0). Pipelining the multiplier function will improve performance and will save significant power so it is suggested whenever possible to fully pipeline this function.  If this multiplier was inferred, it is suggested to describe an additional register stage after this function.  If there is no registered adder/accumulator following the multiply function, two pipeline stages are suggested to allow both the MREG and PREG registers to be used.  If the DSP48 was instantiated in the design, it is suggested to set both the MREG and PREG attributes to 1 when performing multiply functions.
Related violations: <none>

DPOP-2#16 Warning
MREG Output pipelining  
DSP bd_0_i/hls_inst/inst/grp_depthwise_conv2d_fix_2_fu_427/network_mul_mul_16s_16s_30_1_1_U43/network_mul_mul_16s_16s_30_1_1_DSP48_2_U/p multiplier stage bd_0_i/hls_inst/inst/grp_depthwise_conv2d_fix_2_fu_427/network_mul_mul_16s_16s_30_1_1_U43/network_mul_mul_16s_16s_30_1_1_DSP48_2_U/p/P[47:0] is not pipelined (MREG=0). Pipelining the multiplier function will improve performance and will save significant power so it is suggested whenever possible to fully pipeline this function.  If this multiplier was inferred, it is suggested to describe an additional register stage after this function.  If there is no registered adder/accumulator following the multiply function, two pipeline stages are suggested to allow both the MREG and PREG registers to be used.  If the DSP48 was instantiated in the design, it is suggested to set both the MREG and PREG attributes to 1 when performing multiply functions.
Related violations: <none>

DPOP-2#17 Warning
MREG Output pipelining  
DSP bd_0_i/hls_inst/inst/grp_depthwise_conv2d_fix_2_fu_427/tmp10_0_0_mid2_reg_1332_reg multiplier stage bd_0_i/hls_inst/inst/grp_depthwise_conv2d_fix_2_fu_427/tmp10_0_0_mid2_reg_1332_reg/P[47:0] is not pipelined (MREG=0). Pipelining the multiplier function will improve performance and will save significant power so it is suggested whenever possible to fully pipeline this function.  If this multiplier was inferred, it is suggested to describe an additional register stage after this function.  If there is no registered adder/accumulator following the multiply function, two pipeline stages are suggested to allow both the MREG and PREG registers to be used.  If the DSP48 was instantiated in the design, it is suggested to set both the MREG and PREG attributes to 1 when performing multiply functions.
Related violations: <none>

DPOP-2#18 Warning
MREG Output pipelining  
DSP bd_0_i/hls_inst/inst/grp_depthwise_conv2d_fix_2_fu_427/tmp10_1_0_mid2_reg_1339_reg multiplier stage bd_0_i/hls_inst/inst/grp_depthwise_conv2d_fix_2_fu_427/tmp10_1_0_mid2_reg_1339_reg/P[47:0] is not pipelined (MREG=0). Pipelining the multiplier function will improve performance and will save significant power so it is suggested whenever possible to fully pipeline this function.  If this multiplier was inferred, it is suggested to describe an additional register stage after this function.  If there is no registered adder/accumulator following the multiply function, two pipeline stages are suggested to allow both the MREG and PREG registers to be used.  If the DSP48 was instantiated in the design, it is suggested to set both the MREG and PREG attributes to 1 when performing multiply functions.
Related violations: <none>

DPOP-2#19 Warning
MREG Output pipelining  
DSP bd_0_i/hls_inst/inst/grp_depthwise_conv2d_fix_2_fu_427/tmp10_2_0_mid2_reg_1356_reg multiplier stage bd_0_i/hls_inst/inst/grp_depthwise_conv2d_fix_2_fu_427/tmp10_2_0_mid2_reg_1356_reg/P[47:0] is not pipelined (MREG=0). Pipelining the multiplier function will improve performance and will save significant power so it is suggested whenever possible to fully pipeline this function.  If this multiplier was inferred, it is suggested to describe an additional register stage after this function.  If there is no registered adder/accumulator following the multiply function, two pipeline stages are suggested to allow both the MREG and PREG registers to be used.  If the DSP48 was instantiated in the design, it is suggested to set both the MREG and PREG attributes to 1 when performing multiply functions.
Related violations: <none>

DPOP-2#20 Warning
MREG Output pipelining  
DSP bd_0_i/hls_inst/inst/grp_depthwise_conv2d_fix_fu_475/network_mul_mul_16s_15s_30_1_1_U14/network_mul_mul_16s_15s_30_1_1_DSP48_0_U/p multiplier stage bd_0_i/hls_inst/inst/grp_depthwise_conv2d_fix_fu_475/network_mul_mul_16s_15s_30_1_1_U14/network_mul_mul_16s_15s_30_1_1_DSP48_0_U/p/P[47:0] is not pipelined (MREG=0). Pipelining the multiplier function will improve performance and will save significant power so it is suggested whenever possible to fully pipeline this function.  If this multiplier was inferred, it is suggested to describe an additional register stage after this function.  If there is no registered adder/accumulator following the multiply function, two pipeline stages are suggested to allow both the MREG and PREG registers to be used.  If the DSP48 was instantiated in the design, it is suggested to set both the MREG and PREG attributes to 1 when performing multiply functions.
Related violations: <none>

DPOP-2#21 Warning
MREG Output pipelining  
DSP bd_0_i/hls_inst/inst/grp_depthwise_conv2d_fix_fu_475/network_mul_mul_16s_15s_30_1_1_U6/network_mul_mul_16s_15s_30_1_1_DSP48_0_U/p multiplier stage bd_0_i/hls_inst/inst/grp_depthwise_conv2d_fix_fu_475/network_mul_mul_16s_15s_30_1_1_U6/network_mul_mul_16s_15s_30_1_1_DSP48_0_U/p/P[47:0] is not pipelined (MREG=0). Pipelining the multiplier function will improve performance and will save significant power so it is suggested whenever possible to fully pipeline this function.  If this multiplier was inferred, it is suggested to describe an additional register stage after this function.  If there is no registered adder/accumulator following the multiply function, two pipeline stages are suggested to allow both the MREG and PREG registers to be used.  If the DSP48 was instantiated in the design, it is suggested to set both the MREG and PREG attributes to 1 when performing multiply functions.
Related violations: <none>

DPOP-2#22 Warning
MREG Output pipelining  
DSP bd_0_i/hls_inst/inst/grp_depthwise_conv2d_fix_fu_475/network_mul_mul_16s_15s_30_1_1_U7/network_mul_mul_16s_15s_30_1_1_DSP48_0_U/p multiplier stage bd_0_i/hls_inst/inst/grp_depthwise_conv2d_fix_fu_475/network_mul_mul_16s_15s_30_1_1_U7/network_mul_mul_16s_15s_30_1_1_DSP48_0_U/p/P[47:0] is not pipelined (MREG=0). Pipelining the multiplier function will improve performance and will save significant power so it is suggested whenever possible to fully pipeline this function.  If this multiplier was inferred, it is suggested to describe an additional register stage after this function.  If there is no registered adder/accumulator following the multiply function, two pipeline stages are suggested to allow both the MREG and PREG registers to be used.  If the DSP48 was instantiated in the design, it is suggested to set both the MREG and PREG attributes to 1 when performing multiply functions.
Related violations: <none>

DPOP-2#23 Warning
MREG Output pipelining  
DSP bd_0_i/hls_inst/inst/grp_depthwise_conv2d_fix_fu_475/network_mul_mul_16s_15s_30_1_1_U8/network_mul_mul_16s_15s_30_1_1_DSP48_0_U/p multiplier stage bd_0_i/hls_inst/inst/grp_depthwise_conv2d_fix_fu_475/network_mul_mul_16s_15s_30_1_1_U8/network_mul_mul_16s_15s_30_1_1_DSP48_0_U/p/P[47:0] is not pipelined (MREG=0). Pipelining the multiplier function will improve performance and will save significant power so it is suggested whenever possible to fully pipeline this function.  If this multiplier was inferred, it is suggested to describe an additional register stage after this function.  If there is no registered adder/accumulator following the multiply function, two pipeline stages are suggested to allow both the MREG and PREG registers to be used.  If the DSP48 was instantiated in the design, it is suggested to set both the MREG and PREG attributes to 1 when performing multiply functions.
Related violations: <none>

DPOP-2#24 Warning
MREG Output pipelining  
DSP bd_0_i/hls_inst/inst/grp_depthwise_conv2d_fix_fu_475/network_mul_mul_16s_15s_30_1_1_U9/network_mul_mul_16s_15s_30_1_1_DSP48_0_U/p multiplier stage bd_0_i/hls_inst/inst/grp_depthwise_conv2d_fix_fu_475/network_mul_mul_16s_15s_30_1_1_U9/network_mul_mul_16s_15s_30_1_1_DSP48_0_U/p/P[47:0] is not pipelined (MREG=0). Pipelining the multiplier function will improve performance and will save significant power so it is suggested whenever possible to fully pipeline this function.  If this multiplier was inferred, it is suggested to describe an additional register stage after this function.  If there is no registered adder/accumulator following the multiply function, two pipeline stages are suggested to allow both the MREG and PREG registers to be used.  If the DSP48 was instantiated in the design, it is suggested to set both the MREG and PREG attributes to 1 when performing multiply functions.
Related violations: <none>

DPOP-2#25 Warning
MREG Output pipelining  
DSP bd_0_i/hls_inst/inst/grp_max_pooling2d_fix16_fu_525/add_ln34_reg_882_reg multiplier stage bd_0_i/hls_inst/inst/grp_max_pooling2d_fix16_fu_525/add_ln34_reg_882_reg/P[47:0] is not pipelined (MREG=0). Pipelining the multiplier function will improve performance and will save significant power so it is suggested whenever possible to fully pipeline this function.  If this multiplier was inferred, it is suggested to describe an additional register stage after this function.  If there is no registered adder/accumulator following the multiply function, two pipeline stages are suggested to allow both the MREG and PREG registers to be used.  If the DSP48 was instantiated in the design, it is suggested to set both the MREG and PREG attributes to 1 when performing multiply functions.
Related violations: <none>

DPOP-2#26 Warning
MREG Output pipelining  
DSP bd_0_i/hls_inst/inst/grp_max_pooling2d_fix16_fu_525/mul_ln9_1_reg_717_reg multiplier stage bd_0_i/hls_inst/inst/grp_max_pooling2d_fix16_fu_525/mul_ln9_1_reg_717_reg/P[47:0] is not pipelined (MREG=0). Pipelining the multiplier function will improve performance and will save significant power so it is suggested whenever possible to fully pipeline this function.  If this multiplier was inferred, it is suggested to describe an additional register stage after this function.  If there is no registered adder/accumulator following the multiply function, two pipeline stages are suggested to allow both the MREG and PREG registers to be used.  If the DSP48 was instantiated in the design, it is suggested to set both the MREG and PREG attributes to 1 when performing multiply functions.
Related violations: <none>

DPOP-2#27 Warning
MREG Output pipelining  
DSP bd_0_i/hls_inst/inst/grp_pointwise_conv2d_fix_1_fu_483/mul_ln39_fu_1336_p2 multiplier stage bd_0_i/hls_inst/inst/grp_pointwise_conv2d_fix_1_fu_483/mul_ln39_fu_1336_p2/P[47:0] is not pipelined (MREG=0). Pipelining the multiplier function will improve performance and will save significant power so it is suggested whenever possible to fully pipeline this function.  If this multiplier was inferred, it is suggested to describe an additional register stage after this function.  If there is no registered adder/accumulator following the multiply function, two pipeline stages are suggested to allow both the MREG and PREG registers to be used.  If the DSP48 was instantiated in the design, it is suggested to set both the MREG and PREG attributes to 1 when performing multiply functions.
Related violations: <none>

DPOP-2#28 Warning
MREG Output pipelining  
DSP bd_0_i/hls_inst/inst/grp_pointwise_conv2d_fix_1_fu_483/mul_ln39_reg_1654_reg multiplier stage bd_0_i/hls_inst/inst/grp_pointwise_conv2d_fix_1_fu_483/mul_ln39_reg_1654_reg/P[47:0] is not pipelined (MREG=0). Pipelining the multiplier function will improve performance and will save significant power so it is suggested whenever possible to fully pipeline this function.  If this multiplier was inferred, it is suggested to describe an additional register stage after this function.  If there is no registered adder/accumulator following the multiply function, two pipeline stages are suggested to allow both the MREG and PREG registers to be used.  If the DSP48 was instantiated in the design, it is suggested to set both the MREG and PREG attributes to 1 when performing multiply functions.
Related violations: <none>

DPOP-2#29 Warning
MREG Output pipelining  
DSP bd_0_i/hls_inst/inst/grp_pointwise_conv2d_fix_1_fu_483/network_mac_muladd_9ns_5ns_9s_13_1_1_U57/network_mac_muladd_9ns_5ns_9s_13_1_1_DSP48_4_U/p multiplier stage bd_0_i/hls_inst/inst/grp_pointwise_conv2d_fix_1_fu_483/network_mac_muladd_9ns_5ns_9s_13_1_1_U57/network_mac_muladd_9ns_5ns_9s_13_1_1_DSP48_4_U/p/P[47:0] is not pipelined (MREG=0). Pipelining the multiplier function will improve performance and will save significant power so it is suggested whenever possible to fully pipeline this function.  If this multiplier was inferred, it is suggested to describe an additional register stage after this function.  If there is no registered adder/accumulator following the multiply function, two pipeline stages are suggested to allow both the MREG and PREG registers to be used.  If the DSP48 was instantiated in the design, it is suggested to set both the MREG and PREG attributes to 1 when performing multiply functions.
Related violations: <none>

DPOP-2#30 Warning
MREG Output pipelining  
DSP bd_0_i/hls_inst/inst/grp_pointwise_conv2d_fix_2_fu_513/mul_ln39_fu_1034_p2 multiplier stage bd_0_i/hls_inst/inst/grp_pointwise_conv2d_fix_2_fu_513/mul_ln39_fu_1034_p2/P[47:0] is not pipelined (MREG=0). Pipelining the multiplier function will improve performance and will save significant power so it is suggested whenever possible to fully pipeline this function.  If this multiplier was inferred, it is suggested to describe an additional register stage after this function.  If there is no registered adder/accumulator following the multiply function, two pipeline stages are suggested to allow both the MREG and PREG registers to be used.  If the DSP48 was instantiated in the design, it is suggested to set both the MREG and PREG attributes to 1 when performing multiply functions.
Related violations: <none>

DPOP-2#31 Warning
MREG Output pipelining  
DSP bd_0_i/hls_inst/inst/grp_pointwise_conv2d_fix_2_fu_513/mul_ln39_reg_1339_reg multiplier stage bd_0_i/hls_inst/inst/grp_pointwise_conv2d_fix_2_fu_513/mul_ln39_reg_1339_reg/P[47:0] is not pipelined (MREG=0). Pipelining the multiplier function will improve performance and will save significant power so it is suggested whenever possible to fully pipeline this function.  If this multiplier was inferred, it is suggested to describe an additional register stage after this function.  If there is no registered adder/accumulator following the multiply function, two pipeline stages are suggested to allow both the MREG and PREG registers to be used.  If the DSP48 was instantiated in the design, it is suggested to set both the MREG and PREG attributes to 1 when performing multiply functions.
Related violations: <none>

DPOP-2#32 Warning
MREG Output pipelining  
DSP bd_0_i/hls_inst/inst/grp_pointwise_conv2d_fix_2_fu_513/network_mac_muladd_4ns_7ns_7s_10_1_1_U86/network_mac_muladd_4ns_7ns_7s_10_1_1_DSP48_6_U/p multiplier stage bd_0_i/hls_inst/inst/grp_pointwise_conv2d_fix_2_fu_513/network_mac_muladd_4ns_7ns_7s_10_1_1_U86/network_mac_muladd_4ns_7ns_7s_10_1_1_DSP48_6_U/p/P[47:0] is not pipelined (MREG=0). Pipelining the multiplier function will improve performance and will save significant power so it is suggested whenever possible to fully pipeline this function.  If this multiplier was inferred, it is suggested to describe an additional register stage after this function.  If there is no registered adder/accumulator following the multiply function, two pipeline stages are suggested to allow both the MREG and PREG registers to be used.  If the DSP48 was instantiated in the design, it is suggested to set both the MREG and PREG attributes to 1 when performing multiply functions.
Related violations: <none>

DPOP-2#33 Warning
MREG Output pipelining  
DSP bd_0_i/hls_inst/inst/grp_pointwise_conv2d_fix_3_fu_489/mul_ln39_fu_1346_p2 multiplier stage bd_0_i/hls_inst/inst/grp_pointwise_conv2d_fix_3_fu_489/mul_ln39_fu_1346_p2/P[47:0] is not pipelined (MREG=0). Pipelining the multiplier function will improve performance and will save significant power so it is suggested whenever possible to fully pipeline this function.  If this multiplier was inferred, it is suggested to describe an additional register stage after this function.  If there is no registered adder/accumulator following the multiply function, two pipeline stages are suggested to allow both the MREG and PREG registers to be used.  If the DSP48 was instantiated in the design, it is suggested to set both the MREG and PREG attributes to 1 when performing multiply functions.
Related violations: <none>

DPOP-2#34 Warning
MREG Output pipelining  
DSP bd_0_i/hls_inst/inst/grp_pointwise_conv2d_fix_3_fu_489/mul_ln39_reg_1651_reg multiplier stage bd_0_i/hls_inst/inst/grp_pointwise_conv2d_fix_3_fu_489/mul_ln39_reg_1651_reg/P[47:0] is not pipelined (MREG=0). Pipelining the multiplier function will improve performance and will save significant power so it is suggested whenever possible to fully pipeline this function.  If this multiplier was inferred, it is suggested to describe an additional register stage after this function.  If there is no registered adder/accumulator following the multiply function, two pipeline stages are suggested to allow both the MREG and PREG registers to be used.  If the DSP48 was instantiated in the design, it is suggested to set both the MREG and PREG attributes to 1 when performing multiply functions.
Related violations: <none>

DPOP-2#35 Warning
MREG Output pipelining  
DSP bd_0_i/hls_inst/inst/grp_pointwise_conv2d_fix_3_fu_489/network_mac_muladd_4ns_9ns_9s_12_1_1_U108/network_mac_muladd_4ns_9ns_9s_12_1_1_DSP48_10_U/p multiplier stage bd_0_i/hls_inst/inst/grp_pointwise_conv2d_fix_3_fu_489/network_mac_muladd_4ns_9ns_9s_12_1_1_U108/network_mac_muladd_4ns_9ns_9s_12_1_1_DSP48_10_U/p/P[47:0] is not pipelined (MREG=0). Pipelining the multiplier function will improve performance and will save significant power so it is suggested whenever possible to fully pipeline this function.  If this multiplier was inferred, it is suggested to describe an additional register stage after this function.  If there is no registered adder/accumulator following the multiply function, two pipeline stages are suggested to allow both the MREG and PREG registers to be used.  If the DSP48 was instantiated in the design, it is suggested to set both the MREG and PREG attributes to 1 when performing multiply functions.
Related violations: <none>

DPOP-2#36 Warning
MREG Output pipelining  
DSP bd_0_i/hls_inst/inst/grp_pointwise_conv2d_fix_4_fu_519/mul_ln39_fu_777_p2 multiplier stage bd_0_i/hls_inst/inst/grp_pointwise_conv2d_fix_4_fu_519/mul_ln39_fu_777_p2/P[47:0] is not pipelined (MREG=0). Pipelining the multiplier function will improve performance and will save significant power so it is suggested whenever possible to fully pipeline this function.  If this multiplier was inferred, it is suggested to describe an additional register stage after this function.  If there is no registered adder/accumulator following the multiply function, two pipeline stages are suggested to allow both the MREG and PREG registers to be used.  If the DSP48 was instantiated in the design, it is suggested to set both the MREG and PREG attributes to 1 when performing multiply functions.
Related violations: <none>

DPOP-2#37 Warning
MREG Output pipelining  
DSP bd_0_i/hls_inst/inst/grp_pointwise_conv2d_fix_4_fu_519/mul_ln39_reg_1045_reg multiplier stage bd_0_i/hls_inst/inst/grp_pointwise_conv2d_fix_4_fu_519/mul_ln39_reg_1045_reg/P[47:0] is not pipelined (MREG=0). Pipelining the multiplier function will improve performance and will save significant power so it is suggested whenever possible to fully pipeline this function.  If this multiplier was inferred, it is suggested to describe an additional register stage after this function.  If there is no registered adder/accumulator following the multiply function, two pipeline stages are suggested to allow both the MREG and PREG registers to be used.  If the DSP48 was instantiated in the design, it is suggested to set both the MREG and PREG attributes to 1 when performing multiply functions.
Related violations: <none>

DPOP-2#38 Warning
MREG Output pipelining  
DSP bd_0_i/hls_inst/inst/grp_pointwise_conv2d_fix_4_fu_519/network_mac_muladd_11ns_5ns_11s_15_1_1_U116/network_mac_muladd_11ns_5ns_11s_15_1_1_DSP48_11_U/p multiplier stage bd_0_i/hls_inst/inst/grp_pointwise_conv2d_fix_4_fu_519/network_mac_muladd_11ns_5ns_11s_15_1_1_U116/network_mac_muladd_11ns_5ns_11s_15_1_1_DSP48_11_U/p/P[47:0] is not pipelined (MREG=0). Pipelining the multiplier function will improve performance and will save significant power so it is suggested whenever possible to fully pipeline this function.  If this multiplier was inferred, it is suggested to describe an additional register stage after this function.  If there is no registered adder/accumulator following the multiply function, two pipeline stages are suggested to allow both the MREG and PREG registers to be used.  If the DSP48 was instantiated in the design, it is suggested to set both the MREG and PREG attributes to 1 when performing multiply functions.
Related violations: <none>

DPOP-2#39 Warning
MREG Output pipelining  
DSP bd_0_i/hls_inst/inst/grp_pointwise_conv2d_fix_fu_546/mul_ln39_fu_491_p2 multiplier stage bd_0_i/hls_inst/inst/grp_pointwise_conv2d_fix_fu_546/mul_ln39_fu_491_p2/P[47:0] is not pipelined (MREG=0). Pipelining the multiplier function will improve performance and will save significant power so it is suggested whenever possible to fully pipeline this function.  If this multiplier was inferred, it is suggested to describe an additional register stage after this function.  If there is no registered adder/accumulator following the multiply function, two pipeline stages are suggested to allow both the MREG and PREG registers to be used.  If the DSP48 was instantiated in the design, it is suggested to set both the MREG and PREG attributes to 1 when performing multiply functions.
Related violations: <none>

DPOP-2#40 Warning
MREG Output pipelining  
DSP bd_0_i/hls_inst/inst/grp_up_sampling2d_fix16_fu_552/add_ln18_1_reg_623_reg multiplier stage bd_0_i/hls_inst/inst/grp_up_sampling2d_fix16_fu_552/add_ln18_1_reg_623_reg/P[47:0] is not pipelined (MREG=0). Pipelining the multiplier function will improve performance and will save significant power so it is suggested whenever possible to fully pipeline this function.  If this multiplier was inferred, it is suggested to describe an additional register stage after this function.  If there is no registered adder/accumulator following the multiply function, two pipeline stages are suggested to allow both the MREG and PREG registers to be used.  If the DSP48 was instantiated in the design, it is suggested to set both the MREG and PREG attributes to 1 when performing multiply functions.
Related violations: <none>

DPOP-2#41 Warning
MREG Output pipelining  
DSP bd_0_i/hls_inst/inst/grp_up_sampling2d_fix16_fu_552/mul_ln6_1_reg_559_reg multiplier stage bd_0_i/hls_inst/inst/grp_up_sampling2d_fix16_fu_552/mul_ln6_1_reg_559_reg/P[47:0] is not pipelined (MREG=0). Pipelining the multiplier function will improve performance and will save significant power so it is suggested whenever possible to fully pipeline this function.  If this multiplier was inferred, it is suggested to describe an additional register stage after this function.  If there is no registered adder/accumulator following the multiply function, two pipeline stages are suggested to allow both the MREG and PREG registers to be used.  If the DSP48 was instantiated in the design, it is suggested to set both the MREG and PREG attributes to 1 when performing multiply functions.
Related violations: <none>

DPOP-2#42 Warning
MREG Output pipelining  
DSP bd_0_i/hls_inst/inst/grp_up_sampling2d_fix16_fu_552/network_mac_muladd_8ns_5ns_4ns_12_1_1_U93/network_mac_muladd_8ns_5ns_4ns_12_1_1_DSP48_8_U/p multiplier stage bd_0_i/hls_inst/inst/grp_up_sampling2d_fix16_fu_552/network_mac_muladd_8ns_5ns_4ns_12_1_1_U93/network_mac_muladd_8ns_5ns_4ns_12_1_1_DSP48_8_U/p/P[47:0] is not pipelined (MREG=0). Pipelining the multiplier function will improve performance and will save significant power so it is suggested whenever possible to fully pipeline this function.  If this multiplier was inferred, it is suggested to describe an additional register stage after this function.  If there is no registered adder/accumulator following the multiply function, two pipeline stages are suggested to allow both the MREG and PREG registers to be used.  If the DSP48 was instantiated in the design, it is suggested to set both the MREG and PREG attributes to 1 when performing multiply functions.
Related violations: <none>

ZPS7-1#1 Warning
PS7 block required  
The PS7 cell must be used in this Zynq design in order to enable correct default configuration.
Related violations: <none>


