

================================================================
== Vivado HLS Report for 'pointwise_conv2d_fix'
================================================================
* Date:           Thu Dec 26 20:23:28 2019

* Version:        2019.1 (Build 2552052 on Fri May 24 15:28:33 MDT 2019)
* Project:        HLS
* Solution:       solution1
* Product family: zynq
* Target device:  xc7z020-clg400-1


================================================================
== Performance Estimates
================================================================
+ Timing (ns): 
    * Summary: 
    +--------+-------+----------+------------+
    |  Clock | Target| Estimated| Uncertainty|
    +--------+-------+----------+------------+
    |ap_clk  |  10.00|     6.380|        1.25|
    +--------+-------+----------+------------+

+ Latency (clock cycles): 
    * Summary: 
    +-------+-------+-------+-------+---------+
    |    Latency    |    Interval   | Pipeline|
    |  min  |  max  |  min  |  max  |   Type  |
    +-------+-------+-------+-------+---------+
    |  51121|  51121|  51121|  51121|   none  |
    +-------+-------+-------+-------+---------+

    + Detail: 
        * Instance: 
        N/A

        * Loop: 
        +-----------------+-------+-------+----------+-----------+-----------+------+----------+
        |                 |    Latency    | Iteration|  Initiation Interval  | Trip |          |
        |    Loop Name    |  min  |  max  |  Latency |  achieved |   target  | Count| Pipelined|
        +-----------------+-------+-------+----------+-----------+-----------+------+----------+
        |- Loop 1         |  51120|  51120|      3195|          -|          -|    16|    no    |
        | + Loop 1.1      |   3192|   3192|       114|          -|          -|    28|    no    |
        |  ++ Loop 1.1.1  |    112|    112|         4|          -|          -|    28|    no    |
        +-----------------+-------+-------+----------+-----------+-----------+------+----------+



================================================================
== Utilization Estimates
================================================================
* Summary: 
+-----------------+---------+-------+--------+-------+-----+
|       Name      | BRAM_18K| DSP48E|   FF   |  LUT  | URAM|
+-----------------+---------+-------+--------+-------+-----+
|DSP              |        -|      1|       -|      -|    -|
|Expression       |        -|      -|       0|    182|    -|
|FIFO             |        -|      -|       -|      -|    -|
|Instance         |        -|      -|       -|      -|    -|
|Memory           |        0|      -|      28|      8|    -|
|Multiplexer      |        -|      -|       -|     80|    -|
|Register         |        -|      -|     182|      -|    -|
+-----------------+---------+-------+--------+-------+-----+
|Total            |        0|      1|     210|    270|    0|
+-----------------+---------+-------+--------+-------+-----+
|Available        |      280|    220|  106400|  53200|    0|
+-----------------+---------+-------+--------+-------+-----+
|Utilization (%)  |        0|   ~0  |   ~0   |   ~0  |    0|
+-----------------+---------+-------+--------+-------+-----+

+ Detail: 
    * Instance: 
    N/A

    * DSP48E: 
    +------------------------------------+--------------------------------+-----------+
    |              Instance              |             Module             | Expression|
    +------------------------------------+--------------------------------+-----------+
    |network_mul_mul_15s_16s_30_1_1_U11  |network_mul_mul_15s_16s_30_1_1  |  i0 * i1  |
    +------------------------------------+--------------------------------+-----------+

    * Memory: 
    +-------------------------+--------------------------------------------+---------+----+----+-----+------+-----+------+-------------+
    |          Memory         |                   Module                   | BRAM_18K| FF | LUT| URAM| Words| Bits| Banks| W*Bits*Banks|
    +-------------------------+--------------------------------------------+---------+----+----+-----+------+-----+------+-------------+
    |SeparableConv2D_0_b_s_U  |pointwise_conv2d_fix_SeparableConv2D_0_b_s  |        0|  13|   4|    0|    16|   13|     1|          208|
    |SeparableConv2D_0_w_s_U  |pointwise_conv2d_fix_SeparableConv2D_0_w_s  |        0|  15|   4|    0|    16|   15|     1|          240|
    +-------------------------+--------------------------------------------+---------+----+----+-----+------+-----+------+-------------+
    |Total                    |                                            |        0|  28|   8|    0|    32|   28|     2|          448|
    +-------------------------+--------------------------------------------+---------+----+----+-----+------+-----+------+-------------+

    * FIFO: 
    N/A

    * Expression: 
    +-----------------------+----------+-------+---+----+------------+------------+
    |     Variable Name     | Operation| DSP48E| FF| LUT| Bitwidth P0| Bitwidth P1|
    +-----------------------+----------+-------+---+----+------------+------------+
    |add_ln16_fu_146_p2     |     +    |      0|  0|  19|          14|          10|
    |add_ln23_1_fu_244_p2   |     +    |      0|  0|  13|          11|          11|
    |add_ln30_1_fu_262_p2   |     +    |      0|  0|  21|          15|          15|
    |buffer_4_fu_279_p2     |     +    |      0|  0|  23|          16|          16|
    |out_d_fu_158_p2        |     +    |      0|  0|  15|           5|           1|
    |out_h_fu_192_p2        |     +    |      0|  0|  15|           5|           1|
    |out_w_fu_234_p2        |     +    |      0|  0|  15|           5|           1|
    |sub_ln23_fu_222_p2     |     -    |      0|  0|  13|          11|          11|
    |icmp_ln16_fu_152_p2    |   icmp   |      0|  0|  11|           5|           6|
    |icmp_ln17_fu_186_p2    |   icmp   |      0|  0|  11|           5|           4|
    |icmp_ln18_fu_228_p2    |   icmp   |      0|  0|  11|           5|           4|
    |select_ln27_fu_295_p3  |  select  |      0|  0|  15|           1|           1|
    +-----------------------+----------+-------+---+----+------------+------------+
    |Total                  |          |      0|  0| 182|          98|          81|
    +-----------------------+----------+-------+---+----+------------+------------+

    * Multiplexer: 
    +-----------------+----+-----------+-----+-----------+
    |       Name      | LUT| Input Size| Bits| Total Bits|
    +-----------------+----+-----------+-----+-----------+
    |ap_NS_fsm        |  44|          9|    1|          9|
    |out_d_0_reg_98   |   9|          2|    5|         10|
    |out_h_0_reg_120  |   9|          2|    5|         10|
    |out_w_0_reg_131  |   9|          2|    5|         10|
    |phi_mul_reg_109  |   9|          2|   14|         28|
    +-----------------+----+-----------+-----+-----------+
    |Total            |  80|         17|   30|         67|
    +-----------------+----+-----------+-----+-----------+

    * Register: 
    +---------------------+----+----+-----+-----------+
    |         Name        | FF | LUT| Bits| Const Bits|
    +---------------------+----+----+-----+-----------+
    |add_ln16_reg_327     |  14|   0|   14|          0|
    |add_ln30_1_reg_386   |  15|   0|   15|          0|
    |ap_CS_fsm            |   8|   0|    8|          0|
    |empty_27_reg_355     |  16|   0|   16|          0|
    |input_load_reg_391   |  16|   0|   16|          0|
    |out_d_0_reg_98       |   5|   0|    5|          0|
    |out_d_reg_335        |   5|   0|    5|          0|
    |out_h_0_reg_120      |   5|   0|    5|          0|
    |out_h_reg_363        |   5|   0|    5|          0|
    |out_w_0_reg_131      |   5|   0|    5|          0|
    |out_w_reg_376        |   5|   0|    5|          0|
    |phi_mul_reg_109      |  14|   0|   14|          0|
    |sext_ln23_2_reg_350  |  30|   0|   30|          0|
    |sub_ln23_reg_368     |   9|   0|   11|          2|
    |trunc_ln5_reg_396    |  16|   0|   16|          0|
    |zext_ln16_reg_322    |  14|   0|   15|          1|
    +---------------------+----+----+-----+-----------+
    |Total                | 182|   0|  185|          3|
    +---------------------+----+----+-----+-----------+



================================================================
== Interface
================================================================
* Summary: 
+-------------------+-----+-----+------------+----------------------+--------------+
|     RTL Ports     | Dir | Bits|  Protocol  |     Source Object    |    C Type    |
+-------------------+-----+-----+------------+----------------------+--------------+
|ap_clk             |  in |    1| ap_ctrl_hs | pointwise_conv2d_fix | return value |
|ap_rst             |  in |    1| ap_ctrl_hs | pointwise_conv2d_fix | return value |
|ap_start           |  in |    1| ap_ctrl_hs | pointwise_conv2d_fix | return value |
|ap_done            | out |    1| ap_ctrl_hs | pointwise_conv2d_fix | return value |
|ap_idle            | out |    1| ap_ctrl_hs | pointwise_conv2d_fix | return value |
|ap_ready           | out |    1| ap_ctrl_hs | pointwise_conv2d_fix | return value |
|input_r_address0   | out |   14|  ap_memory |        input_r       |     array    |
|input_r_ce0        | out |    1|  ap_memory |        input_r       |     array    |
|input_r_q0         |  in |   16|  ap_memory |        input_r       |     array    |
|output_r_address0  | out |   14|  ap_memory |       output_r       |     array    |
|output_r_ce0       | out |    1|  ap_memory |       output_r       |     array    |
|output_r_we0       | out |    1|  ap_memory |       output_r       |     array    |
|output_r_d0        | out |   16|  ap_memory |       output_r       |     array    |
+-------------------+-----+-----+------------+----------------------+--------------+

